[2018-05-03 09:39:30.930][debug][command:null][tid:13][com.facebook.buck.cli.Main] Starting up (build date 2018-03-26 17:19:01 -0400, rev v2018.03.26.01), args: [clean]
[2018-05-03 09:39:30.944][debug][command:null][tid:13][com.facebook.buck.cli.Main] System properties: {java.vendor=Oracle Corporation, sun.java.launcher=SUN_STANDARD, sun.management.compiler=HotSpot 64-Bit Tiered Compilers, jnidispatch.path=/Users/scottjones/BuckExample/.buckd/tmp/buck_run.8xX8Dw/jna--496628040/jna8374277407104147943.tmp, os.name=Mac OS X, buck.enable_objc=true, sun.boot.class.path=/Library/Java/JavaVirtualMachines/jdk1.8.0_162.jdk/Contents/Home/jre/lib/resources.jar:/Library/Java/JavaVirtualMachines/jdk1.8.0_162.jdk/Contents/Home/jre/lib/rt.jar:/Library/Java/JavaVirtualMachines/jdk1.8.0_162.jdk/Contents/Home/jre/lib/sunrsasign.jar:/Library/Java/JavaVirtualMachines/jdk1.8.0_162.jdk/Contents/Home/jre/lib/jsse.jar:/Library/Java/JavaVirtualMachines/jdk1.8.0_162.jdk/Contents/Home/jre/lib/jce.jar:/Library/Java/JavaVirtualMachines/jdk1.8.0_162.jdk/Contents/Home/jre/lib/charsets.jar:/Library/Java/JavaVirtualMachines/jdk1.8.0_162.jdk/Contents/Home/jre/lib/jfr.jar:/Library/Java/JavaVirtualMachines/jdk1.8.0_162.jdk/Contents/Home/jre/classes, pf4j.pluginsDir=/Users/scottjones/BuckExample/.buckd/resources/v2018.03.26.01/buck-modules, buck.resource_lock_path=/Users/scottjones/BuckExample/.buckd/resources/v2018.03.26.01/.buck_lock, java.vm.specification.vendor=Oracle Corporation, java.runtime.version=1.8.0_162-b12, jna.loaded=true, buck.testrunner_classes=/Users/scottjones/BuckExample/.buckd/resources/v2018.03.26.01/testrunner_classes, buck.logging_config_file=/Users/scottjones/BuckExample/.buckd/resources/v2018.03.26.01/logging_config_file, buck.path_to_sh_binary_template=/Users/scottjones/BuckExample/.buckd/resources/v2018.03.26.01/path_to_sh_binary_template, user.name=scottjones, buck.path_to_pywatchman=/Users/scottjones/BuckExample/.buckd/resources/v2018.03.26.01/path_to_pywatchman, buck.report_generator_jar=/Users/scottjones/BuckExample/.buckd/resources/v2018.03.26.01/report_generator_jar, buck.git_commit=v2018.03.26.01, user.language=en, sun.boot.library.path=/Library/Java/JavaVirtualMachines/jdk1.8.0_162.jdk/Contents/Home/jre/lib, jna.nosys=true, java.version=1.8.0_162, user.timezone=America/New_York, buck.test_util_no_tests_dir=true, sun.arch.data.model=64, http.nonProxyHosts=local|*.local|169.254/16|*.169.254/16, java.endorsed.dirs=/Library/Java/JavaVirtualMachines/jdk1.8.0_162.jdk/Contents/Home/jre/lib/endorsed, sun.cpu.isalist=, sun.jnu.encoding=UTF-8, file.encoding.pkg=sun.io, file.separator=/, java.specification.name=Java Platform API Specification, buck.jacoco_agent_jar=/Users/scottjones/BuckExample/.buckd/resources/v2018.03.26.01/jacoco_agent_jar, java.class.version=52.0, user.country=US, buck.binary_hash=18882a498323745e828e70f1ac69fa39, java.home=/Library/Java/JavaVirtualMachines/jdk1.8.0_162.jdk/Contents/Home/jre, buck.fix_script=/Users/scottjones/BuckExample/.buckd/resources/v2018.03.26.01/fix_script, java.vm.info=mixed mode, os.version=10.13.4, buck.external_executor_jar=/Users/scottjones/BuckExample/.buckd/resources/v2018.03.26.01/external_executor_jar, buck.version_uid=v2018.03.26.01, org.eclipse.jetty.util.log.class=org.eclipse.jetty.util.log.JavaUtilLog, path.separator=:, java.vm.version=25.162-b12, java.awt.printerjob=sun.lwawt.macosx.CPrinterJob, sun.io.unicode.encoding=UnicodeBig, awt.toolkit=sun.lwawt.macosx.LWCToolkit, socksNonProxyHosts=local|*.local|169.254/16|*.169.254/16, buck.buck_build_type_info=/Users/scottjones/BuckExample/.buckd/resources/v2018.03.26.01/buck_build_type_info, ftp.nonProxyHosts=local|*.local|169.254/16|*.169.254/16, buck.dx=/Users/scottjones/BuckExample/.buckd/resources/v2018.03.26.01/dx, buck.git_commit_timestamp=1522099141, user.home=/Users/scottjones, java.specification.vendor=Oracle Corporation, buck.git_dirty=0, java.library.path=/Users/scottjones/BuckExample/.buckd/resources/v2018.03.26.01, java.vendor.url=http://java.oracle.com/, java.vm.vendor=Oracle Corporation, gopherProxySet=false, java.runtime.name=Java(TM) SE Runtime Environment, sun.java.command=com.facebook.buck.cli.bootstrapper.ClassLoaderBootstrapper com.facebook.buck.cli.Main$DaemonBootstrap local:.buckd/sock 120000, java.class.path=/Users/scottjones/BuckExample/.buckd/resources/v2018.03.26.01/bootstrapper_jar, buck.buckd_dir=/Users/scottjones/BuckExample/.buckd, buck.path_to_pathlib_py=/Users/scottjones/BuckExample/.buckd/resources/v2018.03.26.01/pathlib.py, buck.buckd_launch_time_nanos=30622891581964, java.vm.specification.name=Java Virtual Machine Specification, com.martiansoftware.nailgun.NGServer.outputPath=/Users/scottjones/BuckExample/.buckd/tmp/buck_run.8xX8Dw/ngserver-out, java.vm.specification.version=1.8, sun.cpu.endian=little, sun.os.patch.level=unknown, java.awt.headless=true, java.io.tmpdir=/Users/scottjones/BuckExample/.buckd/tmp/buck_run.8xX8Dw, buck.android_agent_path=/Users/scottjones/BuckExample/.buckd/resources/v2018.03.26.01/android_agent_path, java.vendor.url.bug=http://bugreport.sun.com/bugreport/, buck.path_to_python_dsl=, jna.platform.library.path=/usr/lib:/usr/lib, os.arch=x86_64, java.awt.graphicsenv=sun.awt.CGraphicsEnvironment, buck.path_to_pex=/Users/scottjones/BuckExample/.buckd/resources/v2018.03.26.01/path_to_pex, java.ext.dirs=/Users/scottjones/Library/Java/Extensions:/Library/Java/JavaVirtualMachines/jdk1.8.0_162.jdk/Contents/Home/jre/lib/ext:/Library/Java/Extensions:/Network/Library/Java/Extensions:/System/Library/Java/Extensions:/usr/lib/java, java.util.logging.config.class=com.facebook.buck.cli.bootstrapper.LogConfig, user.dir=/Users/scottjones/BuckExample, line.separator=
, java.vm.name=Java HotSpot(TM) 64-Bit Server VM, buck.path_to_typing=/Users/scottjones/BuckExample/.buckd/resources/v2018.03.26.01/path_to_typing, buck.native_exopackage_fake_path=/Users/scottjones/BuckExample/.buckd/resources/v2018.03.26.01/native_exopackage_fake_path, file.encoding=UTF-8, java.specification.version=1.8}
[2018-05-03 09:39:31.014][info ][command:null][tid:13][org.pf4j.DefaultPluginStatusProvider] Enabled plugins: []
[2018-05-03 09:39:31.015][info ][command:null][tid:13][org.pf4j.DefaultPluginStatusProvider] Disabled plugins: []
[2018-05-03 09:39:31.021][info ][command:null][tid:13][org.pf4j.DefaultPluginManager] PF4J version 0.0.0 in 'deployment' mode
[2018-05-03 09:39:31.022][debug][command:null][tid:13][org.pf4j.AbstractPluginManager] Lookup plugins in '/Users/scottjones/BuckExample/.buckd/resources/v2018.03.26.01/buck-modules'
[2018-05-03 09:39:31.026][debug][command:null][tid:13][org.pf4j.AbstractPluginManager] Found 9 possible plugins: [/Users/scottjones/BuckExample/.buckd/resources/v2018.03.26.01/buck-modules/ziprules.jar, /Users/scottjones/BuckExample/.buckd/resources/v2018.03.26.01/buck-modules/lua.jar, /Users/scottjones/BuckExample/.buckd/resources/v2018.03.26.01/buck-modules/filegroup.jar, /Users/scottjones/BuckExample/.buckd/resources/v2018.03.26.01/buck-modules/haskell.jar, /Users/scottjones/BuckExample/.buckd/resources/v2018.03.26.01/buck-modules/rust.jar, /Users/scottjones/BuckExample/.buckd/resources/v2018.03.26.01/buck-modules/go.jar, /Users/scottjones/BuckExample/.buckd/resources/v2018.03.26.01/buck-modules/zipbundler.jar, /Users/scottjones/BuckExample/.buckd/resources/v2018.03.26.01/buck-modules/d.jar, /Users/scottjones/BuckExample/.buckd/resources/v2018.03.26.01/buck-modules/dotnet.jar]
[2018-05-03 09:39:31.026][debug][command:null][tid:13][org.pf4j.AbstractPluginManager] Use 'org.pf4j.CompoundPluginDescriptorFinder@5a48d99' to find plugins descriptors
[2018-05-03 09:39:31.026][debug][command:null][tid:13][org.pf4j.AbstractPluginManager] Finding plugin descriptor for plugin '/Users/scottjones/BuckExample/.buckd/resources/v2018.03.26.01/buck-modules/ziprules.jar'
[2018-05-03 09:39:31.026][debug][command:null][tid:13][org.pf4j.CompoundPluginDescriptorFinder] 'org.pf4j.ManifestPluginDescriptorFinder@21fe3080' is applicable for plugin '/Users/scottjones/BuckExample/.buckd/resources/v2018.03.26.01/buck-modules/ziprules.jar'
[2018-05-03 09:39:31.031][debug][command:null][tid:13][org.pf4j.AbstractPluginManager] Found descriptor PluginDescriptor [pluginId=com.facebook.buck.zip.ziprules, pluginClass=com.facebook.buck.zip.rules.ZipRulesModuleAdapterPlugin, version=0.0.1, provider=null, dependencies=[PluginDependency [pluginId=com.facebook.buck.zip.bundler, pluginVersionSupport=*]], description=, requires=*, license=null]
[2018-05-03 09:39:31.031][debug][command:null][tid:13][org.pf4j.AbstractPluginManager] Class 'com.facebook.buck.zip.rules.ZipRulesModuleAdapterPlugin' for plugin '/Users/scottjones/BuckExample/.buckd/resources/v2018.03.26.01/buck-modules/ziprules.jar'
[2018-05-03 09:39:31.031][debug][command:null][tid:13][org.pf4j.AbstractPluginManager] Loading plugin '/Users/scottjones/BuckExample/.buckd/resources/v2018.03.26.01/buck-modules/ziprules.jar'
[2018-05-03 09:39:31.032][debug][command:null][tid:13][org.pf4j.PluginClassLoader] Add 'file:/Users/scottjones/BuckExample/.buckd/resources/v2018.03.26.01/buck-modules/ziprules.jar'
[2018-05-03 09:39:31.032][debug][command:null][tid:13][org.pf4j.AbstractPluginManager] Loaded plugin '/Users/scottjones/BuckExample/.buckd/resources/v2018.03.26.01/buck-modules/ziprules.jar' with class loader 'org.pf4j.PluginClassLoader@360a14dd'
[2018-05-03 09:39:31.032][debug][command:null][tid:13][org.pf4j.AbstractPluginManager] Creating wrapper for plugin '/Users/scottjones/BuckExample/.buckd/resources/v2018.03.26.01/buck-modules/ziprules.jar'
[2018-05-03 09:39:31.039][debug][command:null][tid:13][org.pf4j.AbstractPluginManager] Created wrapper 'PluginWrapper [descriptor=PluginDescriptor [pluginId=com.facebook.buck.zip.ziprules, pluginClass=com.facebook.buck.zip.rules.ZipRulesModuleAdapterPlugin, version=0.0.1, provider=null, dependencies=[PluginDependency [pluginId=com.facebook.buck.zip.bundler, pluginVersionSupport=*]], description=, requires=*, license=null], pluginPath=/Users/scottjones/BuckExample/.buckd/resources/v2018.03.26.01/buck-modules/ziprules.jar]' for plugin '/Users/scottjones/BuckExample/.buckd/resources/v2018.03.26.01/buck-modules/ziprules.jar'
[2018-05-03 09:39:31.039][debug][command:null][tid:13][org.pf4j.AbstractPluginManager] Use 'org.pf4j.CompoundPluginDescriptorFinder@5a48d99' to find plugins descriptors
[2018-05-03 09:39:31.039][debug][command:null][tid:13][org.pf4j.AbstractPluginManager] Finding plugin descriptor for plugin '/Users/scottjones/BuckExample/.buckd/resources/v2018.03.26.01/buck-modules/lua.jar'
[2018-05-03 09:39:31.039][debug][command:null][tid:13][org.pf4j.CompoundPluginDescriptorFinder] 'org.pf4j.ManifestPluginDescriptorFinder@21fe3080' is applicable for plugin '/Users/scottjones/BuckExample/.buckd/resources/v2018.03.26.01/buck-modules/lua.jar'
[2018-05-03 09:39:31.040][debug][command:null][tid:13][org.pf4j.AbstractPluginManager] Found descriptor PluginDescriptor [pluginId=com.facebook.buck.lua, pluginClass=com.facebook.buck.lua.LuaModuleAdapterPlugin, version=0.0.1, provider=null, dependencies=[], description=, requires=*, license=null]
[2018-05-03 09:39:31.040][debug][command:null][tid:13][org.pf4j.AbstractPluginManager] Class 'com.facebook.buck.lua.LuaModuleAdapterPlugin' for plugin '/Users/scottjones/BuckExample/.buckd/resources/v2018.03.26.01/buck-modules/lua.jar'
[2018-05-03 09:39:31.040][debug][command:null][tid:13][org.pf4j.AbstractPluginManager] Loading plugin '/Users/scottjones/BuckExample/.buckd/resources/v2018.03.26.01/buck-modules/lua.jar'
[2018-05-03 09:39:31.040][debug][command:null][tid:13][org.pf4j.PluginClassLoader] Add 'file:/Users/scottjones/BuckExample/.buckd/resources/v2018.03.26.01/buck-modules/lua.jar'
[2018-05-03 09:39:31.041][debug][command:null][tid:13][org.pf4j.AbstractPluginManager] Loaded plugin '/Users/scottjones/BuckExample/.buckd/resources/v2018.03.26.01/buck-modules/lua.jar' with class loader 'org.pf4j.PluginClassLoader@63eb14d6'
[2018-05-03 09:39:31.041][debug][command:null][tid:13][org.pf4j.AbstractPluginManager] Creating wrapper for plugin '/Users/scottjones/BuckExample/.buckd/resources/v2018.03.26.01/buck-modules/lua.jar'
[2018-05-03 09:39:31.041][debug][command:null][tid:13][org.pf4j.AbstractPluginManager] Created wrapper 'PluginWrapper [descriptor=PluginDescriptor [pluginId=com.facebook.buck.lua, pluginClass=com.facebook.buck.lua.LuaModuleAdapterPlugin, version=0.0.1, provider=null, dependencies=[], description=, requires=*, license=null], pluginPath=/Users/scottjones/BuckExample/.buckd/resources/v2018.03.26.01/buck-modules/lua.jar]' for plugin '/Users/scottjones/BuckExample/.buckd/resources/v2018.03.26.01/buck-modules/lua.jar'
[2018-05-03 09:39:31.041][debug][command:null][tid:13][org.pf4j.AbstractPluginManager] Use 'org.pf4j.CompoundPluginDescriptorFinder@5a48d99' to find plugins descriptors
[2018-05-03 09:39:31.041][debug][command:null][tid:13][org.pf4j.AbstractPluginManager] Finding plugin descriptor for plugin '/Users/scottjones/BuckExample/.buckd/resources/v2018.03.26.01/buck-modules/filegroup.jar'
[2018-05-03 09:39:31.042][debug][command:null][tid:13][org.pf4j.CompoundPluginDescriptorFinder] 'org.pf4j.ManifestPluginDescriptorFinder@21fe3080' is applicable for plugin '/Users/scottjones/BuckExample/.buckd/resources/v2018.03.26.01/buck-modules/filegroup.jar'
[2018-05-03 09:39:31.042][debug][command:null][tid:13][org.pf4j.AbstractPluginManager] Found descriptor PluginDescriptor [pluginId=com.facebook.buck.shell.filegroup, pluginClass=com.facebook.buck.shell.filegroup.FilegroupModuleAdapterPlugin, version=0.0.1, provider=null, dependencies=[PluginDependency [pluginId=com.facebook.buck.zip.bundler, pluginVersionSupport=*]], description=, requires=*, license=null]
[2018-05-03 09:39:31.042][debug][command:null][tid:13][org.pf4j.AbstractPluginManager] Class 'com.facebook.buck.shell.filegroup.FilegroupModuleAdapterPlugin' for plugin '/Users/scottjones/BuckExample/.buckd/resources/v2018.03.26.01/buck-modules/filegroup.jar'
[2018-05-03 09:39:31.042][debug][command:null][tid:13][org.pf4j.AbstractPluginManager] Loading plugin '/Users/scottjones/BuckExample/.buckd/resources/v2018.03.26.01/buck-modules/filegroup.jar'
[2018-05-03 09:39:31.042][debug][command:null][tid:13][org.pf4j.PluginClassLoader] Add 'file:/Users/scottjones/BuckExample/.buckd/resources/v2018.03.26.01/buck-modules/filegroup.jar'
[2018-05-03 09:39:31.043][debug][command:null][tid:13][org.pf4j.AbstractPluginManager] Loaded plugin '/Users/scottjones/BuckExample/.buckd/resources/v2018.03.26.01/buck-modules/filegroup.jar' with class loader 'org.pf4j.PluginClassLoader@54759786'
[2018-05-03 09:39:31.043][debug][command:null][tid:13][org.pf4j.AbstractPluginManager] Creating wrapper for plugin '/Users/scottjones/BuckExample/.buckd/resources/v2018.03.26.01/buck-modules/filegroup.jar'
[2018-05-03 09:39:31.043][debug][command:null][tid:13][org.pf4j.AbstractPluginManager] Created wrapper 'PluginWrapper [descriptor=PluginDescriptor [pluginId=com.facebook.buck.shell.filegroup, pluginClass=com.facebook.buck.shell.filegroup.FilegroupModuleAdapterPlugin, version=0.0.1, provider=null, dependencies=[PluginDependency [pluginId=com.facebook.buck.zip.bundler, pluginVersionSupport=*]], description=, requires=*, license=null], pluginPath=/Users/scottjones/BuckExample/.buckd/resources/v2018.03.26.01/buck-modules/filegroup.jar]' for plugin '/Users/scottjones/BuckExample/.buckd/resources/v2018.03.26.01/buck-modules/filegroup.jar'
[2018-05-03 09:39:31.043][debug][command:null][tid:13][org.pf4j.AbstractPluginManager] Use 'org.pf4j.CompoundPluginDescriptorFinder@5a48d99' to find plugins descriptors
[2018-05-03 09:39:31.043][debug][command:null][tid:13][org.pf4j.AbstractPluginManager] Finding plugin descriptor for plugin '/Users/scottjones/BuckExample/.buckd/resources/v2018.03.26.01/buck-modules/haskell.jar'
[2018-05-03 09:39:31.043][debug][command:null][tid:13][org.pf4j.CompoundPluginDescriptorFinder] 'org.pf4j.ManifestPluginDescriptorFinder@21fe3080' is applicable for plugin '/Users/scottjones/BuckExample/.buckd/resources/v2018.03.26.01/buck-modules/haskell.jar'
[2018-05-03 09:39:31.044][debug][command:null][tid:13][org.pf4j.AbstractPluginManager] Found descriptor PluginDescriptor [pluginId=com.facebook.buck.haskell, pluginClass=com.facebook.buck.haskell.HaskellModuleAdapterPlugin, version=0.0.1, provider=null, dependencies=[], description=, requires=*, license=null]
[2018-05-03 09:39:31.044][debug][command:null][tid:13][org.pf4j.AbstractPluginManager] Class 'com.facebook.buck.haskell.HaskellModuleAdapterPlugin' for plugin '/Users/scottjones/BuckExample/.buckd/resources/v2018.03.26.01/buck-modules/haskell.jar'
[2018-05-03 09:39:31.044][debug][command:null][tid:13][org.pf4j.AbstractPluginManager] Loading plugin '/Users/scottjones/BuckExample/.buckd/resources/v2018.03.26.01/buck-modules/haskell.jar'
[2018-05-03 09:39:31.045][debug][command:null][tid:13][org.pf4j.PluginClassLoader] Add 'file:/Users/scottjones/BuckExample/.buckd/resources/v2018.03.26.01/buck-modules/haskell.jar'
[2018-05-03 09:39:31.045][debug][command:null][tid:13][org.pf4j.AbstractPluginManager] Loaded plugin '/Users/scottjones/BuckExample/.buckd/resources/v2018.03.26.01/buck-modules/haskell.jar' with class loader 'org.pf4j.PluginClassLoader@1c0f95a1'
[2018-05-03 09:39:31.045][debug][command:null][tid:13][org.pf4j.AbstractPluginManager] Creating wrapper for plugin '/Users/scottjones/BuckExample/.buckd/resources/v2018.03.26.01/buck-modules/haskell.jar'
[2018-05-03 09:39:31.045][debug][command:null][tid:13][org.pf4j.AbstractPluginManager] Created wrapper 'PluginWrapper [descriptor=PluginDescriptor [pluginId=com.facebook.buck.haskell, pluginClass=com.facebook.buck.haskell.HaskellModuleAdapterPlugin, version=0.0.1, provider=null, dependencies=[], description=, requires=*, license=null], pluginPath=/Users/scottjones/BuckExample/.buckd/resources/v2018.03.26.01/buck-modules/haskell.jar]' for plugin '/Users/scottjones/BuckExample/.buckd/resources/v2018.03.26.01/buck-modules/haskell.jar'
[2018-05-03 09:39:31.046][debug][command:null][tid:13][org.pf4j.AbstractPluginManager] Use 'org.pf4j.CompoundPluginDescriptorFinder@5a48d99' to find plugins descriptors
[2018-05-03 09:39:31.046][debug][command:null][tid:13][org.pf4j.AbstractPluginManager] Finding plugin descriptor for plugin '/Users/scottjones/BuckExample/.buckd/resources/v2018.03.26.01/buck-modules/rust.jar'
[2018-05-03 09:39:31.046][debug][command:null][tid:13][org.pf4j.CompoundPluginDescriptorFinder] 'org.pf4j.ManifestPluginDescriptorFinder@21fe3080' is applicable for plugin '/Users/scottjones/BuckExample/.buckd/resources/v2018.03.26.01/buck-modules/rust.jar'
[2018-05-03 09:39:31.046][debug][command:null][tid:13][org.pf4j.AbstractPluginManager] Found descriptor PluginDescriptor [pluginId=com.facebook.buck.rust, pluginClass=com.facebook.buck.rust.RustModuleAdapterPlugin, version=0.0.1, provider=null, dependencies=[], description=, requires=*, license=null]
[2018-05-03 09:39:31.047][debug][command:null][tid:13][org.pf4j.AbstractPluginManager] Class 'com.facebook.buck.rust.RustModuleAdapterPlugin' for plugin '/Users/scottjones/BuckExample/.buckd/resources/v2018.03.26.01/buck-modules/rust.jar'
[2018-05-03 09:39:31.047][debug][command:null][tid:13][org.pf4j.AbstractPluginManager] Loading plugin '/Users/scottjones/BuckExample/.buckd/resources/v2018.03.26.01/buck-modules/rust.jar'
[2018-05-03 09:39:31.047][debug][command:null][tid:13][org.pf4j.PluginClassLoader] Add 'file:/Users/scottjones/BuckExample/.buckd/resources/v2018.03.26.01/buck-modules/rust.jar'
[2018-05-03 09:39:31.047][debug][command:null][tid:13][org.pf4j.AbstractPluginManager] Loaded plugin '/Users/scottjones/BuckExample/.buckd/resources/v2018.03.26.01/buck-modules/rust.jar' with class loader 'org.pf4j.PluginClassLoader@2fc9748'
[2018-05-03 09:39:31.047][debug][command:null][tid:13][org.pf4j.AbstractPluginManager] Creating wrapper for plugin '/Users/scottjones/BuckExample/.buckd/resources/v2018.03.26.01/buck-modules/rust.jar'
[2018-05-03 09:39:31.047][debug][command:null][tid:13][org.pf4j.AbstractPluginManager] Created wrapper 'PluginWrapper [descriptor=PluginDescriptor [pluginId=com.facebook.buck.rust, pluginClass=com.facebook.buck.rust.RustModuleAdapterPlugin, version=0.0.1, provider=null, dependencies=[], description=, requires=*, license=null], pluginPath=/Users/scottjones/BuckExample/.buckd/resources/v2018.03.26.01/buck-modules/rust.jar]' for plugin '/Users/scottjones/BuckExample/.buckd/resources/v2018.03.26.01/buck-modules/rust.jar'
[2018-05-03 09:39:31.048][debug][command:null][tid:13][org.pf4j.AbstractPluginManager] Use 'org.pf4j.CompoundPluginDescriptorFinder@5a48d99' to find plugins descriptors
[2018-05-03 09:39:31.048][debug][command:null][tid:13][org.pf4j.AbstractPluginManager] Finding plugin descriptor for plugin '/Users/scottjones/BuckExample/.buckd/resources/v2018.03.26.01/buck-modules/go.jar'
[2018-05-03 09:39:31.048][debug][command:null][tid:13][org.pf4j.CompoundPluginDescriptorFinder] 'org.pf4j.ManifestPluginDescriptorFinder@21fe3080' is applicable for plugin '/Users/scottjones/BuckExample/.buckd/resources/v2018.03.26.01/buck-modules/go.jar'
[2018-05-03 09:39:31.048][debug][command:null][tid:13][org.pf4j.AbstractPluginManager] Found descriptor PluginDescriptor [pluginId=com.facebook.buck.go, pluginClass=com.facebook.buck.go.GoModuleAdapterPlugin, version=0.0.1, provider=null, dependencies=[], description=, requires=*, license=null]
[2018-05-03 09:39:31.049][debug][command:null][tid:13][org.pf4j.AbstractPluginManager] Class 'com.facebook.buck.go.GoModuleAdapterPlugin' for plugin '/Users/scottjones/BuckExample/.buckd/resources/v2018.03.26.01/buck-modules/go.jar'
[2018-05-03 09:39:31.049][debug][command:null][tid:13][org.pf4j.AbstractPluginManager] Loading plugin '/Users/scottjones/BuckExample/.buckd/resources/v2018.03.26.01/buck-modules/go.jar'
[2018-05-03 09:39:31.049][debug][command:null][tid:13][org.pf4j.PluginClassLoader] Add 'file:/Users/scottjones/BuckExample/.buckd/resources/v2018.03.26.01/buck-modules/go.jar'
[2018-05-03 09:39:31.050][debug][command:null][tid:13][org.pf4j.AbstractPluginManager] Loaded plugin '/Users/scottjones/BuckExample/.buckd/resources/v2018.03.26.01/buck-modules/go.jar' with class loader 'org.pf4j.PluginClassLoader@36fcfccf'
[2018-05-03 09:39:31.050][debug][command:null][tid:13][org.pf4j.AbstractPluginManager] Creating wrapper for plugin '/Users/scottjones/BuckExample/.buckd/resources/v2018.03.26.01/buck-modules/go.jar'
[2018-05-03 09:39:31.050][debug][command:null][tid:13][org.pf4j.AbstractPluginManager] Created wrapper 'PluginWrapper [descriptor=PluginDescriptor [pluginId=com.facebook.buck.go, pluginClass=com.facebook.buck.go.GoModuleAdapterPlugin, version=0.0.1, provider=null, dependencies=[], description=, requires=*, license=null], pluginPath=/Users/scottjones/BuckExample/.buckd/resources/v2018.03.26.01/buck-modules/go.jar]' for plugin '/Users/scottjones/BuckExample/.buckd/resources/v2018.03.26.01/buck-modules/go.jar'
[2018-05-03 09:39:31.050][debug][command:null][tid:13][org.pf4j.AbstractPluginManager] Use 'org.pf4j.CompoundPluginDescriptorFinder@5a48d99' to find plugins descriptors
[2018-05-03 09:39:31.050][debug][command:null][tid:13][org.pf4j.AbstractPluginManager] Finding plugin descriptor for plugin '/Users/scottjones/BuckExample/.buckd/resources/v2018.03.26.01/buck-modules/zipbundler.jar'
[2018-05-03 09:39:31.051][debug][command:null][tid:13][org.pf4j.CompoundPluginDescriptorFinder] 'org.pf4j.ManifestPluginDescriptorFinder@21fe3080' is applicable for plugin '/Users/scottjones/BuckExample/.buckd/resources/v2018.03.26.01/buck-modules/zipbundler.jar'
[2018-05-03 09:39:31.051][debug][command:null][tid:13][org.pf4j.AbstractPluginManager] Found descriptor PluginDescriptor [pluginId=com.facebook.buck.zip.bundler, pluginClass=com.facebook.buck.zip.bundler.ZipBundlerModuleAdapterPlugin, version=0.0.1, provider=null, dependencies=[], description=, requires=*, license=null]
[2018-05-03 09:39:31.051][debug][command:null][tid:13][org.pf4j.AbstractPluginManager] Class 'com.facebook.buck.zip.bundler.ZipBundlerModuleAdapterPlugin' for plugin '/Users/scottjones/BuckExample/.buckd/resources/v2018.03.26.01/buck-modules/zipbundler.jar'
[2018-05-03 09:39:31.051][debug][command:null][tid:13][org.pf4j.AbstractPluginManager] Loading plugin '/Users/scottjones/BuckExample/.buckd/resources/v2018.03.26.01/buck-modules/zipbundler.jar'
[2018-05-03 09:39:31.054][debug][command:null][tid:13][org.pf4j.PluginClassLoader] Add 'file:/Users/scottjones/BuckExample/.buckd/resources/v2018.03.26.01/buck-modules/zipbundler.jar'
[2018-05-03 09:39:31.054][debug][command:null][tid:13][org.pf4j.AbstractPluginManager] Loaded plugin '/Users/scottjones/BuckExample/.buckd/resources/v2018.03.26.01/buck-modules/zipbundler.jar' with class loader 'org.pf4j.PluginClassLoader@2bdf2376'
[2018-05-03 09:39:31.054][debug][command:null][tid:13][org.pf4j.AbstractPluginManager] Creating wrapper for plugin '/Users/scottjones/BuckExample/.buckd/resources/v2018.03.26.01/buck-modules/zipbundler.jar'
[2018-05-03 09:39:31.054][debug][command:null][tid:13][org.pf4j.AbstractPluginManager] Created wrapper 'PluginWrapper [descriptor=PluginDescriptor [pluginId=com.facebook.buck.zip.bundler, pluginClass=com.facebook.buck.zip.bundler.ZipBundlerModuleAdapterPlugin, version=0.0.1, provider=null, dependencies=[], description=, requires=*, license=null], pluginPath=/Users/scottjones/BuckExample/.buckd/resources/v2018.03.26.01/buck-modules/zipbundler.jar]' for plugin '/Users/scottjones/BuckExample/.buckd/resources/v2018.03.26.01/buck-modules/zipbundler.jar'
[2018-05-03 09:39:31.055][debug][command:null][tid:13][org.pf4j.AbstractPluginManager] Use 'org.pf4j.CompoundPluginDescriptorFinder@5a48d99' to find plugins descriptors
[2018-05-03 09:39:31.055][debug][command:null][tid:13][org.pf4j.AbstractPluginManager] Finding plugin descriptor for plugin '/Users/scottjones/BuckExample/.buckd/resources/v2018.03.26.01/buck-modules/d.jar'
[2018-05-03 09:39:31.055][debug][command:null][tid:13][org.pf4j.CompoundPluginDescriptorFinder] 'org.pf4j.ManifestPluginDescriptorFinder@21fe3080' is applicable for plugin '/Users/scottjones/BuckExample/.buckd/resources/v2018.03.26.01/buck-modules/d.jar'
[2018-05-03 09:39:31.055][debug][command:null][tid:13][org.pf4j.AbstractPluginManager] Found descriptor PluginDescriptor [pluginId=com.facebook.buck.d, pluginClass=com.facebook.buck.d.DModuleAdapterPlugin, version=0.0.1, provider=null, dependencies=[], description=, requires=*, license=null]
[2018-05-03 09:39:31.056][debug][command:null][tid:13][org.pf4j.AbstractPluginManager] Class 'com.facebook.buck.d.DModuleAdapterPlugin' for plugin '/Users/scottjones/BuckExample/.buckd/resources/v2018.03.26.01/buck-modules/d.jar'
[2018-05-03 09:39:31.056][debug][command:null][tid:13][org.pf4j.AbstractPluginManager] Loading plugin '/Users/scottjones/BuckExample/.buckd/resources/v2018.03.26.01/buck-modules/d.jar'
[2018-05-03 09:39:31.056][debug][command:null][tid:13][org.pf4j.PluginClassLoader] Add 'file:/Users/scottjones/BuckExample/.buckd/resources/v2018.03.26.01/buck-modules/d.jar'
[2018-05-03 09:39:31.056][debug][command:null][tid:13][org.pf4j.AbstractPluginManager] Loaded plugin '/Users/scottjones/BuckExample/.buckd/resources/v2018.03.26.01/buck-modules/d.jar' with class loader 'org.pf4j.PluginClassLoader@2d057d65'
[2018-05-03 09:39:31.056][debug][command:null][tid:13][org.pf4j.AbstractPluginManager] Creating wrapper for plugin '/Users/scottjones/BuckExample/.buckd/resources/v2018.03.26.01/buck-modules/d.jar'
[2018-05-03 09:39:31.056][debug][command:null][tid:13][org.pf4j.AbstractPluginManager] Created wrapper 'PluginWrapper [descriptor=PluginDescriptor [pluginId=com.facebook.buck.d, pluginClass=com.facebook.buck.d.DModuleAdapterPlugin, version=0.0.1, provider=null, dependencies=[], description=, requires=*, license=null], pluginPath=/Users/scottjones/BuckExample/.buckd/resources/v2018.03.26.01/buck-modules/d.jar]' for plugin '/Users/scottjones/BuckExample/.buckd/resources/v2018.03.26.01/buck-modules/d.jar'
[2018-05-03 09:39:31.057][debug][command:null][tid:13][org.pf4j.AbstractPluginManager] Use 'org.pf4j.CompoundPluginDescriptorFinder@5a48d99' to find plugins descriptors
[2018-05-03 09:39:31.057][debug][command:null][tid:13][org.pf4j.AbstractPluginManager] Finding plugin descriptor for plugin '/Users/scottjones/BuckExample/.buckd/resources/v2018.03.26.01/buck-modules/dotnet.jar'
[2018-05-03 09:39:31.057][debug][command:null][tid:13][org.pf4j.CompoundPluginDescriptorFinder] 'org.pf4j.ManifestPluginDescriptorFinder@21fe3080' is applicable for plugin '/Users/scottjones/BuckExample/.buckd/resources/v2018.03.26.01/buck-modules/dotnet.jar'
[2018-05-03 09:39:31.057][debug][command:null][tid:13][org.pf4j.AbstractPluginManager] Found descriptor PluginDescriptor [pluginId=com.facebook.buck.dotnet, pluginClass=com.facebook.buck.dotnet.DotnetModuleAdapterPlugin, version=0.0.1, provider=null, dependencies=[], description=, requires=*, license=null]
[2018-05-03 09:39:31.058][debug][command:null][tid:13][org.pf4j.AbstractPluginManager] Class 'com.facebook.buck.dotnet.DotnetModuleAdapterPlugin' for plugin '/Users/scottjones/BuckExample/.buckd/resources/v2018.03.26.01/buck-modules/dotnet.jar'
[2018-05-03 09:39:31.058][debug][command:null][tid:13][org.pf4j.AbstractPluginManager] Loading plugin '/Users/scottjones/BuckExample/.buckd/resources/v2018.03.26.01/buck-modules/dotnet.jar'
[2018-05-03 09:39:31.058][debug][command:null][tid:13][org.pf4j.PluginClassLoader] Add 'file:/Users/scottjones/BuckExample/.buckd/resources/v2018.03.26.01/buck-modules/dotnet.jar'
[2018-05-03 09:39:31.058][debug][command:null][tid:13][org.pf4j.AbstractPluginManager] Loaded plugin '/Users/scottjones/BuckExample/.buckd/resources/v2018.03.26.01/buck-modules/dotnet.jar' with class loader 'org.pf4j.PluginClassLoader@54ed0de3'
[2018-05-03 09:39:31.058][debug][command:null][tid:13][org.pf4j.AbstractPluginManager] Creating wrapper for plugin '/Users/scottjones/BuckExample/.buckd/resources/v2018.03.26.01/buck-modules/dotnet.jar'
[2018-05-03 09:39:31.058][debug][command:null][tid:13][org.pf4j.AbstractPluginManager] Created wrapper 'PluginWrapper [descriptor=PluginDescriptor [pluginId=com.facebook.buck.dotnet, pluginClass=com.facebook.buck.dotnet.DotnetModuleAdapterPlugin, version=0.0.1, provider=null, dependencies=[], description=, requires=*, license=null], pluginPath=/Users/scottjones/BuckExample/.buckd/resources/v2018.03.26.01/buck-modules/dotnet.jar]' for plugin '/Users/scottjones/BuckExample/.buckd/resources/v2018.03.26.01/buck-modules/dotnet.jar'
[2018-05-03 09:39:31.060][debug][command:null][tid:13][org.pf4j.DependencyResolver] Graph: 
   com.facebook.buck.lua -> []
   com.facebook.buck.d -> []
   com.facebook.buck.dotnet -> []
   com.facebook.buck.go -> []
   com.facebook.buck.shell.filegroup -> [com.facebook.buck.zip.bundler]
   com.facebook.buck.rust -> []
   com.facebook.buck.zip.ziprules -> [com.facebook.buck.zip.bundler]
   com.facebook.buck.zip.bundler -> []
   com.facebook.buck.haskell -> []
[2018-05-03 09:39:31.060][debug][command:null][tid:13][org.pf4j.DependencyResolver] Plugins order: [com.facebook.buck.lua, com.facebook.buck.d, com.facebook.buck.dotnet, com.facebook.buck.go, com.facebook.buck.zip.bundler, com.facebook.buck.shell.filegroup, com.facebook.buck.rust, com.facebook.buck.zip.ziprules, com.facebook.buck.haskell]
[2018-05-03 09:39:31.062][info ][command:null][tid:13][org.pf4j.AbstractPluginManager] Plugin 'com.facebook.buck.lua@0.0.1' resolved
[2018-05-03 09:39:31.062][info ][command:null][tid:13][org.pf4j.AbstractPluginManager] Plugin 'com.facebook.buck.d@0.0.1' resolved
[2018-05-03 09:39:31.062][info ][command:null][tid:13][org.pf4j.AbstractPluginManager] Plugin 'com.facebook.buck.dotnet@0.0.1' resolved
[2018-05-03 09:39:31.062][info ][command:null][tid:13][org.pf4j.AbstractPluginManager] Plugin 'com.facebook.buck.go@0.0.1' resolved
[2018-05-03 09:39:31.062][info ][command:null][tid:13][org.pf4j.AbstractPluginManager] Plugin 'com.facebook.buck.zip.bundler@0.0.1' resolved
[2018-05-03 09:39:31.062][info ][command:null][tid:13][org.pf4j.AbstractPluginManager] Plugin 'com.facebook.buck.shell.filegroup@0.0.1' resolved
[2018-05-03 09:39:31.063][info ][command:null][tid:13][org.pf4j.AbstractPluginManager] Plugin 'com.facebook.buck.rust@0.0.1' resolved
[2018-05-03 09:39:31.063][info ][command:null][tid:13][org.pf4j.AbstractPluginManager] Plugin 'com.facebook.buck.zip.ziprules@0.0.1' resolved
[2018-05-03 09:39:31.063][info ][command:null][tid:13][org.pf4j.AbstractPluginManager] Plugin 'com.facebook.buck.haskell@0.0.1' resolved
[2018-05-03 09:39:31.063][info ][command:null][tid:13][org.pf4j.AbstractPluginManager] Start plugin 'com.facebook.buck.lua@0.0.1'
[2018-05-03 09:39:31.063][debug][command:null][tid:13][org.pf4j.DefaultExtensionFactory] Create instance for plugin 'com.facebook.buck.lua.LuaModuleAdapterPlugin'
[2018-05-03 09:39:31.067][info ][command:null][tid:13][org.pf4j.AbstractPluginManager] Start plugin 'com.facebook.buck.d@0.0.1'
[2018-05-03 09:39:31.067][debug][command:null][tid:13][org.pf4j.DefaultExtensionFactory] Create instance for plugin 'com.facebook.buck.d.DModuleAdapterPlugin'
[2018-05-03 09:39:31.068][info ][command:null][tid:13][org.pf4j.AbstractPluginManager] Start plugin 'com.facebook.buck.dotnet@0.0.1'
[2018-05-03 09:39:31.068][debug][command:null][tid:13][org.pf4j.DefaultExtensionFactory] Create instance for plugin 'com.facebook.buck.dotnet.DotnetModuleAdapterPlugin'
[2018-05-03 09:39:31.069][info ][command:null][tid:13][org.pf4j.AbstractPluginManager] Start plugin 'com.facebook.buck.go@0.0.1'
[2018-05-03 09:39:31.069][debug][command:null][tid:13][org.pf4j.DefaultExtensionFactory] Create instance for plugin 'com.facebook.buck.go.GoModuleAdapterPlugin'
[2018-05-03 09:39:31.070][info ][command:null][tid:13][org.pf4j.AbstractPluginManager] Start plugin 'com.facebook.buck.zip.bundler@0.0.1'
[2018-05-03 09:39:31.070][debug][command:null][tid:13][org.pf4j.DefaultExtensionFactory] Create instance for plugin 'com.facebook.buck.zip.bundler.ZipBundlerModuleAdapterPlugin'
[2018-05-03 09:39:31.070][info ][command:null][tid:13][org.pf4j.AbstractPluginManager] Start plugin 'com.facebook.buck.shell.filegroup@0.0.1'
[2018-05-03 09:39:31.071][debug][command:null][tid:13][org.pf4j.DefaultExtensionFactory] Create instance for plugin 'com.facebook.buck.shell.filegroup.FilegroupModuleAdapterPlugin'
[2018-05-03 09:39:31.071][info ][command:null][tid:13][org.pf4j.AbstractPluginManager] Start plugin 'com.facebook.buck.rust@0.0.1'
[2018-05-03 09:39:31.071][debug][command:null][tid:13][org.pf4j.DefaultExtensionFactory] Create instance for plugin 'com.facebook.buck.rust.RustModuleAdapterPlugin'
[2018-05-03 09:39:31.072][info ][command:null][tid:13][org.pf4j.AbstractPluginManager] Start plugin 'com.facebook.buck.zip.ziprules@0.0.1'
[2018-05-03 09:39:31.072][debug][command:null][tid:13][org.pf4j.DefaultExtensionFactory] Create instance for plugin 'com.facebook.buck.zip.rules.ZipRulesModuleAdapterPlugin'
[2018-05-03 09:39:31.073][info ][command:null][tid:13][org.pf4j.AbstractPluginManager] Start plugin 'com.facebook.buck.haskell@0.0.1'
[2018-05-03 09:39:31.073][debug][command:null][tid:13][org.pf4j.DefaultExtensionFactory] Create instance for plugin 'com.facebook.buck.haskell.HaskellModuleAdapterPlugin'
[2018-05-03 09:39:31.263][debug][command:null][tid:13][com.facebook.buck.util.config.Configs] Loading configuration for /Users/scottjones/BuckExample
[2018-05-03 09:39:31.265][debug][command:null][tid:13][com.facebook.buck.util.config.Configs] Loaded project configuration file /Users/scottjones/BuckExample/.buckconfig
[2018-05-03 09:39:31.265][debug][command:null][tid:13][com.facebook.buck.util.config.Configs] Adding configuration overrides RawConfig{values={}}
[2018-05-03 09:39:31.562][info ][command:null][tid:13][com.facebook.buck.io.WatchmanFactory] Creating for: [/Users/scottjones/BuckExample]
[2018-05-03 09:39:31.572][debug][command:null][tid:13][com.facebook.buck.io.ExecutableFinder] Executable 'watchman' mapped to 'Optional[/usr/local/bin/watchman]'
[2018-05-03 09:39:31.576][debug][command:null][tid:13][com.facebook.buck.util.ListeningProcessExecutor] Launching process with params ProcessExecutorParams{command=[/usr/local/bin/watchman, --output-encoding=bser, get-sockname]}
[2018-05-03 09:39:31.640][debug][command:null][tid:13][com.facebook.buck.util.ListeningProcessExecutor] Successfully launched process com.zaxxer.nuprocess.osx.OsxProcess@2afa00a
[2018-05-03 09:39:31.641][debug][command:null][tid:13][com.facebook.buck.util.ListeningProcessExecutor] Waiting for process com.facebook.buck.util.ListeningProcessExecutor$LaunchedProcessImpl@22b5ba9a timeout 1000000000 NANOSECONDS
[2018-05-03 09:39:31.654][debug][command:null][tid:13][com.facebook.buck.util.ListeningProcessExecutor] Wait for process returned 0
[2018-05-03 09:39:31.657][debug][command:null][tid:13][com.facebook.buck.io.WatchmanFactory] Waited 13 ms for Watchman command get-sockname, exit code 0
[2018-05-03 09:39:31.665][debug][command:null][tid:13][com.facebook.buck.io.WatchmanFactory] stdout of command: {sockname=/usr/local/var/run/watchman/scottjones-state/sock, version=4.9.0}
[2018-05-03 09:39:31.665][info ][command:null][tid:13][com.facebook.buck.io.WatchmanFactory] Connecting to Watchman version 4.9.0 at /usr/local/var/run/watchman/scottjones-state/sock
[2018-05-03 09:39:31.703][debug][command:null][tid:20][com.facebook.buck.io.WatchmanTransportClient] Sending query: [version, {required=[cmd-watch-project], optional=[term-dirname, cmd-watch-project, wildmatch, wildmatch_multislash, glob_generator, clock-sync-timeout]}]
[2018-05-03 09:39:31.706][debug][command:null][tid:13][com.facebook.buck.io.WatchmanTransportClient] Query [version, {required=[cmd-watch-project], optional=[term-dirname, cmd-watch-project, wildmatch, wildmatch_multislash, glob_generator, clock-sync-timeout]}] returned in 3 ms
[2018-05-03 09:39:31.706][info ][command:null][tid:13][com.facebook.buck.io.WatchmanFactory] Took 8 ms to query capabilities {term-dirname=DIRNAME, cmd-watch-project=SUPPORTS_PROJECT_WATCH, wildmatch=WILDMATCH_GLOB, wildmatch_multislash=WILDMATCH_MULTISLASH, glob_generator=GLOB_GENERATOR, clock-sync-timeout=CLOCK_SYNC_TIMEOUT}
[2018-05-03 09:39:31.708][debug][command:null][tid:13][com.facebook.buck.io.WatchmanFactory] Got capabilities response: {clock-sync-timeout=true, glob_generator=true, wildmatch_multislash=false, cmd-watch-project=true, wildmatch=true, term-dirname=true}
[2018-05-03 09:39:31.709][debug][command:null][tid:13][com.facebook.buck.io.WatchmanFactory] Got Watchman capabilities: [CLOCK_SYNC_TIMEOUT, GLOB_GENERATOR, SUPPORTS_PROJECT_WATCH, WILDMATCH_GLOB, DIRNAME]
[2018-05-03 09:39:31.709][info ][command:null][tid:13][com.facebook.buck.io.WatchmanFactory] Adding watchman root: /Users/scottjones/BuckExample
[2018-05-03 09:39:31.709][debug][command:null][tid:20][com.facebook.buck.io.WatchmanTransportClient] Sending query: [watch-project, /Users/scottjones/BuckExample]
[2018-05-03 09:39:31.710][debug][command:null][tid:13][com.facebook.buck.io.WatchmanTransportClient] Query [watch-project, /Users/scottjones/BuckExample] returned in 0 ms
[2018-05-03 09:39:31.710][debug][command:null][tid:20][com.facebook.buck.io.WatchmanTransportClient] Sending query: [watch-project, /Users/scottjones/BuckExample]
[2018-05-03 09:39:31.710][debug][command:null][tid:13][com.facebook.buck.io.WatchmanTransportClient] Query [watch-project, /Users/scottjones/BuckExample] returned in 0 ms
[2018-05-03 09:39:31.710][info ][command:null][tid:13][com.facebook.buck.io.WatchmanFactory] Took 1 ms to add root /Users/scottjones/BuckExample
[2018-05-03 09:39:31.714][debug][command:null][tid:20][com.facebook.buck.io.WatchmanTransportClient] Sending query: [clock, /Users/scottjones/BuckExample, {sync_timeout=100}]
[2018-05-03 09:39:31.726][debug][command:null][tid:13][com.facebook.buck.io.WatchmanTransportClient] Query [clock, /Users/scottjones/BuckExample, {sync_timeout=100}] returned in 12 ms
[2018-05-03 09:39:31.727][info ][command:null][tid:13][com.facebook.buck.io.WatchmanFactory] Took 12 ms to query for initial clock id Optional[c:1525269255:464:4:3388]
[2018-05-03 09:39:31.727][debug][command:null][tid:13][com.facebook.buck.io.WatchmanFactory] Connected to Watchman
[2018-05-03 09:39:31.727][debug][command:null][tid:13][com.facebook.buck.io.WatchmanTransportClient] Closing Watchman transport.
[2018-05-03 09:39:31.728][debug][command:null][tid:13][com.facebook.buck.cli.Main] Watchman capabilities: [CLOCK_SYNC_TIMEOUT, GLOB_GENERATOR, SUPPORTS_PROJECT_WATCH, WILDMATCH_GLOB, DIRNAME] Project watches: {/Users/scottjones/BuckExample=ProjectWatch{watchRoot=/Users/scottjones/BuckExample}} Glob handler config: PYTHON Query timeout ms config: Optional.empty
[2018-05-03 09:39:31.855][debug][command:null][tid:13][com.facebook.buck.cli.DaemonLifecycleManager] Starting up daemon for project root [/Users/scottjones/BuckExample]
[2018-05-03 09:39:32.488][warn ][command:null][tid:13][com.facebook.buck.cli.Daemon] Can't start web server
[2018-05-03 09:39:32.489][debug][command:null][tid:13][com.facebook.buck.cli.Daemon] Using Watchman Cursor: {/Users/scottjones/BuckExample=c:1525269255:464:4:3388}
[2018-05-03 09:39:32.578][debug][command:2c8791ca-5c86-4e5f-9447-c671b54c5987][tid:13][com.facebook.buck.event.listener.SuperConsoleEventBusListener] Starting render scheduler (interval 100 ms)
[2018-05-03 09:39:32.626][debug][command:2c8791ca-5c86-4e5f-9447-c671b54c5987][tid:13][com.google.common.util.concurrent.ServiceManager] Starting PerfStatsTracking [STARTING].
[2018-05-03 09:39:32.630][debug][command:null][tid:23][com.google.common.util.concurrent.ServiceManager] Started PerfStatsTracking [RUNNING] in 6.958 ms.
[2018-05-03 09:39:32.637][debug][command:2c8791ca-5c86-4e5f-9447-c671b54c5987][tid:13][com.google.common.util.concurrent.ServiceManager] Starting ProcessTracker [STARTING].
[2018-05-03 09:39:32.646][debug][command:null][tid:24][com.facebook.buck.util.perf.ProcessTracker] startUp
[2018-05-03 09:39:32.664][debug][command:2c8791ca-5c86-4e5f-9447-c671b54c5987][tid:13][com.facebook.buck.util.environment.MacWifiSsidFinder] Getting current SSID..
[2018-05-03 09:39:32.745][debug][command:2c8791ca-5c86-4e5f-9447-c671b54c5987][tid:13][com.facebook.buck.util.environment.MacWifiSsidFinder] Getting SSID from Wi-Fi interface: <CWInterface: 0x7fb1dfff4e60> [interfaceName=en0]
[2018-05-03 09:39:32.746][debug][command:2c8791ca-5c86-4e5f-9447-c671b54c5987][tid:13][com.facebook.buck.util.environment.MacWifiSsidFinder] Found SSID: Stash
[2018-05-03 09:39:32.747][debug][command:2c8791ca-5c86-4e5f-9447-c671b54c5987][tid:13][com.facebook.buck.cli.Main] InvocationInfo BuildId=[2c8791ca-5c86-4e5f-9447-c671b54c5987] Args=[clean]
[2018-05-03 09:39:32.756][debug][command:null][tid:24][com.google.common.util.concurrent.ServiceManager] Started ProcessTracker [RUNNING] in 125.3 ms.
[2018-05-03 09:39:33.238][warn ][command:2c8791ca-5c86-4e5f-9447-c671b54c5987][tid:13][com.facebook.buck.event.listener.PublicAnnouncementManager] Failed to get public announcements. Reason: Failed to establish connection to server.
[2018-05-03 09:39:33.239][debug][command:2c8791ca-5c86-4e5f-9447-c671b54c5987][tid:13][com.facebook.buck.cli.Main] new Buck daemon
[2018-05-03 09:39:33.279][debug][command:null][tid:29][com.facebook.buck.util.environment.MacNetworkConfiguration] Determine network service order and extract device names
[2018-05-03 09:39:33.311][debug][command:null][tid:29][com.facebook.buck.util.ListeningProcessExecutor] Launching process with params ProcessExecutorParams{command=[networksetup, -listnetworkserviceorder, ]}
[2018-05-03 09:39:33.322][debug][command:null][tid:29][com.facebook.buck.util.ListeningProcessExecutor] Successfully launched process com.zaxxer.nuprocess.osx.OsxProcess@7536fc20
[2018-05-03 09:39:33.325][debug][command:null][tid:29][com.facebook.buck.util.ListeningProcessExecutor] Waiting for process com.facebook.buck.util.ListeningProcessExecutor$LaunchedProcessImpl@6e69c414 timeout 1000 MILLISECONDS
[2018-05-03 09:39:33.358][debug][command:2c8791ca-5c86-4e5f-9447-c671b54c5987][tid:13][com.facebook.buck.parser.Parser] com.facebook.buck.event.DefaultBuckEventBus@2fd3ad7e
[2018-05-03 09:39:33.387][debug][command:null][tid:32][com.facebook.buck.io.WatchmanTransportClient] Sending query: [query, /Users/scottjones/BuckExample, {since=c:1525269255:464:4:3388, expression=[not, [anyof, [type, d], [dirname, .idea], [dirname, .buckd], [dirname, buck-out/cache], [dirname, buck-out/.trash], [dirname, buck-out], [match, **/*.pbxproj, wholename, {includedotfiles=true}], [match, **/*.xcscheme, wholename, {includedotfiles=true}], [match, **/*.xcworkspacedata, wholename, {includedotfiles=true}], [match, **/*~, wholename, {includedotfiles=true}], [match, **/#*#, wholename, {includedotfiles=true}], [match, **/.#*, wholename, {includedotfiles=true}], [match, **/*.swo, wholename, {includedotfiles=true}], [match, **/*.swp, wholename, {includedotfiles=true}], [match, **/*.swpx, wholename, {includedotfiles=true}], [match, **/*.un~, wholename, {includedotfiles=true}], [match, **/.netrhwist, wholename, {includedotfiles=true}], [match, .idea, wholename, {includedotfiles=true}], [match, .iml, wholename, {includedotfiles=true}], [match, **/*.pydevproject, wholename, {includedotfiles=true}], [match, .project, wholename, {includedotfiles=true}], [match, .metadata, wholename, {includedotfiles=true}], [match, **/*.tmp, wholename, {includedotfiles=true}], [match, **/*.bak, wholename, {includedotfiles=true}], [match, **/*~.nib, wholename, {includedotfiles=true}], [match, .classpath, wholename, {includedotfiles=true}], [match, .settings, wholename, {includedotfiles=true}], [match, .loadpath, wholename, {includedotfiles=true}], [match, .externalToolBuilders, wholename, {includedotfiles=true}], [match, .cproject, wholename, {includedotfiles=true}], [match, .buildpath, wholename, {includedotfiles=true}], [match, .DS_Store, wholename, {includedotfiles=true}], [match, .AppleDouble, wholename, {includedotfiles=true}], [match, .LSOverride, wholename, {includedotfiles=true}], [match, .Spotlight-V100, wholename, {includedotfiles=true}], [match, .Trashes, wholename, {includedotfiles=true}], [match, $RECYCLE.BIN, wholename, {includedotfiles=true}], [match, .*.sublime-workspace, wholename, {includedotfiles=true}]]], empty_on_fresh_instance=true, fields=[name, exists, new]}]
[2018-05-03 09:39:33.401][debug][command:null][tid:31][com.facebook.buck.io.WatchmanTransportClient] Query [query, /Users/scottjones/BuckExample, {since=c:1525269255:464:4:3388, expression=[not, [anyof, [type, d], [dirname, .idea], [dirname, .buckd], [dirname, buck-out/cache], [dirname, buck-out/.trash], [dirname, buck-out], [match, **/*.pbxproj, wholename, {includedotfiles=true}], [match, **/*.xcscheme, wholename, {includedotfiles=true}], [match, **/*.xcworkspacedata, wholename, {includedotfiles=true}], [match, **/*~, wholename, {includedotfiles=true}], [match, **/#*#, wholename, {includedotfiles=true}], [match, **/.#*, wholename, {includedotfiles=true}], [match, **/*.swo, wholename, {includedotfiles=true}], [match, **/*.swp, wholename, {includedotfiles=true}], [match, **/*.swpx, wholename, {includedotfiles=true}], [match, **/*.un~, wholename, {includedotfiles=true}], [match, **/.netrhwist, wholename, {includedotfiles=true}], [match, .idea, wholename, {includedotfiles=true}], [match, .iml, wholename, {includedotfiles=true}], [match, **/*.pydevproject, wholename, {includedotfiles=true}], [match, .project, wholename, {includedotfiles=true}], [match, .metadata, wholename, {includedotfiles=true}], [match, **/*.tmp, wholename, {includedotfiles=true}], [match, **/*.bak, wholename, {includedotfiles=true}], [match, **/*~.nib, wholename, {includedotfiles=true}], [match, .classpath, wholename, {includedotfiles=true}], [match, .settings, wholename, {includedotfiles=true}], [match, .loadpath, wholename, {includedotfiles=true}], [match, .externalToolBuilders, wholename, {includedotfiles=true}], [match, .cproject, wholename, {includedotfiles=true}], [match, .buildpath, wholename, {includedotfiles=true}], [match, .DS_Store, wholename, {includedotfiles=true}], [match, .AppleDouble, wholename, {includedotfiles=true}], [match, .LSOverride, wholename, {includedotfiles=true}], [match, .Spotlight-V100, wholename, {includedotfiles=true}], [match, .Trashes, wholename, {includedotfiles=true}], [match, $RECYCLE.BIN, wholename, {includedotfiles=true}], [match, .*.sublime-workspace, wholename, {includedotfiles=true}]]], empty_on_fresh_instance=true, fields=[name, exists, new]}] returned in 13 ms
[2018-05-03 09:39:33.402][debug][command:null][tid:31][com.facebook.buck.io.WatchmanWatcher] Updating Watchman Cursor from c:1525269255:464:4:3388 to c:1525269255:464:4:3394
[2018-05-03 09:39:33.402][debug][command:null][tid:31][com.facebook.buck.io.WatchmanWatcher] Posted 0 Watchman events.
[2018-05-03 09:39:33.402][debug][command:null][tid:31][com.facebook.buck.io.WatchmanTransportClient] Closing Watchman transport.
[2018-05-03 09:39:33.426][debug][command:null][tid:29][com.facebook.buck.util.ListeningProcessExecutor] Wait for process returned 0
[2018-05-03 09:39:33.426][debug][command:null][tid:29][com.facebook.buck.util.ListeningProcessExecutor] Destroying process com.facebook.buck.util.ListeningProcessExecutor$LaunchedProcessImpl@6e69c414 (force true)
[2018-05-03 09:39:33.426][debug][command:null][tid:29][com.facebook.buck.util.environment.MacNetworkConfiguration] Determine active state of media for device
[2018-05-03 09:39:33.427][debug][command:null][tid:29][com.facebook.buck.util.ListeningProcessExecutor] Launching process with params ProcessExecutorParams{command=[networksetup, -getMedia, lpss-serial1]}
[2018-05-03 09:39:33.431][debug][command:null][tid:29][com.facebook.buck.util.ListeningProcessExecutor] Successfully launched process com.zaxxer.nuprocess.osx.OsxProcess@2cfce205
[2018-05-03 09:39:33.432][debug][command:null][tid:29][com.facebook.buck.util.ListeningProcessExecutor] Waiting for process com.facebook.buck.util.ListeningProcessExecutor$LaunchedProcessImpl@48d784b2 timeout 1000 MILLISECONDS
[2018-05-03 09:39:33.469][debug][command:null][tid:29][com.facebook.buck.util.ListeningProcessExecutor] Wait for process returned 4
[2018-05-03 09:39:33.469][debug][command:null][tid:29][com.facebook.buck.util.ListeningProcessExecutor] Destroying process com.facebook.buck.util.ListeningProcessExecutor$LaunchedProcessImpl@48d784b2 (force true)
[2018-05-03 09:39:33.470][debug][command:null][tid:29][com.facebook.buck.util.environment.MacNetworkConfiguration] Determine active state of media for device
[2018-05-03 09:39:33.470][debug][command:null][tid:29][com.facebook.buck.util.ListeningProcessExecutor] Launching process with params ProcessExecutorParams{command=[networksetup, -getMedia, lpss-serial2]}
[2018-05-03 09:39:33.496][debug][command:null][tid:29][com.facebook.buck.util.ListeningProcessExecutor] Successfully launched process com.zaxxer.nuprocess.osx.OsxProcess@193eefd8
[2018-05-03 09:39:33.500][debug][command:null][tid:29][com.facebook.buck.util.ListeningProcessExecutor] Waiting for process com.facebook.buck.util.ListeningProcessExecutor$LaunchedProcessImpl@3957d18f timeout 1000 MILLISECONDS
[2018-05-03 09:39:33.535][debug][command:null][tid:29][com.facebook.buck.util.ListeningProcessExecutor] Wait for process returned 4
[2018-05-03 09:39:33.535][debug][command:null][tid:29][com.facebook.buck.util.ListeningProcessExecutor] Destroying process com.facebook.buck.util.ListeningProcessExecutor$LaunchedProcessImpl@3957d18f (force true)
[2018-05-03 09:39:33.536][debug][command:null][tid:29][com.facebook.buck.util.environment.MacNetworkConfiguration] Determine active state of media for device
[2018-05-03 09:39:33.536][debug][command:null][tid:29][com.facebook.buck.util.ListeningProcessExecutor] Launching process with params ProcessExecutorParams{command=[networksetup, -getMedia, en26]}
[2018-05-03 09:39:33.546][debug][command:null][tid:29][com.facebook.buck.util.ListeningProcessExecutor] Successfully launched process com.zaxxer.nuprocess.osx.OsxProcess@7270e06a
[2018-05-03 09:39:33.548][debug][command:null][tid:29][com.facebook.buck.util.ListeningProcessExecutor] Waiting for process com.facebook.buck.util.ListeningProcessExecutor$LaunchedProcessImpl@6f60882 timeout 1000 MILLISECONDS
[2018-05-03 09:39:33.571][debug][command:2c8791ca-5c86-4e5f-9447-c671b54c5987][tid:13][com.facebook.buck.cli.CleanCommand] Removed path: buck-out/.trash
[2018-05-03 09:39:33.584][debug][command:null][tid:29][com.facebook.buck.util.ListeningProcessExecutor] Wait for process returned 4
[2018-05-03 09:39:33.584][debug][command:null][tid:29][com.facebook.buck.util.ListeningProcessExecutor] Destroying process com.facebook.buck.util.ListeningProcessExecutor$LaunchedProcessImpl@6f60882 (force true)
[2018-05-03 09:39:33.584][debug][command:null][tid:29][com.facebook.buck.util.environment.MacNetworkConfiguration] Determine active state of media for device
[2018-05-03 09:39:33.585][debug][command:null][tid:29][com.facebook.buck.util.ListeningProcessExecutor] Launching process with params ProcessExecutorParams{command=[networksetup, -getMedia, en25]}
[2018-05-03 09:39:33.596][debug][command:null][tid:29][com.facebook.buck.util.ListeningProcessExecutor] Successfully launched process com.zaxxer.nuprocess.osx.OsxProcess@68d867ab
[2018-05-03 09:39:33.597][debug][command:null][tid:29][com.facebook.buck.util.ListeningProcessExecutor] Waiting for process com.facebook.buck.util.ListeningProcessExecutor$LaunchedProcessImpl@6f041896 timeout 1000 MILLISECONDS
[2018-05-03 09:39:33.635][debug][command:null][tid:29][com.facebook.buck.util.ListeningProcessExecutor] Wait for process returned 4
[2018-05-03 09:39:33.636][debug][command:null][tid:29][com.facebook.buck.util.ListeningProcessExecutor] Destroying process com.facebook.buck.util.ListeningProcessExecutor$LaunchedProcessImpl@6f041896 (force true)
[2018-05-03 09:39:33.636][debug][command:null][tid:29][com.facebook.buck.util.environment.MacNetworkConfiguration] Determine active state of media for device
[2018-05-03 09:39:33.636][debug][command:null][tid:29][com.facebook.buck.util.ListeningProcessExecutor] Launching process with params ProcessExecutorParams{command=[networksetup, -getMedia, en24]}
[2018-05-03 09:39:33.648][debug][command:null][tid:29][com.facebook.buck.util.ListeningProcessExecutor] Successfully launched process com.zaxxer.nuprocess.osx.OsxProcess@1a82d6ac
[2018-05-03 09:39:33.650][debug][command:null][tid:29][com.facebook.buck.util.ListeningProcessExecutor] Waiting for process com.facebook.buck.util.ListeningProcessExecutor$LaunchedProcessImpl@7c8b062 timeout 1000 MILLISECONDS
[2018-05-03 09:39:33.686][debug][command:null][tid:29][com.facebook.buck.util.ListeningProcessExecutor] Wait for process returned 4
[2018-05-03 09:39:33.686][debug][command:null][tid:29][com.facebook.buck.util.ListeningProcessExecutor] Destroying process com.facebook.buck.util.ListeningProcessExecutor$LaunchedProcessImpl@7c8b062 (force true)
[2018-05-03 09:39:33.686][debug][command:null][tid:29][com.facebook.buck.util.environment.MacNetworkConfiguration] Determine active state of media for device
[2018-05-03 09:39:33.686][debug][command:null][tid:29][com.facebook.buck.util.ListeningProcessExecutor] Launching process with params ProcessExecutorParams{command=[networksetup, -getMedia, en23]}
[2018-05-03 09:39:33.695][debug][command:null][tid:29][com.facebook.buck.util.ListeningProcessExecutor] Successfully launched process com.zaxxer.nuprocess.osx.OsxProcess@4847c8a5
[2018-05-03 09:39:33.696][debug][command:null][tid:29][com.facebook.buck.util.ListeningProcessExecutor] Waiting for process com.facebook.buck.util.ListeningProcessExecutor$LaunchedProcessImpl@44fc50b7 timeout 1000 MILLISECONDS
[2018-05-03 09:39:33.697][debug][command:2c8791ca-5c86-4e5f-9447-c671b54c5987][tid:13][com.facebook.buck.cli.CleanCommand] Removed path: buck-out/bin
[2018-05-03 09:39:33.734][debug][command:2c8791ca-5c86-4e5f-9447-c671b54c5987][tid:13][com.facebook.buck.cli.CleanCommand] Removed path: buck-out/cache
[2018-05-03 09:39:33.735][debug][command:null][tid:29][com.facebook.buck.util.ListeningProcessExecutor] Wait for process returned 4
[2018-05-03 09:39:33.735][debug][command:null][tid:29][com.facebook.buck.util.ListeningProcessExecutor] Destroying process com.facebook.buck.util.ListeningProcessExecutor$LaunchedProcessImpl@44fc50b7 (force true)
[2018-05-03 09:39:33.736][debug][command:null][tid:29][com.facebook.buck.util.environment.MacNetworkConfiguration] Determine active state of media for device
[2018-05-03 09:39:33.736][debug][command:null][tid:29][com.facebook.buck.util.ListeningProcessExecutor] Launching process with params ProcessExecutorParams{command=[networksetup, -getMedia, en21]}
[2018-05-03 09:39:33.741][debug][command:null][tid:29][com.facebook.buck.util.ListeningProcessExecutor] Successfully launched process com.zaxxer.nuprocess.osx.OsxProcess@5b1efa11
[2018-05-03 09:39:33.742][debug][command:null][tid:29][com.facebook.buck.util.ListeningProcessExecutor] Waiting for process com.facebook.buck.util.ListeningProcessExecutor$LaunchedProcessImpl@19971ab0 timeout 1000 MILLISECONDS
[2018-05-03 09:39:33.783][debug][command:null][tid:29][com.facebook.buck.util.ListeningProcessExecutor] Wait for process returned 4
[2018-05-03 09:39:33.783][debug][command:null][tid:29][com.facebook.buck.util.ListeningProcessExecutor] Destroying process com.facebook.buck.util.ListeningProcessExecutor$LaunchedProcessImpl@19971ab0 (force true)
[2018-05-03 09:39:33.783][debug][command:null][tid:29][com.facebook.buck.util.environment.MacNetworkConfiguration] Determine active state of media for device
[2018-05-03 09:39:33.783][debug][command:null][tid:29][com.facebook.buck.util.ListeningProcessExecutor] Launching process with params ProcessExecutorParams{command=[networksetup, -getMedia, en20]}
[2018-05-03 09:39:33.790][debug][command:null][tid:29][com.facebook.buck.util.ListeningProcessExecutor] Successfully launched process com.zaxxer.nuprocess.osx.OsxProcess@6f63ebc7
[2018-05-03 09:39:33.791][debug][command:null][tid:29][com.facebook.buck.util.ListeningProcessExecutor] Waiting for process com.facebook.buck.util.ListeningProcessExecutor$LaunchedProcessImpl@49bc7774 timeout 1000 MILLISECONDS
[2018-05-03 09:39:33.792][debug][command:2c8791ca-5c86-4e5f-9447-c671b54c5987][tid:13][com.facebook.buck.cli.CleanCommand] Removed path: buck-out/gen
[2018-05-03 09:39:33.826][debug][command:2c8791ca-5c86-4e5f-9447-c671b54c5987][tid:24][com.facebook.buck.util.perf.ProcessTracker] shutDown
[2018-05-03 09:39:33.826][debug][command:2c8791ca-5c86-4e5f-9447-c671b54c5987][tid:23][com.google.common.util.concurrent.ServiceManager] Service PerfStatsTracking [TERMINATED] has terminated. Previous state was: STOPPING
[2018-05-03 09:39:33.828][debug][command:2c8791ca-5c86-4e5f-9447-c671b54c5987][tid:24][com.google.common.util.concurrent.ServiceManager] Service ProcessTracker [TERMINATED] has terminated. Previous state was: STOPPING
[2018-05-03 09:39:33.833][debug][command:2c8791ca-5c86-4e5f-9447-c671b54c5987][tid:13][com.facebook.buck.event.listener.SuperConsoleEventBusListener] Stopping render scheduler
[2018-05-03 09:39:33.833][info ][command:2c8791ca-5c86-4e5f-9447-c671b54c5987][tid:13][com.facebook.buck.cli.Main] Awaiting termination of PROJECT executor service. Waiting for all jobs to complete, or up to maximum of 60 seconds...
[2018-05-03 09:39:33.834][debug][command:null][tid:29][com.facebook.buck.util.ListeningProcessExecutor] Wait for process returned 4
[2018-05-03 09:39:33.834][debug][command:null][tid:29][com.facebook.buck.util.ListeningProcessExecutor] Destroying process com.facebook.buck.util.ListeningProcessExecutor$LaunchedProcessImpl@49bc7774 (force true)
[2018-05-03 09:39:33.834][debug][command:null][tid:29][com.facebook.buck.util.environment.MacNetworkConfiguration] Determine active state of media for device
[2018-05-03 09:39:33.835][debug][command:null][tid:29][com.facebook.buck.util.ListeningProcessExecutor] Launching process with params ProcessExecutorParams{command=[networksetup, -getMedia, en19]}
[2018-05-03 09:39:33.833][info ][command:2c8791ca-5c86-4e5f-9447-c671b54c5987][tid:13][com.facebook.buck.cli.Main] Successfully terminated PROJECT executor service.
[2018-05-03 09:39:33.836][info ][command:2c8791ca-5c86-4e5f-9447-c671b54c5987][tid:13][com.facebook.buck.cli.Main] Awaiting termination of NETWORK executor service. Waiting for all jobs to complete, or up to maximum of 60 seconds...
[2018-05-03 09:39:33.836][info ][command:2c8791ca-5c86-4e5f-9447-c671b54c5987][tid:13][com.facebook.buck.cli.Main] Successfully terminated NETWORK executor service.
[2018-05-03 09:39:33.838][info ][command:2c8791ca-5c86-4e5f-9447-c671b54c5987][tid:13][com.facebook.buck.cli.Main] Awaiting termination of CPU executor service. Waiting for all jobs to complete, or up to maximum of 60 seconds...
[2018-05-03 09:39:33.838][info ][command:2c8791ca-5c86-4e5f-9447-c671b54c5987][tid:13][com.facebook.buck.cli.Main] Successfully terminated CPU executor service.
[2018-05-03 09:39:33.838][info ][command:2c8791ca-5c86-4e5f-9447-c671b54c5987][tid:13][com.facebook.buck.cli.Main] Awaiting termination of ScheduledExecutorService executor service. Waiting for all jobs to complete, or up to maximum of 60 seconds...
[2018-05-03 09:39:33.838][info ][command:2c8791ca-5c86-4e5f-9447-c671b54c5987][tid:13][com.facebook.buck.cli.Main] Successfully terminated ScheduledExecutorService executor service.
[2018-05-03 09:39:33.839][info ][command:2c8791ca-5c86-4e5f-9447-c671b54c5987][tid:13][com.facebook.buck.cli.Main] Awaiting termination of CounterAggregatorExecutor executor service. Waiting for all jobs to complete, or up to maximum of 20 seconds...
[2018-05-03 09:39:33.839][info ][command:2c8791ca-5c86-4e5f-9447-c671b54c5987][tid:13][com.facebook.buck.cli.Main] Successfully terminated CounterAggregatorExecutor executor service.
[2018-05-03 09:39:33.839][info ][command:2c8791ca-5c86-4e5f-9447-c671b54c5987][tid:13][com.facebook.buck.cli.Main] Awaiting termination of HTTP Read executor service. Waiting for all jobs to complete, or up to maximum of 1800 seconds...
[2018-05-03 09:39:33.839][info ][command:2c8791ca-5c86-4e5f-9447-c671b54c5987][tid:13][com.facebook.buck.cli.Main] Successfully terminated HTTP Read executor service.
[2018-05-03 09:39:33.839][info ][command:2c8791ca-5c86-4e5f-9447-c671b54c5987][tid:13][com.facebook.buck.cli.Main] Awaiting termination of Download Heavy Build HTTP Read executor service. Waiting for all jobs to complete, or up to maximum of 1800 seconds...
[2018-05-03 09:39:33.839][info ][command:2c8791ca-5c86-4e5f-9447-c671b54c5987][tid:13][com.facebook.buck.cli.Main] Successfully terminated Download Heavy Build HTTP Read executor service.
[2018-05-03 09:39:33.839][info ][command:2c8791ca-5c86-4e5f-9447-c671b54c5987][tid:13][com.facebook.buck.cli.Main] Awaiting termination of HTTP Write executor service. Waiting for all jobs to complete, or up to maximum of 1800 seconds...
[2018-05-03 09:39:33.839][info ][command:2c8791ca-5c86-4e5f-9447-c671b54c5987][tid:13][com.facebook.buck.cli.Main] Successfully terminated HTTP Write executor service.
[2018-05-03 09:39:33.839][info ][command:2c8791ca-5c86-4e5f-9447-c671b54c5987][tid:13][com.facebook.buck.cli.Main] Awaiting termination of Disk IO executor service. Waiting for all jobs to complete, or up to maximum of 10 seconds...
[2018-05-03 09:39:33.843][debug][command:null][tid:29][com.facebook.buck.util.ListeningProcessExecutor] Successfully launched process com.zaxxer.nuprocess.osx.OsxProcess@65ded220
[2018-05-03 09:39:33.843][debug][command:null][tid:29][com.facebook.buck.util.ListeningProcessExecutor] Waiting for process com.facebook.buck.util.ListeningProcessExecutor$LaunchedProcessImpl@44bd06b1 timeout 1000 MILLISECONDS
[2018-05-03 09:39:33.880][debug][command:null][tid:29][com.facebook.buck.util.ListeningProcessExecutor] Wait for process returned 4
[2018-05-03 09:39:33.880][debug][command:null][tid:29][com.facebook.buck.util.ListeningProcessExecutor] Destroying process com.facebook.buck.util.ListeningProcessExecutor$LaunchedProcessImpl@44bd06b1 (force true)
[2018-05-03 09:39:33.880][debug][command:null][tid:29][com.facebook.buck.util.environment.MacNetworkConfiguration] Determine active state of media for device
[2018-05-03 09:39:33.881][debug][command:null][tid:29][com.facebook.buck.util.ListeningProcessExecutor] Launching process with params ProcessExecutorParams{command=[networksetup, -getMedia, en18]}
[2018-05-03 09:39:33.883][debug][command:null][tid:29][com.facebook.buck.util.ListeningProcessExecutor] Successfully launched process com.zaxxer.nuprocess.osx.OsxProcess@34f0e032
[2018-05-03 09:39:33.883][debug][command:null][tid:29][com.facebook.buck.util.ListeningProcessExecutor] Waiting for process com.facebook.buck.util.ListeningProcessExecutor$LaunchedProcessImpl@1edd360f timeout 1000 MILLISECONDS
[2018-05-03 09:39:33.920][debug][command:null][tid:29][com.facebook.buck.util.ListeningProcessExecutor] Wait for process returned 4
[2018-05-03 09:39:33.920][debug][command:null][tid:29][com.facebook.buck.util.ListeningProcessExecutor] Destroying process com.facebook.buck.util.ListeningProcessExecutor$LaunchedProcessImpl@1edd360f (force true)
[2018-05-03 09:39:33.920][debug][command:null][tid:29][com.facebook.buck.util.environment.MacNetworkConfiguration] Determine active state of media for device
[2018-05-03 09:39:33.921][debug][command:null][tid:29][com.facebook.buck.util.ListeningProcessExecutor] Launching process with params ProcessExecutorParams{command=[networksetup, -getMedia, en17]}
[2018-05-03 09:39:33.924][debug][command:null][tid:29][com.facebook.buck.util.ListeningProcessExecutor] Successfully launched process com.zaxxer.nuprocess.osx.OsxProcess@d01a826
[2018-05-03 09:39:33.925][debug][command:null][tid:29][com.facebook.buck.util.ListeningProcessExecutor] Waiting for process com.facebook.buck.util.ListeningProcessExecutor$LaunchedProcessImpl@2125bfb9 timeout 1000 MILLISECONDS
[2018-05-03 09:39:33.963][debug][command:null][tid:29][com.facebook.buck.util.ListeningProcessExecutor] Wait for process returned 4
[2018-05-03 09:39:33.963][debug][command:null][tid:29][com.facebook.buck.util.ListeningProcessExecutor] Destroying process com.facebook.buck.util.ListeningProcessExecutor$LaunchedProcessImpl@2125bfb9 (force true)
[2018-05-03 09:39:33.963][debug][command:null][tid:29][com.facebook.buck.util.environment.MacNetworkConfiguration] Determine active state of media for device
[2018-05-03 09:39:33.963][debug][command:null][tid:29][com.facebook.buck.util.ListeningProcessExecutor] Launching process with params ProcessExecutorParams{command=[networksetup, -getMedia, en16]}
[2018-05-03 09:39:33.966][debug][command:null][tid:29][com.facebook.buck.util.ListeningProcessExecutor] Successfully launched process com.zaxxer.nuprocess.osx.OsxProcess@12673adf
[2018-05-03 09:39:33.966][debug][command:null][tid:29][com.facebook.buck.util.ListeningProcessExecutor] Waiting for process com.facebook.buck.util.ListeningProcessExecutor$LaunchedProcessImpl@65fd0bd2 timeout 1000 MILLISECONDS
[2018-05-03 09:39:34.003][debug][command:null][tid:29][com.facebook.buck.util.ListeningProcessExecutor] Wait for process returned 4
[2018-05-03 09:39:34.003][debug][command:null][tid:29][com.facebook.buck.util.ListeningProcessExecutor] Destroying process com.facebook.buck.util.ListeningProcessExecutor$LaunchedProcessImpl@65fd0bd2 (force true)
[2018-05-03 09:39:34.003][debug][command:null][tid:29][com.facebook.buck.util.environment.MacNetworkConfiguration] Determine active state of media for device
[2018-05-03 09:39:34.003][debug][command:null][tid:29][com.facebook.buck.util.ListeningProcessExecutor] Launching process with params ProcessExecutorParams{command=[networksetup, -getMedia, en15]}
[2018-05-03 09:39:34.008][debug][command:null][tid:29][com.facebook.buck.util.ListeningProcessExecutor] Successfully launched process com.zaxxer.nuprocess.osx.OsxProcess@653ddfd3
[2018-05-03 09:39:34.009][debug][command:null][tid:29][com.facebook.buck.util.ListeningProcessExecutor] Waiting for process com.facebook.buck.util.ListeningProcessExecutor$LaunchedProcessImpl@69e96cba timeout 1000 MILLISECONDS
[2018-05-03 09:39:34.045][debug][command:null][tid:29][com.facebook.buck.util.ListeningProcessExecutor] Wait for process returned 4
[2018-05-03 09:39:34.045][debug][command:null][tid:29][com.facebook.buck.util.ListeningProcessExecutor] Destroying process com.facebook.buck.util.ListeningProcessExecutor$LaunchedProcessImpl@69e96cba (force true)
[2018-05-03 09:39:34.045][debug][command:null][tid:29][com.facebook.buck.util.environment.MacNetworkConfiguration] Determine active state of media for device
[2018-05-03 09:39:34.045][debug][command:null][tid:29][com.facebook.buck.util.ListeningProcessExecutor] Launching process with params ProcessExecutorParams{command=[networksetup, -getMedia, en14]}
[2018-05-03 09:39:34.047][debug][command:null][tid:29][com.facebook.buck.util.ListeningProcessExecutor] Successfully launched process com.zaxxer.nuprocess.osx.OsxProcess@42f3029a
[2018-05-03 09:39:34.047][debug][command:null][tid:29][com.facebook.buck.util.ListeningProcessExecutor] Waiting for process com.facebook.buck.util.ListeningProcessExecutor$LaunchedProcessImpl@4fdd328d timeout 1000 MILLISECONDS
[2018-05-03 09:39:34.082][debug][command:null][tid:29][com.facebook.buck.util.ListeningProcessExecutor] Wait for process returned 4
[2018-05-03 09:39:34.082][debug][command:null][tid:29][com.facebook.buck.util.ListeningProcessExecutor] Destroying process com.facebook.buck.util.ListeningProcessExecutor$LaunchedProcessImpl@4fdd328d (force true)
[2018-05-03 09:39:34.082][debug][command:null][tid:29][com.facebook.buck.util.environment.MacNetworkConfiguration] Determine active state of media for device
[2018-05-03 09:39:34.083][debug][command:null][tid:29][com.facebook.buck.util.ListeningProcessExecutor] Launching process with params ProcessExecutorParams{command=[networksetup, -getMedia, en12]}
[2018-05-03 09:39:34.085][debug][command:null][tid:29][com.facebook.buck.util.ListeningProcessExecutor] Successfully launched process com.zaxxer.nuprocess.osx.OsxProcess@4415afe2
[2018-05-03 09:39:34.086][debug][command:null][tid:29][com.facebook.buck.util.ListeningProcessExecutor] Waiting for process com.facebook.buck.util.ListeningProcessExecutor$LaunchedProcessImpl@663b8766 timeout 1000 MILLISECONDS
[2018-05-03 09:39:34.121][debug][command:null][tid:29][com.facebook.buck.util.ListeningProcessExecutor] Wait for process returned 4
[2018-05-03 09:39:34.121][debug][command:null][tid:29][com.facebook.buck.util.ListeningProcessExecutor] Destroying process com.facebook.buck.util.ListeningProcessExecutor$LaunchedProcessImpl@663b8766 (force true)
[2018-05-03 09:39:34.122][debug][command:null][tid:29][com.facebook.buck.util.environment.MacNetworkConfiguration] Determine active state of media for device
[2018-05-03 09:39:34.122][debug][command:null][tid:29][com.facebook.buck.util.ListeningProcessExecutor] Launching process with params ProcessExecutorParams{command=[networksetup, -getMedia, en10]}
[2018-05-03 09:39:34.124][debug][command:null][tid:29][com.facebook.buck.util.ListeningProcessExecutor] Successfully launched process com.zaxxer.nuprocess.osx.OsxProcess@3c06bee9
[2018-05-03 09:39:34.124][debug][command:null][tid:29][com.facebook.buck.util.ListeningProcessExecutor] Waiting for process com.facebook.buck.util.ListeningProcessExecutor$LaunchedProcessImpl@1a69babe timeout 1000 MILLISECONDS
[2018-05-03 09:39:34.160][debug][command:null][tid:29][com.facebook.buck.util.ListeningProcessExecutor] Wait for process returned 4
[2018-05-03 09:39:34.160][debug][command:null][tid:29][com.facebook.buck.util.ListeningProcessExecutor] Destroying process com.facebook.buck.util.ListeningProcessExecutor$LaunchedProcessImpl@1a69babe (force true)
[2018-05-03 09:39:34.160][debug][command:null][tid:29][com.facebook.buck.util.environment.MacNetworkConfiguration] Determine active state of media for device
[2018-05-03 09:39:34.161][debug][command:null][tid:29][com.facebook.buck.util.ListeningProcessExecutor] Launching process with params ProcessExecutorParams{command=[networksetup, -getMedia, en8]}
[2018-05-03 09:39:34.166][debug][command:null][tid:29][com.facebook.buck.util.ListeningProcessExecutor] Successfully launched process com.zaxxer.nuprocess.osx.OsxProcess@736a7cae
[2018-05-03 09:39:34.166][debug][command:null][tid:29][com.facebook.buck.util.ListeningProcessExecutor] Waiting for process com.facebook.buck.util.ListeningProcessExecutor$LaunchedProcessImpl@49d0d512 timeout 1000 MILLISECONDS
[2018-05-03 09:39:34.201][debug][command:null][tid:29][com.facebook.buck.util.ListeningProcessExecutor] Wait for process returned 4
[2018-05-03 09:39:34.201][debug][command:null][tid:29][com.facebook.buck.util.ListeningProcessExecutor] Destroying process com.facebook.buck.util.ListeningProcessExecutor$LaunchedProcessImpl@49d0d512 (force true)
[2018-05-03 09:39:34.201][debug][command:null][tid:29][com.facebook.buck.util.environment.MacNetworkConfiguration] Determine active state of media for device
[2018-05-03 09:39:34.201][debug][command:null][tid:29][com.facebook.buck.util.ListeningProcessExecutor] Launching process with params ProcessExecutorParams{command=[networksetup, -getMedia, en0]}
[2018-05-03 09:39:34.207][debug][command:null][tid:29][com.facebook.buck.util.ListeningProcessExecutor] Successfully launched process com.zaxxer.nuprocess.osx.OsxProcess@40a8db37
[2018-05-03 09:39:34.207][debug][command:null][tid:29][com.facebook.buck.util.ListeningProcessExecutor] Waiting for process com.facebook.buck.util.ListeningProcessExecutor$LaunchedProcessImpl@17c335d6 timeout 1000 MILLISECONDS
[2018-05-03 09:39:34.242][debug][command:null][tid:29][com.facebook.buck.util.ListeningProcessExecutor] Wait for process returned 0
[2018-05-03 09:39:34.242][debug][command:null][tid:29][com.facebook.buck.util.ListeningProcessExecutor] Destroying process com.facebook.buck.util.ListeningProcessExecutor$LaunchedProcessImpl@17c335d6 (force true)
[2018-05-03 09:39:34.243][debug][command:null][tid:29][com.facebook.buck.util.environment.MacNetworkConfiguration] Determine WiFi SSID of device
[2018-05-03 09:39:34.243][debug][command:null][tid:29][com.facebook.buck.util.ListeningProcessExecutor] Launching process with params ProcessExecutorParams{command=[networksetup, -getairportnetwork, en0]}
[2018-05-03 09:39:34.244][debug][command:null][tid:29][com.facebook.buck.util.ListeningProcessExecutor] Successfully launched process com.zaxxer.nuprocess.osx.OsxProcess@37ecb48c
[2018-05-03 09:39:34.244][debug][command:null][tid:29][com.facebook.buck.util.ListeningProcessExecutor] Waiting for process com.facebook.buck.util.ListeningProcessExecutor$LaunchedProcessImpl@785b9f26 timeout 1000 MILLISECONDS
[2018-05-03 09:39:34.282][debug][command:null][tid:29][com.facebook.buck.util.ListeningProcessExecutor] Wait for process returned 0
[2018-05-03 09:39:34.282][debug][command:null][tid:29][com.facebook.buck.util.ListeningProcessExecutor] Destroying process com.facebook.buck.util.ListeningProcessExecutor$LaunchedProcessImpl@785b9f26 (force true)
[2018-05-03 09:39:34.285][info ][command:2c8791ca-5c86-4e5f-9447-c671b54c5987][tid:13][com.facebook.buck.cli.Main] Successfully terminated Disk IO executor service.
[2018-05-03 09:39:34.299][debug][command:null][tid:13][com.facebook.buck.event.listener.SuperConsoleEventBusListener] Stopping render scheduler
[2018-05-03 09:39:34.299][debug][command:null][tid:13][com.facebook.buck.event.listener.ChromeTraceBuildListener] Writing Chrome trace to buck-out/log/2018-05-03_13h39m32s_cleancommand_2c8791ca-5c86-4e5f-9447-c671b54c5987/build.2018-05-03.09-39-32.2c8791ca-5c86-4e5f-9447-c671b54c5987.trace
[2018-05-03 09:39:34.327][debug][command:null][tid:13][com.facebook.buck.cli.Main] Done.
[2018-05-03 09:39:34.329][info ][command:null][tid:13][com.martiansoftware.nailgun.NGSession] Server cleanly exited with status 0
[2018-05-03 09:39:34.330][debug][command:null][tid:13][com.martiansoftware.nailgun.NGCommunicator] Shutting down read ExecutorService
[2018-05-03 09:39:34.332][debug][command:null][tid:15][com.martiansoftware.nailgun.NGCommunicator] Socket is disconnected
[2018-05-03 09:39:34.332][debug][command:null][tid:15][com.martiansoftware.nailgun.NGCommunicator] Nailgun client disconnected
[2018-05-03 09:39:34.332][debug][command:null][tid:15][com.martiansoftware.nailgun.NGCommunicator] Orchestrator thread finished
[2018-05-03 09:39:34.333][debug][command:null][tid:13][com.martiansoftware.nailgun.NGCommunicator] Shutting down orchestrator ExecutorService
[2018-05-03 09:39:34.339][debug][command:null][tid:13][com.martiansoftware.nailgun.NGSession] Closing client socket
[2018-05-03 09:39:34.340][debug][command:null][tid:13][com.martiansoftware.nailgun.NGSession] Waiting for next client to connect
[2018-05-03 09:39:34.340][info ][command:null][tid:13][com.martiansoftware.nailgun.NGSession] NGSession shutting down
[2018-05-03 09:39:43.623][debug][command:null][tid:14][com.martiansoftware.nailgun.NGSession] Client connected
[2018-05-03 09:39:43.623][debug][command:null][tid:34][com.martiansoftware.nailgun.NGSession] Waiting for first client to connect
[2018-05-03 09:39:43.628][debug][command:null][tid:35][com.martiansoftware.nailgun.NGCommunicator] Orchestrator thread started
[2018-05-03 09:39:43.629][debug][command:null][tid:14][com.martiansoftware.nailgun.NGCommunicator] Shutting down read ExecutorService
[2018-05-03 09:39:43.630][debug][command:null][tid:35][com.martiansoftware.nailgun.NGCommunicator] Socket is disconnected
[2018-05-03 09:39:43.630][debug][command:null][tid:14][com.martiansoftware.nailgun.NGCommunicator] Shutting down orchestrator ExecutorService
[2018-05-03 09:39:43.631][debug][command:null][tid:35][com.martiansoftware.nailgun.NGCommunicator] Nailgun client disconnected
[2018-05-03 09:39:43.631][debug][command:null][tid:35][com.martiansoftware.nailgun.NGCommunicator] Orchestrator thread finished
[2018-05-03 09:39:43.631][debug][command:null][tid:14][com.martiansoftware.nailgun.NGSession] Closing client socket
[2018-05-03 09:39:43.632][debug][command:null][tid:14][com.martiansoftware.nailgun.NGSession] Waiting for next client to connect
[2018-05-03 09:39:43.632][info ][command:null][tid:14][com.martiansoftware.nailgun.NGSession] NGSession shutting down
[2018-05-03 09:39:43.637][debug][command:null][tid:34][com.martiansoftware.nailgun.NGSession] Client connected
[2018-05-03 09:39:43.637][debug][command:null][tid:37][com.martiansoftware.nailgun.NGSession] Waiting for first client to connect
[2018-05-03 09:39:43.642][debug][command:null][tid:38][com.martiansoftware.nailgun.NGCommunicator] Orchestrator thread started
[2018-05-03 09:39:43.642][debug][command:null][tid:34][com.facebook.buck.util.config.Configs] Loading configuration for /Users/scottjones/BuckExample
[2018-05-03 09:39:43.643][debug][command:null][tid:34][com.facebook.buck.util.config.Configs] Loaded project configuration file /Users/scottjones/BuckExample/.buckconfig
[2018-05-03 09:39:43.643][debug][command:null][tid:34][com.facebook.buck.util.config.Configs] Adding configuration overrides RawConfig{values={}}
[2018-05-03 09:39:43.723][debug][command:null][tid:34][com.facebook.buck.cli.Main] Rotating log.
