[2018-05-02 19:34:21.741][debug][command:null][tid:48][com.facebook.buck.cli.Main] Starting up (build date 2018-03-26 17:19:01 -0400, rev v2018.03.26.01), args: [install, --run, :BuckExampleApp, lldb, -p, 22097]
[2018-05-02 19:34:21.746][debug][command:null][tid:48][com.facebook.buck.cli.Main] System properties: {java.vendor=Oracle Corporation, sun.java.launcher=SUN_STANDARD, sun.management.compiler=HotSpot 64-Bit Tiered Compilers, jnidispatch.path=/Users/scottjones/BuckExample/.buckd/tmp/buck_run.SAS0kB/jna--496628040/jna3213039835839187706.tmp, os.name=Mac OS X, buck.enable_objc=true, sun.boot.class.path=/Library/Java/JavaVirtualMachines/jdk1.8.0_162.jdk/Contents/Home/jre/lib/resources.jar:/Library/Java/JavaVirtualMachines/jdk1.8.0_162.jdk/Contents/Home/jre/lib/rt.jar:/Library/Java/JavaVirtualMachines/jdk1.8.0_162.jdk/Contents/Home/jre/lib/sunrsasign.jar:/Library/Java/JavaVirtualMachines/jdk1.8.0_162.jdk/Contents/Home/jre/lib/jsse.jar:/Library/Java/JavaVirtualMachines/jdk1.8.0_162.jdk/Contents/Home/jre/lib/jce.jar:/Library/Java/JavaVirtualMachines/jdk1.8.0_162.jdk/Contents/Home/jre/lib/charsets.jar:/Library/Java/JavaVirtualMachines/jdk1.8.0_162.jdk/Contents/Home/jre/lib/jfr.jar:/Library/Java/JavaVirtualMachines/jdk1.8.0_162.jdk/Contents/Home/jre/classes, pf4j.pluginsDir=/Users/scottjones/BuckExample/.buckd/resources/v2018.03.26.01/buck-modules, buck.resource_lock_path=/Users/scottjones/BuckExample/.buckd/resources/v2018.03.26.01/.buck_lock, java.vm.specification.vendor=Oracle Corporation, java.runtime.version=1.8.0_162-b12, jna.loaded=true, buck.testrunner_classes=/Users/scottjones/BuckExample/.buckd/resources/v2018.03.26.01/testrunner_classes, buck.logging_config_file=/Users/scottjones/BuckExample/.buckd/resources/v2018.03.26.01/logging_config_file, buck.path_to_sh_binary_template=/Users/scottjones/BuckExample/.buckd/resources/v2018.03.26.01/path_to_sh_binary_template, user.name=scottjones, buck.path_to_pywatchman=/Users/scottjones/BuckExample/.buckd/resources/v2018.03.26.01/path_to_pywatchman, buck.report_generator_jar=/Users/scottjones/BuckExample/.buckd/resources/v2018.03.26.01/report_generator_jar, buck.git_commit=v2018.03.26.01, user.language=en, sun.boot.library.path=/Library/Java/JavaVirtualMachines/jdk1.8.0_162.jdk/Contents/Home/jre/lib, jna.nosys=true, java.version=1.8.0_162, user.timezone=America/New_York, buck.test_util_no_tests_dir=true, sun.arch.data.model=64, http.nonProxyHosts=local|*.local|169.254/16|*.169.254/16, java.endorsed.dirs=/Library/Java/JavaVirtualMachines/jdk1.8.0_162.jdk/Contents/Home/jre/lib/endorsed, sun.cpu.isalist=, sun.jnu.encoding=UTF-8, file.encoding.pkg=sun.io, file.separator=/, java.specification.name=Java Platform API Specification, buck.jacoco_agent_jar=/Users/scottjones/BuckExample/.buckd/resources/v2018.03.26.01/jacoco_agent_jar, java.class.version=52.0, user.country=US, buck.binary_hash=18882a498323745e828e70f1ac69fa39, java.home=/Library/Java/JavaVirtualMachines/jdk1.8.0_162.jdk/Contents/Home/jre, buck.fix_script=/Users/scottjones/BuckExample/.buckd/resources/v2018.03.26.01/fix_script, java.vm.info=mixed mode, os.version=10.13.4, buck.external_executor_jar=/Users/scottjones/BuckExample/.buckd/resources/v2018.03.26.01/external_executor_jar, buck.version_uid=v2018.03.26.01, org.eclipse.jetty.util.log.class=org.eclipse.jetty.util.log.JavaUtilLog, path.separator=:, java.vm.version=25.162-b12, java.awt.printerjob=sun.lwawt.macosx.CPrinterJob, sun.io.unicode.encoding=UnicodeBig, awt.toolkit=sun.lwawt.macosx.LWCToolkit, socksNonProxyHosts=local|*.local|169.254/16|*.169.254/16, buck.buck_build_type_info=/Users/scottjones/BuckExample/.buckd/resources/v2018.03.26.01/buck_build_type_info, ftp.nonProxyHosts=local|*.local|169.254/16|*.169.254/16, buck.dx=/Users/scottjones/BuckExample/.buckd/resources/v2018.03.26.01/dx, buck.git_commit_timestamp=1522099141, user.home=/Users/scottjones, java.specification.vendor=Oracle Corporation, buck.git_dirty=0, java.library.path=/Users/scottjones/BuckExample/.buckd/resources/v2018.03.26.01, java.vendor.url=http://java.oracle.com/, java.vm.vendor=Oracle Corporation, gopherProxySet=false, java.runtime.name=Java(TM) SE Runtime Environment, sun.java.command=com.facebook.buck.cli.bootstrapper.ClassLoaderBootstrapper com.facebook.buck.cli.Main$DaemonBootstrap local:.buckd/sock 120000, java.class.path=/Users/scottjones/BuckExample/.buckd/resources/v2018.03.26.01/bootstrapper_jar, buck.buckd_dir=/Users/scottjones/BuckExample/.buckd, buck.path_to_pathlib_py=/Users/scottjones/BuckExample/.buckd/resources/v2018.03.26.01/pathlib.py, buck.buckd_launch_time_nanos=24209746275188, java.vm.specification.name=Java Virtual Machine Specification, com.martiansoftware.nailgun.NGServer.outputPath=/Users/scottjones/BuckExample/.buckd/tmp/buck_run.SAS0kB/ngserver-out, java.vm.specification.version=1.8, sun.cpu.endian=little, sun.os.patch.level=unknown, java.awt.headless=true, java.io.tmpdir=/Users/scottjones/BuckExample/.buckd/tmp/buck_run.SAS0kB, buck.android_agent_path=/Users/scottjones/BuckExample/.buckd/resources/v2018.03.26.01/android_agent_path, java.vendor.url.bug=http://bugreport.sun.com/bugreport/, buck.path_to_python_dsl=, jna.platform.library.path=/usr/lib:/usr/lib, os.arch=x86_64, java.awt.graphicsenv=sun.awt.CGraphicsEnvironment, buck.path_to_pex=/Users/scottjones/BuckExample/.buckd/resources/v2018.03.26.01/path_to_pex, java.ext.dirs=/Users/scottjones/Library/Java/Extensions:/Library/Java/JavaVirtualMachines/jdk1.8.0_162.jdk/Contents/Home/jre/lib/ext:/Library/Java/Extensions:/Network/Library/Java/Extensions:/System/Library/Java/Extensions:/usr/lib/java, java.util.logging.config.class=com.facebook.buck.cli.bootstrapper.LogConfig, user.dir=/Users/scottjones/BuckExample, line.separator=
, java.vm.name=Java HotSpot(TM) 64-Bit Server VM, buck.path_to_typing=/Users/scottjones/BuckExample/.buckd/resources/v2018.03.26.01/path_to_typing, buck.native_exopackage_fake_path=/Users/scottjones/BuckExample/.buckd/resources/v2018.03.26.01/native_exopackage_fake_path, file.encoding=UTF-8, java.specification.version=1.8}
[2018-05-02 19:34:21.747][debug][command:null][tid:48][com.facebook.buck.util.config.Configs] Loading configuration for /Users/scottjones/BuckExample
[2018-05-02 19:34:21.747][debug][command:null][tid:48][com.facebook.buck.util.config.Configs] Loaded project configuration file /Users/scottjones/BuckExample/.buckconfig
[2018-05-02 19:34:21.748][debug][command:null][tid:48][com.facebook.buck.util.config.Configs] Adding configuration overrides RawConfig{values={}}
[2018-05-02 19:34:21.750][info ][command:null][tid:48][com.facebook.buck.io.WatchmanFactory] Creating for: [/Users/scottjones/BuckExample]
[2018-05-02 19:34:21.751][debug][command:null][tid:48][com.facebook.buck.io.ExecutableFinder] Executable 'watchman' mapped to 'Optional[/usr/local/bin/watchman]'
[2018-05-02 19:34:21.751][debug][command:null][tid:48][com.facebook.buck.util.ListeningProcessExecutor] Launching process with params ProcessExecutorParams{command=[/usr/local/bin/watchman, --output-encoding=bser, get-sockname]}
[2018-05-02 19:34:21.754][debug][command:null][tid:48][com.facebook.buck.util.ListeningProcessExecutor] Successfully launched process com.zaxxer.nuprocess.osx.OsxProcess@4d171f04
[2018-05-02 19:34:21.755][debug][command:null][tid:48][com.facebook.buck.util.ListeningProcessExecutor] Waiting for process com.facebook.buck.util.ListeningProcessExecutor$LaunchedProcessImpl@100422fb timeout 1000000000 NANOSECONDS
[2018-05-02 19:34:21.776][debug][command:null][tid:48][com.facebook.buck.util.ListeningProcessExecutor] Wait for process returned 0
[2018-05-02 19:34:21.776][debug][command:null][tid:48][com.facebook.buck.io.WatchmanFactory] Waited 21 ms for Watchman command get-sockname, exit code 0
[2018-05-02 19:34:21.776][debug][command:null][tid:48][com.facebook.buck.io.WatchmanFactory] stdout of command: {sockname=/usr/local/var/run/watchman/scottjones-state/sock, version=4.9.0}
[2018-05-02 19:34:21.776][info ][command:null][tid:48][com.facebook.buck.io.WatchmanFactory] Connecting to Watchman version 4.9.0 at /usr/local/var/run/watchman/scottjones-state/sock
[2018-05-02 19:34:21.777][debug][command:null][tid:55][com.facebook.buck.io.WatchmanTransportClient] Sending query: [version, {required=[cmd-watch-project], optional=[term-dirname, cmd-watch-project, wildmatch, wildmatch_multislash, glob_generator, clock-sync-timeout]}]
[2018-05-02 19:34:21.778][debug][command:null][tid:48][com.facebook.buck.io.WatchmanTransportClient] Query [version, {required=[cmd-watch-project], optional=[term-dirname, cmd-watch-project, wildmatch, wildmatch_multislash, glob_generator, clock-sync-timeout]}] returned in 0 ms
[2018-05-02 19:34:21.778][info ][command:null][tid:48][com.facebook.buck.io.WatchmanFactory] Took 1 ms to query capabilities {term-dirname=DIRNAME, cmd-watch-project=SUPPORTS_PROJECT_WATCH, wildmatch=WILDMATCH_GLOB, wildmatch_multislash=WILDMATCH_MULTISLASH, glob_generator=GLOB_GENERATOR, clock-sync-timeout=CLOCK_SYNC_TIMEOUT}
[2018-05-02 19:34:21.778][debug][command:null][tid:48][com.facebook.buck.io.WatchmanFactory] Got capabilities response: {clock-sync-timeout=true, glob_generator=true, wildmatch_multislash=false, cmd-watch-project=true, wildmatch=true, term-dirname=true}
[2018-05-02 19:34:21.778][debug][command:null][tid:48][com.facebook.buck.io.WatchmanFactory] Got Watchman capabilities: [CLOCK_SYNC_TIMEOUT, GLOB_GENERATOR, SUPPORTS_PROJECT_WATCH, WILDMATCH_GLOB, DIRNAME]
[2018-05-02 19:34:21.778][info ][command:null][tid:48][com.facebook.buck.io.WatchmanFactory] Adding watchman root: /Users/scottjones/BuckExample
[2018-05-02 19:34:21.778][debug][command:null][tid:55][com.facebook.buck.io.WatchmanTransportClient] Sending query: [watch-project, /Users/scottjones/BuckExample]
[2018-05-02 19:34:21.779][debug][command:null][tid:48][com.facebook.buck.io.WatchmanTransportClient] Query [watch-project, /Users/scottjones/BuckExample] returned in 0 ms
[2018-05-02 19:34:21.779][debug][command:null][tid:55][com.facebook.buck.io.WatchmanTransportClient] Sending query: [watch-project, /Users/scottjones/BuckExample]
[2018-05-02 19:34:21.779][debug][command:null][tid:48][com.facebook.buck.io.WatchmanTransportClient] Query [watch-project, /Users/scottjones/BuckExample] returned in 0 ms
[2018-05-02 19:34:21.779][info ][command:null][tid:48][com.facebook.buck.io.WatchmanFactory] Took 0 ms to add root /Users/scottjones/BuckExample
[2018-05-02 19:34:21.779][debug][command:null][tid:55][com.facebook.buck.io.WatchmanTransportClient] Sending query: [clock, /Users/scottjones/BuckExample, {sync_timeout=100}]
[2018-05-02 19:34:21.786][debug][command:null][tid:48][com.facebook.buck.io.WatchmanTransportClient] Query [clock, /Users/scottjones/BuckExample, {sync_timeout=100}] returned in 7 ms
[2018-05-02 19:34:21.787][info ][command:null][tid:48][com.facebook.buck.io.WatchmanFactory] Took 7 ms to query for initial clock id Optional[c:1525269255:464:2:3618]
[2018-05-02 19:34:21.787][debug][command:null][tid:48][com.facebook.buck.io.WatchmanFactory] Connected to Watchman
[2018-05-02 19:34:21.787][debug][command:null][tid:48][com.facebook.buck.io.WatchmanTransportClient] Closing Watchman transport.
[2018-05-02 19:34:21.788][debug][command:null][tid:48][com.facebook.buck.cli.Main] Watchman capabilities: [CLOCK_SYNC_TIMEOUT, GLOB_GENERATOR, SUPPORTS_PROJECT_WATCH, WILDMATCH_GLOB, DIRNAME] Project watches: {/Users/scottjones/BuckExample=ProjectWatch{watchRoot=/Users/scottjones/BuckExample}} Glob handler config: PYTHON Query timeout ms config: Optional.empty
[2018-05-02 19:34:21.821][debug][command:null][tid:48][com.facebook.buck.apple.toolchain.impl.AppleToolchainDiscovery] Searching for Xcode toolchains under /Applications/Xcode.app/Contents/Developer/Toolchains
[2018-05-02 19:34:21.821][debug][command:null][tid:48][com.facebook.buck.apple.toolchain.impl.AppleToolchainDiscovery] Searching for Xcode toolchains in /Applications/Xcode.app/Contents/Developer/Toolchains
[2018-05-02 19:34:21.821][debug][command:null][tid:48][com.facebook.buck.apple.toolchain.impl.AppleToolchainDiscovery] Getting identifier for for Xcode toolchain under /Applications/Xcode.app/Contents/Developer/Toolchains/XcodeDefault.xctoolchain
[2018-05-02 19:34:21.821][debug][command:null][tid:48][com.facebook.buck.apple.toolchain.impl.AppleToolchainDiscovery] Mapped SDK identifier com.apple.dt.toolchain.XcodeDefault to path /Applications/Xcode.app/Contents/Developer/Toolchains/XcodeDefault.xctoolchain
[2018-05-02 19:34:21.822][debug][command:null][tid:48][com.facebook.buck.apple.toolchain.impl.AppleSdkDiscovery] Searching for Xcode platforms under /Applications/Xcode.app/Contents/Developer/Platforms
[2018-05-02 19:34:21.822][debug][command:null][tid:48][com.facebook.buck.apple.toolchain.impl.AppleSdkDiscovery] Searching for Xcode SDKs in /Applications/Xcode.app/Contents/Developer/Platforms
[2018-05-02 19:34:21.822][debug][command:null][tid:48][com.facebook.buck.apple.toolchain.impl.AppleSdkDiscovery] Fetching SDK name for /Applications/Xcode.app/Contents/Developer/Platforms/AppleTVOS.platform/Developer/SDKs/AppleTVOS11.3.sdk
[2018-05-02 19:34:21.822][debug][command:null][tid:48][com.facebook.buck.apple.toolchain.impl.AppleSdkDiscovery] Found SDK AppleSdk{name=appletvos11.3, version=11.3, applePlatform=ApplePlatform{name=appletvos, provisioningProfileName=tvOS, architectures=[arm64], minVersionFlagPrefix=-mtvos-version-min=, appIncludesFrameworks=false}, architectures=[arm64], toolchains=[AppleToolchain{identifier=com.apple.dt.toolchain.XcodeDefault, path=/Applications/Xcode.app/Contents/Developer/Toolchains/XcodeDefault.xctoolchain}]}
[2018-05-02 19:34:21.823][debug][command:null][tid:48][com.facebook.buck.apple.toolchain.impl.AppleSdkDiscovery] Fetching SDK name for /Applications/Xcode.app/Contents/Developer/Platforms/AppleTVOS.platform/Developer/SDKs/AppleTVOS.sdk
[2018-05-02 19:34:21.823][debug][command:null][tid:48][com.facebook.buck.apple.toolchain.impl.AppleSdkDiscovery] Skipping already scanned SDK directory /Applications/Xcode.app/Contents/Developer/Platforms/AppleTVOS.platform/Developer/SDKs/AppleTVOS.sdk
[2018-05-02 19:34:21.823][debug][command:null][tid:48][com.facebook.buck.apple.toolchain.impl.AppleSdkDiscovery] Fetching SDK name for /Applications/Xcode.app/Contents/Developer/Platforms/iPhoneOS.platform/Developer/SDKs/iPhoneOS.sdk
[2018-05-02 19:34:21.823][debug][command:null][tid:48][com.facebook.buck.apple.toolchain.impl.AppleSdkDiscovery] Found SDK AppleSdk{name=iphoneos11.3, version=11.3, applePlatform=ApplePlatform{name=iphoneos, swiftName=ios, provisioningProfileName=iOS, architectures=[armv7, arm64], minVersionFlagPrefix=-mios-version-min=, stubBinaryPath=Library/Application Support/WatchKit/WK, appIncludesFrameworks=false}, architectures=[armv7, arm64], toolchains=[AppleToolchain{identifier=com.apple.dt.toolchain.XcodeDefault, path=/Applications/Xcode.app/Contents/Developer/Toolchains/XcodeDefault.xctoolchain}]}
[2018-05-02 19:34:21.823][debug][command:null][tid:48][com.facebook.buck.apple.toolchain.impl.AppleSdkDiscovery] Fetching SDK name for /Applications/Xcode.app/Contents/Developer/Platforms/iPhoneOS.platform/Developer/SDKs/iPhoneOS11.3.sdk
[2018-05-02 19:34:21.824][debug][command:null][tid:48][com.facebook.buck.apple.toolchain.impl.AppleSdkDiscovery] Skipping already scanned SDK directory /Applications/Xcode.app/Contents/Developer/Platforms/iPhoneOS.platform/Developer/SDKs/iPhoneOS.sdk
[2018-05-02 19:34:21.824][debug][command:null][tid:48][com.facebook.buck.apple.toolchain.impl.AppleSdkDiscovery] Fetching SDK name for /Applications/Xcode.app/Contents/Developer/Platforms/WatchOS.platform/Developer/SDKs/WatchOS4.3.sdk
[2018-05-02 19:34:21.824][debug][command:null][tid:48][com.facebook.buck.apple.toolchain.impl.AppleSdkDiscovery] Found SDK AppleSdk{name=watchos4.3, version=4.3, applePlatform=ApplePlatform{name=watchos, provisioningProfileName=iOS, architectures=[armv7k], minVersionFlagPrefix=-mwatchos-version-min=, stubBinaryPath=Library/Application Support/WatchKit/WK, appIncludesFrameworks=false}, architectures=[armv7k], toolchains=[AppleToolchain{identifier=com.apple.dt.toolchain.XcodeDefault, path=/Applications/Xcode.app/Contents/Developer/Toolchains/XcodeDefault.xctoolchain}]}
[2018-05-02 19:34:21.824][debug][command:null][tid:48][com.facebook.buck.apple.toolchain.impl.AppleSdkDiscovery] Fetching SDK name for /Applications/Xcode.app/Contents/Developer/Platforms/WatchOS.platform/Developer/SDKs/WatchOS.sdk
[2018-05-02 19:34:21.824][debug][command:null][tid:48][com.facebook.buck.apple.toolchain.impl.AppleSdkDiscovery] Skipping already scanned SDK directory /Applications/Xcode.app/Contents/Developer/Platforms/WatchOS.platform/Developer/SDKs/WatchOS.sdk
[2018-05-02 19:34:21.825][debug][command:null][tid:48][com.facebook.buck.apple.toolchain.impl.AppleSdkDiscovery] Fetching SDK name for /Applications/Xcode.app/Contents/Developer/Platforms/MacOSX.platform/Developer/SDKs/MacOSX10.13.sdk
[2018-05-02 19:34:21.826][debug][command:null][tid:48][com.facebook.buck.apple.toolchain.impl.AppleSdkDiscovery] Found SDK AppleSdk{name=macosx10.13, version=10.13, applePlatform=ApplePlatform{name=macosx, architectures=[i386, x86_64], minVersionFlagPrefix=-mmacosx-version-min=, appIncludesFrameworks=true}, architectures=[i386, x86_64], toolchains=[AppleToolchain{identifier=com.apple.dt.toolchain.XcodeDefault, path=/Applications/Xcode.app/Contents/Developer/Toolchains/XcodeDefault.xctoolchain}]}
[2018-05-02 19:34:21.826][debug][command:null][tid:48][com.facebook.buck.apple.toolchain.impl.AppleSdkDiscovery] Fetching SDK name for /Applications/Xcode.app/Contents/Developer/Platforms/MacOSX.platform/Developer/SDKs/MacOSX.sdk
[2018-05-02 19:34:21.826][debug][command:null][tid:48][com.facebook.buck.apple.toolchain.impl.AppleSdkDiscovery] Skipping already scanned SDK directory /Applications/Xcode.app/Contents/Developer/Platforms/MacOSX.platform/Developer/SDKs/MacOSX.sdk
[2018-05-02 19:34:21.826][debug][command:null][tid:48][com.facebook.buck.apple.toolchain.impl.AppleSdkDiscovery] Fetching SDK name for /Applications/Xcode.app/Contents/Developer/Platforms/WatchSimulator.platform/Developer/SDKs/WatchSimulator4.3.sdk
[2018-05-02 19:34:21.828][debug][command:null][tid:48][com.facebook.buck.apple.toolchain.impl.AppleSdkDiscovery] Found SDK AppleSdk{name=watchsimulator4.3, version=4.3, applePlatform=ApplePlatform{name=watchsimulator, architectures=[i386], minVersionFlagPrefix=-mwatchos-simulator-version-min=, stubBinaryPath=Library/Application Support/WatchKit/WK, appIncludesFrameworks=false}, architectures=[i386], toolchains=[AppleToolchain{identifier=com.apple.dt.toolchain.XcodeDefault, path=/Applications/Xcode.app/Contents/Developer/Toolchains/XcodeDefault.xctoolchain}]}
[2018-05-02 19:34:21.829][debug][command:null][tid:48][com.facebook.buck.apple.toolchain.impl.AppleSdkDiscovery] Fetching SDK name for /Applications/Xcode.app/Contents/Developer/Platforms/WatchSimulator.platform/Developer/SDKs/WatchSimulator.sdk
[2018-05-02 19:34:21.829][debug][command:null][tid:48][com.facebook.buck.apple.toolchain.impl.AppleSdkDiscovery] Skipping already scanned SDK directory /Applications/Xcode.app/Contents/Developer/Platforms/WatchSimulator.platform/Developer/SDKs/WatchSimulator.sdk
[2018-05-02 19:34:21.829][debug][command:null][tid:48][com.facebook.buck.apple.toolchain.impl.AppleSdkDiscovery] Fetching SDK name for /Applications/Xcode.app/Contents/Developer/Platforms/AppleTVSimulator.platform/Developer/SDKs/AppleTVSimulator.sdk
[2018-05-02 19:34:21.829][debug][command:null][tid:48][com.facebook.buck.apple.toolchain.impl.AppleSdkDiscovery] Found SDK AppleSdk{name=appletvsimulator11.3, version=11.3, applePlatform=ApplePlatform{name=appletvsimulator, swiftName=tvos, architectures=[x86_64], minVersionFlagPrefix=-mtvos-simulator-version-min=, appIncludesFrameworks=false}, architectures=[x86_64], toolchains=[AppleToolchain{identifier=com.apple.dt.toolchain.XcodeDefault, path=/Applications/Xcode.app/Contents/Developer/Toolchains/XcodeDefault.xctoolchain}]}
[2018-05-02 19:34:21.829][debug][command:null][tid:48][com.facebook.buck.apple.toolchain.impl.AppleSdkDiscovery] Fetching SDK name for /Applications/Xcode.app/Contents/Developer/Platforms/AppleTVSimulator.platform/Developer/SDKs/AppleTVSimulator11.3.sdk
[2018-05-02 19:34:21.829][debug][command:null][tid:48][com.facebook.buck.apple.toolchain.impl.AppleSdkDiscovery] Skipping already scanned SDK directory /Applications/Xcode.app/Contents/Developer/Platforms/AppleTVSimulator.platform/Developer/SDKs/AppleTVSimulator.sdk
[2018-05-02 19:34:21.830][debug][command:null][tid:48][com.facebook.buck.apple.toolchain.impl.AppleSdkDiscovery] Fetching SDK name for /Applications/Xcode.app/Contents/Developer/Platforms/iPhoneSimulator.platform/Developer/SDKs/iPhoneSimulator.sdk
[2018-05-02 19:34:21.830][debug][command:null][tid:48][com.facebook.buck.apple.toolchain.impl.AppleSdkDiscovery] Found SDK AppleSdk{name=iphonesimulator11.3, version=11.3, applePlatform=ApplePlatform{name=iphonesimulator, swiftName=ios, architectures=[i386, x86_64], minVersionFlagPrefix=-mios-simulator-version-min=, stubBinaryPath=Library/Application Support/WatchKit/WK, appIncludesFrameworks=false}, architectures=[i386, x86_64], toolchains=[AppleToolchain{identifier=com.apple.dt.toolchain.XcodeDefault, path=/Applications/Xcode.app/Contents/Developer/Toolchains/XcodeDefault.xctoolchain}]}
[2018-05-02 19:34:21.830][debug][command:null][tid:48][com.facebook.buck.apple.toolchain.impl.AppleSdkDiscovery] Fetching SDK name for /Applications/Xcode.app/Contents/Developer/Platforms/iPhoneSimulator.platform/Developer/SDKs/iPhoneSimulator11.3.sdk
[2018-05-02 19:34:21.830][debug][command:null][tid:48][com.facebook.buck.apple.toolchain.impl.AppleSdkDiscovery] Skipping already scanned SDK directory /Applications/Xcode.app/Contents/Developer/Platforms/iPhoneSimulator.platform/Developer/SDKs/iPhoneSimulator.sdk
[2018-05-02 19:34:21.831][warn ][command:null][tid:48][com.facebook.buck.toolchain.impl.DefaultToolchainProvider] Cannot create a toolchain: android-ndk-location. Cause: Android NDK could not be found. Make sure to set one of these  environment variables: ANDROID_NDK_REPOSITORY, ANDROID_NDK, or NDK_HOME or ndk.ndk_path or ndk.ndk_repository_path in your .buckconfig
[2018-05-02 19:34:21.833][debug][command:2e913314-dde9-4aed-9610-0bf521d7bb1c][tid:48][com.facebook.buck.event.listener.SuperConsoleEventBusListener] Starting render scheduler (interval 100 ms)
[2018-05-02 19:34:21.834][debug][command:2e913314-dde9-4aed-9610-0bf521d7bb1c][tid:48][com.google.common.util.concurrent.ServiceManager] Starting PerfStatsTracking [RUNNING].
[2018-05-02 19:34:21.835][debug][command:2e913314-dde9-4aed-9610-0bf521d7bb1c][tid:48][com.google.common.util.concurrent.ServiceManager] Starting ProcessTracker [STARTING].
[2018-05-02 19:34:21.835][debug][command:null][tid:61][com.google.common.util.concurrent.ServiceManager] Started PerfStatsTracking [RUNNING] in 644.4 μs.
[2018-05-02 19:34:21.835][debug][command:null][tid:62][com.facebook.buck.util.perf.ProcessTracker] startUp
[2018-05-02 19:34:21.836][debug][command:2e913314-dde9-4aed-9610-0bf521d7bb1c][tid:48][com.facebook.buck.util.environment.MacWifiSsidFinder] Getting current SSID..
[2018-05-02 19:34:21.837][debug][command:null][tid:62][com.google.common.util.concurrent.ServiceManager] Started ProcessTracker [RUNNING] in 2.221 ms.
[2018-05-02 19:34:21.838][debug][command:2e913314-dde9-4aed-9610-0bf521d7bb1c][tid:48][com.facebook.buck.util.environment.MacWifiSsidFinder] Getting SSID from Wi-Fi interface: <CWInterface: 0x7fad2630ecc0> [interfaceName=en0]
[2018-05-02 19:34:21.838][debug][command:2e913314-dde9-4aed-9610-0bf521d7bb1c][tid:48][com.facebook.buck.util.environment.MacWifiSsidFinder] No SSID found for interface <CWInterface: 0x7fad2630ecc0> [interfaceName=en0].
[2018-05-02 19:34:21.839][debug][command:2e913314-dde9-4aed-9610-0bf521d7bb1c][tid:48][com.facebook.buck.cli.Main] InvocationInfo BuildId=[2e913314-dde9-4aed-9610-0bf521d7bb1c] Args=[install, --run, :BuckExampleApp, lldb, -p, 22097]
[2018-05-02 19:34:21.848][warn ][command:null][tid:65][com.facebook.buck.event.listener.PublicAnnouncementManager] Failed to get public announcements. Reason: Failed to establish connection to server.
[2018-05-02 19:34:21.849][info ][command:null][tid:66][com.facebook.buck.util.versioncontrol.VersionControlStatsGenerator] Starting generation of version control stats.
[2018-05-02 19:34:21.849][debug][command:null][tid:66][com.facebook.buck.util.versioncontrol.VersionControlCmdLineInterface] Executing command: hg log -l 1 --template {node|short}
[2018-05-02 19:34:21.867][warn ][command:null][tid:66][com.facebook.buck.util.versioncontrol.DelegatingVersionControlCmdLineInterface] Mercurial is the only VCS supported for VCS stats generation, however current project (which has enabled VCS stats generation in its .buckconfig) does not appear to be a Mercurial repository: 
com.facebook.buck.util.versioncontrol.VersionControlCommandFailedException: java.io.IOException: Cannot run program "hg" (in directory "/Users/scottjones/BuckExample"): error=2, No such file or directory
[2018-05-02 19:34:21.867][debug][command:null][tid:66][com.facebook.buck.util.versioncontrol.DelegatingVersionControlCmdLineInterface] Using NoOpCmdLineInterface.
[2018-05-02 19:34:21.867][warn ][command:null][tid:66][com.facebook.buck.util.versioncontrol.VersionControlStatsGenerator] Skipping generation of version control stats as unsupported repository type.
[2018-05-02 19:34:21.867][debug][command:null][tid:66][com.facebook.buck.util.environment.MacNetworkConfiguration] Determine network service order and extract device names
[2018-05-02 19:34:21.870][debug][command:null][tid:66][com.facebook.buck.util.ListeningProcessExecutor] Launching process with params ProcessExecutorParams{command=[networksetup, -listnetworkserviceorder, ]}
[2018-05-02 19:34:21.875][debug][command:null][tid:66][com.facebook.buck.util.ListeningProcessExecutor] Successfully launched process com.zaxxer.nuprocess.osx.OsxProcess@244c20b9
[2018-05-02 19:34:21.876][debug][command:null][tid:66][com.facebook.buck.util.ListeningProcessExecutor] Waiting for process com.facebook.buck.util.ListeningProcessExecutor$LaunchedProcessImpl@2073b0e8 timeout 1000 MILLISECONDS
[2018-05-02 19:34:21.950][debug][command:null][tid:66][com.facebook.buck.util.ListeningProcessExecutor] Wait for process returned 0
[2018-05-02 19:34:21.950][debug][command:null][tid:66][com.facebook.buck.util.ListeningProcessExecutor] Destroying process com.facebook.buck.util.ListeningProcessExecutor$LaunchedProcessImpl@2073b0e8 (force true)
[2018-05-02 19:34:21.950][debug][command:null][tid:66][com.facebook.buck.util.environment.MacNetworkConfiguration] Determine active state of media for device
[2018-05-02 19:34:21.950][debug][command:null][tid:66][com.facebook.buck.util.ListeningProcessExecutor] Launching process with params ProcessExecutorParams{command=[networksetup, -getMedia, lpss-serial1]}
[2018-05-02 19:34:21.952][debug][command:null][tid:66][com.facebook.buck.util.ListeningProcessExecutor] Successfully launched process com.zaxxer.nuprocess.osx.OsxProcess@65712a82
[2018-05-02 19:34:21.953][debug][command:null][tid:66][com.facebook.buck.util.ListeningProcessExecutor] Waiting for process com.facebook.buck.util.ListeningProcessExecutor$LaunchedProcessImpl@11527aaf timeout 1000 MILLISECONDS
[2018-05-02 19:34:21.986][debug][command:null][tid:66][com.facebook.buck.util.ListeningProcessExecutor] Wait for process returned 4
[2018-05-02 19:34:21.986][debug][command:null][tid:66][com.facebook.buck.util.ListeningProcessExecutor] Destroying process com.facebook.buck.util.ListeningProcessExecutor$LaunchedProcessImpl@11527aaf (force true)
[2018-05-02 19:34:21.986][debug][command:null][tid:66][com.facebook.buck.util.environment.MacNetworkConfiguration] Determine active state of media for device
[2018-05-02 19:34:21.986][debug][command:null][tid:66][com.facebook.buck.util.ListeningProcessExecutor] Launching process with params ProcessExecutorParams{command=[networksetup, -getMedia, lpss-serial2]}
[2018-05-02 19:34:21.987][debug][command:null][tid:66][com.facebook.buck.util.ListeningProcessExecutor] Successfully launched process com.zaxxer.nuprocess.osx.OsxProcess@54dec9d4
[2018-05-02 19:34:21.988][debug][command:null][tid:66][com.facebook.buck.util.ListeningProcessExecutor] Waiting for process com.facebook.buck.util.ListeningProcessExecutor$LaunchedProcessImpl@6917c757 timeout 1000 MILLISECONDS
[2018-05-02 19:34:22.008][debug][command:2e913314-dde9-4aed-9610-0bf521d7bb1c][tid:48][com.facebook.buck.parser.Parser] com.facebook.buck.event.DefaultBuckEventBus@4ca503cc
[2018-05-02 19:34:22.010][debug][command:null][tid:70][com.facebook.buck.io.WatchmanTransportClient] Sending query: [query, /Users/scottjones/BuckExample, {since=c:1525269255:464:2:3582, expression=[not, [anyof, [type, d], [dirname, .idea], [dirname, .buckd], [dirname, buck-out/cache], [dirname, buck-out/.trash], [dirname, buck-out], [match, **/*.pbxproj, wholename, {includedotfiles=true}], [match, **/*.xcscheme, wholename, {includedotfiles=true}], [match, **/*.xcworkspacedata, wholename, {includedotfiles=true}], [match, **/*~, wholename, {includedotfiles=true}], [match, **/#*#, wholename, {includedotfiles=true}], [match, **/.#*, wholename, {includedotfiles=true}], [match, **/*.swo, wholename, {includedotfiles=true}], [match, **/*.swp, wholename, {includedotfiles=true}], [match, **/*.swpx, wholename, {includedotfiles=true}], [match, **/*.un~, wholename, {includedotfiles=true}], [match, **/.netrhwist, wholename, {includedotfiles=true}], [match, .idea, wholename, {includedotfiles=true}], [match, .iml, wholename, {includedotfiles=true}], [match, **/*.pydevproject, wholename, {includedotfiles=true}], [match, .project, wholename, {includedotfiles=true}], [match, .metadata, wholename, {includedotfiles=true}], [match, **/*.tmp, wholename, {includedotfiles=true}], [match, **/*.bak, wholename, {includedotfiles=true}], [match, **/*~.nib, wholename, {includedotfiles=true}], [match, .classpath, wholename, {includedotfiles=true}], [match, .settings, wholename, {includedotfiles=true}], [match, .loadpath, wholename, {includedotfiles=true}], [match, .externalToolBuilders, wholename, {includedotfiles=true}], [match, .cproject, wholename, {includedotfiles=true}], [match, .buildpath, wholename, {includedotfiles=true}], [match, .DS_Store, wholename, {includedotfiles=true}], [match, .AppleDouble, wholename, {includedotfiles=true}], [match, .LSOverride, wholename, {includedotfiles=true}], [match, .Spotlight-V100, wholename, {includedotfiles=true}], [match, .Trashes, wholename, {includedotfiles=true}], [match, $RECYCLE.BIN, wholename, {includedotfiles=true}], [match, .*.sublime-workspace, wholename, {includedotfiles=true}]]], empty_on_fresh_instance=true, fields=[name, exists, new]}]
[2018-05-02 19:34:22.020][debug][command:null][tid:69][com.facebook.buck.io.WatchmanTransportClient] Query [query, /Users/scottjones/BuckExample, {since=c:1525269255:464:2:3582, expression=[not, [anyof, [type, d], [dirname, .idea], [dirname, .buckd], [dirname, buck-out/cache], [dirname, buck-out/.trash], [dirname, buck-out], [match, **/*.pbxproj, wholename, {includedotfiles=true}], [match, **/*.xcscheme, wholename, {includedotfiles=true}], [match, **/*.xcworkspacedata, wholename, {includedotfiles=true}], [match, **/*~, wholename, {includedotfiles=true}], [match, **/#*#, wholename, {includedotfiles=true}], [match, **/.#*, wholename, {includedotfiles=true}], [match, **/*.swo, wholename, {includedotfiles=true}], [match, **/*.swp, wholename, {includedotfiles=true}], [match, **/*.swpx, wholename, {includedotfiles=true}], [match, **/*.un~, wholename, {includedotfiles=true}], [match, **/.netrhwist, wholename, {includedotfiles=true}], [match, .idea, wholename, {includedotfiles=true}], [match, .iml, wholename, {includedotfiles=true}], [match, **/*.pydevproject, wholename, {includedotfiles=true}], [match, .project, wholename, {includedotfiles=true}], [match, .metadata, wholename, {includedotfiles=true}], [match, **/*.tmp, wholename, {includedotfiles=true}], [match, **/*.bak, wholename, {includedotfiles=true}], [match, **/*~.nib, wholename, {includedotfiles=true}], [match, .classpath, wholename, {includedotfiles=true}], [match, .settings, wholename, {includedotfiles=true}], [match, .loadpath, wholename, {includedotfiles=true}], [match, .externalToolBuilders, wholename, {includedotfiles=true}], [match, .cproject, wholename, {includedotfiles=true}], [match, .buildpath, wholename, {includedotfiles=true}], [match, .DS_Store, wholename, {includedotfiles=true}], [match, .AppleDouble, wholename, {includedotfiles=true}], [match, .LSOverride, wholename, {includedotfiles=true}], [match, .Spotlight-V100, wholename, {includedotfiles=true}], [match, .Trashes, wholename, {includedotfiles=true}], [match, $RECYCLE.BIN, wholename, {includedotfiles=true}], [match, .*.sublime-workspace, wholename, {includedotfiles=true}]]], empty_on_fresh_instance=true, fields=[name, exists, new]}] returned in 10 ms
[2018-05-02 19:34:22.024][debug][command:null][tid:66][com.facebook.buck.util.ListeningProcessExecutor] Wait for process returned 4
[2018-05-02 19:34:22.024][debug][command:null][tid:66][com.facebook.buck.util.ListeningProcessExecutor] Destroying process com.facebook.buck.util.ListeningProcessExecutor$LaunchedProcessImpl@6917c757 (force true)
[2018-05-02 19:34:22.024][debug][command:null][tid:66][com.facebook.buck.util.environment.MacNetworkConfiguration] Determine active state of media for device
[2018-05-02 19:34:22.024][debug][command:null][tid:69][com.facebook.buck.io.WatchmanWatcher] Updating Watchman Cursor from c:1525269255:464:2:3582 to c:1525269255:464:2:3621
[2018-05-02 19:34:22.024][debug][command:null][tid:66][com.facebook.buck.util.ListeningProcessExecutor] Launching process with params ProcessExecutorParams{command=[networksetup, -getMedia, en26]}
[2018-05-02 19:34:22.025][warn ][command:null][tid:69][com.facebook.buck.io.WatchmanWatcher] Posting WatchEvent: WatchmanPathEvent{cellPath=/Users/scottjones/BuckExample, kind=MODIFY, path=Build/Products/.DS_Store}
[2018-05-02 19:34:22.028][warn ][command:null][tid:69][com.facebook.buck.io.WatchmanWatcher] Posting WatchEvent: WatchmanPathEvent{cellPath=/Users/scottjones/BuckExample, kind=MODIFY, path=Build/.DS_Store}
[2018-05-02 19:34:22.028][warn ][command:null][tid:69][com.facebook.buck.io.WatchmanWatcher] Posting WatchEvent: WatchmanPathEvent{cellPath=/Users/scottjones/BuckExample, kind=DELETE, path=.git/index.lock}
[2018-05-02 19:34:22.028][debug][command:null][tid:66][com.facebook.buck.util.ListeningProcessExecutor] Successfully launched process com.zaxxer.nuprocess.osx.OsxProcess@55ed5cd
[2018-05-02 19:34:22.029][debug][command:null][tid:66][com.facebook.buck.util.ListeningProcessExecutor] Waiting for process com.facebook.buck.util.ListeningProcessExecutor$LaunchedProcessImpl@7db50cb timeout 1000 MILLISECONDS
[2018-05-02 19:34:22.042][debug][command:null][tid:69][com.facebook.buck.parser.DaemonicCellState] Invalidating target for path /Users/scottjones/BuckExample/BUCK: //:AppAsset
[2018-05-02 19:34:22.042][debug][command:null][tid:69][com.facebook.buck.parser.DaemonicCellState] Invalidating target for path /Users/scottjones/BuckExample/BUCK: //:BuckExampleApp
[2018-05-02 19:34:22.042][debug][command:null][tid:69][com.facebook.buck.parser.DaemonicCellState] Invalidating target for path /Users/scottjones/BuckExample/BUCK: //:BuckExampleAppPackage
[2018-05-02 19:34:22.042][debug][command:null][tid:69][com.facebook.buck.parser.DaemonicCellState] Invalidating target for path /Users/scottjones/BuckExample/BUCK: //:BuckExampleTests
[2018-05-02 19:34:22.042][debug][command:null][tid:69][com.facebook.buck.parser.DaemonicCellState] Invalidating target for path /Users/scottjones/BuckExample/BUCK: //:BuckExample
[2018-05-02 19:34:22.042][debug][command:null][tid:69][com.facebook.buck.parser.DaemonicCellState] Invalidating target for path /Users/scottjones/BuckExample/BUCK: //:AppResources
[2018-05-02 19:34:22.043][warn ][command:null][tid:69][com.facebook.buck.io.WatchmanWatcher] Posting WatchEvent: WatchmanPathEvent{cellPath=/Users/scottjones/BuckExample, kind=MODIFY, path=.git/index}
[2018-05-02 19:34:22.043][debug][command:null][tid:69][com.facebook.buck.io.WatchmanWatcher] Posted 4 Watchman events.
[2018-05-02 19:34:22.043][debug][command:null][tid:67][com.facebook.buck.event.listener.SuperConsoleEventBusListener] Watchman notified about file deletion: WatchmanPathEvent{cellPath=/Users/scottjones/BuckExample, kind=DELETE, path=.git/index.lock}
[2018-05-02 19:34:22.043][debug][command:null][tid:69][com.facebook.buck.io.WatchmanTransportClient] Closing Watchman transport.
[2018-05-02 19:34:22.050][debug][command:2e913314-dde9-4aed-9610-0bf521d7bb1c][tid:62][com.facebook.buck.util.perf.ProcessTracker] shutDown
[2018-05-02 19:34:22.053][debug][command:2e913314-dde9-4aed-9610-0bf521d7bb1c][tid:62][com.google.common.util.concurrent.ServiceManager] Service ProcessTracker [TERMINATED] has terminated. Previous state was: STOPPING
[2018-05-02 19:34:22.053][debug][command:null][tid:61][com.google.common.util.concurrent.ServiceManager] Service PerfStatsTracking [TERMINATED] has terminated. Previous state was: STOPPING
[2018-05-02 19:34:22.069][debug][command:null][tid:66][com.facebook.buck.util.ListeningProcessExecutor] Wait for process returned 4
[2018-05-02 19:34:22.069][debug][command:null][tid:66][com.facebook.buck.util.ListeningProcessExecutor] Destroying process com.facebook.buck.util.ListeningProcessExecutor$LaunchedProcessImpl@7db50cb (force true)
[2018-05-02 19:34:22.069][debug][command:null][tid:66][com.facebook.buck.util.environment.MacNetworkConfiguration] Determine active state of media for device
[2018-05-02 19:34:22.069][debug][command:null][tid:66][com.facebook.buck.util.ListeningProcessExecutor] Launching process with params ProcessExecutorParams{command=[networksetup, -getMedia, en25]}
[2018-05-02 19:34:22.070][debug][command:2e913314-dde9-4aed-9610-0bf521d7bb1c][tid:48][com.facebook.buck.event.listener.SuperConsoleEventBusListener] Stopping render scheduler
[2018-05-02 19:34:22.071][info ][command:2e913314-dde9-4aed-9610-0bf521d7bb1c][tid:48][com.facebook.buck.cli.Main] Awaiting termination of PROJECT executor service. Waiting for all jobs to complete, or up to maximum of 60 seconds...
[2018-05-02 19:34:22.071][info ][command:2e913314-dde9-4aed-9610-0bf521d7bb1c][tid:48][com.facebook.buck.cli.Main] Successfully terminated PROJECT executor service.
[2018-05-02 19:34:22.071][info ][command:2e913314-dde9-4aed-9610-0bf521d7bb1c][tid:48][com.facebook.buck.cli.Main] Awaiting termination of NETWORK executor service. Waiting for all jobs to complete, or up to maximum of 60 seconds...
[2018-05-02 19:34:22.071][debug][command:null][tid:66][com.facebook.buck.util.ListeningProcessExecutor] Successfully launched process com.zaxxer.nuprocess.osx.OsxProcess@25e9a98d
[2018-05-02 19:34:22.071][info ][command:2e913314-dde9-4aed-9610-0bf521d7bb1c][tid:48][com.facebook.buck.cli.Main] Successfully terminated NETWORK executor service.
[2018-05-02 19:34:22.071][debug][command:null][tid:66][com.facebook.buck.util.ListeningProcessExecutor] Waiting for process com.facebook.buck.util.ListeningProcessExecutor$LaunchedProcessImpl@7213ef18 timeout 1000 MILLISECONDS
[2018-05-02 19:34:22.082][info ][command:2e913314-dde9-4aed-9610-0bf521d7bb1c][tid:48][com.facebook.buck.cli.Main] Awaiting termination of CPU executor service. Waiting for all jobs to complete, or up to maximum of 60 seconds...
[2018-05-02 19:34:22.082][info ][command:2e913314-dde9-4aed-9610-0bf521d7bb1c][tid:48][com.facebook.buck.cli.Main] Successfully terminated CPU executor service.
[2018-05-02 19:34:22.082][info ][command:2e913314-dde9-4aed-9610-0bf521d7bb1c][tid:48][com.facebook.buck.cli.Main] Awaiting termination of ScheduledExecutorService executor service. Waiting for all jobs to complete, or up to maximum of 60 seconds...
[2018-05-02 19:34:22.096][info ][command:2e913314-dde9-4aed-9610-0bf521d7bb1c][tid:48][com.facebook.buck.cli.Main] Successfully terminated ScheduledExecutorService executor service.
[2018-05-02 19:34:22.097][info ][command:2e913314-dde9-4aed-9610-0bf521d7bb1c][tid:48][com.facebook.buck.cli.Main] Awaiting termination of CounterAggregatorExecutor executor service. Waiting for all jobs to complete, or up to maximum of 20 seconds...
[2018-05-02 19:34:22.097][info ][command:2e913314-dde9-4aed-9610-0bf521d7bb1c][tid:48][com.facebook.buck.cli.Main] Successfully terminated CounterAggregatorExecutor executor service.
[2018-05-02 19:34:22.097][info ][command:2e913314-dde9-4aed-9610-0bf521d7bb1c][tid:48][com.facebook.buck.cli.Main] Awaiting termination of HTTP Read executor service. Waiting for all jobs to complete, or up to maximum of 1800 seconds...
[2018-05-02 19:34:22.097][info ][command:2e913314-dde9-4aed-9610-0bf521d7bb1c][tid:48][com.facebook.buck.cli.Main] Successfully terminated HTTP Read executor service.
[2018-05-02 19:34:22.097][info ][command:2e913314-dde9-4aed-9610-0bf521d7bb1c][tid:48][com.facebook.buck.cli.Main] Awaiting termination of Download Heavy Build HTTP Read executor service. Waiting for all jobs to complete, or up to maximum of 1800 seconds...
[2018-05-02 19:34:22.097][info ][command:2e913314-dde9-4aed-9610-0bf521d7bb1c][tid:48][com.facebook.buck.cli.Main] Successfully terminated Download Heavy Build HTTP Read executor service.
[2018-05-02 19:34:22.097][info ][command:2e913314-dde9-4aed-9610-0bf521d7bb1c][tid:48][com.facebook.buck.cli.Main] Awaiting termination of HTTP Write executor service. Waiting for all jobs to complete, or up to maximum of 1800 seconds...
[2018-05-02 19:34:22.097][info ][command:2e913314-dde9-4aed-9610-0bf521d7bb1c][tid:48][com.facebook.buck.cli.Main] Successfully terminated HTTP Write executor service.
[2018-05-02 19:34:22.097][info ][command:2e913314-dde9-4aed-9610-0bf521d7bb1c][tid:48][com.facebook.buck.cli.Main] Awaiting termination of Disk IO executor service. Waiting for all jobs to complete, or up to maximum of 10 seconds...
[2018-05-02 19:34:22.113][debug][command:null][tid:66][com.facebook.buck.util.ListeningProcessExecutor] Wait for process returned 4
[2018-05-02 19:34:22.113][debug][command:null][tid:66][com.facebook.buck.util.ListeningProcessExecutor] Destroying process com.facebook.buck.util.ListeningProcessExecutor$LaunchedProcessImpl@7213ef18 (force true)
[2018-05-02 19:34:22.113][debug][command:null][tid:66][com.facebook.buck.util.environment.MacNetworkConfiguration] Determine active state of media for device
[2018-05-02 19:34:22.113][debug][command:null][tid:66][com.facebook.buck.util.ListeningProcessExecutor] Launching process with params ProcessExecutorParams{command=[networksetup, -getMedia, en24]}
[2018-05-02 19:34:22.115][debug][command:null][tid:66][com.facebook.buck.util.ListeningProcessExecutor] Successfully launched process com.zaxxer.nuprocess.osx.OsxProcess@110ac2a
[2018-05-02 19:34:22.115][debug][command:null][tid:66][com.facebook.buck.util.ListeningProcessExecutor] Waiting for process com.facebook.buck.util.ListeningProcessExecutor$LaunchedProcessImpl@5c90e9cb timeout 1000 MILLISECONDS
[2018-05-02 19:34:22.143][debug][command:null][tid:66][com.facebook.buck.util.ListeningProcessExecutor] Wait for process returned 4
[2018-05-02 19:34:22.143][debug][command:null][tid:66][com.facebook.buck.util.ListeningProcessExecutor] Destroying process com.facebook.buck.util.ListeningProcessExecutor$LaunchedProcessImpl@5c90e9cb (force true)
[2018-05-02 19:34:22.144][debug][command:null][tid:66][com.facebook.buck.util.environment.MacNetworkConfiguration] Determine active state of media for device
[2018-05-02 19:34:22.146][debug][command:null][tid:66][com.facebook.buck.util.ListeningProcessExecutor] Launching process with params ProcessExecutorParams{command=[networksetup, -getMedia, en23]}
[2018-05-02 19:34:22.147][debug][command:null][tid:66][com.facebook.buck.util.ListeningProcessExecutor] Successfully launched process com.zaxxer.nuprocess.osx.OsxProcess@34dd8615
[2018-05-02 19:34:22.147][debug][command:null][tid:66][com.facebook.buck.util.ListeningProcessExecutor] Waiting for process com.facebook.buck.util.ListeningProcessExecutor$LaunchedProcessImpl@595bd4b9 timeout 1000 MILLISECONDS
[2018-05-02 19:34:22.175][debug][command:null][tid:66][com.facebook.buck.util.ListeningProcessExecutor] Wait for process returned 4
[2018-05-02 19:34:22.175][debug][command:null][tid:66][com.facebook.buck.util.ListeningProcessExecutor] Destroying process com.facebook.buck.util.ListeningProcessExecutor$LaunchedProcessImpl@595bd4b9 (force true)
[2018-05-02 19:34:22.175][debug][command:null][tid:66][com.facebook.buck.util.environment.MacNetworkConfiguration] Determine active state of media for device
[2018-05-02 19:34:22.176][debug][command:null][tid:66][com.facebook.buck.util.ListeningProcessExecutor] Launching process with params ProcessExecutorParams{command=[networksetup, -getMedia, en21]}
[2018-05-02 19:34:22.177][debug][command:null][tid:66][com.facebook.buck.util.ListeningProcessExecutor] Successfully launched process com.zaxxer.nuprocess.osx.OsxProcess@5d2e5244
[2018-05-02 19:34:22.177][debug][command:null][tid:66][com.facebook.buck.util.ListeningProcessExecutor] Waiting for process com.facebook.buck.util.ListeningProcessExecutor$LaunchedProcessImpl@62b369b timeout 1000 MILLISECONDS
[2018-05-02 19:34:22.214][debug][command:null][tid:66][com.facebook.buck.util.ListeningProcessExecutor] Wait for process returned 4
[2018-05-02 19:34:22.214][debug][command:null][tid:66][com.facebook.buck.util.ListeningProcessExecutor] Destroying process com.facebook.buck.util.ListeningProcessExecutor$LaunchedProcessImpl@62b369b (force true)
[2018-05-02 19:34:22.214][debug][command:null][tid:66][com.facebook.buck.util.environment.MacNetworkConfiguration] Determine active state of media for device
[2018-05-02 19:34:22.216][debug][command:null][tid:66][com.facebook.buck.util.ListeningProcessExecutor] Launching process with params ProcessExecutorParams{command=[networksetup, -getMedia, en20]}
[2018-05-02 19:34:22.219][debug][command:null][tid:66][com.facebook.buck.util.ListeningProcessExecutor] Successfully launched process com.zaxxer.nuprocess.osx.OsxProcess@5e9ee565
[2018-05-02 19:34:22.219][debug][command:null][tid:66][com.facebook.buck.util.ListeningProcessExecutor] Waiting for process com.facebook.buck.util.ListeningProcessExecutor$LaunchedProcessImpl@59e71c13 timeout 1000 MILLISECONDS
[2018-05-02 19:34:22.260][debug][command:null][tid:66][com.facebook.buck.util.ListeningProcessExecutor] Wait for process returned 4
[2018-05-02 19:34:22.260][debug][command:null][tid:66][com.facebook.buck.util.ListeningProcessExecutor] Destroying process com.facebook.buck.util.ListeningProcessExecutor$LaunchedProcessImpl@59e71c13 (force true)
[2018-05-02 19:34:22.260][debug][command:null][tid:66][com.facebook.buck.util.environment.MacNetworkConfiguration] Determine active state of media for device
[2018-05-02 19:34:22.260][debug][command:null][tid:66][com.facebook.buck.util.ListeningProcessExecutor] Launching process with params ProcessExecutorParams{command=[networksetup, -getMedia, en19]}
[2018-05-02 19:34:22.262][debug][command:null][tid:66][com.facebook.buck.util.ListeningProcessExecutor] Successfully launched process com.zaxxer.nuprocess.osx.OsxProcess@7674d919
[2018-05-02 19:34:22.262][debug][command:null][tid:66][com.facebook.buck.util.ListeningProcessExecutor] Waiting for process com.facebook.buck.util.ListeningProcessExecutor$LaunchedProcessImpl@2934a6a2 timeout 1000 MILLISECONDS
[2018-05-02 19:34:22.300][debug][command:null][tid:66][com.facebook.buck.util.ListeningProcessExecutor] Wait for process returned 4
[2018-05-02 19:34:22.300][debug][command:null][tid:66][com.facebook.buck.util.ListeningProcessExecutor] Destroying process com.facebook.buck.util.ListeningProcessExecutor$LaunchedProcessImpl@2934a6a2 (force true)
[2018-05-02 19:34:22.300][debug][command:null][tid:66][com.facebook.buck.util.environment.MacNetworkConfiguration] Determine active state of media for device
[2018-05-02 19:34:22.302][debug][command:null][tid:66][com.facebook.buck.util.ListeningProcessExecutor] Launching process with params ProcessExecutorParams{command=[networksetup, -getMedia, en18]}
[2018-05-02 19:34:22.306][debug][command:null][tid:66][com.facebook.buck.util.ListeningProcessExecutor] Successfully launched process com.zaxxer.nuprocess.osx.OsxProcess@a8cb2c
[2018-05-02 19:34:22.307][debug][command:null][tid:66][com.facebook.buck.util.ListeningProcessExecutor] Waiting for process com.facebook.buck.util.ListeningProcessExecutor$LaunchedProcessImpl@61ce58ae timeout 1000 MILLISECONDS
[2018-05-02 19:34:22.343][debug][command:null][tid:66][com.facebook.buck.util.ListeningProcessExecutor] Wait for process returned 4
[2018-05-02 19:34:22.343][debug][command:null][tid:66][com.facebook.buck.util.ListeningProcessExecutor] Destroying process com.facebook.buck.util.ListeningProcessExecutor$LaunchedProcessImpl@61ce58ae (force true)
[2018-05-02 19:34:22.344][debug][command:null][tid:66][com.facebook.buck.util.environment.MacNetworkConfiguration] Determine active state of media for device
[2018-05-02 19:34:22.344][debug][command:null][tid:66][com.facebook.buck.util.ListeningProcessExecutor] Launching process with params ProcessExecutorParams{command=[networksetup, -getMedia, en17]}
[2018-05-02 19:34:22.347][debug][command:null][tid:66][com.facebook.buck.util.ListeningProcessExecutor] Successfully launched process com.zaxxer.nuprocess.osx.OsxProcess@31a2e99f
[2018-05-02 19:34:22.347][debug][command:null][tid:66][com.facebook.buck.util.ListeningProcessExecutor] Waiting for process com.facebook.buck.util.ListeningProcessExecutor$LaunchedProcessImpl@3daf58bf timeout 1000 MILLISECONDS
[2018-05-02 19:34:22.379][debug][command:null][tid:66][com.facebook.buck.util.ListeningProcessExecutor] Wait for process returned 4
[2018-05-02 19:34:22.379][debug][command:null][tid:66][com.facebook.buck.util.ListeningProcessExecutor] Destroying process com.facebook.buck.util.ListeningProcessExecutor$LaunchedProcessImpl@3daf58bf (force true)
[2018-05-02 19:34:22.379][debug][command:null][tid:66][com.facebook.buck.util.environment.MacNetworkConfiguration] Determine active state of media for device
[2018-05-02 19:34:22.379][debug][command:null][tid:66][com.facebook.buck.util.ListeningProcessExecutor] Launching process with params ProcessExecutorParams{command=[networksetup, -getMedia, en16]}
[2018-05-02 19:34:22.381][debug][command:null][tid:66][com.facebook.buck.util.ListeningProcessExecutor] Successfully launched process com.zaxxer.nuprocess.osx.OsxProcess@7b98058d
[2018-05-02 19:34:22.381][debug][command:null][tid:66][com.facebook.buck.util.ListeningProcessExecutor] Waiting for process com.facebook.buck.util.ListeningProcessExecutor$LaunchedProcessImpl@68003978 timeout 1000 MILLISECONDS
[2018-05-02 19:34:22.411][debug][command:null][tid:66][com.facebook.buck.util.ListeningProcessExecutor] Wait for process returned 4
[2018-05-02 19:34:22.411][debug][command:null][tid:66][com.facebook.buck.util.ListeningProcessExecutor] Destroying process com.facebook.buck.util.ListeningProcessExecutor$LaunchedProcessImpl@68003978 (force true)
[2018-05-02 19:34:22.412][debug][command:null][tid:66][com.facebook.buck.util.environment.MacNetworkConfiguration] Determine active state of media for device
[2018-05-02 19:34:22.412][debug][command:null][tid:66][com.facebook.buck.util.ListeningProcessExecutor] Launching process with params ProcessExecutorParams{command=[networksetup, -getMedia, en15]}
[2018-05-02 19:34:22.418][debug][command:null][tid:66][com.facebook.buck.util.ListeningProcessExecutor] Successfully launched process com.zaxxer.nuprocess.osx.OsxProcess@4ec8cbf6
[2018-05-02 19:34:22.418][debug][command:null][tid:66][com.facebook.buck.util.ListeningProcessExecutor] Waiting for process com.facebook.buck.util.ListeningProcessExecutor$LaunchedProcessImpl@9e50830 timeout 1000 MILLISECONDS
[2018-05-02 19:34:22.460][debug][command:null][tid:66][com.facebook.buck.util.ListeningProcessExecutor] Wait for process returned 4
[2018-05-02 19:34:22.460][debug][command:null][tid:66][com.facebook.buck.util.ListeningProcessExecutor] Destroying process com.facebook.buck.util.ListeningProcessExecutor$LaunchedProcessImpl@9e50830 (force true)
[2018-05-02 19:34:22.460][debug][command:null][tid:66][com.facebook.buck.util.environment.MacNetworkConfiguration] Determine active state of media for device
[2018-05-02 19:34:22.460][debug][command:null][tid:66][com.facebook.buck.util.ListeningProcessExecutor] Launching process with params ProcessExecutorParams{command=[networksetup, -getMedia, en14]}
[2018-05-02 19:34:22.462][debug][command:null][tid:66][com.facebook.buck.util.ListeningProcessExecutor] Successfully launched process com.zaxxer.nuprocess.osx.OsxProcess@326ad0ec
[2018-05-02 19:34:22.462][debug][command:null][tid:66][com.facebook.buck.util.ListeningProcessExecutor] Waiting for process com.facebook.buck.util.ListeningProcessExecutor$LaunchedProcessImpl@5bc8e420 timeout 1000 MILLISECONDS
[2018-05-02 19:34:22.493][debug][command:null][tid:66][com.facebook.buck.util.ListeningProcessExecutor] Wait for process returned 4
[2018-05-02 19:34:22.493][debug][command:null][tid:66][com.facebook.buck.util.ListeningProcessExecutor] Destroying process com.facebook.buck.util.ListeningProcessExecutor$LaunchedProcessImpl@5bc8e420 (force true)
[2018-05-02 19:34:22.493][debug][command:null][tid:66][com.facebook.buck.util.environment.MacNetworkConfiguration] Determine active state of media for device
[2018-05-02 19:34:22.494][debug][command:null][tid:66][com.facebook.buck.util.ListeningProcessExecutor] Launching process with params ProcessExecutorParams{command=[networksetup, -getMedia, en12]}
[2018-05-02 19:34:22.496][debug][command:null][tid:66][com.facebook.buck.util.ListeningProcessExecutor] Successfully launched process com.zaxxer.nuprocess.osx.OsxProcess@535703d4
[2018-05-02 19:34:22.496][debug][command:null][tid:66][com.facebook.buck.util.ListeningProcessExecutor] Waiting for process com.facebook.buck.util.ListeningProcessExecutor$LaunchedProcessImpl@72d22506 timeout 1000 MILLISECONDS
[2018-05-02 19:34:22.524][debug][command:null][tid:66][com.facebook.buck.util.ListeningProcessExecutor] Wait for process returned 4
[2018-05-02 19:34:22.524][debug][command:null][tid:66][com.facebook.buck.util.ListeningProcessExecutor] Destroying process com.facebook.buck.util.ListeningProcessExecutor$LaunchedProcessImpl@72d22506 (force true)
[2018-05-02 19:34:22.524][debug][command:null][tid:66][com.facebook.buck.util.environment.MacNetworkConfiguration] Determine active state of media for device
[2018-05-02 19:34:22.524][debug][command:null][tid:66][com.facebook.buck.util.ListeningProcessExecutor] Launching process with params ProcessExecutorParams{command=[networksetup, -getMedia, en10]}
[2018-05-02 19:34:22.526][debug][command:null][tid:66][com.facebook.buck.util.ListeningProcessExecutor] Successfully launched process com.zaxxer.nuprocess.osx.OsxProcess@165b7600
[2018-05-02 19:34:22.526][debug][command:null][tid:66][com.facebook.buck.util.ListeningProcessExecutor] Waiting for process com.facebook.buck.util.ListeningProcessExecutor$LaunchedProcessImpl@aae790f timeout 1000 MILLISECONDS
[2018-05-02 19:34:22.554][debug][command:null][tid:66][com.facebook.buck.util.ListeningProcessExecutor] Wait for process returned 4
[2018-05-02 19:34:22.554][debug][command:null][tid:66][com.facebook.buck.util.ListeningProcessExecutor] Destroying process com.facebook.buck.util.ListeningProcessExecutor$LaunchedProcessImpl@aae790f (force true)
[2018-05-02 19:34:22.555][debug][command:null][tid:66][com.facebook.buck.util.environment.MacNetworkConfiguration] Determine active state of media for device
[2018-05-02 19:34:22.556][debug][command:null][tid:66][com.facebook.buck.util.ListeningProcessExecutor] Launching process with params ProcessExecutorParams{command=[networksetup, -getMedia, en8]}
[2018-05-02 19:34:22.557][debug][command:null][tid:66][com.facebook.buck.util.ListeningProcessExecutor] Successfully launched process com.zaxxer.nuprocess.osx.OsxProcess@610c922d
[2018-05-02 19:34:22.557][debug][command:null][tid:66][com.facebook.buck.util.ListeningProcessExecutor] Waiting for process com.facebook.buck.util.ListeningProcessExecutor$LaunchedProcessImpl@215611f timeout 1000 MILLISECONDS
[2018-05-02 19:34:22.587][debug][command:null][tid:66][com.facebook.buck.util.ListeningProcessExecutor] Wait for process returned 4
[2018-05-02 19:34:22.587][debug][command:null][tid:66][com.facebook.buck.util.ListeningProcessExecutor] Destroying process com.facebook.buck.util.ListeningProcessExecutor$LaunchedProcessImpl@215611f (force true)
[2018-05-02 19:34:22.587][debug][command:null][tid:66][com.facebook.buck.util.environment.MacNetworkConfiguration] Determine active state of media for device
[2018-05-02 19:34:22.587][debug][command:null][tid:66][com.facebook.buck.util.ListeningProcessExecutor] Launching process with params ProcessExecutorParams{command=[networksetup, -getMedia, en0]}
[2018-05-02 19:34:22.590][debug][command:null][tid:66][com.facebook.buck.util.ListeningProcessExecutor] Successfully launched process com.zaxxer.nuprocess.osx.OsxProcess@4f33fc2b
[2018-05-02 19:34:22.590][debug][command:null][tid:66][com.facebook.buck.util.ListeningProcessExecutor] Waiting for process com.facebook.buck.util.ListeningProcessExecutor$LaunchedProcessImpl@362c82c3 timeout 1000 MILLISECONDS
[2018-05-02 19:34:22.620][debug][command:null][tid:66][com.facebook.buck.util.ListeningProcessExecutor] Wait for process returned 0
[2018-05-02 19:34:22.620][debug][command:null][tid:66][com.facebook.buck.util.ListeningProcessExecutor] Destroying process com.facebook.buck.util.ListeningProcessExecutor$LaunchedProcessImpl@362c82c3 (force true)
[2018-05-02 19:34:22.620][debug][command:null][tid:66][com.facebook.buck.util.environment.MacNetworkConfiguration] Determine WiFi SSID of device
[2018-05-02 19:34:22.622][debug][command:null][tid:66][com.facebook.buck.util.ListeningProcessExecutor] Launching process with params ProcessExecutorParams{command=[networksetup, -getairportnetwork, en0]}
[2018-05-02 19:34:22.623][debug][command:null][tid:66][com.facebook.buck.util.ListeningProcessExecutor] Successfully launched process com.zaxxer.nuprocess.osx.OsxProcess@3334f3d1
[2018-05-02 19:34:22.623][debug][command:null][tid:66][com.facebook.buck.util.ListeningProcessExecutor] Waiting for process com.facebook.buck.util.ListeningProcessExecutor$LaunchedProcessImpl@1a807131 timeout 1000 MILLISECONDS
[2018-05-02 19:34:22.661][debug][command:null][tid:66][com.facebook.buck.util.ListeningProcessExecutor] Wait for process returned 0
[2018-05-02 19:34:22.661][debug][command:null][tid:66][com.facebook.buck.util.ListeningProcessExecutor] Destroying process com.facebook.buck.util.ListeningProcessExecutor$LaunchedProcessImpl@1a807131 (force true)
[2018-05-02 19:34:22.661][info ][command:null][tid:66][com.facebook.buck.util.versioncontrol.VersionControlStatsGenerator] Starting generation of version control stats.
[2018-05-02 19:34:22.661][warn ][command:null][tid:66][com.facebook.buck.util.versioncontrol.VersionControlStatsGenerator] Skipping generation of version control stats as unsupported repository type.
[2018-05-02 19:34:22.661][info ][command:2e913314-dde9-4aed-9610-0bf521d7bb1c][tid:48][com.facebook.buck.cli.Main] Successfully terminated Disk IO executor service.
[2018-05-02 19:34:22.666][debug][command:null][tid:48][com.facebook.buck.event.listener.SuperConsoleEventBusListener] Stopping render scheduler
[2018-05-02 19:34:22.666][debug][command:null][tid:48][com.facebook.buck.event.listener.ChromeTraceBuildListener] Writing Chrome trace to buck-out/log/2018-05-02_23h34m21s_installcommand_2e913314-dde9-4aed-9610-0bf521d7bb1c/build.2018-05-02.19-34-21.2e913314-dde9-4aed-9610-0bf521d7bb1c.trace
[2018-05-02 19:34:22.675][warn ][command:null][tid:48][com.facebook.buck.util.Console] Build failure: lldb references non-existent directory lldb
[2018-05-02 19:34:22.675][debug][command:null][tid:48][com.facebook.buck.cli.Main] Done.
[2018-05-02 19:34:22.676][info ][command:null][tid:48][com.martiansoftware.nailgun.NGSession] Server cleanly exited with status 1
[2018-05-02 19:34:22.676][debug][command:null][tid:48][com.martiansoftware.nailgun.NGCommunicator] Shutting down read ExecutorService
[2018-05-02 19:34:22.716][debug][command:null][tid:48][com.martiansoftware.nailgun.NGCommunicator] Shutting down orchestrator ExecutorService
[2018-05-02 19:34:22.716][debug][command:null][tid:52][com.martiansoftware.nailgun.NGCommunicator] Socket is disconnected
[2018-05-02 19:34:22.717][debug][command:null][tid:52][com.martiansoftware.nailgun.NGCommunicator] Nailgun client disconnected
[2018-05-02 19:34:22.717][debug][command:null][tid:52][com.martiansoftware.nailgun.NGCommunicator] Orchestrator thread finished
[2018-05-02 19:34:22.717][debug][command:null][tid:48][com.martiansoftware.nailgun.NGSession] Closing client socket
[2018-05-02 19:34:22.718][debug][command:null][tid:48][com.martiansoftware.nailgun.NGSession] Waiting for next client to connect
[2018-05-02 19:34:22.718][info ][command:null][tid:48][com.martiansoftware.nailgun.NGSession] NGSession shutting down
[2018-05-02 19:34:29.429][debug][command:null][tid:51][com.martiansoftware.nailgun.NGSession] Client connected
[2018-05-02 19:34:29.429][debug][command:null][tid:72][com.martiansoftware.nailgun.NGSession] Waiting for first client to connect
[2018-05-02 19:34:29.433][debug][command:null][tid:73][com.martiansoftware.nailgun.NGCommunicator] Orchestrator thread started
[2018-05-02 19:34:29.434][debug][command:null][tid:51][com.martiansoftware.nailgun.NGCommunicator] Shutting down read ExecutorService
[2018-05-02 19:34:29.434][debug][command:null][tid:73][com.martiansoftware.nailgun.NGCommunicator] Nailgun client disconnected
[2018-05-02 19:34:29.434][debug][command:null][tid:73][com.martiansoftware.nailgun.NGCommunicator] Orchestrator thread finished
[2018-05-02 19:34:29.434][debug][command:null][tid:51][com.martiansoftware.nailgun.NGCommunicator] Shutting down orchestrator ExecutorService
[2018-05-02 19:34:29.434][debug][command:null][tid:51][com.martiansoftware.nailgun.NGSession] Closing client socket
[2018-05-02 19:34:29.434][debug][command:null][tid:51][com.martiansoftware.nailgun.NGSession] Waiting for next client to connect
[2018-05-02 19:34:29.434][info ][command:null][tid:51][com.martiansoftware.nailgun.NGSession] NGSession shutting down
[2018-05-02 19:34:29.440][debug][command:null][tid:72][com.martiansoftware.nailgun.NGSession] Client connected
[2018-05-02 19:34:29.440][debug][command:null][tid:75][com.martiansoftware.nailgun.NGSession] Waiting for first client to connect
[2018-05-02 19:34:29.444][debug][command:null][tid:76][com.martiansoftware.nailgun.NGCommunicator] Orchestrator thread started
[2018-05-02 19:34:29.445][debug][command:null][tid:72][com.facebook.buck.util.config.Configs] Loading configuration for /Users/scottjones/BuckExample
[2018-05-02 19:34:29.445][debug][command:null][tid:72][com.facebook.buck.util.config.Configs] Loaded project configuration file /Users/scottjones/BuckExample/.buckconfig
[2018-05-02 19:34:29.445][debug][command:null][tid:72][com.facebook.buck.util.config.Configs] Adding configuration overrides RawConfig{values={}}
[2018-05-02 19:34:29.450][debug][command:null][tid:72][com.facebook.buck.cli.Main] Rotating log.
