[2018-05-03 08:43:21.133][debug][command:7d6ec4e7-7c42-4f63-9b9c-58b6e46ef3b7][tid:964][com.facebook.buck.event.listener.SuperConsoleEventBusListener] Starting render scheduler (interval 100 ms)
[2018-05-03 08:43:21.134][debug][command:7d6ec4e7-7c42-4f63-9b9c-58b6e46ef3b7][tid:964][com.google.common.util.concurrent.ServiceManager] Starting PerfStatsTracking [STARTING].
[2018-05-03 08:43:21.134][debug][command:null][tid:974][com.google.common.util.concurrent.ServiceManager] Started PerfStatsTracking [RUNNING] in 798.0 μs.
[2018-05-03 08:43:21.134][debug][command:null][tid:974][com.google.common.util.concurrent.ServiceManager] Started PerfStatsTracking [RUNNING] in 798.0 μs.
[2018-05-03 08:43:21.135][debug][command:7d6ec4e7-7c42-4f63-9b9c-58b6e46ef3b7][tid:964][com.google.common.util.concurrent.ServiceManager] Starting ProcessTracker [STARTING].
[2018-05-03 08:43:21.135][debug][command:null][tid:975][com.facebook.buck.util.perf.ProcessTracker] startUp
[2018-05-03 08:43:21.135][debug][command:null][tid:975][com.facebook.buck.util.perf.ProcessTracker] startUp
[2018-05-03 08:43:21.135][debug][command:7d6ec4e7-7c42-4f63-9b9c-58b6e46ef3b7][tid:964][com.facebook.buck.util.environment.MacWifiSsidFinder] Getting current SSID..
[2018-05-03 08:43:21.136][debug][command:null][tid:975][com.google.common.util.concurrent.ServiceManager] Started ProcessTracker [RUNNING] in 1.080 ms.
[2018-05-03 08:43:21.136][debug][command:null][tid:975][com.google.common.util.concurrent.ServiceManager] Started ProcessTracker [RUNNING] in 1.080 ms.
[2018-05-03 08:43:21.136][debug][command:7d6ec4e7-7c42-4f63-9b9c-58b6e46ef3b7][tid:964][com.facebook.buck.util.environment.MacWifiSsidFinder] Getting SSID from Wi-Fi interface: <CWInterface: 0x7f8e6da13a40> [interfaceName=en0]
[2018-05-03 08:43:21.136][debug][command:7d6ec4e7-7c42-4f63-9b9c-58b6e46ef3b7][tid:964][com.facebook.buck.util.environment.MacWifiSsidFinder] No SSID found for interface <CWInterface: 0x7f8e6da13a40> [interfaceName=en0].
[2018-05-03 08:43:21.136][debug][command:7d6ec4e7-7c42-4f63-9b9c-58b6e46ef3b7][tid:964][com.facebook.buck.cli.Main] InvocationInfo BuildId=[7d6ec4e7-7c42-4f63-9b9c-58b6e46ef3b7] Args=[project, --build-with-buck, :BuckExampleApp]
[2018-05-03 08:43:21.138][warn ][command:null][tid:978][com.facebook.buck.event.listener.PublicAnnouncementManager] Failed to get public announcements. Reason: Failed to establish connection to server.
[2018-05-03 08:43:21.138][warn ][command:null][tid:978][com.facebook.buck.event.listener.PublicAnnouncementManager] Failed to get public announcements. Reason: Failed to establish connection to server.
[2018-05-03 08:43:21.139][info ][command:null][tid:979][com.facebook.buck.util.versioncontrol.VersionControlStatsGenerator] Starting generation of version control stats.
[2018-05-03 08:43:21.139][info ][command:null][tid:979][com.facebook.buck.util.versioncontrol.VersionControlStatsGenerator] Starting generation of version control stats.
[2018-05-03 08:43:21.139][debug][command:null][tid:979][com.facebook.buck.util.versioncontrol.VersionControlCmdLineInterface] Executing command: hg log -l 1 --template {node|short}
[2018-05-03 08:43:21.139][debug][command:null][tid:979][com.facebook.buck.util.versioncontrol.VersionControlCmdLineInterface] Executing command: hg log -l 1 --template {node|short}
[2018-05-03 08:43:21.140][debug][command:7d6ec4e7-7c42-4f63-9b9c-58b6e46ef3b7][tid:964][com.facebook.buck.parser.Parser] com.facebook.buck.event.DefaultBuckEventBus@45f20a8b
[2018-05-03 08:43:21.141][debug][command:null][tid:982][com.facebook.buck.io.WatchmanTransportClient] Sending query: [query, /Users/scottjones/BuckExample, {since=c:1525269255:464:4:3023, expression=[not, [anyof, [type, d], [dirname, .idea], [dirname, .buckd], [dirname, buck-out/cache], [dirname, buck-out/.trash], [dirname, buck-out], [match, **/*.pbxproj, wholename, {includedotfiles=true}], [match, **/*.xcscheme, wholename, {includedotfiles=true}], [match, **/*.xcworkspacedata, wholename, {includedotfiles=true}], [match, **/*~, wholename, {includedotfiles=true}], [match, **/#*#, wholename, {includedotfiles=true}], [match, **/.#*, wholename, {includedotfiles=true}], [match, **/*.swo, wholename, {includedotfiles=true}], [match, **/*.swp, wholename, {includedotfiles=true}], [match, **/*.swpx, wholename, {includedotfiles=true}], [match, **/*.un~, wholename, {includedotfiles=true}], [match, **/.netrhwist, wholename, {includedotfiles=true}], [match, .idea, wholename, {includedotfiles=true}], [match, .iml, wholename, {includedotfiles=true}], [match, **/*.pydevproject, wholename, {includedotfiles=true}], [match, .project, wholename, {includedotfiles=true}], [match, .metadata, wholename, {includedotfiles=true}], [match, **/*.tmp, wholename, {includedotfiles=true}], [match, **/*.bak, wholename, {includedotfiles=true}], [match, **/*~.nib, wholename, {includedotfiles=true}], [match, .classpath, wholename, {includedotfiles=true}], [match, .settings, wholename, {includedotfiles=true}], [match, .loadpath, wholename, {includedotfiles=true}], [match, .externalToolBuilders, wholename, {includedotfiles=true}], [match, .cproject, wholename, {includedotfiles=true}], [match, .buildpath, wholename, {includedotfiles=true}], [match, .DS_Store, wholename, {includedotfiles=true}], [match, .AppleDouble, wholename, {includedotfiles=true}], [match, .LSOverride, wholename, {includedotfiles=true}], [match, .Spotlight-V100, wholename, {includedotfiles=true}], [match, .Trashes, wholename, {includedotfiles=true}], [match, $RECYCLE.BIN, wholename, {includedotfiles=true}], [match, .*.sublime-workspace, wholename, {includedotfiles=true}]]], empty_on_fresh_instance=true, fields=[name, exists, new]}]
[2018-05-03 08:43:21.141][debug][command:null][tid:982][com.facebook.buck.io.WatchmanTransportClient] Sending query: [query, /Users/scottjones/BuckExample, {since=c:1525269255:464:4:3023, expression=[not, [anyof, [type, d], [dirname, .idea], [dirname, .buckd], [dirname, buck-out/cache], [dirname, buck-out/.trash], [dirname, buck-out], [match, **/*.pbxproj, wholename, {includedotfiles=true}], [match, **/*.xcscheme, wholename, {includedotfiles=true}], [match, **/*.xcworkspacedata, wholename, {includedotfiles=true}], [match, **/*~, wholename, {includedotfiles=true}], [match, **/#*#, wholename, {includedotfiles=true}], [match, **/.#*, wholename, {includedotfiles=true}], [match, **/*.swo, wholename, {includedotfiles=true}], [match, **/*.swp, wholename, {includedotfiles=true}], [match, **/*.swpx, wholename, {includedotfiles=true}], [match, **/*.un~, wholename, {includedotfiles=true}], [match, **/.netrhwist, wholename, {includedotfiles=true}], [match, .idea, wholename, {includedotfiles=true}], [match, .iml, wholename, {includedotfiles=true}], [match, **/*.pydevproject, wholename, {includedotfiles=true}], [match, .project, wholename, {includedotfiles=true}], [match, .metadata, wholename, {includedotfiles=true}], [match, **/*.tmp, wholename, {includedotfiles=true}], [match, **/*.bak, wholename, {includedotfiles=true}], [match, **/*~.nib, wholename, {includedotfiles=true}], [match, .classpath, wholename, {includedotfiles=true}], [match, .settings, wholename, {includedotfiles=true}], [match, .loadpath, wholename, {includedotfiles=true}], [match, .externalToolBuilders, wholename, {includedotfiles=true}], [match, .cproject, wholename, {includedotfiles=true}], [match, .buildpath, wholename, {includedotfiles=true}], [match, .DS_Store, wholename, {includedotfiles=true}], [match, .AppleDouble, wholename, {includedotfiles=true}], [match, .LSOverride, wholename, {includedotfiles=true}], [match, .Spotlight-V100, wholename, {includedotfiles=true}], [match, .Trashes, wholename, {includedotfiles=true}], [match, $RECYCLE.BIN, wholename, {includedotfiles=true}], [match, .*.sublime-workspace, wholename, {includedotfiles=true}]]], empty_on_fresh_instance=true, fields=[name, exists, new]}]
[2018-05-03 08:43:21.148][debug][command:null][tid:981][com.facebook.buck.io.WatchmanTransportClient] Query [query, /Users/scottjones/BuckExample, {since=c:1525269255:464:4:3023, expression=[not, [anyof, [type, d], [dirname, .idea], [dirname, .buckd], [dirname, buck-out/cache], [dirname, buck-out/.trash], [dirname, buck-out], [match, **/*.pbxproj, wholename, {includedotfiles=true}], [match, **/*.xcscheme, wholename, {includedotfiles=true}], [match, **/*.xcworkspacedata, wholename, {includedotfiles=true}], [match, **/*~, wholename, {includedotfiles=true}], [match, **/#*#, wholename, {includedotfiles=true}], [match, **/.#*, wholename, {includedotfiles=true}], [match, **/*.swo, wholename, {includedotfiles=true}], [match, **/*.swp, wholename, {includedotfiles=true}], [match, **/*.swpx, wholename, {includedotfiles=true}], [match, **/*.un~, wholename, {includedotfiles=true}], [match, **/.netrhwist, wholename, {includedotfiles=true}], [match, .idea, wholename, {includedotfiles=true}], [match, .iml, wholename, {includedotfiles=true}], [match, **/*.pydevproject, wholename, {includedotfiles=true}], [match, .project, wholename, {includedotfiles=true}], [match, .metadata, wholename, {includedotfiles=true}], [match, **/*.tmp, wholename, {includedotfiles=true}], [match, **/*.bak, wholename, {includedotfiles=true}], [match, **/*~.nib, wholename, {includedotfiles=true}], [match, .classpath, wholename, {includedotfiles=true}], [match, .settings, wholename, {includedotfiles=true}], [match, .loadpath, wholename, {includedotfiles=true}], [match, .externalToolBuilders, wholename, {includedotfiles=true}], [match, .cproject, wholename, {includedotfiles=true}], [match, .buildpath, wholename, {includedotfiles=true}], [match, .DS_Store, wholename, {includedotfiles=true}], [match, .AppleDouble, wholename, {includedotfiles=true}], [match, .LSOverride, wholename, {includedotfiles=true}], [match, .Spotlight-V100, wholename, {includedotfiles=true}], [match, .Trashes, wholename, {includedotfiles=true}], [match, $RECYCLE.BIN, wholename, {includedotfiles=true}], [match, .*.sublime-workspace, wholename, {includedotfiles=true}]]], empty_on_fresh_instance=true, fields=[name, exists, new]}] returned in 7 ms
[2018-05-03 08:43:21.148][debug][command:null][tid:981][com.facebook.buck.io.WatchmanTransportClient] Query [query, /Users/scottjones/BuckExample, {since=c:1525269255:464:4:3023, expression=[not, [anyof, [type, d], [dirname, .idea], [dirname, .buckd], [dirname, buck-out/cache], [dirname, buck-out/.trash], [dirname, buck-out], [match, **/*.pbxproj, wholename, {includedotfiles=true}], [match, **/*.xcscheme, wholename, {includedotfiles=true}], [match, **/*.xcworkspacedata, wholename, {includedotfiles=true}], [match, **/*~, wholename, {includedotfiles=true}], [match, **/#*#, wholename, {includedotfiles=true}], [match, **/.#*, wholename, {includedotfiles=true}], [match, **/*.swo, wholename, {includedotfiles=true}], [match, **/*.swp, wholename, {includedotfiles=true}], [match, **/*.swpx, wholename, {includedotfiles=true}], [match, **/*.un~, wholename, {includedotfiles=true}], [match, **/.netrhwist, wholename, {includedotfiles=true}], [match, .idea, wholename, {includedotfiles=true}], [match, .iml, wholename, {includedotfiles=true}], [match, **/*.pydevproject, wholename, {includedotfiles=true}], [match, .project, wholename, {includedotfiles=true}], [match, .metadata, wholename, {includedotfiles=true}], [match, **/*.tmp, wholename, {includedotfiles=true}], [match, **/*.bak, wholename, {includedotfiles=true}], [match, **/*~.nib, wholename, {includedotfiles=true}], [match, .classpath, wholename, {includedotfiles=true}], [match, .settings, wholename, {includedotfiles=true}], [match, .loadpath, wholename, {includedotfiles=true}], [match, .externalToolBuilders, wholename, {includedotfiles=true}], [match, .cproject, wholename, {includedotfiles=true}], [match, .buildpath, wholename, {includedotfiles=true}], [match, .DS_Store, wholename, {includedotfiles=true}], [match, .AppleDouble, wholename, {includedotfiles=true}], [match, .LSOverride, wholename, {includedotfiles=true}], [match, .Spotlight-V100, wholename, {includedotfiles=true}], [match, .Trashes, wholename, {includedotfiles=true}], [match, $RECYCLE.BIN, wholename, {includedotfiles=true}], [match, .*.sublime-workspace, wholename, {includedotfiles=true}]]], empty_on_fresh_instance=true, fields=[name, exists, new]}] returned in 7 ms
[2018-05-03 08:43:21.149][debug][command:null][tid:981][com.facebook.buck.io.WatchmanWatcher] Updating Watchman Cursor from c:1525269255:464:4:3023 to c:1525269255:464:4:3040
[2018-05-03 08:43:21.149][debug][command:null][tid:981][com.facebook.buck.io.WatchmanWatcher] Updating Watchman Cursor from c:1525269255:464:4:3023 to c:1525269255:464:4:3040
[2018-05-03 08:43:21.149][warn ][command:null][tid:981][com.facebook.buck.io.WatchmanWatcher] Posting WatchEvent: WatchmanPathEvent{cellPath=/Users/scottjones/BuckExample, kind=DELETE, path=.git/index.lock}
[2018-05-03 08:43:21.149][warn ][command:null][tid:981][com.facebook.buck.io.WatchmanWatcher] Posting WatchEvent: WatchmanPathEvent{cellPath=/Users/scottjones/BuckExample, kind=DELETE, path=.git/index.lock}
[2018-05-03 08:43:21.149][debug][command:null][tid:981][com.facebook.buck.parser.DaemonicCellState] Invalidating target for path /Users/scottjones/BuckExample/BUCK: //:AppAsset
[2018-05-03 08:43:21.149][debug][command:null][tid:981][com.facebook.buck.parser.DaemonicCellState] Invalidating target for path /Users/scottjones/BuckExample/BUCK: //:AppAsset
[2018-05-03 08:43:21.149][debug][command:null][tid:981][com.facebook.buck.parser.DaemonicCellState] Invalidating target for path /Users/scottjones/BuckExample/BUCK: //:BuckExampleApp
[2018-05-03 08:43:21.149][debug][command:null][tid:981][com.facebook.buck.parser.DaemonicCellState] Invalidating target for path /Users/scottjones/BuckExample/BUCK: //:BuckExampleApp
[2018-05-03 08:43:21.149][debug][command:null][tid:981][com.facebook.buck.parser.DaemonicCellState] Invalidating target for path /Users/scottjones/BuckExample/BUCK: //:BuckExampleAppPackage
[2018-05-03 08:43:21.149][debug][command:null][tid:981][com.facebook.buck.parser.DaemonicCellState] Invalidating target for path /Users/scottjones/BuckExample/BUCK: //:BuckExampleAppPackage
[2018-05-03 08:43:21.149][debug][command:null][tid:981][com.facebook.buck.parser.DaemonicCellState] Invalidating target for path /Users/scottjones/BuckExample/BUCK: //:BuckExampleTests
[2018-05-03 08:43:21.149][debug][command:null][tid:981][com.facebook.buck.parser.DaemonicCellState] Invalidating target for path /Users/scottjones/BuckExample/BUCK: //:BuckExampleTests
[2018-05-03 08:43:21.149][debug][command:null][tid:981][com.facebook.buck.parser.DaemonicCellState] Invalidating target for path /Users/scottjones/BuckExample/BUCK: //:BuckExample
[2018-05-03 08:43:21.149][debug][command:null][tid:981][com.facebook.buck.parser.DaemonicCellState] Invalidating target for path /Users/scottjones/BuckExample/BUCK: //:BuckExample
[2018-05-03 08:43:21.149][debug][command:null][tid:981][com.facebook.buck.parser.DaemonicCellState] Invalidating target for path /Users/scottjones/BuckExample/BUCK: //:AppResources
[2018-05-03 08:43:21.149][debug][command:null][tid:981][com.facebook.buck.parser.DaemonicCellState] Invalidating target for path /Users/scottjones/BuckExample/BUCK: //:AppResources
[2018-05-03 08:43:21.149][warn ][command:null][tid:981][com.facebook.buck.io.WatchmanWatcher] Posting WatchEvent: WatchmanPathEvent{cellPath=/Users/scottjones/BuckExample, kind=MODIFY, path=.git/index}
[2018-05-03 08:43:21.149][warn ][command:null][tid:981][com.facebook.buck.io.WatchmanWatcher] Posting WatchEvent: WatchmanPathEvent{cellPath=/Users/scottjones/BuckExample, kind=MODIFY, path=.git/index}
[2018-05-03 08:43:21.149][debug][command:null][tid:981][com.facebook.buck.io.WatchmanWatcher] Posted 2 Watchman events.
[2018-05-03 08:43:21.149][debug][command:null][tid:981][com.facebook.buck.io.WatchmanWatcher] Posted 2 Watchman events.
[2018-05-03 08:43:21.149][debug][command:null][tid:981][com.facebook.buck.io.WatchmanTransportClient] Closing Watchman transport.
[2018-05-03 08:43:21.149][debug][command:null][tid:981][com.facebook.buck.io.WatchmanTransportClient] Closing Watchman transport.
[2018-05-03 08:43:21.149][debug][command:null][tid:980][com.facebook.buck.event.listener.SuperConsoleEventBusListener] Watchman notified about file deletion: WatchmanPathEvent{cellPath=/Users/scottjones/BuckExample, kind=DELETE, path=.git/index.lock}
[2018-05-03 08:43:21.149][debug][command:null][tid:980][com.facebook.buck.event.listener.SuperConsoleEventBusListener] Watchman notified about file deletion: WatchmanPathEvent{cellPath=/Users/scottjones/BuckExample, kind=DELETE, path=.git/index.lock}
[2018-05-03 08:43:21.157][warn ][command:null][tid:979][com.facebook.buck.util.versioncontrol.DelegatingVersionControlCmdLineInterface] Mercurial is the only VCS supported for VCS stats generation, however current project (which has enabled VCS stats generation in its .buckconfig) does not appear to be a Mercurial repository: 
com.facebook.buck.util.versioncontrol.VersionControlCommandFailedException: java.io.IOException: Cannot run program "hg" (in directory "/Users/scottjones/BuckExample"): error=2, No such file or directory
[2018-05-03 08:43:21.157][warn ][command:null][tid:979][com.facebook.buck.util.versioncontrol.DelegatingVersionControlCmdLineInterface] Mercurial is the only VCS supported for VCS stats generation, however current project (which has enabled VCS stats generation in its .buckconfig) does not appear to be a Mercurial repository: 
com.facebook.buck.util.versioncontrol.VersionControlCommandFailedException: java.io.IOException: Cannot run program "hg" (in directory "/Users/scottjones/BuckExample"): error=2, No such file or directory
[2018-05-03 08:43:21.157][debug][command:null][tid:979][com.facebook.buck.util.versioncontrol.DelegatingVersionControlCmdLineInterface] Using NoOpCmdLineInterface.
[2018-05-03 08:43:21.157][debug][command:null][tid:979][com.facebook.buck.util.versioncontrol.DelegatingVersionControlCmdLineInterface] Using NoOpCmdLineInterface.
[2018-05-03 08:43:21.157][warn ][command:null][tid:979][com.facebook.buck.util.versioncontrol.VersionControlStatsGenerator] Skipping generation of version control stats as unsupported repository type.
[2018-05-03 08:43:21.157][warn ][command:null][tid:979][com.facebook.buck.util.versioncontrol.VersionControlStatsGenerator] Skipping generation of version control stats as unsupported repository type.
[2018-05-03 08:43:21.157][debug][command:null][tid:979][com.facebook.buck.util.environment.MacNetworkConfiguration] Determine network service order and extract device names
[2018-05-03 08:43:21.157][debug][command:null][tid:979][com.facebook.buck.util.environment.MacNetworkConfiguration] Determine network service order and extract device names
[2018-05-03 08:43:21.157][debug][command:null][tid:979][com.facebook.buck.util.ListeningProcessExecutor] Launching process with params ProcessExecutorParams{command=[networksetup, -listnetworkserviceorder, ]}
[2018-05-03 08:43:21.157][debug][command:null][tid:979][com.facebook.buck.util.ListeningProcessExecutor] Launching process with params ProcessExecutorParams{command=[networksetup, -listnetworkserviceorder, ]}
[2018-05-03 08:43:21.159][debug][command:7d6ec4e7-7c42-4f63-9b9c-58b6e46ef3b7][tid:975][com.facebook.buck.util.perf.ProcessTracker] shutDown
[2018-05-03 08:43:21.159][debug][command:7d6ec4e7-7c42-4f63-9b9c-58b6e46ef3b7][tid:964][com.facebook.buck.event.listener.SuperConsoleEventBusListener] Stopping render scheduler
[2018-05-03 08:43:21.159][debug][command:null][tid:974][com.google.common.util.concurrent.ServiceManager] Service PerfStatsTracking [TERMINATED] has terminated. Previous state was: STOPPING
[2018-05-03 08:43:21.159][debug][command:null][tid:974][com.google.common.util.concurrent.ServiceManager] Service PerfStatsTracking [TERMINATED] has terminated. Previous state was: STOPPING
[2018-05-03 08:43:21.159][info ][command:7d6ec4e7-7c42-4f63-9b9c-58b6e46ef3b7][tid:964][com.facebook.buck.cli.Main] Awaiting termination of PROJECT executor service. Waiting for all jobs to complete, or up to maximum of 60 seconds...
[2018-05-03 08:43:21.159][info ][command:7d6ec4e7-7c42-4f63-9b9c-58b6e46ef3b7][tid:964][com.facebook.buck.cli.Main] Successfully terminated PROJECT executor service.
[2018-05-03 08:43:21.159][debug][command:7d6ec4e7-7c42-4f63-9b9c-58b6e46ef3b7][tid:975][com.google.common.util.concurrent.ServiceManager] Service ProcessTracker [TERMINATED] has terminated. Previous state was: STOPPING
[2018-05-03 08:43:21.159][info ][command:7d6ec4e7-7c42-4f63-9b9c-58b6e46ef3b7][tid:964][com.facebook.buck.cli.Main] Awaiting termination of NETWORK executor service. Waiting for all jobs to complete, or up to maximum of 60 seconds...
[2018-05-03 08:43:21.159][info ][command:7d6ec4e7-7c42-4f63-9b9c-58b6e46ef3b7][tid:964][com.facebook.buck.cli.Main] Successfully terminated NETWORK executor service.
[2018-05-03 08:43:21.159][info ][command:7d6ec4e7-7c42-4f63-9b9c-58b6e46ef3b7][tid:964][com.facebook.buck.cli.Main] Awaiting termination of CPU executor service. Waiting for all jobs to complete, or up to maximum of 60 seconds...
[2018-05-03 08:43:21.159][info ][command:7d6ec4e7-7c42-4f63-9b9c-58b6e46ef3b7][tid:964][com.facebook.buck.cli.Main] Successfully terminated CPU executor service.
[2018-05-03 08:43:21.160][info ][command:7d6ec4e7-7c42-4f63-9b9c-58b6e46ef3b7][tid:964][com.facebook.buck.cli.Main] Awaiting termination of ScheduledExecutorService executor service. Waiting for all jobs to complete, or up to maximum of 60 seconds...
[2018-05-03 08:43:21.160][info ][command:7d6ec4e7-7c42-4f63-9b9c-58b6e46ef3b7][tid:964][com.facebook.buck.cli.Main] Successfully terminated ScheduledExecutorService executor service.
[2018-05-03 08:43:21.160][info ][command:7d6ec4e7-7c42-4f63-9b9c-58b6e46ef3b7][tid:964][com.facebook.buck.cli.Main] Awaiting termination of CounterAggregatorExecutor executor service. Waiting for all jobs to complete, or up to maximum of 20 seconds...
[2018-05-03 08:43:21.160][info ][command:7d6ec4e7-7c42-4f63-9b9c-58b6e46ef3b7][tid:964][com.facebook.buck.cli.Main] Successfully terminated CounterAggregatorExecutor executor service.
[2018-05-03 08:43:21.160][info ][command:7d6ec4e7-7c42-4f63-9b9c-58b6e46ef3b7][tid:964][com.facebook.buck.cli.Main] Awaiting termination of HTTP Read executor service. Waiting for all jobs to complete, or up to maximum of 1800 seconds...
[2018-05-03 08:43:21.160][info ][command:7d6ec4e7-7c42-4f63-9b9c-58b6e46ef3b7][tid:964][com.facebook.buck.cli.Main] Successfully terminated HTTP Read executor service.
[2018-05-03 08:43:21.160][info ][command:7d6ec4e7-7c42-4f63-9b9c-58b6e46ef3b7][tid:964][com.facebook.buck.cli.Main] Awaiting termination of Download Heavy Build HTTP Read executor service. Waiting for all jobs to complete, or up to maximum of 1800 seconds...
[2018-05-03 08:43:21.160][info ][command:7d6ec4e7-7c42-4f63-9b9c-58b6e46ef3b7][tid:964][com.facebook.buck.cli.Main] Successfully terminated Download Heavy Build HTTP Read executor service.
[2018-05-03 08:43:21.160][info ][command:7d6ec4e7-7c42-4f63-9b9c-58b6e46ef3b7][tid:964][com.facebook.buck.cli.Main] Awaiting termination of HTTP Write executor service. Waiting for all jobs to complete, or up to maximum of 1800 seconds...
[2018-05-03 08:43:21.160][info ][command:7d6ec4e7-7c42-4f63-9b9c-58b6e46ef3b7][tid:964][com.facebook.buck.cli.Main] Successfully terminated HTTP Write executor service.
[2018-05-03 08:43:21.160][info ][command:7d6ec4e7-7c42-4f63-9b9c-58b6e46ef3b7][tid:964][com.facebook.buck.cli.Main] Awaiting termination of Disk IO executor service. Waiting for all jobs to complete, or up to maximum of 10 seconds...
[2018-05-03 08:43:21.161][debug][command:null][tid:979][com.facebook.buck.util.ListeningProcessExecutor] Successfully launched process com.zaxxer.nuprocess.osx.OsxProcess@2982c039
[2018-05-03 08:43:21.161][debug][command:null][tid:979][com.facebook.buck.util.ListeningProcessExecutor] Successfully launched process com.zaxxer.nuprocess.osx.OsxProcess@2982c039
[2018-05-03 08:43:21.161][debug][command:null][tid:979][com.facebook.buck.util.ListeningProcessExecutor] Waiting for process com.facebook.buck.util.ListeningProcessExecutor$LaunchedProcessImpl@2dbd41d1 timeout 1000 MILLISECONDS
[2018-05-03 08:43:21.161][debug][command:null][tid:979][com.facebook.buck.util.ListeningProcessExecutor] Waiting for process com.facebook.buck.util.ListeningProcessExecutor$LaunchedProcessImpl@2dbd41d1 timeout 1000 MILLISECONDS
[2018-05-03 08:43:21.257][debug][command:null][tid:979][com.facebook.buck.util.ListeningProcessExecutor] Wait for process returned 0
[2018-05-03 08:43:21.257][debug][command:null][tid:979][com.facebook.buck.util.ListeningProcessExecutor] Wait for process returned 0
[2018-05-03 08:43:21.257][debug][command:null][tid:979][com.facebook.buck.util.ListeningProcessExecutor] Destroying process com.facebook.buck.util.ListeningProcessExecutor$LaunchedProcessImpl@2dbd41d1 (force true)
[2018-05-03 08:43:21.257][debug][command:null][tid:979][com.facebook.buck.util.ListeningProcessExecutor] Destroying process com.facebook.buck.util.ListeningProcessExecutor$LaunchedProcessImpl@2dbd41d1 (force true)
[2018-05-03 08:43:21.257][debug][command:null][tid:979][com.facebook.buck.util.environment.MacNetworkConfiguration] Determine active state of media for device
[2018-05-03 08:43:21.257][debug][command:null][tid:979][com.facebook.buck.util.environment.MacNetworkConfiguration] Determine active state of media for device
[2018-05-03 08:43:21.258][debug][command:null][tid:979][com.facebook.buck.util.ListeningProcessExecutor] Launching process with params ProcessExecutorParams{command=[networksetup, -getMedia, lpss-serial1]}
[2018-05-03 08:43:21.258][debug][command:null][tid:979][com.facebook.buck.util.ListeningProcessExecutor] Launching process with params ProcessExecutorParams{command=[networksetup, -getMedia, lpss-serial1]}
[2018-05-03 08:43:21.259][debug][command:null][tid:979][com.facebook.buck.util.ListeningProcessExecutor] Successfully launched process com.zaxxer.nuprocess.osx.OsxProcess@68bfca02
[2018-05-03 08:43:21.259][debug][command:null][tid:979][com.facebook.buck.util.ListeningProcessExecutor] Successfully launched process com.zaxxer.nuprocess.osx.OsxProcess@68bfca02
[2018-05-03 08:43:21.259][debug][command:null][tid:979][com.facebook.buck.util.ListeningProcessExecutor] Waiting for process com.facebook.buck.util.ListeningProcessExecutor$LaunchedProcessImpl@6621f596 timeout 1000 MILLISECONDS
[2018-05-03 08:43:21.259][debug][command:null][tid:979][com.facebook.buck.util.ListeningProcessExecutor] Waiting for process com.facebook.buck.util.ListeningProcessExecutor$LaunchedProcessImpl@6621f596 timeout 1000 MILLISECONDS
[2018-05-03 08:43:21.291][debug][command:null][tid:979][com.facebook.buck.util.ListeningProcessExecutor] Wait for process returned 4
[2018-05-03 08:43:21.291][debug][command:null][tid:979][com.facebook.buck.util.ListeningProcessExecutor] Wait for process returned 4
[2018-05-03 08:43:21.291][debug][command:null][tid:979][com.facebook.buck.util.ListeningProcessExecutor] Destroying process com.facebook.buck.util.ListeningProcessExecutor$LaunchedProcessImpl@6621f596 (force true)
[2018-05-03 08:43:21.291][debug][command:null][tid:979][com.facebook.buck.util.ListeningProcessExecutor] Destroying process com.facebook.buck.util.ListeningProcessExecutor$LaunchedProcessImpl@6621f596 (force true)
[2018-05-03 08:43:21.291][debug][command:null][tid:979][com.facebook.buck.util.environment.MacNetworkConfiguration] Determine active state of media for device
[2018-05-03 08:43:21.291][debug][command:null][tid:979][com.facebook.buck.util.environment.MacNetworkConfiguration] Determine active state of media for device
[2018-05-03 08:43:21.291][debug][command:null][tid:979][com.facebook.buck.util.ListeningProcessExecutor] Launching process with params ProcessExecutorParams{command=[networksetup, -getMedia, lpss-serial2]}
[2018-05-03 08:43:21.291][debug][command:null][tid:979][com.facebook.buck.util.ListeningProcessExecutor] Launching process with params ProcessExecutorParams{command=[networksetup, -getMedia, lpss-serial2]}
[2018-05-03 08:43:21.292][debug][command:null][tid:979][com.facebook.buck.util.ListeningProcessExecutor] Successfully launched process com.zaxxer.nuprocess.osx.OsxProcess@599d6263
[2018-05-03 08:43:21.292][debug][command:null][tid:979][com.facebook.buck.util.ListeningProcessExecutor] Successfully launched process com.zaxxer.nuprocess.osx.OsxProcess@599d6263
[2018-05-03 08:43:21.292][debug][command:null][tid:979][com.facebook.buck.util.ListeningProcessExecutor] Waiting for process com.facebook.buck.util.ListeningProcessExecutor$LaunchedProcessImpl@1ee90348 timeout 1000 MILLISECONDS
[2018-05-03 08:43:21.292][debug][command:null][tid:979][com.facebook.buck.util.ListeningProcessExecutor] Waiting for process com.facebook.buck.util.ListeningProcessExecutor$LaunchedProcessImpl@1ee90348 timeout 1000 MILLISECONDS
[2018-05-03 08:43:21.322][debug][command:null][tid:979][com.facebook.buck.util.ListeningProcessExecutor] Wait for process returned 4
[2018-05-03 08:43:21.322][debug][command:null][tid:979][com.facebook.buck.util.ListeningProcessExecutor] Wait for process returned 4
[2018-05-03 08:43:21.322][debug][command:null][tid:979][com.facebook.buck.util.ListeningProcessExecutor] Destroying process com.facebook.buck.util.ListeningProcessExecutor$LaunchedProcessImpl@1ee90348 (force true)
[2018-05-03 08:43:21.322][debug][command:null][tid:979][com.facebook.buck.util.ListeningProcessExecutor] Destroying process com.facebook.buck.util.ListeningProcessExecutor$LaunchedProcessImpl@1ee90348 (force true)
[2018-05-03 08:43:21.322][debug][command:null][tid:979][com.facebook.buck.util.environment.MacNetworkConfiguration] Determine active state of media for device
[2018-05-03 08:43:21.322][debug][command:null][tid:979][com.facebook.buck.util.environment.MacNetworkConfiguration] Determine active state of media for device
[2018-05-03 08:43:21.322][debug][command:null][tid:979][com.facebook.buck.util.ListeningProcessExecutor] Launching process with params ProcessExecutorParams{command=[networksetup, -getMedia, en26]}
[2018-05-03 08:43:21.322][debug][command:null][tid:979][com.facebook.buck.util.ListeningProcessExecutor] Launching process with params ProcessExecutorParams{command=[networksetup, -getMedia, en26]}
[2018-05-03 08:43:21.323][debug][command:null][tid:979][com.facebook.buck.util.ListeningProcessExecutor] Successfully launched process com.zaxxer.nuprocess.osx.OsxProcess@890354d
[2018-05-03 08:43:21.323][debug][command:null][tid:979][com.facebook.buck.util.ListeningProcessExecutor] Successfully launched process com.zaxxer.nuprocess.osx.OsxProcess@890354d
[2018-05-03 08:43:21.323][debug][command:null][tid:979][com.facebook.buck.util.ListeningProcessExecutor] Waiting for process com.facebook.buck.util.ListeningProcessExecutor$LaunchedProcessImpl@61f4ec8c timeout 1000 MILLISECONDS
[2018-05-03 08:43:21.323][debug][command:null][tid:979][com.facebook.buck.util.ListeningProcessExecutor] Waiting for process com.facebook.buck.util.ListeningProcessExecutor$LaunchedProcessImpl@61f4ec8c timeout 1000 MILLISECONDS
[2018-05-03 08:43:21.353][debug][command:null][tid:979][com.facebook.buck.util.ListeningProcessExecutor] Wait for process returned 4
[2018-05-03 08:43:21.353][debug][command:null][tid:979][com.facebook.buck.util.ListeningProcessExecutor] Wait for process returned 4
[2018-05-03 08:43:21.353][debug][command:null][tid:979][com.facebook.buck.util.ListeningProcessExecutor] Destroying process com.facebook.buck.util.ListeningProcessExecutor$LaunchedProcessImpl@61f4ec8c (force true)
[2018-05-03 08:43:21.353][debug][command:null][tid:979][com.facebook.buck.util.ListeningProcessExecutor] Destroying process com.facebook.buck.util.ListeningProcessExecutor$LaunchedProcessImpl@61f4ec8c (force true)
[2018-05-03 08:43:21.353][debug][command:null][tid:979][com.facebook.buck.util.environment.MacNetworkConfiguration] Determine active state of media for device
[2018-05-03 08:43:21.353][debug][command:null][tid:979][com.facebook.buck.util.environment.MacNetworkConfiguration] Determine active state of media for device
[2018-05-03 08:43:21.353][debug][command:null][tid:979][com.facebook.buck.util.ListeningProcessExecutor] Launching process with params ProcessExecutorParams{command=[networksetup, -getMedia, en25]}
[2018-05-03 08:43:21.353][debug][command:null][tid:979][com.facebook.buck.util.ListeningProcessExecutor] Launching process with params ProcessExecutorParams{command=[networksetup, -getMedia, en25]}
[2018-05-03 08:43:21.354][debug][command:null][tid:979][com.facebook.buck.util.ListeningProcessExecutor] Successfully launched process com.zaxxer.nuprocess.osx.OsxProcess@534814ab
[2018-05-03 08:43:21.354][debug][command:null][tid:979][com.facebook.buck.util.ListeningProcessExecutor] Successfully launched process com.zaxxer.nuprocess.osx.OsxProcess@534814ab
[2018-05-03 08:43:21.354][debug][command:null][tid:979][com.facebook.buck.util.ListeningProcessExecutor] Waiting for process com.facebook.buck.util.ListeningProcessExecutor$LaunchedProcessImpl@5edaec9 timeout 1000 MILLISECONDS
[2018-05-03 08:43:21.354][debug][command:null][tid:979][com.facebook.buck.util.ListeningProcessExecutor] Waiting for process com.facebook.buck.util.ListeningProcessExecutor$LaunchedProcessImpl@5edaec9 timeout 1000 MILLISECONDS
[2018-05-03 08:43:21.384][debug][command:null][tid:979][com.facebook.buck.util.ListeningProcessExecutor] Wait for process returned 4
[2018-05-03 08:43:21.384][debug][command:null][tid:979][com.facebook.buck.util.ListeningProcessExecutor] Wait for process returned 4
[2018-05-03 08:43:21.384][debug][command:null][tid:979][com.facebook.buck.util.ListeningProcessExecutor] Destroying process com.facebook.buck.util.ListeningProcessExecutor$LaunchedProcessImpl@5edaec9 (force true)
[2018-05-03 08:43:21.384][debug][command:null][tid:979][com.facebook.buck.util.ListeningProcessExecutor] Destroying process com.facebook.buck.util.ListeningProcessExecutor$LaunchedProcessImpl@5edaec9 (force true)
[2018-05-03 08:43:21.384][debug][command:null][tid:979][com.facebook.buck.util.environment.MacNetworkConfiguration] Determine active state of media for device
[2018-05-03 08:43:21.384][debug][command:null][tid:979][com.facebook.buck.util.environment.MacNetworkConfiguration] Determine active state of media for device
[2018-05-03 08:43:21.384][debug][command:null][tid:979][com.facebook.buck.util.ListeningProcessExecutor] Launching process with params ProcessExecutorParams{command=[networksetup, -getMedia, en24]}
[2018-05-03 08:43:21.384][debug][command:null][tid:979][com.facebook.buck.util.ListeningProcessExecutor] Launching process with params ProcessExecutorParams{command=[networksetup, -getMedia, en24]}
[2018-05-03 08:43:21.385][debug][command:null][tid:979][com.facebook.buck.util.ListeningProcessExecutor] Successfully launched process com.zaxxer.nuprocess.osx.OsxProcess@cdec964
[2018-05-03 08:43:21.385][debug][command:null][tid:979][com.facebook.buck.util.ListeningProcessExecutor] Successfully launched process com.zaxxer.nuprocess.osx.OsxProcess@cdec964
[2018-05-03 08:43:21.385][debug][command:null][tid:979][com.facebook.buck.util.ListeningProcessExecutor] Waiting for process com.facebook.buck.util.ListeningProcessExecutor$LaunchedProcessImpl@4a88d4ff timeout 1000 MILLISECONDS
[2018-05-03 08:43:21.385][debug][command:null][tid:979][com.facebook.buck.util.ListeningProcessExecutor] Waiting for process com.facebook.buck.util.ListeningProcessExecutor$LaunchedProcessImpl@4a88d4ff timeout 1000 MILLISECONDS
[2018-05-03 08:43:21.414][debug][command:null][tid:979][com.facebook.buck.util.ListeningProcessExecutor] Wait for process returned 4
[2018-05-03 08:43:21.414][debug][command:null][tid:979][com.facebook.buck.util.ListeningProcessExecutor] Wait for process returned 4
[2018-05-03 08:43:21.414][debug][command:null][tid:979][com.facebook.buck.util.ListeningProcessExecutor] Destroying process com.facebook.buck.util.ListeningProcessExecutor$LaunchedProcessImpl@4a88d4ff (force true)
[2018-05-03 08:43:21.414][debug][command:null][tid:979][com.facebook.buck.util.ListeningProcessExecutor] Destroying process com.facebook.buck.util.ListeningProcessExecutor$LaunchedProcessImpl@4a88d4ff (force true)
[2018-05-03 08:43:21.414][debug][command:null][tid:979][com.facebook.buck.util.environment.MacNetworkConfiguration] Determine active state of media for device
[2018-05-03 08:43:21.414][debug][command:null][tid:979][com.facebook.buck.util.environment.MacNetworkConfiguration] Determine active state of media for device
[2018-05-03 08:43:21.414][debug][command:null][tid:979][com.facebook.buck.util.ListeningProcessExecutor] Launching process with params ProcessExecutorParams{command=[networksetup, -getMedia, en23]}
[2018-05-03 08:43:21.414][debug][command:null][tid:979][com.facebook.buck.util.ListeningProcessExecutor] Launching process with params ProcessExecutorParams{command=[networksetup, -getMedia, en23]}
[2018-05-03 08:43:21.415][debug][command:null][tid:979][com.facebook.buck.util.ListeningProcessExecutor] Successfully launched process com.zaxxer.nuprocess.osx.OsxProcess@59766c49
[2018-05-03 08:43:21.415][debug][command:null][tid:979][com.facebook.buck.util.ListeningProcessExecutor] Successfully launched process com.zaxxer.nuprocess.osx.OsxProcess@59766c49
[2018-05-03 08:43:21.415][debug][command:null][tid:979][com.facebook.buck.util.ListeningProcessExecutor] Waiting for process com.facebook.buck.util.ListeningProcessExecutor$LaunchedProcessImpl@31850a48 timeout 1000 MILLISECONDS
[2018-05-03 08:43:21.415][debug][command:null][tid:979][com.facebook.buck.util.ListeningProcessExecutor] Waiting for process com.facebook.buck.util.ListeningProcessExecutor$LaunchedProcessImpl@31850a48 timeout 1000 MILLISECONDS
[2018-05-03 08:43:21.445][debug][command:null][tid:979][com.facebook.buck.util.ListeningProcessExecutor] Wait for process returned 4
[2018-05-03 08:43:21.445][debug][command:null][tid:979][com.facebook.buck.util.ListeningProcessExecutor] Wait for process returned 4
[2018-05-03 08:43:21.445][debug][command:null][tid:979][com.facebook.buck.util.ListeningProcessExecutor] Destroying process com.facebook.buck.util.ListeningProcessExecutor$LaunchedProcessImpl@31850a48 (force true)
[2018-05-03 08:43:21.445][debug][command:null][tid:979][com.facebook.buck.util.ListeningProcessExecutor] Destroying process com.facebook.buck.util.ListeningProcessExecutor$LaunchedProcessImpl@31850a48 (force true)
[2018-05-03 08:43:21.445][debug][command:null][tid:979][com.facebook.buck.util.environment.MacNetworkConfiguration] Determine active state of media for device
[2018-05-03 08:43:21.445][debug][command:null][tid:979][com.facebook.buck.util.environment.MacNetworkConfiguration] Determine active state of media for device
[2018-05-03 08:43:21.445][debug][command:null][tid:979][com.facebook.buck.util.ListeningProcessExecutor] Launching process with params ProcessExecutorParams{command=[networksetup, -getMedia, en21]}
[2018-05-03 08:43:21.445][debug][command:null][tid:979][com.facebook.buck.util.ListeningProcessExecutor] Launching process with params ProcessExecutorParams{command=[networksetup, -getMedia, en21]}
[2018-05-03 08:43:21.446][debug][command:null][tid:979][com.facebook.buck.util.ListeningProcessExecutor] Successfully launched process com.zaxxer.nuprocess.osx.OsxProcess@4bea60f5
[2018-05-03 08:43:21.446][debug][command:null][tid:979][com.facebook.buck.util.ListeningProcessExecutor] Successfully launched process com.zaxxer.nuprocess.osx.OsxProcess@4bea60f5
[2018-05-03 08:43:21.446][debug][command:null][tid:979][com.facebook.buck.util.ListeningProcessExecutor] Waiting for process com.facebook.buck.util.ListeningProcessExecutor$LaunchedProcessImpl@47496a5b timeout 1000 MILLISECONDS
[2018-05-03 08:43:21.446][debug][command:null][tid:979][com.facebook.buck.util.ListeningProcessExecutor] Waiting for process com.facebook.buck.util.ListeningProcessExecutor$LaunchedProcessImpl@47496a5b timeout 1000 MILLISECONDS
[2018-05-03 08:43:21.475][debug][command:null][tid:979][com.facebook.buck.util.ListeningProcessExecutor] Wait for process returned 4
[2018-05-03 08:43:21.475][debug][command:null][tid:979][com.facebook.buck.util.ListeningProcessExecutor] Wait for process returned 4
[2018-05-03 08:43:21.475][debug][command:null][tid:979][com.facebook.buck.util.ListeningProcessExecutor] Destroying process com.facebook.buck.util.ListeningProcessExecutor$LaunchedProcessImpl@47496a5b (force true)
[2018-05-03 08:43:21.475][debug][command:null][tid:979][com.facebook.buck.util.ListeningProcessExecutor] Destroying process com.facebook.buck.util.ListeningProcessExecutor$LaunchedProcessImpl@47496a5b (force true)
[2018-05-03 08:43:21.475][debug][command:null][tid:979][com.facebook.buck.util.environment.MacNetworkConfiguration] Determine active state of media for device
[2018-05-03 08:43:21.475][debug][command:null][tid:979][com.facebook.buck.util.environment.MacNetworkConfiguration] Determine active state of media for device
[2018-05-03 08:43:21.475][debug][command:null][tid:979][com.facebook.buck.util.ListeningProcessExecutor] Launching process with params ProcessExecutorParams{command=[networksetup, -getMedia, en20]}
[2018-05-03 08:43:21.475][debug][command:null][tid:979][com.facebook.buck.util.ListeningProcessExecutor] Launching process with params ProcessExecutorParams{command=[networksetup, -getMedia, en20]}
[2018-05-03 08:43:21.476][debug][command:null][tid:979][com.facebook.buck.util.ListeningProcessExecutor] Successfully launched process com.zaxxer.nuprocess.osx.OsxProcess@2d3742df
[2018-05-03 08:43:21.476][debug][command:null][tid:979][com.facebook.buck.util.ListeningProcessExecutor] Successfully launched process com.zaxxer.nuprocess.osx.OsxProcess@2d3742df
[2018-05-03 08:43:21.476][debug][command:null][tid:979][com.facebook.buck.util.ListeningProcessExecutor] Waiting for process com.facebook.buck.util.ListeningProcessExecutor$LaunchedProcessImpl@3479ca7b timeout 1000 MILLISECONDS
[2018-05-03 08:43:21.476][debug][command:null][tid:979][com.facebook.buck.util.ListeningProcessExecutor] Waiting for process com.facebook.buck.util.ListeningProcessExecutor$LaunchedProcessImpl@3479ca7b timeout 1000 MILLISECONDS
[2018-05-03 08:43:21.508][debug][command:null][tid:979][com.facebook.buck.util.ListeningProcessExecutor] Wait for process returned 4
[2018-05-03 08:43:21.508][debug][command:null][tid:979][com.facebook.buck.util.ListeningProcessExecutor] Wait for process returned 4
[2018-05-03 08:43:21.508][debug][command:null][tid:979][com.facebook.buck.util.ListeningProcessExecutor] Destroying process com.facebook.buck.util.ListeningProcessExecutor$LaunchedProcessImpl@3479ca7b (force true)
[2018-05-03 08:43:21.508][debug][command:null][tid:979][com.facebook.buck.util.ListeningProcessExecutor] Destroying process com.facebook.buck.util.ListeningProcessExecutor$LaunchedProcessImpl@3479ca7b (force true)
[2018-05-03 08:43:21.508][debug][command:null][tid:979][com.facebook.buck.util.environment.MacNetworkConfiguration] Determine active state of media for device
[2018-05-03 08:43:21.508][debug][command:null][tid:979][com.facebook.buck.util.environment.MacNetworkConfiguration] Determine active state of media for device
[2018-05-03 08:43:21.508][debug][command:null][tid:979][com.facebook.buck.util.ListeningProcessExecutor] Launching process with params ProcessExecutorParams{command=[networksetup, -getMedia, en19]}
[2018-05-03 08:43:21.508][debug][command:null][tid:979][com.facebook.buck.util.ListeningProcessExecutor] Launching process with params ProcessExecutorParams{command=[networksetup, -getMedia, en19]}
[2018-05-03 08:43:21.518][debug][command:null][tid:979][com.facebook.buck.util.ListeningProcessExecutor] Successfully launched process com.zaxxer.nuprocess.osx.OsxProcess@2c8ce9c9
[2018-05-03 08:43:21.518][debug][command:null][tid:979][com.facebook.buck.util.ListeningProcessExecutor] Successfully launched process com.zaxxer.nuprocess.osx.OsxProcess@2c8ce9c9
[2018-05-03 08:43:21.518][debug][command:null][tid:979][com.facebook.buck.util.ListeningProcessExecutor] Waiting for process com.facebook.buck.util.ListeningProcessExecutor$LaunchedProcessImpl@201b45b1 timeout 1000 MILLISECONDS
[2018-05-03 08:43:21.518][debug][command:null][tid:979][com.facebook.buck.util.ListeningProcessExecutor] Waiting for process com.facebook.buck.util.ListeningProcessExecutor$LaunchedProcessImpl@201b45b1 timeout 1000 MILLISECONDS
[2018-05-03 08:43:21.552][debug][command:null][tid:979][com.facebook.buck.util.ListeningProcessExecutor] Wait for process returned 4
[2018-05-03 08:43:21.552][debug][command:null][tid:979][com.facebook.buck.util.ListeningProcessExecutor] Wait for process returned 4
[2018-05-03 08:43:21.552][debug][command:null][tid:979][com.facebook.buck.util.ListeningProcessExecutor] Destroying process com.facebook.buck.util.ListeningProcessExecutor$LaunchedProcessImpl@201b45b1 (force true)
[2018-05-03 08:43:21.552][debug][command:null][tid:979][com.facebook.buck.util.ListeningProcessExecutor] Destroying process com.facebook.buck.util.ListeningProcessExecutor$LaunchedProcessImpl@201b45b1 (force true)
[2018-05-03 08:43:21.552][debug][command:null][tid:979][com.facebook.buck.util.environment.MacNetworkConfiguration] Determine active state of media for device
[2018-05-03 08:43:21.552][debug][command:null][tid:979][com.facebook.buck.util.environment.MacNetworkConfiguration] Determine active state of media for device
[2018-05-03 08:43:21.552][debug][command:null][tid:979][com.facebook.buck.util.ListeningProcessExecutor] Launching process with params ProcessExecutorParams{command=[networksetup, -getMedia, en18]}
[2018-05-03 08:43:21.552][debug][command:null][tid:979][com.facebook.buck.util.ListeningProcessExecutor] Launching process with params ProcessExecutorParams{command=[networksetup, -getMedia, en18]}
[2018-05-03 08:43:21.553][debug][command:null][tid:979][com.facebook.buck.util.ListeningProcessExecutor] Successfully launched process com.zaxxer.nuprocess.osx.OsxProcess@372dcad7
[2018-05-03 08:43:21.553][debug][command:null][tid:979][com.facebook.buck.util.ListeningProcessExecutor] Successfully launched process com.zaxxer.nuprocess.osx.OsxProcess@372dcad7
[2018-05-03 08:43:21.553][debug][command:null][tid:979][com.facebook.buck.util.ListeningProcessExecutor] Waiting for process com.facebook.buck.util.ListeningProcessExecutor$LaunchedProcessImpl@4dfde45b timeout 1000 MILLISECONDS
[2018-05-03 08:43:21.553][debug][command:null][tid:979][com.facebook.buck.util.ListeningProcessExecutor] Waiting for process com.facebook.buck.util.ListeningProcessExecutor$LaunchedProcessImpl@4dfde45b timeout 1000 MILLISECONDS
[2018-05-03 08:43:21.590][debug][command:null][tid:979][com.facebook.buck.util.ListeningProcessExecutor] Wait for process returned 4
[2018-05-03 08:43:21.590][debug][command:null][tid:979][com.facebook.buck.util.ListeningProcessExecutor] Wait for process returned 4
[2018-05-03 08:43:21.590][debug][command:null][tid:979][com.facebook.buck.util.ListeningProcessExecutor] Destroying process com.facebook.buck.util.ListeningProcessExecutor$LaunchedProcessImpl@4dfde45b (force true)
[2018-05-03 08:43:21.590][debug][command:null][tid:979][com.facebook.buck.util.ListeningProcessExecutor] Destroying process com.facebook.buck.util.ListeningProcessExecutor$LaunchedProcessImpl@4dfde45b (force true)
[2018-05-03 08:43:21.590][debug][command:null][tid:979][com.facebook.buck.util.environment.MacNetworkConfiguration] Determine active state of media for device
[2018-05-03 08:43:21.590][debug][command:null][tid:979][com.facebook.buck.util.environment.MacNetworkConfiguration] Determine active state of media for device
[2018-05-03 08:43:21.590][debug][command:null][tid:979][com.facebook.buck.util.ListeningProcessExecutor] Launching process with params ProcessExecutorParams{command=[networksetup, -getMedia, en17]}
[2018-05-03 08:43:21.590][debug][command:null][tid:979][com.facebook.buck.util.ListeningProcessExecutor] Launching process with params ProcessExecutorParams{command=[networksetup, -getMedia, en17]}
[2018-05-03 08:43:21.591][debug][command:null][tid:979][com.facebook.buck.util.ListeningProcessExecutor] Successfully launched process com.zaxxer.nuprocess.osx.OsxProcess@6748e8c
[2018-05-03 08:43:21.591][debug][command:null][tid:979][com.facebook.buck.util.ListeningProcessExecutor] Successfully launched process com.zaxxer.nuprocess.osx.OsxProcess@6748e8c
[2018-05-03 08:43:21.591][debug][command:null][tid:979][com.facebook.buck.util.ListeningProcessExecutor] Waiting for process com.facebook.buck.util.ListeningProcessExecutor$LaunchedProcessImpl@7c38753e timeout 1000 MILLISECONDS
[2018-05-03 08:43:21.591][debug][command:null][tid:979][com.facebook.buck.util.ListeningProcessExecutor] Waiting for process com.facebook.buck.util.ListeningProcessExecutor$LaunchedProcessImpl@7c38753e timeout 1000 MILLISECONDS
[2018-05-03 08:43:21.621][debug][command:null][tid:979][com.facebook.buck.util.ListeningProcessExecutor] Wait for process returned 4
[2018-05-03 08:43:21.621][debug][command:null][tid:979][com.facebook.buck.util.ListeningProcessExecutor] Wait for process returned 4
[2018-05-03 08:43:21.622][debug][command:null][tid:979][com.facebook.buck.util.ListeningProcessExecutor] Destroying process com.facebook.buck.util.ListeningProcessExecutor$LaunchedProcessImpl@7c38753e (force true)
[2018-05-03 08:43:21.622][debug][command:null][tid:979][com.facebook.buck.util.ListeningProcessExecutor] Destroying process com.facebook.buck.util.ListeningProcessExecutor$LaunchedProcessImpl@7c38753e (force true)
[2018-05-03 08:43:21.622][debug][command:null][tid:979][com.facebook.buck.util.environment.MacNetworkConfiguration] Determine active state of media for device
[2018-05-03 08:43:21.622][debug][command:null][tid:979][com.facebook.buck.util.environment.MacNetworkConfiguration] Determine active state of media for device
[2018-05-03 08:43:21.622][debug][command:null][tid:979][com.facebook.buck.util.ListeningProcessExecutor] Launching process with params ProcessExecutorParams{command=[networksetup, -getMedia, en16]}
[2018-05-03 08:43:21.622][debug][command:null][tid:979][com.facebook.buck.util.ListeningProcessExecutor] Launching process with params ProcessExecutorParams{command=[networksetup, -getMedia, en16]}
[2018-05-03 08:43:21.623][debug][command:null][tid:979][com.facebook.buck.util.ListeningProcessExecutor] Successfully launched process com.zaxxer.nuprocess.osx.OsxProcess@259a731c
[2018-05-03 08:43:21.623][debug][command:null][tid:979][com.facebook.buck.util.ListeningProcessExecutor] Successfully launched process com.zaxxer.nuprocess.osx.OsxProcess@259a731c
[2018-05-03 08:43:21.623][debug][command:null][tid:979][com.facebook.buck.util.ListeningProcessExecutor] Waiting for process com.facebook.buck.util.ListeningProcessExecutor$LaunchedProcessImpl@7e784c8 timeout 1000 MILLISECONDS
[2018-05-03 08:43:21.623][debug][command:null][tid:979][com.facebook.buck.util.ListeningProcessExecutor] Waiting for process com.facebook.buck.util.ListeningProcessExecutor$LaunchedProcessImpl@7e784c8 timeout 1000 MILLISECONDS
[2018-05-03 08:43:21.652][debug][command:null][tid:979][com.facebook.buck.util.ListeningProcessExecutor] Wait for process returned 4
[2018-05-03 08:43:21.652][debug][command:null][tid:979][com.facebook.buck.util.ListeningProcessExecutor] Wait for process returned 4
[2018-05-03 08:43:21.652][debug][command:null][tid:979][com.facebook.buck.util.ListeningProcessExecutor] Destroying process com.facebook.buck.util.ListeningProcessExecutor$LaunchedProcessImpl@7e784c8 (force true)
[2018-05-03 08:43:21.652][debug][command:null][tid:979][com.facebook.buck.util.ListeningProcessExecutor] Destroying process com.facebook.buck.util.ListeningProcessExecutor$LaunchedProcessImpl@7e784c8 (force true)
[2018-05-03 08:43:21.652][debug][command:null][tid:979][com.facebook.buck.util.environment.MacNetworkConfiguration] Determine active state of media for device
[2018-05-03 08:43:21.652][debug][command:null][tid:979][com.facebook.buck.util.environment.MacNetworkConfiguration] Determine active state of media for device
[2018-05-03 08:43:21.652][debug][command:null][tid:979][com.facebook.buck.util.ListeningProcessExecutor] Launching process with params ProcessExecutorParams{command=[networksetup, -getMedia, en15]}
[2018-05-03 08:43:21.652][debug][command:null][tid:979][com.facebook.buck.util.ListeningProcessExecutor] Launching process with params ProcessExecutorParams{command=[networksetup, -getMedia, en15]}
[2018-05-03 08:43:21.653][debug][command:null][tid:979][com.facebook.buck.util.ListeningProcessExecutor] Successfully launched process com.zaxxer.nuprocess.osx.OsxProcess@25456a56
[2018-05-03 08:43:21.653][debug][command:null][tid:979][com.facebook.buck.util.ListeningProcessExecutor] Successfully launched process com.zaxxer.nuprocess.osx.OsxProcess@25456a56
[2018-05-03 08:43:21.653][debug][command:null][tid:979][com.facebook.buck.util.ListeningProcessExecutor] Waiting for process com.facebook.buck.util.ListeningProcessExecutor$LaunchedProcessImpl@1a6b6a45 timeout 1000 MILLISECONDS
[2018-05-03 08:43:21.653][debug][command:null][tid:979][com.facebook.buck.util.ListeningProcessExecutor] Waiting for process com.facebook.buck.util.ListeningProcessExecutor$LaunchedProcessImpl@1a6b6a45 timeout 1000 MILLISECONDS
[2018-05-03 08:43:21.682][debug][command:null][tid:979][com.facebook.buck.util.ListeningProcessExecutor] Wait for process returned 4
[2018-05-03 08:43:21.682][debug][command:null][tid:979][com.facebook.buck.util.ListeningProcessExecutor] Wait for process returned 4
[2018-05-03 08:43:21.682][debug][command:null][tid:979][com.facebook.buck.util.ListeningProcessExecutor] Destroying process com.facebook.buck.util.ListeningProcessExecutor$LaunchedProcessImpl@1a6b6a45 (force true)
[2018-05-03 08:43:21.682][debug][command:null][tid:979][com.facebook.buck.util.ListeningProcessExecutor] Destroying process com.facebook.buck.util.ListeningProcessExecutor$LaunchedProcessImpl@1a6b6a45 (force true)
[2018-05-03 08:43:21.682][debug][command:null][tid:979][com.facebook.buck.util.environment.MacNetworkConfiguration] Determine active state of media for device
[2018-05-03 08:43:21.682][debug][command:null][tid:979][com.facebook.buck.util.environment.MacNetworkConfiguration] Determine active state of media for device
[2018-05-03 08:43:21.682][debug][command:null][tid:979][com.facebook.buck.util.ListeningProcessExecutor] Launching process with params ProcessExecutorParams{command=[networksetup, -getMedia, en14]}
[2018-05-03 08:43:21.682][debug][command:null][tid:979][com.facebook.buck.util.ListeningProcessExecutor] Launching process with params ProcessExecutorParams{command=[networksetup, -getMedia, en14]}
[2018-05-03 08:43:21.683][debug][command:null][tid:979][com.facebook.buck.util.ListeningProcessExecutor] Successfully launched process com.zaxxer.nuprocess.osx.OsxProcess@6c1ff887
[2018-05-03 08:43:21.683][debug][command:null][tid:979][com.facebook.buck.util.ListeningProcessExecutor] Successfully launched process com.zaxxer.nuprocess.osx.OsxProcess@6c1ff887
[2018-05-03 08:43:21.683][debug][command:null][tid:979][com.facebook.buck.util.ListeningProcessExecutor] Waiting for process com.facebook.buck.util.ListeningProcessExecutor$LaunchedProcessImpl@57e5f008 timeout 1000 MILLISECONDS
[2018-05-03 08:43:21.683][debug][command:null][tid:979][com.facebook.buck.util.ListeningProcessExecutor] Waiting for process com.facebook.buck.util.ListeningProcessExecutor$LaunchedProcessImpl@57e5f008 timeout 1000 MILLISECONDS
[2018-05-03 08:43:21.712][debug][command:null][tid:979][com.facebook.buck.util.ListeningProcessExecutor] Wait for process returned 4
[2018-05-03 08:43:21.712][debug][command:null][tid:979][com.facebook.buck.util.ListeningProcessExecutor] Wait for process returned 4
[2018-05-03 08:43:21.712][debug][command:null][tid:979][com.facebook.buck.util.ListeningProcessExecutor] Destroying process com.facebook.buck.util.ListeningProcessExecutor$LaunchedProcessImpl@57e5f008 (force true)
[2018-05-03 08:43:21.712][debug][command:null][tid:979][com.facebook.buck.util.ListeningProcessExecutor] Destroying process com.facebook.buck.util.ListeningProcessExecutor$LaunchedProcessImpl@57e5f008 (force true)
[2018-05-03 08:43:21.712][debug][command:null][tid:979][com.facebook.buck.util.environment.MacNetworkConfiguration] Determine active state of media for device
[2018-05-03 08:43:21.712][debug][command:null][tid:979][com.facebook.buck.util.environment.MacNetworkConfiguration] Determine active state of media for device
[2018-05-03 08:43:21.712][debug][command:null][tid:979][com.facebook.buck.util.ListeningProcessExecutor] Launching process with params ProcessExecutorParams{command=[networksetup, -getMedia, en12]}
[2018-05-03 08:43:21.712][debug][command:null][tid:979][com.facebook.buck.util.ListeningProcessExecutor] Launching process with params ProcessExecutorParams{command=[networksetup, -getMedia, en12]}
[2018-05-03 08:43:21.713][debug][command:null][tid:979][com.facebook.buck.util.ListeningProcessExecutor] Successfully launched process com.zaxxer.nuprocess.osx.OsxProcess@597c3778
[2018-05-03 08:43:21.713][debug][command:null][tid:979][com.facebook.buck.util.ListeningProcessExecutor] Successfully launched process com.zaxxer.nuprocess.osx.OsxProcess@597c3778
[2018-05-03 08:43:21.713][debug][command:null][tid:979][com.facebook.buck.util.ListeningProcessExecutor] Waiting for process com.facebook.buck.util.ListeningProcessExecutor$LaunchedProcessImpl@18045750 timeout 1000 MILLISECONDS
[2018-05-03 08:43:21.713][debug][command:null][tid:979][com.facebook.buck.util.ListeningProcessExecutor] Waiting for process com.facebook.buck.util.ListeningProcessExecutor$LaunchedProcessImpl@18045750 timeout 1000 MILLISECONDS
[2018-05-03 08:43:21.742][debug][command:null][tid:979][com.facebook.buck.util.ListeningProcessExecutor] Wait for process returned 4
[2018-05-03 08:43:21.742][debug][command:null][tid:979][com.facebook.buck.util.ListeningProcessExecutor] Wait for process returned 4
[2018-05-03 08:43:21.742][debug][command:null][tid:979][com.facebook.buck.util.ListeningProcessExecutor] Destroying process com.facebook.buck.util.ListeningProcessExecutor$LaunchedProcessImpl@18045750 (force true)
[2018-05-03 08:43:21.742][debug][command:null][tid:979][com.facebook.buck.util.ListeningProcessExecutor] Destroying process com.facebook.buck.util.ListeningProcessExecutor$LaunchedProcessImpl@18045750 (force true)
[2018-05-03 08:43:21.742][debug][command:null][tid:979][com.facebook.buck.util.environment.MacNetworkConfiguration] Determine active state of media for device
[2018-05-03 08:43:21.742][debug][command:null][tid:979][com.facebook.buck.util.environment.MacNetworkConfiguration] Determine active state of media for device
[2018-05-03 08:43:21.742][debug][command:null][tid:979][com.facebook.buck.util.ListeningProcessExecutor] Launching process with params ProcessExecutorParams{command=[networksetup, -getMedia, en10]}
[2018-05-03 08:43:21.742][debug][command:null][tid:979][com.facebook.buck.util.ListeningProcessExecutor] Launching process with params ProcessExecutorParams{command=[networksetup, -getMedia, en10]}
[2018-05-03 08:43:21.743][debug][command:null][tid:979][com.facebook.buck.util.ListeningProcessExecutor] Successfully launched process com.zaxxer.nuprocess.osx.OsxProcess@b4c5f17
[2018-05-03 08:43:21.743][debug][command:null][tid:979][com.facebook.buck.util.ListeningProcessExecutor] Successfully launched process com.zaxxer.nuprocess.osx.OsxProcess@b4c5f17
[2018-05-03 08:43:21.743][debug][command:null][tid:979][com.facebook.buck.util.ListeningProcessExecutor] Waiting for process com.facebook.buck.util.ListeningProcessExecutor$LaunchedProcessImpl@73518bc6 timeout 1000 MILLISECONDS
[2018-05-03 08:43:21.743][debug][command:null][tid:979][com.facebook.buck.util.ListeningProcessExecutor] Waiting for process com.facebook.buck.util.ListeningProcessExecutor$LaunchedProcessImpl@73518bc6 timeout 1000 MILLISECONDS
[2018-05-03 08:43:21.771][debug][command:null][tid:979][com.facebook.buck.util.ListeningProcessExecutor] Wait for process returned 4
[2018-05-03 08:43:21.771][debug][command:null][tid:979][com.facebook.buck.util.ListeningProcessExecutor] Wait for process returned 4
[2018-05-03 08:43:21.771][debug][command:null][tid:979][com.facebook.buck.util.ListeningProcessExecutor] Destroying process com.facebook.buck.util.ListeningProcessExecutor$LaunchedProcessImpl@73518bc6 (force true)
[2018-05-03 08:43:21.771][debug][command:null][tid:979][com.facebook.buck.util.ListeningProcessExecutor] Destroying process com.facebook.buck.util.ListeningProcessExecutor$LaunchedProcessImpl@73518bc6 (force true)
[2018-05-03 08:43:21.772][debug][command:null][tid:979][com.facebook.buck.util.environment.MacNetworkConfiguration] Determine active state of media for device
[2018-05-03 08:43:21.772][debug][command:null][tid:979][com.facebook.buck.util.environment.MacNetworkConfiguration] Determine active state of media for device
[2018-05-03 08:43:21.772][debug][command:null][tid:979][com.facebook.buck.util.ListeningProcessExecutor] Launching process with params ProcessExecutorParams{command=[networksetup, -getMedia, en8]}
[2018-05-03 08:43:21.772][debug][command:null][tid:979][com.facebook.buck.util.ListeningProcessExecutor] Launching process with params ProcessExecutorParams{command=[networksetup, -getMedia, en8]}
[2018-05-03 08:43:21.773][debug][command:null][tid:979][com.facebook.buck.util.ListeningProcessExecutor] Successfully launched process com.zaxxer.nuprocess.osx.OsxProcess@4baeb523
[2018-05-03 08:43:21.773][debug][command:null][tid:979][com.facebook.buck.util.ListeningProcessExecutor] Successfully launched process com.zaxxer.nuprocess.osx.OsxProcess@4baeb523
[2018-05-03 08:43:21.773][debug][command:null][tid:979][com.facebook.buck.util.ListeningProcessExecutor] Waiting for process com.facebook.buck.util.ListeningProcessExecutor$LaunchedProcessImpl@71aad5d1 timeout 1000 MILLISECONDS
[2018-05-03 08:43:21.773][debug][command:null][tid:979][com.facebook.buck.util.ListeningProcessExecutor] Waiting for process com.facebook.buck.util.ListeningProcessExecutor$LaunchedProcessImpl@71aad5d1 timeout 1000 MILLISECONDS
[2018-05-03 08:43:21.802][debug][command:null][tid:979][com.facebook.buck.util.ListeningProcessExecutor] Wait for process returned 4
[2018-05-03 08:43:21.802][debug][command:null][tid:979][com.facebook.buck.util.ListeningProcessExecutor] Wait for process returned 4
[2018-05-03 08:43:21.802][debug][command:null][tid:979][com.facebook.buck.util.ListeningProcessExecutor] Destroying process com.facebook.buck.util.ListeningProcessExecutor$LaunchedProcessImpl@71aad5d1 (force true)
[2018-05-03 08:43:21.802][debug][command:null][tid:979][com.facebook.buck.util.ListeningProcessExecutor] Destroying process com.facebook.buck.util.ListeningProcessExecutor$LaunchedProcessImpl@71aad5d1 (force true)
[2018-05-03 08:43:21.802][debug][command:null][tid:979][com.facebook.buck.util.environment.MacNetworkConfiguration] Determine active state of media for device
[2018-05-03 08:43:21.802][debug][command:null][tid:979][com.facebook.buck.util.environment.MacNetworkConfiguration] Determine active state of media for device
[2018-05-03 08:43:21.802][debug][command:null][tid:979][com.facebook.buck.util.ListeningProcessExecutor] Launching process with params ProcessExecutorParams{command=[networksetup, -getMedia, en0]}
[2018-05-03 08:43:21.802][debug][command:null][tid:979][com.facebook.buck.util.ListeningProcessExecutor] Launching process with params ProcessExecutorParams{command=[networksetup, -getMedia, en0]}
[2018-05-03 08:43:21.805][debug][command:null][tid:979][com.facebook.buck.util.ListeningProcessExecutor] Successfully launched process com.zaxxer.nuprocess.osx.OsxProcess@18779814
[2018-05-03 08:43:21.805][debug][command:null][tid:979][com.facebook.buck.util.ListeningProcessExecutor] Successfully launched process com.zaxxer.nuprocess.osx.OsxProcess@18779814
[2018-05-03 08:43:21.805][debug][command:null][tid:979][com.facebook.buck.util.ListeningProcessExecutor] Waiting for process com.facebook.buck.util.ListeningProcessExecutor$LaunchedProcessImpl@67873f67 timeout 1000 MILLISECONDS
[2018-05-03 08:43:21.805][debug][command:null][tid:979][com.facebook.buck.util.ListeningProcessExecutor] Waiting for process com.facebook.buck.util.ListeningProcessExecutor$LaunchedProcessImpl@67873f67 timeout 1000 MILLISECONDS
[2018-05-03 08:43:21.834][debug][command:null][tid:979][com.facebook.buck.util.ListeningProcessExecutor] Wait for process returned 0
[2018-05-03 08:43:21.834][debug][command:null][tid:979][com.facebook.buck.util.ListeningProcessExecutor] Wait for process returned 0
[2018-05-03 08:43:21.834][debug][command:null][tid:979][com.facebook.buck.util.ListeningProcessExecutor] Destroying process com.facebook.buck.util.ListeningProcessExecutor$LaunchedProcessImpl@67873f67 (force true)
[2018-05-03 08:43:21.834][debug][command:null][tid:979][com.facebook.buck.util.ListeningProcessExecutor] Destroying process com.facebook.buck.util.ListeningProcessExecutor$LaunchedProcessImpl@67873f67 (force true)
[2018-05-03 08:43:21.834][debug][command:null][tid:979][com.facebook.buck.util.environment.MacNetworkConfiguration] Determine WiFi SSID of device
[2018-05-03 08:43:21.834][debug][command:null][tid:979][com.facebook.buck.util.environment.MacNetworkConfiguration] Determine WiFi SSID of device
[2018-05-03 08:43:21.834][debug][command:null][tid:979][com.facebook.buck.util.ListeningProcessExecutor] Launching process with params ProcessExecutorParams{command=[networksetup, -getairportnetwork, en0]}
[2018-05-03 08:43:21.834][debug][command:null][tid:979][com.facebook.buck.util.ListeningProcessExecutor] Launching process with params ProcessExecutorParams{command=[networksetup, -getairportnetwork, en0]}
[2018-05-03 08:43:21.835][debug][command:null][tid:979][com.facebook.buck.util.ListeningProcessExecutor] Successfully launched process com.zaxxer.nuprocess.osx.OsxProcess@59be9919
[2018-05-03 08:43:21.835][debug][command:null][tid:979][com.facebook.buck.util.ListeningProcessExecutor] Successfully launched process com.zaxxer.nuprocess.osx.OsxProcess@59be9919
[2018-05-03 08:43:21.835][debug][command:null][tid:979][com.facebook.buck.util.ListeningProcessExecutor] Waiting for process com.facebook.buck.util.ListeningProcessExecutor$LaunchedProcessImpl@7e1dcba2 timeout 1000 MILLISECONDS
[2018-05-03 08:43:21.835][debug][command:null][tid:979][com.facebook.buck.util.ListeningProcessExecutor] Waiting for process com.facebook.buck.util.ListeningProcessExecutor$LaunchedProcessImpl@7e1dcba2 timeout 1000 MILLISECONDS
[2018-05-03 08:43:21.865][debug][command:null][tid:979][com.facebook.buck.util.ListeningProcessExecutor] Wait for process returned 0
[2018-05-03 08:43:21.865][debug][command:null][tid:979][com.facebook.buck.util.ListeningProcessExecutor] Wait for process returned 0
[2018-05-03 08:43:21.865][debug][command:null][tid:979][com.facebook.buck.util.ListeningProcessExecutor] Destroying process com.facebook.buck.util.ListeningProcessExecutor$LaunchedProcessImpl@7e1dcba2 (force true)
[2018-05-03 08:43:21.865][debug][command:null][tid:979][com.facebook.buck.util.ListeningProcessExecutor] Destroying process com.facebook.buck.util.ListeningProcessExecutor$LaunchedProcessImpl@7e1dcba2 (force true)
[2018-05-03 08:43:21.865][info ][command:null][tid:979][com.facebook.buck.util.versioncontrol.VersionControlStatsGenerator] Starting generation of version control stats.
[2018-05-03 08:43:21.865][info ][command:null][tid:979][com.facebook.buck.util.versioncontrol.VersionControlStatsGenerator] Starting generation of version control stats.
[2018-05-03 08:43:21.865][warn ][command:null][tid:979][com.facebook.buck.util.versioncontrol.VersionControlStatsGenerator] Skipping generation of version control stats as unsupported repository type.
[2018-05-03 08:43:21.865][warn ][command:null][tid:979][com.facebook.buck.util.versioncontrol.VersionControlStatsGenerator] Skipping generation of version control stats as unsupported repository type.
[2018-05-03 08:43:21.865][info ][command:7d6ec4e7-7c42-4f63-9b9c-58b6e46ef3b7][tid:964][com.facebook.buck.cli.Main] Successfully terminated Disk IO executor service.
[2018-05-03 08:43:21.868][debug][command:null][tid:964][com.facebook.buck.event.listener.SuperConsoleEventBusListener] Stopping render scheduler
[2018-05-03 08:43:21.868][debug][command:null][tid:964][com.facebook.buck.event.listener.ChromeTraceBuildListener] Writing Chrome trace to buck-out/log/2018-05-03_12h43m21s_projectcommand_7d6ec4e7-7c42-4f63-9b9c-58b6e46ef3b7/build.2018-05-03.08-43-21.7d6ec4e7-7c42-4f63-9b9c-58b6e46ef3b7.trace
[2018-05-03 08:43:21.875][warn ][command:null][tid:964][com.facebook.buck.util.Console] BAD ARGUMENTS: project IDE is not specified in Buck config or --ide
com.facebook.buck.util.CommandLineException: project IDE is not specified in Buck config or --ide
	at com.facebook.buck.cli.ProjectCommand.runWithoutHelp(ProjectCommand.java:276)
	at com.facebook.buck.cli.AbstractCommand.run(AbstractCommand.java:236)
	at com.facebook.buck.cli.AbstractContainerCommand.run(AbstractContainerCommand.java:79)
	at com.facebook.buck.cli.Main.runMainWithExitCode(Main.java:1126)
	at com.facebook.buck.cli.Main.runMainThenExit(Main.java:413)
	at com.facebook.buck.cli.Main.nailMain(Main.java:2049)
	at sun.reflect.NativeMethodAccessorImpl.invoke0(Native Method)
	at sun.reflect.NativeMethodAccessorImpl.invoke(NativeMethodAccessorImpl.java:62)
	at sun.reflect.DelegatingMethodAccessorImpl.invoke(DelegatingMethodAccessorImpl.java:43)
	at java.lang.reflect.Method.invoke(Method.java:498)
	at com.martiansoftware.nailgun.NGSession.run(NGSession.java:345)

[2018-05-03 08:43:21.876][debug][command:null][tid:964][com.facebook.buck.cli.Main] Done.
[2018-05-03 08:43:21.876][info ][command:null][tid:964][com.martiansoftware.nailgun.NGSession] Server cleanly exited with status 3
[2018-05-03 08:43:21.876][debug][command:null][tid:964][com.martiansoftware.nailgun.NGCommunicator] Shutting down read ExecutorService
[2018-05-03 08:43:21.910][debug][command:null][tid:964][com.martiansoftware.nailgun.NGCommunicator] Shutting down orchestrator ExecutorService
[2018-05-03 08:43:21.911][debug][command:null][tid:968][com.martiansoftware.nailgun.NGCommunicator] Socket is disconnected
[2018-05-03 08:43:21.911][debug][command:null][tid:968][com.martiansoftware.nailgun.NGCommunicator] Nailgun client disconnected
[2018-05-03 08:43:21.911][debug][command:null][tid:968][com.martiansoftware.nailgun.NGCommunicator] Orchestrator thread finished
[2018-05-03 08:43:21.911][debug][command:null][tid:964][com.martiansoftware.nailgun.NGSession] Closing client socket
[2018-05-03 08:43:21.911][debug][command:null][tid:964][com.martiansoftware.nailgun.NGSession] Waiting for next client to connect
[2018-05-03 08:43:21.911][info ][command:null][tid:964][com.martiansoftware.nailgun.NGSession] NGSession shutting down
[2018-05-03 08:43:28.842][debug][command:null][tid:967][com.martiansoftware.nailgun.NGSession] Client connected
[2018-05-03 08:43:28.842][debug][command:null][tid:985][com.martiansoftware.nailgun.NGSession] Waiting for first client to connect
[2018-05-03 08:43:28.846][debug][command:null][tid:986][com.martiansoftware.nailgun.NGCommunicator] Orchestrator thread started
[2018-05-03 08:43:28.846][debug][command:null][tid:967][com.martiansoftware.nailgun.NGCommunicator] Shutting down read ExecutorService
[2018-05-03 08:43:28.846][debug][command:null][tid:986][com.martiansoftware.nailgun.NGCommunicator] Nailgun client disconnected
[2018-05-03 08:43:28.846][debug][command:null][tid:967][com.martiansoftware.nailgun.NGCommunicator] Shutting down orchestrator ExecutorService
[2018-05-03 08:43:28.846][debug][command:null][tid:986][com.martiansoftware.nailgun.NGCommunicator] Orchestrator thread finished
[2018-05-03 08:43:28.846][debug][command:null][tid:967][com.martiansoftware.nailgun.NGSession] Closing client socket
[2018-05-03 08:43:28.847][debug][command:null][tid:967][com.martiansoftware.nailgun.NGSession] Waiting for next client to connect
[2018-05-03 08:43:28.847][info ][command:null][tid:967][com.martiansoftware.nailgun.NGSession] NGSession shutting down
[2018-05-03 08:43:28.856][debug][command:null][tid:985][com.martiansoftware.nailgun.NGSession] Client connected
[2018-05-03 08:43:28.857][debug][command:null][tid:988][com.martiansoftware.nailgun.NGSession] Waiting for first client to connect
[2018-05-03 08:43:28.861][debug][command:null][tid:989][com.martiansoftware.nailgun.NGCommunicator] Orchestrator thread started
[2018-05-03 08:43:28.861][debug][command:null][tid:985][com.facebook.buck.util.config.Configs] Loading configuration for /Users/scottjones/BuckExample
[2018-05-03 08:43:28.861][debug][command:null][tid:985][com.facebook.buck.util.config.Configs] Loaded project configuration file /Users/scottjones/BuckExample/.buckconfig
[2018-05-03 08:43:28.861][debug][command:null][tid:985][com.facebook.buck.util.config.Configs] Adding configuration overrides RawConfig{values={}}
[2018-05-03 08:43:28.863][debug][command:null][tid:985][com.facebook.buck.cli.Main] Rotating log.
[2018-05-03 08:43:28.865][debug][command:null][tid:985][com.facebook.buck.cli.Main] Starting up (build date 2018-03-26 17:19:01 -0400, rev v2018.03.26.01), args: [project, --ide, xcode, --build-with-buck, :BuckExampleApp]
[2018-05-03 08:43:28.870][debug][command:null][tid:985][com.facebook.buck.cli.Main] System properties: {java.vendor=Oracle Corporation, sun.java.launcher=SUN_STANDARD, sun.management.compiler=HotSpot 64-Bit Tiered Compilers, jnidispatch.path=/Users/scottjones/BuckExample/.buckd/tmp/buck_run.0rG1ki/jna--496628040/jna35832265090232218.tmp, os.name=Mac OS X, buck.enable_objc=true, sun.boot.class.path=/Library/Java/JavaVirtualMachines/jdk1.8.0_162.jdk/Contents/Home/jre/lib/resources.jar:/Library/Java/JavaVirtualMachines/jdk1.8.0_162.jdk/Contents/Home/jre/lib/rt.jar:/Library/Java/JavaVirtualMachines/jdk1.8.0_162.jdk/Contents/Home/jre/lib/sunrsasign.jar:/Library/Java/JavaVirtualMachines/jdk1.8.0_162.jdk/Contents/Home/jre/lib/jsse.jar:/Library/Java/JavaVirtualMachines/jdk1.8.0_162.jdk/Contents/Home/jre/lib/jce.jar:/Library/Java/JavaVirtualMachines/jdk1.8.0_162.jdk/Contents/Home/jre/lib/charsets.jar:/Library/Java/JavaVirtualMachines/jdk1.8.0_162.jdk/Contents/Home/jre/lib/jfr.jar:/Library/Java/JavaVirtualMachines/jdk1.8.0_162.jdk/Contents/Home/jre/classes, pf4j.pluginsDir=/Users/scottjones/BuckExample/.buckd/resources/v2018.03.26.01/buck-modules, buck.resource_lock_path=/Users/scottjones/BuckExample/.buckd/resources/v2018.03.26.01/.buck_lock, java.vm.specification.vendor=Oracle Corporation, java.runtime.version=1.8.0_162-b12, jna.loaded=true, buck.testrunner_classes=/Users/scottjones/BuckExample/.buckd/resources/v2018.03.26.01/testrunner_classes, buck.logging_config_file=/Users/scottjones/BuckExample/.buckd/resources/v2018.03.26.01/logging_config_file, buck.path_to_sh_binary_template=/Users/scottjones/BuckExample/.buckd/resources/v2018.03.26.01/path_to_sh_binary_template, user.name=scottjones, buck.path_to_pywatchman=/Users/scottjones/BuckExample/.buckd/resources/v2018.03.26.01/path_to_pywatchman, buck.report_generator_jar=/Users/scottjones/BuckExample/.buckd/resources/v2018.03.26.01/report_generator_jar, buck.git_commit=v2018.03.26.01, user.language=en, sun.boot.library.path=/Library/Java/JavaVirtualMachines/jdk1.8.0_162.jdk/Contents/Home/jre/lib, jna.nosys=true, java.version=1.8.0_162, user.timezone=America/New_York, buck.test_util_no_tests_dir=true, sun.arch.data.model=64, http.nonProxyHosts=local|*.local|169.254/16|*.169.254/16, java.endorsed.dirs=/Library/Java/JavaVirtualMachines/jdk1.8.0_162.jdk/Contents/Home/jre/lib/endorsed, sun.cpu.isalist=, sun.jnu.encoding=UTF-8, file.encoding.pkg=sun.io, file.separator=/, java.specification.name=Java Platform API Specification, buck.jacoco_agent_jar=/Users/scottjones/BuckExample/.buckd/resources/v2018.03.26.01/jacoco_agent_jar, java.class.version=52.0, user.country=US, buck.binary_hash=18882a498323745e828e70f1ac69fa39, java.home=/Library/Java/JavaVirtualMachines/jdk1.8.0_162.jdk/Contents/Home/jre, buck.fix_script=/Users/scottjones/BuckExample/.buckd/resources/v2018.03.26.01/fix_script, java.vm.info=mixed mode, os.version=10.13.4, buck.external_executor_jar=/Users/scottjones/BuckExample/.buckd/resources/v2018.03.26.01/external_executor_jar, buck.version_uid=v2018.03.26.01, org.eclipse.jetty.util.log.class=org.eclipse.jetty.util.log.JavaUtilLog, path.separator=:, java.vm.version=25.162-b12, java.awt.printerjob=sun.lwawt.macosx.CPrinterJob, sun.io.unicode.encoding=UnicodeBig, awt.toolkit=sun.lwawt.macosx.LWCToolkit, socksNonProxyHosts=local|*.local|169.254/16|*.169.254/16, buck.buck_build_type_info=/Users/scottjones/BuckExample/.buckd/resources/v2018.03.26.01/buck_build_type_info, ftp.nonProxyHosts=local|*.local|169.254/16|*.169.254/16, buck.dx=/Users/scottjones/BuckExample/.buckd/resources/v2018.03.26.01/dx, buck.git_commit_timestamp=1522099141, user.home=/Users/scottjones, java.specification.vendor=Oracle Corporation, buck.git_dirty=0, java.library.path=/Users/scottjones/BuckExample/.buckd/resources/v2018.03.26.01, java.vendor.url=http://java.oracle.com/, java.vm.vendor=Oracle Corporation, gopherProxySet=false, java.runtime.name=Java(TM) SE Runtime Environment, sun.java.command=com.facebook.buck.cli.bootstrapper.ClassLoaderBootstrapper com.facebook.buck.cli.Main$DaemonBootstrap local:.buckd/sock 120000, java.class.path=/Users/scottjones/BuckExample/.buckd/resources/v2018.03.26.01/bootstrapper_jar, buck.buckd_dir=/Users/scottjones/BuckExample/.buckd, buck.path_to_pathlib_py=/Users/scottjones/BuckExample/.buckd/resources/v2018.03.26.01/pathlib.py, buck.buckd_launch_time_nanos=27439244858909, java.vm.specification.name=Java Virtual Machine Specification, com.martiansoftware.nailgun.NGServer.outputPath=/Users/scottjones/BuckExample/.buckd/tmp/buck_run.0rG1ki/ngserver-out, java.vm.specification.version=1.8, sun.cpu.endian=little, sun.os.patch.level=unknown, java.awt.headless=true, java.io.tmpdir=/Users/scottjones/BuckExample/.buckd/tmp/buck_run.0rG1ki, buck.android_agent_path=/Users/scottjones/BuckExample/.buckd/resources/v2018.03.26.01/android_agent_path, java.vendor.url.bug=http://bugreport.sun.com/bugreport/, buck.path_to_python_dsl=, jna.platform.library.path=/usr/lib:/usr/lib, os.arch=x86_64, java.awt.graphicsenv=sun.awt.CGraphicsEnvironment, buck.path_to_pex=/Users/scottjones/BuckExample/.buckd/resources/v2018.03.26.01/path_to_pex, java.ext.dirs=/Users/scottjones/Library/Java/Extensions:/Library/Java/JavaVirtualMachines/jdk1.8.0_162.jdk/Contents/Home/jre/lib/ext:/Library/Java/Extensions:/Network/Library/Java/Extensions:/System/Library/Java/Extensions:/usr/lib/java, java.util.logging.config.class=com.facebook.buck.cli.bootstrapper.LogConfig, user.dir=/Users/scottjones/BuckExample, line.separator=
, java.vm.name=Java HotSpot(TM) 64-Bit Server VM, buck.path_to_typing=/Users/scottjones/BuckExample/.buckd/resources/v2018.03.26.01/path_to_typing, buck.native_exopackage_fake_path=/Users/scottjones/BuckExample/.buckd/resources/v2018.03.26.01/native_exopackage_fake_path, file.encoding=UTF-8, java.specification.version=1.8}
[2018-05-03 08:43:28.870][debug][command:null][tid:985][com.facebook.buck.util.config.Configs] Loading configuration for /Users/scottjones/BuckExample
[2018-05-03 08:43:28.870][debug][command:null][tid:985][com.facebook.buck.util.config.Configs] Loaded project configuration file /Users/scottjones/BuckExample/.buckconfig
[2018-05-03 08:43:28.870][debug][command:null][tid:985][com.facebook.buck.util.config.Configs] Adding configuration overrides RawConfig{values={}}
[2018-05-03 08:43:28.871][info ][command:null][tid:985][com.facebook.buck.io.WatchmanFactory] Creating for: [/Users/scottjones/BuckExample]
[2018-05-03 08:43:28.871][debug][command:null][tid:985][com.facebook.buck.io.ExecutableFinder] Executable 'watchman' mapped to 'Optional[/usr/local/bin/watchman]'
[2018-05-03 08:43:28.871][debug][command:null][tid:985][com.facebook.buck.util.ListeningProcessExecutor] Launching process with params ProcessExecutorParams{command=[/usr/local/bin/watchman, --output-encoding=bser, get-sockname]}
[2018-05-03 08:43:28.877][debug][command:null][tid:985][com.facebook.buck.util.ListeningProcessExecutor] Successfully launched process com.zaxxer.nuprocess.osx.OsxProcess@3099be4
[2018-05-03 08:43:28.877][debug][command:null][tid:985][com.facebook.buck.util.ListeningProcessExecutor] Waiting for process com.facebook.buck.util.ListeningProcessExecutor$LaunchedProcessImpl@62669ff6 timeout 1000000000 NANOSECONDS
[2018-05-03 08:43:28.899][debug][command:null][tid:985][com.facebook.buck.util.ListeningProcessExecutor] Wait for process returned 0
[2018-05-03 08:43:28.899][debug][command:null][tid:985][com.facebook.buck.io.WatchmanFactory] Waited 21 ms for Watchman command get-sockname, exit code 0
[2018-05-03 08:43:28.899][debug][command:null][tid:985][com.facebook.buck.io.WatchmanFactory] stdout of command: {sockname=/usr/local/var/run/watchman/scottjones-state/sock, version=4.9.0}
[2018-05-03 08:43:28.899][info ][command:null][tid:985][com.facebook.buck.io.WatchmanFactory] Connecting to Watchman version 4.9.0 at /usr/local/var/run/watchman/scottjones-state/sock
[2018-05-03 08:43:28.900][debug][command:null][tid:992][com.facebook.buck.io.WatchmanTransportClient] Sending query: [version, {required=[cmd-watch-project], optional=[term-dirname, cmd-watch-project, wildmatch, wildmatch_multislash, glob_generator, clock-sync-timeout]}]
[2018-05-03 08:43:28.901][debug][command:null][tid:985][com.facebook.buck.io.WatchmanTransportClient] Query [version, {required=[cmd-watch-project], optional=[term-dirname, cmd-watch-project, wildmatch, wildmatch_multislash, glob_generator, clock-sync-timeout]}] returned in 0 ms
[2018-05-03 08:43:28.901][info ][command:null][tid:985][com.facebook.buck.io.WatchmanFactory] Took 0 ms to query capabilities {term-dirname=DIRNAME, cmd-watch-project=SUPPORTS_PROJECT_WATCH, wildmatch=WILDMATCH_GLOB, wildmatch_multislash=WILDMATCH_MULTISLASH, glob_generator=GLOB_GENERATOR, clock-sync-timeout=CLOCK_SYNC_TIMEOUT}
[2018-05-03 08:43:28.901][debug][command:null][tid:985][com.facebook.buck.io.WatchmanFactory] Got capabilities response: {clock-sync-timeout=true, glob_generator=true, wildmatch_multislash=false, cmd-watch-project=true, wildmatch=true, term-dirname=true}
[2018-05-03 08:43:28.901][debug][command:null][tid:985][com.facebook.buck.io.WatchmanFactory] Got Watchman capabilities: [CLOCK_SYNC_TIMEOUT, GLOB_GENERATOR, SUPPORTS_PROJECT_WATCH, WILDMATCH_GLOB, DIRNAME]
[2018-05-03 08:43:28.901][info ][command:null][tid:985][com.facebook.buck.io.WatchmanFactory] Adding watchman root: /Users/scottjones/BuckExample
[2018-05-03 08:43:28.901][debug][command:null][tid:992][com.facebook.buck.io.WatchmanTransportClient] Sending query: [watch-project, /Users/scottjones/BuckExample]
[2018-05-03 08:43:28.901][debug][command:null][tid:985][com.facebook.buck.io.WatchmanTransportClient] Query [watch-project, /Users/scottjones/BuckExample] returned in 0 ms
[2018-05-03 08:43:28.901][debug][command:null][tid:992][com.facebook.buck.io.WatchmanTransportClient] Sending query: [watch-project, /Users/scottjones/BuckExample]
[2018-05-03 08:43:28.901][debug][command:null][tid:985][com.facebook.buck.io.WatchmanTransportClient] Query [watch-project, /Users/scottjones/BuckExample] returned in 0 ms
[2018-05-03 08:43:28.901][info ][command:null][tid:985][com.facebook.buck.io.WatchmanFactory] Took 0 ms to add root /Users/scottjones/BuckExample
[2018-05-03 08:43:28.902][debug][command:null][tid:992][com.facebook.buck.io.WatchmanTransportClient] Sending query: [clock, /Users/scottjones/BuckExample, {sync_timeout=100}]
[2018-05-03 08:43:28.909][debug][command:null][tid:985][com.facebook.buck.io.WatchmanTransportClient] Query [clock, /Users/scottjones/BuckExample, {sync_timeout=100}] returned in 7 ms
[2018-05-03 08:43:28.909][info ][command:null][tid:985][com.facebook.buck.io.WatchmanFactory] Took 7 ms to query for initial clock id Optional[c:1525269255:464:4:3049]
[2018-05-03 08:43:28.909][debug][command:null][tid:985][com.facebook.buck.io.WatchmanFactory] Connected to Watchman
[2018-05-03 08:43:28.909][debug][command:null][tid:985][com.facebook.buck.io.WatchmanTransportClient] Closing Watchman transport.
[2018-05-03 08:43:28.910][debug][command:null][tid:985][com.facebook.buck.cli.Main] Watchman capabilities: [CLOCK_SYNC_TIMEOUT, GLOB_GENERATOR, SUPPORTS_PROJECT_WATCH, WILDMATCH_GLOB, DIRNAME] Project watches: {/Users/scottjones/BuckExample=ProjectWatch{watchRoot=/Users/scottjones/BuckExample}} Glob handler config: PYTHON Query timeout ms config: Optional.empty
