[2018-05-03 08:11:58.506][debug][command:a4127632-a5c2-4333-9474-e55c6f123562][tid:13][com.facebook.buck.event.listener.SuperConsoleEventBusListener] Starting render scheduler (interval 100 ms)
[2018-05-03 08:11:58.570][debug][command:a4127632-a5c2-4333-9474-e55c6f123562][tid:13][com.google.common.util.concurrent.ServiceManager] Starting PerfStatsTracking [RUNNING].
[2018-05-03 08:11:58.570][debug][command:a4127632-a5c2-4333-9474-e55c6f123562][tid:13][com.google.common.util.concurrent.ServiceManager] Started PerfStatsTracking [RUNNING] in 1.192 ms.
[2018-05-03 08:11:58.576][debug][command:null][tid:24][com.facebook.buck.util.perf.ProcessTracker] startUp
[2018-05-03 08:11:58.576][debug][command:null][tid:24][com.facebook.buck.util.perf.ProcessTracker] startUp
[2018-05-03 08:11:58.576][debug][command:a4127632-a5c2-4333-9474-e55c6f123562][tid:13][com.google.common.util.concurrent.ServiceManager] Starting ProcessTracker [STARTING].
[2018-05-03 08:11:58.604][debug][command:a4127632-a5c2-4333-9474-e55c6f123562][tid:13][com.facebook.buck.util.environment.MacWifiSsidFinder] Getting current SSID..
[2018-05-03 08:11:58.644][debug][command:null][tid:24][com.google.common.util.concurrent.ServiceManager] Started ProcessTracker [RUNNING] in 68.23 ms.
[2018-05-03 08:11:58.644][debug][command:null][tid:24][com.google.common.util.concurrent.ServiceManager] Started ProcessTracker [RUNNING] in 68.23 ms.
[2018-05-03 08:11:58.689][debug][command:a4127632-a5c2-4333-9474-e55c6f123562][tid:13][com.facebook.buck.util.environment.MacWifiSsidFinder] Getting SSID from Wi-Fi interface: <CWInterface: 0x7f8e6da13a40> [interfaceName=en0]
[2018-05-03 08:11:58.691][debug][command:a4127632-a5c2-4333-9474-e55c6f123562][tid:13][com.facebook.buck.util.environment.MacWifiSsidFinder] No SSID found for interface <CWInterface: 0x7f8e6da13a40> [interfaceName=en0].
[2018-05-03 08:11:58.692][debug][command:a4127632-a5c2-4333-9474-e55c6f123562][tid:13][com.facebook.buck.cli.Main] InvocationInfo BuildId=[a4127632-a5c2-4333-9474-e55c6f123562] Args=[clean]
[2018-05-03 08:11:59.281][warn ][command:a4127632-a5c2-4333-9474-e55c6f123562][tid:13][com.facebook.buck.event.listener.PublicAnnouncementManager] Failed to get public announcements. Reason: Failed to establish connection to server.
[2018-05-03 08:11:59.281][debug][command:a4127632-a5c2-4333-9474-e55c6f123562][tid:13][com.facebook.buck.cli.Main] new Buck daemon
[2018-05-03 08:11:59.336][debug][command:null][tid:29][com.facebook.buck.util.environment.MacNetworkConfiguration] Determine network service order and extract device names
[2018-05-03 08:11:59.336][debug][command:null][tid:29][com.facebook.buck.util.environment.MacNetworkConfiguration] Determine network service order and extract device names
[2018-05-03 08:11:59.358][debug][command:null][tid:29][com.facebook.buck.util.ListeningProcessExecutor] Launching process with params ProcessExecutorParams{command=[networksetup, -listnetworkserviceorder, ]}
[2018-05-03 08:11:59.358][debug][command:null][tid:29][com.facebook.buck.util.ListeningProcessExecutor] Launching process with params ProcessExecutorParams{command=[networksetup, -listnetworkserviceorder, ]}
[2018-05-03 08:11:59.372][debug][command:null][tid:29][com.facebook.buck.util.ListeningProcessExecutor] Successfully launched process com.zaxxer.nuprocess.osx.OsxProcess@2a697544
[2018-05-03 08:11:59.372][debug][command:null][tid:29][com.facebook.buck.util.ListeningProcessExecutor] Successfully launched process com.zaxxer.nuprocess.osx.OsxProcess@2a697544
[2018-05-03 08:11:59.377][debug][command:null][tid:29][com.facebook.buck.util.ListeningProcessExecutor] Waiting for process com.facebook.buck.util.ListeningProcessExecutor$LaunchedProcessImpl@33f72b36 timeout 1000 MILLISECONDS
[2018-05-03 08:11:59.377][debug][command:null][tid:29][com.facebook.buck.util.ListeningProcessExecutor] Waiting for process com.facebook.buck.util.ListeningProcessExecutor$LaunchedProcessImpl@33f72b36 timeout 1000 MILLISECONDS
[2018-05-03 08:11:59.451][debug][command:null][tid:29][com.facebook.buck.util.ListeningProcessExecutor] Wait for process returned 0
[2018-05-03 08:11:59.451][debug][command:null][tid:29][com.facebook.buck.util.ListeningProcessExecutor] Wait for process returned 0
[2018-05-03 08:11:59.451][debug][command:null][tid:29][com.facebook.buck.util.ListeningProcessExecutor] Destroying process com.facebook.buck.util.ListeningProcessExecutor$LaunchedProcessImpl@33f72b36 (force true)
[2018-05-03 08:11:59.451][debug][command:null][tid:29][com.facebook.buck.util.ListeningProcessExecutor] Destroying process com.facebook.buck.util.ListeningProcessExecutor$LaunchedProcessImpl@33f72b36 (force true)
[2018-05-03 08:11:59.452][debug][command:null][tid:29][com.facebook.buck.util.environment.MacNetworkConfiguration] Determine active state of media for device
[2018-05-03 08:11:59.452][debug][command:null][tid:29][com.facebook.buck.util.environment.MacNetworkConfiguration] Determine active state of media for device
[2018-05-03 08:11:59.452][debug][command:null][tid:29][com.facebook.buck.util.ListeningProcessExecutor] Launching process with params ProcessExecutorParams{command=[networksetup, -getMedia, lpss-serial1]}
[2018-05-03 08:11:59.452][debug][command:null][tid:29][com.facebook.buck.util.ListeningProcessExecutor] Launching process with params ProcessExecutorParams{command=[networksetup, -getMedia, lpss-serial1]}
[2018-05-03 08:11:59.457][debug][command:null][tid:29][com.facebook.buck.util.ListeningProcessExecutor] Successfully launched process com.zaxxer.nuprocess.osx.OsxProcess@52d5ab59
[2018-05-03 08:11:59.457][debug][command:null][tid:29][com.facebook.buck.util.ListeningProcessExecutor] Successfully launched process com.zaxxer.nuprocess.osx.OsxProcess@52d5ab59
[2018-05-03 08:11:59.459][debug][command:null][tid:29][com.facebook.buck.util.ListeningProcessExecutor] Waiting for process com.facebook.buck.util.ListeningProcessExecutor$LaunchedProcessImpl@4e337183 timeout 1000 MILLISECONDS
[2018-05-03 08:11:59.459][debug][command:null][tid:29][com.facebook.buck.util.ListeningProcessExecutor] Waiting for process com.facebook.buck.util.ListeningProcessExecutor$LaunchedProcessImpl@4e337183 timeout 1000 MILLISECONDS
[2018-05-03 08:11:59.492][debug][command:a4127632-a5c2-4333-9474-e55c6f123562][tid:13][com.facebook.buck.parser.Parser] com.facebook.buck.event.DefaultBuckEventBus@31cd3022
[2018-05-03 08:11:59.495][debug][command:null][tid:29][com.facebook.buck.util.ListeningProcessExecutor] Wait for process returned 4
[2018-05-03 08:11:59.495][debug][command:null][tid:29][com.facebook.buck.util.ListeningProcessExecutor] Wait for process returned 4
[2018-05-03 08:11:59.495][debug][command:null][tid:29][com.facebook.buck.util.ListeningProcessExecutor] Destroying process com.facebook.buck.util.ListeningProcessExecutor$LaunchedProcessImpl@4e337183 (force true)
[2018-05-03 08:11:59.495][debug][command:null][tid:29][com.facebook.buck.util.ListeningProcessExecutor] Destroying process com.facebook.buck.util.ListeningProcessExecutor$LaunchedProcessImpl@4e337183 (force true)
[2018-05-03 08:11:59.495][debug][command:null][tid:29][com.facebook.buck.util.environment.MacNetworkConfiguration] Determine active state of media for device
[2018-05-03 08:11:59.495][debug][command:null][tid:29][com.facebook.buck.util.environment.MacNetworkConfiguration] Determine active state of media for device
[2018-05-03 08:11:59.495][debug][command:null][tid:29][com.facebook.buck.util.ListeningProcessExecutor] Launching process with params ProcessExecutorParams{command=[networksetup, -getMedia, lpss-serial2]}
[2018-05-03 08:11:59.495][debug][command:null][tid:29][com.facebook.buck.util.ListeningProcessExecutor] Launching process with params ProcessExecutorParams{command=[networksetup, -getMedia, lpss-serial2]}
[2018-05-03 08:11:59.497][debug][command:null][tid:32][com.facebook.buck.io.WatchmanTransportClient] Sending query: [query, /Users/scottjones/BuckExample, {since=c:1525269255:464:4:1287, expression=[not, [anyof, [type, d], [dirname, .idea], [dirname, .buckd], [dirname, buck-out/cache], [dirname, buck-out/.trash], [dirname, buck-out], [match, **/*.pbxproj, wholename, {includedotfiles=true}], [match, **/*.xcscheme, wholename, {includedotfiles=true}], [match, **/*.xcworkspacedata, wholename, {includedotfiles=true}], [match, **/*~, wholename, {includedotfiles=true}], [match, **/#*#, wholename, {includedotfiles=true}], [match, **/.#*, wholename, {includedotfiles=true}], [match, **/*.swo, wholename, {includedotfiles=true}], [match, **/*.swp, wholename, {includedotfiles=true}], [match, **/*.swpx, wholename, {includedotfiles=true}], [match, **/*.un~, wholename, {includedotfiles=true}], [match, **/.netrhwist, wholename, {includedotfiles=true}], [match, .idea, wholename, {includedotfiles=true}], [match, .iml, wholename, {includedotfiles=true}], [match, **/*.pydevproject, wholename, {includedotfiles=true}], [match, .project, wholename, {includedotfiles=true}], [match, .metadata, wholename, {includedotfiles=true}], [match, **/*.tmp, wholename, {includedotfiles=true}], [match, **/*.bak, wholename, {includedotfiles=true}], [match, **/*~.nib, wholename, {includedotfiles=true}], [match, .classpath, wholename, {includedotfiles=true}], [match, .settings, wholename, {includedotfiles=true}], [match, .loadpath, wholename, {includedotfiles=true}], [match, .externalToolBuilders, wholename, {includedotfiles=true}], [match, .cproject, wholename, {includedotfiles=true}], [match, .buildpath, wholename, {includedotfiles=true}], [match, .DS_Store, wholename, {includedotfiles=true}], [match, .AppleDouble, wholename, {includedotfiles=true}], [match, .LSOverride, wholename, {includedotfiles=true}], [match, .Spotlight-V100, wholename, {includedotfiles=true}], [match, .Trashes, wholename, {includedotfiles=true}], [match, $RECYCLE.BIN, wholename, {includedotfiles=true}], [match, .*.sublime-workspace, wholename, {includedotfiles=true}]]], empty_on_fresh_instance=true, fields=[name, exists, new]}]
[2018-05-03 08:11:59.497][debug][command:null][tid:32][com.facebook.buck.io.WatchmanTransportClient] Sending query: [query, /Users/scottjones/BuckExample, {since=c:1525269255:464:4:1287, expression=[not, [anyof, [type, d], [dirname, .idea], [dirname, .buckd], [dirname, buck-out/cache], [dirname, buck-out/.trash], [dirname, buck-out], [match, **/*.pbxproj, wholename, {includedotfiles=true}], [match, **/*.xcscheme, wholename, {includedotfiles=true}], [match, **/*.xcworkspacedata, wholename, {includedotfiles=true}], [match, **/*~, wholename, {includedotfiles=true}], [match, **/#*#, wholename, {includedotfiles=true}], [match, **/.#*, wholename, {includedotfiles=true}], [match, **/*.swo, wholename, {includedotfiles=true}], [match, **/*.swp, wholename, {includedotfiles=true}], [match, **/*.swpx, wholename, {includedotfiles=true}], [match, **/*.un~, wholename, {includedotfiles=true}], [match, **/.netrhwist, wholename, {includedotfiles=true}], [match, .idea, wholename, {includedotfiles=true}], [match, .iml, wholename, {includedotfiles=true}], [match, **/*.pydevproject, wholename, {includedotfiles=true}], [match, .project, wholename, {includedotfiles=true}], [match, .metadata, wholename, {includedotfiles=true}], [match, **/*.tmp, wholename, {includedotfiles=true}], [match, **/*.bak, wholename, {includedotfiles=true}], [match, **/*~.nib, wholename, {includedotfiles=true}], [match, .classpath, wholename, {includedotfiles=true}], [match, .settings, wholename, {includedotfiles=true}], [match, .loadpath, wholename, {includedotfiles=true}], [match, .externalToolBuilders, wholename, {includedotfiles=true}], [match, .cproject, wholename, {includedotfiles=true}], [match, .buildpath, wholename, {includedotfiles=true}], [match, .DS_Store, wholename, {includedotfiles=true}], [match, .AppleDouble, wholename, {includedotfiles=true}], [match, .LSOverride, wholename, {includedotfiles=true}], [match, .Spotlight-V100, wholename, {includedotfiles=true}], [match, .Trashes, wholename, {includedotfiles=true}], [match, $RECYCLE.BIN, wholename, {includedotfiles=true}], [match, .*.sublime-workspace, wholename, {includedotfiles=true}]]], empty_on_fresh_instance=true, fields=[name, exists, new]}]
[2018-05-03 08:11:59.504][debug][command:null][tid:29][com.facebook.buck.util.ListeningProcessExecutor] Successfully launched process com.zaxxer.nuprocess.osx.OsxProcess@78fb8d69
[2018-05-03 08:11:59.504][debug][command:null][tid:29][com.facebook.buck.util.ListeningProcessExecutor] Successfully launched process com.zaxxer.nuprocess.osx.OsxProcess@78fb8d69
[2018-05-03 08:11:59.506][debug][command:null][tid:29][com.facebook.buck.util.ListeningProcessExecutor] Waiting for process com.facebook.buck.util.ListeningProcessExecutor$LaunchedProcessImpl@725fa7db timeout 1000 MILLISECONDS
[2018-05-03 08:11:59.506][debug][command:null][tid:29][com.facebook.buck.util.ListeningProcessExecutor] Waiting for process com.facebook.buck.util.ListeningProcessExecutor$LaunchedProcessImpl@725fa7db timeout 1000 MILLISECONDS
[2018-05-03 08:11:59.511][debug][command:null][tid:31][com.facebook.buck.io.WatchmanTransportClient] Query [query, /Users/scottjones/BuckExample, {since=c:1525269255:464:4:1287, expression=[not, [anyof, [type, d], [dirname, .idea], [dirname, .buckd], [dirname, buck-out/cache], [dirname, buck-out/.trash], [dirname, buck-out], [match, **/*.pbxproj, wholename, {includedotfiles=true}], [match, **/*.xcscheme, wholename, {includedotfiles=true}], [match, **/*.xcworkspacedata, wholename, {includedotfiles=true}], [match, **/*~, wholename, {includedotfiles=true}], [match, **/#*#, wholename, {includedotfiles=true}], [match, **/.#*, wholename, {includedotfiles=true}], [match, **/*.swo, wholename, {includedotfiles=true}], [match, **/*.swp, wholename, {includedotfiles=true}], [match, **/*.swpx, wholename, {includedotfiles=true}], [match, **/*.un~, wholename, {includedotfiles=true}], [match, **/.netrhwist, wholename, {includedotfiles=true}], [match, .idea, wholename, {includedotfiles=true}], [match, .iml, wholename, {includedotfiles=true}], [match, **/*.pydevproject, wholename, {includedotfiles=true}], [match, .project, wholename, {includedotfiles=true}], [match, .metadata, wholename, {includedotfiles=true}], [match, **/*.tmp, wholename, {includedotfiles=true}], [match, **/*.bak, wholename, {includedotfiles=true}], [match, **/*~.nib, wholename, {includedotfiles=true}], [match, .classpath, wholename, {includedotfiles=true}], [match, .settings, wholename, {includedotfiles=true}], [match, .loadpath, wholename, {includedotfiles=true}], [match, .externalToolBuilders, wholename, {includedotfiles=true}], [match, .cproject, wholename, {includedotfiles=true}], [match, .buildpath, wholename, {includedotfiles=true}], [match, .DS_Store, wholename, {includedotfiles=true}], [match, .AppleDouble, wholename, {includedotfiles=true}], [match, .LSOverride, wholename, {includedotfiles=true}], [match, .Spotlight-V100, wholename, {includedotfiles=true}], [match, .Trashes, wholename, {includedotfiles=true}], [match, $RECYCLE.BIN, wholename, {includedotfiles=true}], [match, .*.sublime-workspace, wholename, {includedotfiles=true}]]], empty_on_fresh_instance=true, fields=[name, exists, new]}] returned in 13 ms
[2018-05-03 08:11:59.511][debug][command:null][tid:31][com.facebook.buck.io.WatchmanTransportClient] Query [query, /Users/scottjones/BuckExample, {since=c:1525269255:464:4:1287, expression=[not, [anyof, [type, d], [dirname, .idea], [dirname, .buckd], [dirname, buck-out/cache], [dirname, buck-out/.trash], [dirname, buck-out], [match, **/*.pbxproj, wholename, {includedotfiles=true}], [match, **/*.xcscheme, wholename, {includedotfiles=true}], [match, **/*.xcworkspacedata, wholename, {includedotfiles=true}], [match, **/*~, wholename, {includedotfiles=true}], [match, **/#*#, wholename, {includedotfiles=true}], [match, **/.#*, wholename, {includedotfiles=true}], [match, **/*.swo, wholename, {includedotfiles=true}], [match, **/*.swp, wholename, {includedotfiles=true}], [match, **/*.swpx, wholename, {includedotfiles=true}], [match, **/*.un~, wholename, {includedotfiles=true}], [match, **/.netrhwist, wholename, {includedotfiles=true}], [match, .idea, wholename, {includedotfiles=true}], [match, .iml, wholename, {includedotfiles=true}], [match, **/*.pydevproject, wholename, {includedotfiles=true}], [match, .project, wholename, {includedotfiles=true}], [match, .metadata, wholename, {includedotfiles=true}], [match, **/*.tmp, wholename, {includedotfiles=true}], [match, **/*.bak, wholename, {includedotfiles=true}], [match, **/*~.nib, wholename, {includedotfiles=true}], [match, .classpath, wholename, {includedotfiles=true}], [match, .settings, wholename, {includedotfiles=true}], [match, .loadpath, wholename, {includedotfiles=true}], [match, .externalToolBuilders, wholename, {includedotfiles=true}], [match, .cproject, wholename, {includedotfiles=true}], [match, .buildpath, wholename, {includedotfiles=true}], [match, .DS_Store, wholename, {includedotfiles=true}], [match, .AppleDouble, wholename, {includedotfiles=true}], [match, .LSOverride, wholename, {includedotfiles=true}], [match, .Spotlight-V100, wholename, {includedotfiles=true}], [match, .Trashes, wholename, {includedotfiles=true}], [match, $RECYCLE.BIN, wholename, {includedotfiles=true}], [match, .*.sublime-workspace, wholename, {includedotfiles=true}]]], empty_on_fresh_instance=true, fields=[name, exists, new]}] returned in 13 ms
[2018-05-03 08:11:59.513][debug][command:null][tid:31][com.facebook.buck.io.WatchmanWatcher] Updating Watchman Cursor from c:1525269255:464:4:1287 to c:1525269255:464:4:1293
[2018-05-03 08:11:59.513][debug][command:null][tid:31][com.facebook.buck.io.WatchmanWatcher] Updating Watchman Cursor from c:1525269255:464:4:1287 to c:1525269255:464:4:1293
[2018-05-03 08:11:59.513][debug][command:null][tid:31][com.facebook.buck.io.WatchmanWatcher] Posted 0 Watchman events.
[2018-05-03 08:11:59.513][debug][command:null][tid:31][com.facebook.buck.io.WatchmanWatcher] Posted 0 Watchman events.
[2018-05-03 08:11:59.513][debug][command:null][tid:31][com.facebook.buck.io.WatchmanTransportClient] Closing Watchman transport.
[2018-05-03 08:11:59.513][debug][command:null][tid:31][com.facebook.buck.io.WatchmanTransportClient] Closing Watchman transport.
[2018-05-03 08:11:59.544][debug][command:null][tid:29][com.facebook.buck.util.ListeningProcessExecutor] Wait for process returned 4
[2018-05-03 08:11:59.544][debug][command:null][tid:29][com.facebook.buck.util.ListeningProcessExecutor] Wait for process returned 4
[2018-05-03 08:11:59.544][debug][command:null][tid:29][com.facebook.buck.util.ListeningProcessExecutor] Destroying process com.facebook.buck.util.ListeningProcessExecutor$LaunchedProcessImpl@725fa7db (force true)
[2018-05-03 08:11:59.544][debug][command:null][tid:29][com.facebook.buck.util.ListeningProcessExecutor] Destroying process com.facebook.buck.util.ListeningProcessExecutor$LaunchedProcessImpl@725fa7db (force true)
[2018-05-03 08:11:59.544][debug][command:null][tid:29][com.facebook.buck.util.environment.MacNetworkConfiguration] Determine active state of media for device
[2018-05-03 08:11:59.544][debug][command:null][tid:29][com.facebook.buck.util.environment.MacNetworkConfiguration] Determine active state of media for device
[2018-05-03 08:11:59.545][debug][command:null][tid:29][com.facebook.buck.util.ListeningProcessExecutor] Launching process with params ProcessExecutorParams{command=[networksetup, -getMedia, en26]}
[2018-05-03 08:11:59.545][debug][command:null][tid:29][com.facebook.buck.util.ListeningProcessExecutor] Launching process with params ProcessExecutorParams{command=[networksetup, -getMedia, en26]}
[2018-05-03 08:11:59.552][debug][command:null][tid:29][com.facebook.buck.util.ListeningProcessExecutor] Successfully launched process com.zaxxer.nuprocess.osx.OsxProcess@d2f55aa
[2018-05-03 08:11:59.552][debug][command:null][tid:29][com.facebook.buck.util.ListeningProcessExecutor] Successfully launched process com.zaxxer.nuprocess.osx.OsxProcess@d2f55aa
[2018-05-03 08:11:59.554][debug][command:null][tid:29][com.facebook.buck.util.ListeningProcessExecutor] Waiting for process com.facebook.buck.util.ListeningProcessExecutor$LaunchedProcessImpl@584582e5 timeout 1000 MILLISECONDS
[2018-05-03 08:11:59.554][debug][command:null][tid:29][com.facebook.buck.util.ListeningProcessExecutor] Waiting for process com.facebook.buck.util.ListeningProcessExecutor$LaunchedProcessImpl@584582e5 timeout 1000 MILLISECONDS
[2018-05-03 08:11:59.591][debug][command:null][tid:29][com.facebook.buck.util.ListeningProcessExecutor] Wait for process returned 4
[2018-05-03 08:11:59.591][debug][command:null][tid:29][com.facebook.buck.util.ListeningProcessExecutor] Wait for process returned 4
[2018-05-03 08:11:59.592][debug][command:null][tid:29][com.facebook.buck.util.ListeningProcessExecutor] Destroying process com.facebook.buck.util.ListeningProcessExecutor$LaunchedProcessImpl@584582e5 (force true)
[2018-05-03 08:11:59.592][debug][command:null][tid:29][com.facebook.buck.util.ListeningProcessExecutor] Destroying process com.facebook.buck.util.ListeningProcessExecutor$LaunchedProcessImpl@584582e5 (force true)
[2018-05-03 08:11:59.592][debug][command:null][tid:29][com.facebook.buck.util.environment.MacNetworkConfiguration] Determine active state of media for device
[2018-05-03 08:11:59.592][debug][command:null][tid:29][com.facebook.buck.util.environment.MacNetworkConfiguration] Determine active state of media for device
[2018-05-03 08:11:59.592][debug][command:null][tid:29][com.facebook.buck.util.ListeningProcessExecutor] Launching process with params ProcessExecutorParams{command=[networksetup, -getMedia, en25]}
[2018-05-03 08:11:59.592][debug][command:null][tid:29][com.facebook.buck.util.ListeningProcessExecutor] Launching process with params ProcessExecutorParams{command=[networksetup, -getMedia, en25]}
[2018-05-03 08:11:59.603][debug][command:null][tid:29][com.facebook.buck.util.ListeningProcessExecutor] Successfully launched process com.zaxxer.nuprocess.osx.OsxProcess@7cf1cc41
[2018-05-03 08:11:59.603][debug][command:null][tid:29][com.facebook.buck.util.ListeningProcessExecutor] Successfully launched process com.zaxxer.nuprocess.osx.OsxProcess@7cf1cc41
[2018-05-03 08:11:59.605][debug][command:null][tid:29][com.facebook.buck.util.ListeningProcessExecutor] Waiting for process com.facebook.buck.util.ListeningProcessExecutor$LaunchedProcessImpl@739fcd7b timeout 1000 MILLISECONDS
[2018-05-03 08:11:59.605][debug][command:null][tid:29][com.facebook.buck.util.ListeningProcessExecutor] Waiting for process com.facebook.buck.util.ListeningProcessExecutor$LaunchedProcessImpl@739fcd7b timeout 1000 MILLISECONDS
[2018-05-03 08:11:59.643][debug][command:null][tid:29][com.facebook.buck.util.ListeningProcessExecutor] Wait for process returned 4
[2018-05-03 08:11:59.643][debug][command:null][tid:29][com.facebook.buck.util.ListeningProcessExecutor] Wait for process returned 4
[2018-05-03 08:11:59.643][debug][command:null][tid:29][com.facebook.buck.util.ListeningProcessExecutor] Destroying process com.facebook.buck.util.ListeningProcessExecutor$LaunchedProcessImpl@739fcd7b (force true)
[2018-05-03 08:11:59.643][debug][command:null][tid:29][com.facebook.buck.util.ListeningProcessExecutor] Destroying process com.facebook.buck.util.ListeningProcessExecutor$LaunchedProcessImpl@739fcd7b (force true)
[2018-05-03 08:11:59.644][debug][command:null][tid:29][com.facebook.buck.util.environment.MacNetworkConfiguration] Determine active state of media for device
[2018-05-03 08:11:59.644][debug][command:null][tid:29][com.facebook.buck.util.environment.MacNetworkConfiguration] Determine active state of media for device
[2018-05-03 08:11:59.644][debug][command:null][tid:29][com.facebook.buck.util.ListeningProcessExecutor] Launching process with params ProcessExecutorParams{command=[networksetup, -getMedia, en24]}
[2018-05-03 08:11:59.644][debug][command:null][tid:29][com.facebook.buck.util.ListeningProcessExecutor] Launching process with params ProcessExecutorParams{command=[networksetup, -getMedia, en24]}
[2018-05-03 08:11:59.651][debug][command:null][tid:29][com.facebook.buck.util.ListeningProcessExecutor] Successfully launched process com.zaxxer.nuprocess.osx.OsxProcess@46a54a7
[2018-05-03 08:11:59.651][debug][command:null][tid:29][com.facebook.buck.util.ListeningProcessExecutor] Successfully launched process com.zaxxer.nuprocess.osx.OsxProcess@46a54a7
[2018-05-03 08:11:59.652][debug][command:null][tid:29][com.facebook.buck.util.ListeningProcessExecutor] Waiting for process com.facebook.buck.util.ListeningProcessExecutor$LaunchedProcessImpl@70ccbc65 timeout 1000 MILLISECONDS
[2018-05-03 08:11:59.652][debug][command:null][tid:29][com.facebook.buck.util.ListeningProcessExecutor] Waiting for process com.facebook.buck.util.ListeningProcessExecutor$LaunchedProcessImpl@70ccbc65 timeout 1000 MILLISECONDS
[2018-05-03 08:11:59.689][debug][command:null][tid:29][com.facebook.buck.util.ListeningProcessExecutor] Wait for process returned 4
[2018-05-03 08:11:59.689][debug][command:null][tid:29][com.facebook.buck.util.ListeningProcessExecutor] Wait for process returned 4
[2018-05-03 08:11:59.689][debug][command:null][tid:29][com.facebook.buck.util.ListeningProcessExecutor] Destroying process com.facebook.buck.util.ListeningProcessExecutor$LaunchedProcessImpl@70ccbc65 (force true)
[2018-05-03 08:11:59.689][debug][command:null][tid:29][com.facebook.buck.util.ListeningProcessExecutor] Destroying process com.facebook.buck.util.ListeningProcessExecutor$LaunchedProcessImpl@70ccbc65 (force true)
[2018-05-03 08:11:59.689][debug][command:null][tid:29][com.facebook.buck.util.environment.MacNetworkConfiguration] Determine active state of media for device
[2018-05-03 08:11:59.689][debug][command:null][tid:29][com.facebook.buck.util.environment.MacNetworkConfiguration] Determine active state of media for device
[2018-05-03 08:11:59.689][debug][command:null][tid:29][com.facebook.buck.util.ListeningProcessExecutor] Launching process with params ProcessExecutorParams{command=[networksetup, -getMedia, en23]}
[2018-05-03 08:11:59.689][debug][command:null][tid:29][com.facebook.buck.util.ListeningProcessExecutor] Launching process with params ProcessExecutorParams{command=[networksetup, -getMedia, en23]}
[2018-05-03 08:11:59.692][debug][command:a4127632-a5c2-4333-9474-e55c6f123562][tid:13][com.facebook.buck.cli.CleanCommand] Removed path: buck-out/.trash
[2018-05-03 08:11:59.704][debug][command:null][tid:29][com.facebook.buck.util.ListeningProcessExecutor] Successfully launched process com.zaxxer.nuprocess.osx.OsxProcess@22de5f9
[2018-05-03 08:11:59.704][debug][command:null][tid:29][com.facebook.buck.util.ListeningProcessExecutor] Successfully launched process com.zaxxer.nuprocess.osx.OsxProcess@22de5f9
[2018-05-03 08:11:59.706][debug][command:null][tid:29][com.facebook.buck.util.ListeningProcessExecutor] Waiting for process com.facebook.buck.util.ListeningProcessExecutor$LaunchedProcessImpl@59cda6e3 timeout 1000 MILLISECONDS
[2018-05-03 08:11:59.706][debug][command:null][tid:29][com.facebook.buck.util.ListeningProcessExecutor] Waiting for process com.facebook.buck.util.ListeningProcessExecutor$LaunchedProcessImpl@59cda6e3 timeout 1000 MILLISECONDS
[2018-05-03 08:11:59.742][debug][command:null][tid:29][com.facebook.buck.util.ListeningProcessExecutor] Wait for process returned 4
[2018-05-03 08:11:59.742][debug][command:null][tid:29][com.facebook.buck.util.ListeningProcessExecutor] Wait for process returned 4
[2018-05-03 08:11:59.742][debug][command:null][tid:29][com.facebook.buck.util.ListeningProcessExecutor] Destroying process com.facebook.buck.util.ListeningProcessExecutor$LaunchedProcessImpl@59cda6e3 (force true)
[2018-05-03 08:11:59.742][debug][command:null][tid:29][com.facebook.buck.util.ListeningProcessExecutor] Destroying process com.facebook.buck.util.ListeningProcessExecutor$LaunchedProcessImpl@59cda6e3 (force true)
[2018-05-03 08:11:59.742][debug][command:null][tid:29][com.facebook.buck.util.environment.MacNetworkConfiguration] Determine active state of media for device
[2018-05-03 08:11:59.742][debug][command:null][tid:29][com.facebook.buck.util.environment.MacNetworkConfiguration] Determine active state of media for device
[2018-05-03 08:11:59.742][debug][command:null][tid:29][com.facebook.buck.util.ListeningProcessExecutor] Launching process with params ProcessExecutorParams{command=[networksetup, -getMedia, en21]}
[2018-05-03 08:11:59.742][debug][command:null][tid:29][com.facebook.buck.util.ListeningProcessExecutor] Launching process with params ProcessExecutorParams{command=[networksetup, -getMedia, en21]}
[2018-05-03 08:11:59.749][debug][command:null][tid:29][com.facebook.buck.util.ListeningProcessExecutor] Successfully launched process com.zaxxer.nuprocess.osx.OsxProcess@4cf7062b
[2018-05-03 08:11:59.749][debug][command:null][tid:29][com.facebook.buck.util.ListeningProcessExecutor] Successfully launched process com.zaxxer.nuprocess.osx.OsxProcess@4cf7062b
[2018-05-03 08:11:59.750][debug][command:null][tid:29][com.facebook.buck.util.ListeningProcessExecutor] Waiting for process com.facebook.buck.util.ListeningProcessExecutor$LaunchedProcessImpl@21983061 timeout 1000 MILLISECONDS
[2018-05-03 08:11:59.750][debug][command:null][tid:29][com.facebook.buck.util.ListeningProcessExecutor] Waiting for process com.facebook.buck.util.ListeningProcessExecutor$LaunchedProcessImpl@21983061 timeout 1000 MILLISECONDS
[2018-05-03 08:11:59.788][debug][command:null][tid:29][com.facebook.buck.util.ListeningProcessExecutor] Wait for process returned 4
[2018-05-03 08:11:59.788][debug][command:null][tid:29][com.facebook.buck.util.ListeningProcessExecutor] Wait for process returned 4
[2018-05-03 08:11:59.788][debug][command:null][tid:29][com.facebook.buck.util.ListeningProcessExecutor] Destroying process com.facebook.buck.util.ListeningProcessExecutor$LaunchedProcessImpl@21983061 (force true)
[2018-05-03 08:11:59.788][debug][command:null][tid:29][com.facebook.buck.util.ListeningProcessExecutor] Destroying process com.facebook.buck.util.ListeningProcessExecutor$LaunchedProcessImpl@21983061 (force true)
[2018-05-03 08:11:59.788][debug][command:null][tid:29][com.facebook.buck.util.environment.MacNetworkConfiguration] Determine active state of media for device
[2018-05-03 08:11:59.788][debug][command:null][tid:29][com.facebook.buck.util.environment.MacNetworkConfiguration] Determine active state of media for device
[2018-05-03 08:11:59.788][debug][command:null][tid:29][com.facebook.buck.util.ListeningProcessExecutor] Launching process with params ProcessExecutorParams{command=[networksetup, -getMedia, en20]}
[2018-05-03 08:11:59.788][debug][command:null][tid:29][com.facebook.buck.util.ListeningProcessExecutor] Launching process with params ProcessExecutorParams{command=[networksetup, -getMedia, en20]}
[2018-05-03 08:11:59.796][debug][command:null][tid:29][com.facebook.buck.util.ListeningProcessExecutor] Successfully launched process com.zaxxer.nuprocess.osx.OsxProcess@ec54214
[2018-05-03 08:11:59.796][debug][command:null][tid:29][com.facebook.buck.util.ListeningProcessExecutor] Successfully launched process com.zaxxer.nuprocess.osx.OsxProcess@ec54214
[2018-05-03 08:11:59.798][debug][command:null][tid:29][com.facebook.buck.util.ListeningProcessExecutor] Waiting for process com.facebook.buck.util.ListeningProcessExecutor$LaunchedProcessImpl@3a8b0791 timeout 1000 MILLISECONDS
[2018-05-03 08:11:59.798][debug][command:null][tid:29][com.facebook.buck.util.ListeningProcessExecutor] Waiting for process com.facebook.buck.util.ListeningProcessExecutor$LaunchedProcessImpl@3a8b0791 timeout 1000 MILLISECONDS
[2018-05-03 08:11:59.833][debug][command:null][tid:29][com.facebook.buck.util.ListeningProcessExecutor] Wait for process returned 4
[2018-05-03 08:11:59.833][debug][command:null][tid:29][com.facebook.buck.util.ListeningProcessExecutor] Wait for process returned 4
[2018-05-03 08:11:59.834][debug][command:null][tid:29][com.facebook.buck.util.ListeningProcessExecutor] Destroying process com.facebook.buck.util.ListeningProcessExecutor$LaunchedProcessImpl@3a8b0791 (force true)
[2018-05-03 08:11:59.834][debug][command:null][tid:29][com.facebook.buck.util.ListeningProcessExecutor] Destroying process com.facebook.buck.util.ListeningProcessExecutor$LaunchedProcessImpl@3a8b0791 (force true)
[2018-05-03 08:11:59.834][debug][command:null][tid:29][com.facebook.buck.util.environment.MacNetworkConfiguration] Determine active state of media for device
[2018-05-03 08:11:59.834][debug][command:null][tid:29][com.facebook.buck.util.environment.MacNetworkConfiguration] Determine active state of media for device
[2018-05-03 08:11:59.834][debug][command:null][tid:29][com.facebook.buck.util.ListeningProcessExecutor] Launching process with params ProcessExecutorParams{command=[networksetup, -getMedia, en19]}
[2018-05-03 08:11:59.834][debug][command:null][tid:29][com.facebook.buck.util.ListeningProcessExecutor] Launching process with params ProcessExecutorParams{command=[networksetup, -getMedia, en19]}
[2018-05-03 08:11:59.842][debug][command:null][tid:29][com.facebook.buck.util.ListeningProcessExecutor] Successfully launched process com.zaxxer.nuprocess.osx.OsxProcess@4e3988b5
[2018-05-03 08:11:59.842][debug][command:null][tid:29][com.facebook.buck.util.ListeningProcessExecutor] Successfully launched process com.zaxxer.nuprocess.osx.OsxProcess@4e3988b5
[2018-05-03 08:11:59.843][debug][command:null][tid:29][com.facebook.buck.util.ListeningProcessExecutor] Waiting for process com.facebook.buck.util.ListeningProcessExecutor$LaunchedProcessImpl@2e42b22b timeout 1000 MILLISECONDS
[2018-05-03 08:11:59.843][debug][command:null][tid:29][com.facebook.buck.util.ListeningProcessExecutor] Waiting for process com.facebook.buck.util.ListeningProcessExecutor$LaunchedProcessImpl@2e42b22b timeout 1000 MILLISECONDS
[2018-05-03 08:11:59.879][debug][command:null][tid:29][com.facebook.buck.util.ListeningProcessExecutor] Wait for process returned 4
[2018-05-03 08:11:59.879][debug][command:null][tid:29][com.facebook.buck.util.ListeningProcessExecutor] Wait for process returned 4
[2018-05-03 08:11:59.880][debug][command:null][tid:29][com.facebook.buck.util.ListeningProcessExecutor] Destroying process com.facebook.buck.util.ListeningProcessExecutor$LaunchedProcessImpl@2e42b22b (force true)
[2018-05-03 08:11:59.880][debug][command:null][tid:29][com.facebook.buck.util.ListeningProcessExecutor] Destroying process com.facebook.buck.util.ListeningProcessExecutor$LaunchedProcessImpl@2e42b22b (force true)
[2018-05-03 08:11:59.880][debug][command:null][tid:29][com.facebook.buck.util.environment.MacNetworkConfiguration] Determine active state of media for device
[2018-05-03 08:11:59.880][debug][command:null][tid:29][com.facebook.buck.util.environment.MacNetworkConfiguration] Determine active state of media for device
[2018-05-03 08:11:59.880][debug][command:null][tid:29][com.facebook.buck.util.ListeningProcessExecutor] Launching process with params ProcessExecutorParams{command=[networksetup, -getMedia, en18]}
[2018-05-03 08:11:59.880][debug][command:null][tid:29][com.facebook.buck.util.ListeningProcessExecutor] Launching process with params ProcessExecutorParams{command=[networksetup, -getMedia, en18]}
[2018-05-03 08:11:59.893][debug][command:null][tid:29][com.facebook.buck.util.ListeningProcessExecutor] Successfully launched process com.zaxxer.nuprocess.osx.OsxProcess@ab39015
[2018-05-03 08:11:59.893][debug][command:null][tid:29][com.facebook.buck.util.ListeningProcessExecutor] Successfully launched process com.zaxxer.nuprocess.osx.OsxProcess@ab39015
[2018-05-03 08:11:59.895][debug][command:null][tid:29][com.facebook.buck.util.ListeningProcessExecutor] Waiting for process com.facebook.buck.util.ListeningProcessExecutor$LaunchedProcessImpl@68e6b95d timeout 1000 MILLISECONDS
[2018-05-03 08:11:59.895][debug][command:null][tid:29][com.facebook.buck.util.ListeningProcessExecutor] Waiting for process com.facebook.buck.util.ListeningProcessExecutor$LaunchedProcessImpl@68e6b95d timeout 1000 MILLISECONDS
[2018-05-03 08:11:59.932][debug][command:null][tid:29][com.facebook.buck.util.ListeningProcessExecutor] Wait for process returned 4
[2018-05-03 08:11:59.932][debug][command:null][tid:29][com.facebook.buck.util.ListeningProcessExecutor] Wait for process returned 4
[2018-05-03 08:11:59.932][debug][command:null][tid:29][com.facebook.buck.util.ListeningProcessExecutor] Destroying process com.facebook.buck.util.ListeningProcessExecutor$LaunchedProcessImpl@68e6b95d (force true)
[2018-05-03 08:11:59.932][debug][command:null][tid:29][com.facebook.buck.util.ListeningProcessExecutor] Destroying process com.facebook.buck.util.ListeningProcessExecutor$LaunchedProcessImpl@68e6b95d (force true)
[2018-05-03 08:11:59.932][debug][command:null][tid:29][com.facebook.buck.util.environment.MacNetworkConfiguration] Determine active state of media for device
[2018-05-03 08:11:59.932][debug][command:null][tid:29][com.facebook.buck.util.environment.MacNetworkConfiguration] Determine active state of media for device
[2018-05-03 08:11:59.933][debug][command:null][tid:29][com.facebook.buck.util.ListeningProcessExecutor] Launching process with params ProcessExecutorParams{command=[networksetup, -getMedia, en17]}
[2018-05-03 08:11:59.933][debug][command:null][tid:29][com.facebook.buck.util.ListeningProcessExecutor] Launching process with params ProcessExecutorParams{command=[networksetup, -getMedia, en17]}
[2018-05-03 08:11:59.941][debug][command:null][tid:29][com.facebook.buck.util.ListeningProcessExecutor] Successfully launched process com.zaxxer.nuprocess.osx.OsxProcess@6a98e8d4
[2018-05-03 08:11:59.941][debug][command:null][tid:29][com.facebook.buck.util.ListeningProcessExecutor] Successfully launched process com.zaxxer.nuprocess.osx.OsxProcess@6a98e8d4
[2018-05-03 08:11:59.942][debug][command:null][tid:29][com.facebook.buck.util.ListeningProcessExecutor] Waiting for process com.facebook.buck.util.ListeningProcessExecutor$LaunchedProcessImpl@51f0dc46 timeout 1000 MILLISECONDS
[2018-05-03 08:11:59.942][debug][command:null][tid:29][com.facebook.buck.util.ListeningProcessExecutor] Waiting for process com.facebook.buck.util.ListeningProcessExecutor$LaunchedProcessImpl@51f0dc46 timeout 1000 MILLISECONDS
[2018-05-03 08:11:59.972][debug][command:a4127632-a5c2-4333-9474-e55c6f123562][tid:13][com.facebook.buck.cli.CleanCommand] Removed path: buck-out/bin
[2018-05-03 08:11:59.978][debug][command:null][tid:29][com.facebook.buck.util.ListeningProcessExecutor] Wait for process returned 4
[2018-05-03 08:11:59.978][debug][command:null][tid:29][com.facebook.buck.util.ListeningProcessExecutor] Wait for process returned 4
[2018-05-03 08:11:59.978][debug][command:null][tid:29][com.facebook.buck.util.ListeningProcessExecutor] Destroying process com.facebook.buck.util.ListeningProcessExecutor$LaunchedProcessImpl@51f0dc46 (force true)
[2018-05-03 08:11:59.978][debug][command:null][tid:29][com.facebook.buck.util.ListeningProcessExecutor] Destroying process com.facebook.buck.util.ListeningProcessExecutor$LaunchedProcessImpl@51f0dc46 (force true)
[2018-05-03 08:11:59.978][debug][command:null][tid:29][com.facebook.buck.util.environment.MacNetworkConfiguration] Determine active state of media for device
[2018-05-03 08:11:59.978][debug][command:null][tid:29][com.facebook.buck.util.environment.MacNetworkConfiguration] Determine active state of media for device
[2018-05-03 08:11:59.979][debug][command:null][tid:29][com.facebook.buck.util.ListeningProcessExecutor] Launching process with params ProcessExecutorParams{command=[networksetup, -getMedia, en16]}
[2018-05-03 08:11:59.979][debug][command:null][tid:29][com.facebook.buck.util.ListeningProcessExecutor] Launching process with params ProcessExecutorParams{command=[networksetup, -getMedia, en16]}
[2018-05-03 08:11:59.986][debug][command:null][tid:29][com.facebook.buck.util.ListeningProcessExecutor] Successfully launched process com.zaxxer.nuprocess.osx.OsxProcess@47d5cd55
[2018-05-03 08:11:59.986][debug][command:null][tid:29][com.facebook.buck.util.ListeningProcessExecutor] Successfully launched process com.zaxxer.nuprocess.osx.OsxProcess@47d5cd55
[2018-05-03 08:11:59.987][debug][command:null][tid:29][com.facebook.buck.util.ListeningProcessExecutor] Waiting for process com.facebook.buck.util.ListeningProcessExecutor$LaunchedProcessImpl@1aa4a8a3 timeout 1000 MILLISECONDS
[2018-05-03 08:11:59.987][debug][command:null][tid:29][com.facebook.buck.util.ListeningProcessExecutor] Waiting for process com.facebook.buck.util.ListeningProcessExecutor$LaunchedProcessImpl@1aa4a8a3 timeout 1000 MILLISECONDS
[2018-05-03 08:12:00.024][debug][command:null][tid:29][com.facebook.buck.util.ListeningProcessExecutor] Wait for process returned 4
[2018-05-03 08:12:00.024][debug][command:null][tid:29][com.facebook.buck.util.ListeningProcessExecutor] Wait for process returned 4
[2018-05-03 08:12:00.024][debug][command:null][tid:29][com.facebook.buck.util.ListeningProcessExecutor] Destroying process com.facebook.buck.util.ListeningProcessExecutor$LaunchedProcessImpl@1aa4a8a3 (force true)
[2018-05-03 08:12:00.024][debug][command:null][tid:29][com.facebook.buck.util.ListeningProcessExecutor] Destroying process com.facebook.buck.util.ListeningProcessExecutor$LaunchedProcessImpl@1aa4a8a3 (force true)
[2018-05-03 08:12:00.024][debug][command:null][tid:29][com.facebook.buck.util.environment.MacNetworkConfiguration] Determine active state of media for device
[2018-05-03 08:12:00.024][debug][command:null][tid:29][com.facebook.buck.util.environment.MacNetworkConfiguration] Determine active state of media for device
[2018-05-03 08:12:00.025][debug][command:null][tid:29][com.facebook.buck.util.ListeningProcessExecutor] Launching process with params ProcessExecutorParams{command=[networksetup, -getMedia, en15]}
[2018-05-03 08:12:00.025][debug][command:null][tid:29][com.facebook.buck.util.ListeningProcessExecutor] Launching process with params ProcessExecutorParams{command=[networksetup, -getMedia, en15]}
[2018-05-03 08:12:00.031][debug][command:null][tid:29][com.facebook.buck.util.ListeningProcessExecutor] Successfully launched process com.zaxxer.nuprocess.osx.OsxProcess@37d72d6b
[2018-05-03 08:12:00.031][debug][command:null][tid:29][com.facebook.buck.util.ListeningProcessExecutor] Successfully launched process com.zaxxer.nuprocess.osx.OsxProcess@37d72d6b
[2018-05-03 08:12:00.033][debug][command:null][tid:29][com.facebook.buck.util.ListeningProcessExecutor] Waiting for process com.facebook.buck.util.ListeningProcessExecutor$LaunchedProcessImpl@6092d53b timeout 1000 MILLISECONDS
[2018-05-03 08:12:00.033][debug][command:null][tid:29][com.facebook.buck.util.ListeningProcessExecutor] Waiting for process com.facebook.buck.util.ListeningProcessExecutor$LaunchedProcessImpl@6092d53b timeout 1000 MILLISECONDS
[2018-05-03 08:12:00.068][debug][command:null][tid:29][com.facebook.buck.util.ListeningProcessExecutor] Wait for process returned 4
[2018-05-03 08:12:00.068][debug][command:null][tid:29][com.facebook.buck.util.ListeningProcessExecutor] Wait for process returned 4
[2018-05-03 08:12:00.069][debug][command:null][tid:29][com.facebook.buck.util.ListeningProcessExecutor] Destroying process com.facebook.buck.util.ListeningProcessExecutor$LaunchedProcessImpl@6092d53b (force true)
[2018-05-03 08:12:00.069][debug][command:null][tid:29][com.facebook.buck.util.ListeningProcessExecutor] Destroying process com.facebook.buck.util.ListeningProcessExecutor$LaunchedProcessImpl@6092d53b (force true)
[2018-05-03 08:12:00.069][debug][command:null][tid:29][com.facebook.buck.util.environment.MacNetworkConfiguration] Determine active state of media for device
[2018-05-03 08:12:00.069][debug][command:null][tid:29][com.facebook.buck.util.environment.MacNetworkConfiguration] Determine active state of media for device
[2018-05-03 08:12:00.069][debug][command:null][tid:29][com.facebook.buck.util.ListeningProcessExecutor] Launching process with params ProcessExecutorParams{command=[networksetup, -getMedia, en14]}
[2018-05-03 08:12:00.069][debug][command:null][tid:29][com.facebook.buck.util.ListeningProcessExecutor] Launching process with params ProcessExecutorParams{command=[networksetup, -getMedia, en14]}
[2018-05-03 08:12:00.077][debug][command:null][tid:29][com.facebook.buck.util.ListeningProcessExecutor] Successfully launched process com.zaxxer.nuprocess.osx.OsxProcess@9440319
[2018-05-03 08:12:00.077][debug][command:null][tid:29][com.facebook.buck.util.ListeningProcessExecutor] Successfully launched process com.zaxxer.nuprocess.osx.OsxProcess@9440319
[2018-05-03 08:12:00.078][debug][command:null][tid:29][com.facebook.buck.util.ListeningProcessExecutor] Waiting for process com.facebook.buck.util.ListeningProcessExecutor$LaunchedProcessImpl@361a5322 timeout 1000 MILLISECONDS
[2018-05-03 08:12:00.078][debug][command:null][tid:29][com.facebook.buck.util.ListeningProcessExecutor] Waiting for process com.facebook.buck.util.ListeningProcessExecutor$LaunchedProcessImpl@361a5322 timeout 1000 MILLISECONDS
[2018-05-03 08:12:00.117][debug][command:null][tid:29][com.facebook.buck.util.ListeningProcessExecutor] Wait for process returned 4
[2018-05-03 08:12:00.117][debug][command:null][tid:29][com.facebook.buck.util.ListeningProcessExecutor] Wait for process returned 4
[2018-05-03 08:12:00.118][debug][command:null][tid:29][com.facebook.buck.util.ListeningProcessExecutor] Destroying process com.facebook.buck.util.ListeningProcessExecutor$LaunchedProcessImpl@361a5322 (force true)
[2018-05-03 08:12:00.118][debug][command:null][tid:29][com.facebook.buck.util.ListeningProcessExecutor] Destroying process com.facebook.buck.util.ListeningProcessExecutor$LaunchedProcessImpl@361a5322 (force true)
[2018-05-03 08:12:00.118][debug][command:null][tid:29][com.facebook.buck.util.environment.MacNetworkConfiguration] Determine active state of media for device
[2018-05-03 08:12:00.118][debug][command:null][tid:29][com.facebook.buck.util.environment.MacNetworkConfiguration] Determine active state of media for device
[2018-05-03 08:12:00.118][debug][command:null][tid:29][com.facebook.buck.util.ListeningProcessExecutor] Launching process with params ProcessExecutorParams{command=[networksetup, -getMedia, en12]}
[2018-05-03 08:12:00.118][debug][command:null][tid:29][com.facebook.buck.util.ListeningProcessExecutor] Launching process with params ProcessExecutorParams{command=[networksetup, -getMedia, en12]}
[2018-05-03 08:12:00.127][debug][command:null][tid:29][com.facebook.buck.util.ListeningProcessExecutor] Successfully launched process com.zaxxer.nuprocess.osx.OsxProcess@38288cff
[2018-05-03 08:12:00.127][debug][command:null][tid:29][com.facebook.buck.util.ListeningProcessExecutor] Successfully launched process com.zaxxer.nuprocess.osx.OsxProcess@38288cff
[2018-05-03 08:12:00.130][debug][command:null][tid:29][com.facebook.buck.util.ListeningProcessExecutor] Waiting for process com.facebook.buck.util.ListeningProcessExecutor$LaunchedProcessImpl@4ee5bdcc timeout 1000 MILLISECONDS
[2018-05-03 08:12:00.130][debug][command:null][tid:29][com.facebook.buck.util.ListeningProcessExecutor] Waiting for process com.facebook.buck.util.ListeningProcessExecutor$LaunchedProcessImpl@4ee5bdcc timeout 1000 MILLISECONDS
[2018-05-03 08:12:00.150][debug][command:a4127632-a5c2-4333-9474-e55c6f123562][tid:13][com.facebook.buck.cli.CleanCommand] Removed path: buck-out/cache
[2018-05-03 08:12:00.165][debug][command:null][tid:29][com.facebook.buck.util.ListeningProcessExecutor] Wait for process returned 4
[2018-05-03 08:12:00.165][debug][command:null][tid:29][com.facebook.buck.util.ListeningProcessExecutor] Wait for process returned 4
[2018-05-03 08:12:00.166][debug][command:null][tid:29][com.facebook.buck.util.ListeningProcessExecutor] Destroying process com.facebook.buck.util.ListeningProcessExecutor$LaunchedProcessImpl@4ee5bdcc (force true)
[2018-05-03 08:12:00.166][debug][command:null][tid:29][com.facebook.buck.util.ListeningProcessExecutor] Destroying process com.facebook.buck.util.ListeningProcessExecutor$LaunchedProcessImpl@4ee5bdcc (force true)
[2018-05-03 08:12:00.166][debug][command:null][tid:29][com.facebook.buck.util.environment.MacNetworkConfiguration] Determine active state of media for device
[2018-05-03 08:12:00.166][debug][command:null][tid:29][com.facebook.buck.util.environment.MacNetworkConfiguration] Determine active state of media for device
[2018-05-03 08:12:00.166][debug][command:null][tid:29][com.facebook.buck.util.ListeningProcessExecutor] Launching process with params ProcessExecutorParams{command=[networksetup, -getMedia, en10]}
[2018-05-03 08:12:00.166][debug][command:null][tid:29][com.facebook.buck.util.ListeningProcessExecutor] Launching process with params ProcessExecutorParams{command=[networksetup, -getMedia, en10]}
[2018-05-03 08:12:00.240][debug][command:a4127632-a5c2-4333-9474-e55c6f123562][tid:13][com.facebook.buck.cli.CleanCommand] Removed path: buck-out/gen
[2018-05-03 08:12:00.256][debug][command:a4127632-a5c2-4333-9474-e55c6f123562][tid:24][com.facebook.buck.util.perf.ProcessTracker] shutDown
[2018-05-03 08:12:00.257][debug][command:a4127632-a5c2-4333-9474-e55c6f123562][tid:23][com.google.common.util.concurrent.ServiceManager] Service PerfStatsTracking [TERMINATED] has terminated. Previous state was: STOPPING
[2018-05-03 08:12:00.264][debug][command:a4127632-a5c2-4333-9474-e55c6f123562][tid:24][com.google.common.util.concurrent.ServiceManager] Service ProcessTracker [TERMINATED] has terminated. Previous state was: STOPPING
[2018-05-03 08:12:00.271][debug][command:a4127632-a5c2-4333-9474-e55c6f123562][tid:13][com.facebook.buck.event.listener.SuperConsoleEventBusListener] Stopping render scheduler
[2018-05-03 08:12:00.272][info ][command:a4127632-a5c2-4333-9474-e55c6f123562][tid:13][com.facebook.buck.cli.Main] Awaiting termination of PROJECT executor service. Waiting for all jobs to complete, or up to maximum of 60 seconds...
[2018-05-03 08:12:00.272][info ][command:a4127632-a5c2-4333-9474-e55c6f123562][tid:13][com.facebook.buck.cli.Main] Successfully terminated PROJECT executor service.
[2018-05-03 08:12:00.273][info ][command:a4127632-a5c2-4333-9474-e55c6f123562][tid:13][com.facebook.buck.cli.Main] Awaiting termination of NETWORK executor service. Waiting for all jobs to complete, or up to maximum of 60 seconds...
[2018-05-03 08:12:00.273][info ][command:a4127632-a5c2-4333-9474-e55c6f123562][tid:13][com.facebook.buck.cli.Main] Successfully terminated NETWORK executor service.
[2018-05-03 08:12:00.273][info ][command:a4127632-a5c2-4333-9474-e55c6f123562][tid:13][com.facebook.buck.cli.Main] Awaiting termination of CPU executor service. Waiting for all jobs to complete, or up to maximum of 60 seconds...
[2018-05-03 08:12:00.274][debug][command:null][tid:29][com.facebook.buck.util.ListeningProcessExecutor] Successfully launched process com.zaxxer.nuprocess.osx.OsxProcess@679033c2
[2018-05-03 08:12:00.274][debug][command:null][tid:29][com.facebook.buck.util.ListeningProcessExecutor] Successfully launched process com.zaxxer.nuprocess.osx.OsxProcess@679033c2
[2018-05-03 08:12:00.275][debug][command:null][tid:29][com.facebook.buck.util.ListeningProcessExecutor] Waiting for process com.facebook.buck.util.ListeningProcessExecutor$LaunchedProcessImpl@377ef51 timeout 1000 MILLISECONDS
[2018-05-03 08:12:00.275][debug][command:null][tid:29][com.facebook.buck.util.ListeningProcessExecutor] Waiting for process com.facebook.buck.util.ListeningProcessExecutor$LaunchedProcessImpl@377ef51 timeout 1000 MILLISECONDS
[2018-05-03 08:12:00.277][info ][command:a4127632-a5c2-4333-9474-e55c6f123562][tid:13][com.facebook.buck.cli.Main] Successfully terminated CPU executor service.
[2018-05-03 08:12:00.277][info ][command:a4127632-a5c2-4333-9474-e55c6f123562][tid:13][com.facebook.buck.cli.Main] Awaiting termination of ScheduledExecutorService executor service. Waiting for all jobs to complete, or up to maximum of 60 seconds...
[2018-05-03 08:12:00.277][info ][command:a4127632-a5c2-4333-9474-e55c6f123562][tid:13][com.facebook.buck.cli.Main] Successfully terminated ScheduledExecutorService executor service.
[2018-05-03 08:12:00.277][info ][command:a4127632-a5c2-4333-9474-e55c6f123562][tid:13][com.facebook.buck.cli.Main] Awaiting termination of CounterAggregatorExecutor executor service. Waiting for all jobs to complete, or up to maximum of 20 seconds...
[2018-05-03 08:12:00.278][info ][command:a4127632-a5c2-4333-9474-e55c6f123562][tid:13][com.facebook.buck.cli.Main] Successfully terminated CounterAggregatorExecutor executor service.
[2018-05-03 08:12:00.278][info ][command:a4127632-a5c2-4333-9474-e55c6f123562][tid:13][com.facebook.buck.cli.Main] Awaiting termination of HTTP Read executor service. Waiting for all jobs to complete, or up to maximum of 1800 seconds...
[2018-05-03 08:12:00.278][info ][command:a4127632-a5c2-4333-9474-e55c6f123562][tid:13][com.facebook.buck.cli.Main] Successfully terminated HTTP Read executor service.
[2018-05-03 08:12:00.278][info ][command:a4127632-a5c2-4333-9474-e55c6f123562][tid:13][com.facebook.buck.cli.Main] Awaiting termination of Download Heavy Build HTTP Read executor service. Waiting for all jobs to complete, or up to maximum of 1800 seconds...
[2018-05-03 08:12:00.278][info ][command:a4127632-a5c2-4333-9474-e55c6f123562][tid:13][com.facebook.buck.cli.Main] Successfully terminated Download Heavy Build HTTP Read executor service.
[2018-05-03 08:12:00.278][info ][command:a4127632-a5c2-4333-9474-e55c6f123562][tid:13][com.facebook.buck.cli.Main] Awaiting termination of HTTP Write executor service. Waiting for all jobs to complete, or up to maximum of 1800 seconds...
[2018-05-03 08:12:00.278][info ][command:a4127632-a5c2-4333-9474-e55c6f123562][tid:13][com.facebook.buck.cli.Main] Successfully terminated HTTP Write executor service.
[2018-05-03 08:12:00.278][info ][command:a4127632-a5c2-4333-9474-e55c6f123562][tid:13][com.facebook.buck.cli.Main] Awaiting termination of Disk IO executor service. Waiting for all jobs to complete, or up to maximum of 10 seconds...
[2018-05-03 08:12:00.312][debug][command:null][tid:29][com.facebook.buck.util.ListeningProcessExecutor] Wait for process returned 4
[2018-05-03 08:12:00.312][debug][command:null][tid:29][com.facebook.buck.util.ListeningProcessExecutor] Wait for process returned 4
[2018-05-03 08:12:00.312][debug][command:null][tid:29][com.facebook.buck.util.ListeningProcessExecutor] Destroying process com.facebook.buck.util.ListeningProcessExecutor$LaunchedProcessImpl@377ef51 (force true)
[2018-05-03 08:12:00.312][debug][command:null][tid:29][com.facebook.buck.util.ListeningProcessExecutor] Destroying process com.facebook.buck.util.ListeningProcessExecutor$LaunchedProcessImpl@377ef51 (force true)
[2018-05-03 08:12:00.312][debug][command:null][tid:29][com.facebook.buck.util.environment.MacNetworkConfiguration] Determine active state of media for device
[2018-05-03 08:12:00.312][debug][command:null][tid:29][com.facebook.buck.util.environment.MacNetworkConfiguration] Determine active state of media for device
[2018-05-03 08:12:00.312][debug][command:null][tid:29][com.facebook.buck.util.ListeningProcessExecutor] Launching process with params ProcessExecutorParams{command=[networksetup, -getMedia, en8]}
[2018-05-03 08:12:00.312][debug][command:null][tid:29][com.facebook.buck.util.ListeningProcessExecutor] Launching process with params ProcessExecutorParams{command=[networksetup, -getMedia, en8]}
[2018-05-03 08:12:00.317][debug][command:null][tid:29][com.facebook.buck.util.ListeningProcessExecutor] Successfully launched process com.zaxxer.nuprocess.osx.OsxProcess@7f44c4b4
[2018-05-03 08:12:00.317][debug][command:null][tid:29][com.facebook.buck.util.ListeningProcessExecutor] Successfully launched process com.zaxxer.nuprocess.osx.OsxProcess@7f44c4b4
[2018-05-03 08:12:00.317][debug][command:null][tid:29][com.facebook.buck.util.ListeningProcessExecutor] Waiting for process com.facebook.buck.util.ListeningProcessExecutor$LaunchedProcessImpl@1cac0d4d timeout 1000 MILLISECONDS
[2018-05-03 08:12:00.317][debug][command:null][tid:29][com.facebook.buck.util.ListeningProcessExecutor] Waiting for process com.facebook.buck.util.ListeningProcessExecutor$LaunchedProcessImpl@1cac0d4d timeout 1000 MILLISECONDS
[2018-05-03 08:12:00.353][debug][command:null][tid:29][com.facebook.buck.util.ListeningProcessExecutor] Wait for process returned 4
[2018-05-03 08:12:00.353][debug][command:null][tid:29][com.facebook.buck.util.ListeningProcessExecutor] Wait for process returned 4
[2018-05-03 08:12:00.353][debug][command:null][tid:29][com.facebook.buck.util.ListeningProcessExecutor] Destroying process com.facebook.buck.util.ListeningProcessExecutor$LaunchedProcessImpl@1cac0d4d (force true)
[2018-05-03 08:12:00.353][debug][command:null][tid:29][com.facebook.buck.util.ListeningProcessExecutor] Destroying process com.facebook.buck.util.ListeningProcessExecutor$LaunchedProcessImpl@1cac0d4d (force true)
[2018-05-03 08:12:00.353][debug][command:null][tid:29][com.facebook.buck.util.environment.MacNetworkConfiguration] Determine active state of media for device
[2018-05-03 08:12:00.353][debug][command:null][tid:29][com.facebook.buck.util.environment.MacNetworkConfiguration] Determine active state of media for device
[2018-05-03 08:12:00.353][debug][command:null][tid:29][com.facebook.buck.util.ListeningProcessExecutor] Launching process with params ProcessExecutorParams{command=[networksetup, -getMedia, en0]}
[2018-05-03 08:12:00.353][debug][command:null][tid:29][com.facebook.buck.util.ListeningProcessExecutor] Launching process with params ProcessExecutorParams{command=[networksetup, -getMedia, en0]}
[2018-05-03 08:12:00.356][debug][command:null][tid:29][com.facebook.buck.util.ListeningProcessExecutor] Successfully launched process com.zaxxer.nuprocess.osx.OsxProcess@7ac42339
[2018-05-03 08:12:00.356][debug][command:null][tid:29][com.facebook.buck.util.ListeningProcessExecutor] Successfully launched process com.zaxxer.nuprocess.osx.OsxProcess@7ac42339
[2018-05-03 08:12:00.357][debug][command:null][tid:29][com.facebook.buck.util.ListeningProcessExecutor] Waiting for process com.facebook.buck.util.ListeningProcessExecutor$LaunchedProcessImpl@46f54657 timeout 1000 MILLISECONDS
[2018-05-03 08:12:00.357][debug][command:null][tid:29][com.facebook.buck.util.ListeningProcessExecutor] Waiting for process com.facebook.buck.util.ListeningProcessExecutor$LaunchedProcessImpl@46f54657 timeout 1000 MILLISECONDS
[2018-05-03 08:12:00.394][debug][command:null][tid:29][com.facebook.buck.util.ListeningProcessExecutor] Wait for process returned 0
[2018-05-03 08:12:00.394][debug][command:null][tid:29][com.facebook.buck.util.ListeningProcessExecutor] Wait for process returned 0
[2018-05-03 08:12:00.394][debug][command:null][tid:29][com.facebook.buck.util.ListeningProcessExecutor] Destroying process com.facebook.buck.util.ListeningProcessExecutor$LaunchedProcessImpl@46f54657 (force true)
[2018-05-03 08:12:00.394][debug][command:null][tid:29][com.facebook.buck.util.ListeningProcessExecutor] Destroying process com.facebook.buck.util.ListeningProcessExecutor$LaunchedProcessImpl@46f54657 (force true)
[2018-05-03 08:12:00.395][debug][command:null][tid:29][com.facebook.buck.util.environment.MacNetworkConfiguration] Determine WiFi SSID of device
[2018-05-03 08:12:00.395][debug][command:null][tid:29][com.facebook.buck.util.environment.MacNetworkConfiguration] Determine WiFi SSID of device
[2018-05-03 08:12:00.395][debug][command:null][tid:29][com.facebook.buck.util.ListeningProcessExecutor] Launching process with params ProcessExecutorParams{command=[networksetup, -getairportnetwork, en0]}
[2018-05-03 08:12:00.395][debug][command:null][tid:29][com.facebook.buck.util.ListeningProcessExecutor] Launching process with params ProcessExecutorParams{command=[networksetup, -getairportnetwork, en0]}
[2018-05-03 08:12:00.401][debug][command:null][tid:29][com.facebook.buck.util.ListeningProcessExecutor] Successfully launched process com.zaxxer.nuprocess.osx.OsxProcess@1f4d4b59
[2018-05-03 08:12:00.401][debug][command:null][tid:29][com.facebook.buck.util.ListeningProcessExecutor] Successfully launched process com.zaxxer.nuprocess.osx.OsxProcess@1f4d4b59
[2018-05-03 08:12:00.401][debug][command:null][tid:29][com.facebook.buck.util.ListeningProcessExecutor] Waiting for process com.facebook.buck.util.ListeningProcessExecutor$LaunchedProcessImpl@63f7fb98 timeout 1000 MILLISECONDS
[2018-05-03 08:12:00.401][debug][command:null][tid:29][com.facebook.buck.util.ListeningProcessExecutor] Waiting for process com.facebook.buck.util.ListeningProcessExecutor$LaunchedProcessImpl@63f7fb98 timeout 1000 MILLISECONDS
[2018-05-03 08:12:00.441][debug][command:null][tid:29][com.facebook.buck.util.ListeningProcessExecutor] Wait for process returned 0
[2018-05-03 08:12:00.441][debug][command:null][tid:29][com.facebook.buck.util.ListeningProcessExecutor] Wait for process returned 0
[2018-05-03 08:12:00.441][debug][command:null][tid:29][com.facebook.buck.util.ListeningProcessExecutor] Destroying process com.facebook.buck.util.ListeningProcessExecutor$LaunchedProcessImpl@63f7fb98 (force true)
[2018-05-03 08:12:00.441][debug][command:null][tid:29][com.facebook.buck.util.ListeningProcessExecutor] Destroying process com.facebook.buck.util.ListeningProcessExecutor$LaunchedProcessImpl@63f7fb98 (force true)
[2018-05-03 08:12:00.444][info ][command:a4127632-a5c2-4333-9474-e55c6f123562][tid:13][com.facebook.buck.cli.Main] Successfully terminated Disk IO executor service.
[2018-05-03 08:12:00.458][debug][command:null][tid:13][com.facebook.buck.event.listener.SuperConsoleEventBusListener] Stopping render scheduler
[2018-05-03 08:12:00.458][debug][command:null][tid:13][com.facebook.buck.event.listener.ChromeTraceBuildListener] Writing Chrome trace to buck-out/log/2018-05-03_12h11m58s_cleancommand_a4127632-a5c2-4333-9474-e55c6f123562/build.2018-05-03.08-11-58.a4127632-a5c2-4333-9474-e55c6f123562.trace
[2018-05-03 08:12:00.492][debug][command:null][tid:15][com.martiansoftware.nailgun.NGCommunicator] Socket is disconnected
[2018-05-03 08:12:00.492][debug][command:null][tid:15][com.martiansoftware.nailgun.NGCommunicator] Nailgun client disconnected
[2018-05-03 08:12:00.492][debug][command:null][tid:13][com.facebook.buck.cli.Main] Done.
