[2018-05-02 19:10:24.261][debug][command:null][tid:126][com.facebook.buck.cli.Main] Starting up (build date 2018-03-26 17:19:01 -0400, rev v2018.03.26.01), args: [build, SnapKit]
[2018-05-02 19:10:24.263][debug][command:null][tid:126][com.facebook.buck.cli.Main] System properties: {java.vendor=Oracle Corporation, sun.java.launcher=SUN_STANDARD, sun.management.compiler=HotSpot 64-Bit Tiered Compilers, jnidispatch.path=/Users/scottjones/BuckExample/StashUI/UI/.buckd/tmp/buck_run.rl8slT/jna--496628040/jna8380054251408692703.tmp, os.name=Mac OS X, buck.enable_objc=true, sun.boot.class.path=/Library/Java/JavaVirtualMachines/jdk1.8.0_162.jdk/Contents/Home/jre/lib/resources.jar:/Library/Java/JavaVirtualMachines/jdk1.8.0_162.jdk/Contents/Home/jre/lib/rt.jar:/Library/Java/JavaVirtualMachines/jdk1.8.0_162.jdk/Contents/Home/jre/lib/sunrsasign.jar:/Library/Java/JavaVirtualMachines/jdk1.8.0_162.jdk/Contents/Home/jre/lib/jsse.jar:/Library/Java/JavaVirtualMachines/jdk1.8.0_162.jdk/Contents/Home/jre/lib/jce.jar:/Library/Java/JavaVirtualMachines/jdk1.8.0_162.jdk/Contents/Home/jre/lib/charsets.jar:/Library/Java/JavaVirtualMachines/jdk1.8.0_162.jdk/Contents/Home/jre/lib/jfr.jar:/Library/Java/JavaVirtualMachines/jdk1.8.0_162.jdk/Contents/Home/jre/classes, pf4j.pluginsDir=/Users/scottjones/BuckExample/StashUI/UI/.buckd/resources/v2018.03.26.01/buck-modules, buck.resource_lock_path=/Users/scottjones/BuckExample/StashUI/UI/.buckd/resources/v2018.03.26.01/.buck_lock, java.vm.specification.vendor=Oracle Corporation, java.runtime.version=1.8.0_162-b12, jna.loaded=true, buck.testrunner_classes=/Users/scottjones/BuckExample/StashUI/UI/.buckd/resources/v2018.03.26.01/testrunner_classes, buck.logging_config_file=/Users/scottjones/BuckExample/StashUI/UI/.buckd/resources/v2018.03.26.01/logging_config_file, buck.path_to_sh_binary_template=/Users/scottjones/BuckExample/StashUI/UI/.buckd/resources/v2018.03.26.01/path_to_sh_binary_template, user.name=scottjones, buck.path_to_pywatchman=/Users/scottjones/BuckExample/StashUI/UI/.buckd/resources/v2018.03.26.01/path_to_pywatchman, buck.report_generator_jar=/Users/scottjones/BuckExample/StashUI/UI/.buckd/resources/v2018.03.26.01/report_generator_jar, buck.git_commit=v2018.03.26.01, user.language=en, sun.boot.library.path=/Library/Java/JavaVirtualMachines/jdk1.8.0_162.jdk/Contents/Home/jre/lib, jna.nosys=true, java.version=1.8.0_162, user.timezone=America/New_York, buck.test_util_no_tests_dir=true, sun.arch.data.model=64, http.nonProxyHosts=local|*.local|169.254/16|*.169.254/16, java.endorsed.dirs=/Library/Java/JavaVirtualMachines/jdk1.8.0_162.jdk/Contents/Home/jre/lib/endorsed, sun.cpu.isalist=, sun.jnu.encoding=UTF-8, file.encoding.pkg=sun.io, file.separator=/, java.specification.name=Java Platform API Specification, buck.jacoco_agent_jar=/Users/scottjones/BuckExample/StashUI/UI/.buckd/resources/v2018.03.26.01/jacoco_agent_jar, java.class.version=52.0, user.country=US, buck.binary_hash=18882a498323745e828e70f1ac69fa39, java.home=/Library/Java/JavaVirtualMachines/jdk1.8.0_162.jdk/Contents/Home/jre, buck.fix_script=/Users/scottjones/BuckExample/StashUI/UI/.buckd/resources/v2018.03.26.01/fix_script, java.vm.info=mixed mode, os.version=10.13.4, buck.external_executor_jar=/Users/scottjones/BuckExample/StashUI/UI/.buckd/resources/v2018.03.26.01/external_executor_jar, buck.version_uid=v2018.03.26.01, org.eclipse.jetty.util.log.class=org.eclipse.jetty.util.log.JavaUtilLog, path.separator=:, java.vm.version=25.162-b12, java.awt.printerjob=sun.lwawt.macosx.CPrinterJob, sun.io.unicode.encoding=UnicodeBig, awt.toolkit=sun.lwawt.macosx.LWCToolkit, socksNonProxyHosts=local|*.local|169.254/16|*.169.254/16, buck.buck_build_type_info=/Users/scottjones/BuckExample/StashUI/UI/.buckd/resources/v2018.03.26.01/buck_build_type_info, ftp.nonProxyHosts=local|*.local|169.254/16|*.169.254/16, buck.dx=/Users/scottjones/BuckExample/StashUI/UI/.buckd/resources/v2018.03.26.01/dx, buck.git_commit_timestamp=1522099141, user.home=/Users/scottjones, java.specification.vendor=Oracle Corporation, buck.git_dirty=0, java.library.path=/Users/scottjones/BuckExample/StashUI/UI/.buckd/resources/v2018.03.26.01, java.vendor.url=http://java.oracle.com/, java.vm.vendor=Oracle Corporation, gopherProxySet=false, java.runtime.name=Java(TM) SE Runtime Environment, sun.java.command=com.facebook.buck.cli.bootstrapper.ClassLoaderBootstrapper com.facebook.buck.cli.Main$DaemonBootstrap local:.buckd/sock 120000, java.class.path=/Users/scottjones/BuckExample/StashUI/UI/.buckd/resources/v2018.03.26.01/bootstrapper_jar, buck.buckd_dir=/Users/scottjones/BuckExample/StashUI/UI/.buckd, buck.path_to_pathlib_py=/Users/scottjones/BuckExample/StashUI/UI/.buckd/resources/v2018.03.26.01/pathlib.py, buck.buckd_launch_time_nanos=23432505348890, java.vm.specification.name=Java Virtual Machine Specification, com.martiansoftware.nailgun.NGServer.outputPath=/Users/scottjones/BuckExample/StashUI/UI/.buckd/tmp/buck_run.rl8slT/ngserver-out, java.vm.specification.version=1.8, sun.cpu.endian=little, sun.os.patch.level=unknown, java.awt.headless=true, java.io.tmpdir=/Users/scottjones/BuckExample/StashUI/UI/.buckd/tmp/buck_run.rl8slT, buck.android_agent_path=/Users/scottjones/BuckExample/StashUI/UI/.buckd/resources/v2018.03.26.01/android_agent_path, java.vendor.url.bug=http://bugreport.sun.com/bugreport/, buck.path_to_python_dsl=, jna.platform.library.path=/usr/lib:/usr/lib, os.arch=x86_64, java.awt.graphicsenv=sun.awt.CGraphicsEnvironment, buck.path_to_pex=/Users/scottjones/BuckExample/StashUI/UI/.buckd/resources/v2018.03.26.01/path_to_pex, java.ext.dirs=/Users/scottjones/Library/Java/Extensions:/Library/Java/JavaVirtualMachines/jdk1.8.0_162.jdk/Contents/Home/jre/lib/ext:/Library/Java/Extensions:/Network/Library/Java/Extensions:/System/Library/Java/Extensions:/usr/lib/java, java.util.logging.config.class=com.facebook.buck.cli.bootstrapper.LogConfig, user.dir=/Users/scottjones/BuckExample/StashUI/UI, line.separator=
, java.vm.name=Java HotSpot(TM) 64-Bit Server VM, buck.path_to_typing=/Users/scottjones/BuckExample/StashUI/UI/.buckd/resources/v2018.03.26.01/path_to_typing, buck.native_exopackage_fake_path=/Users/scottjones/BuckExample/StashUI/UI/.buckd/resources/v2018.03.26.01/native_exopackage_fake_path, file.encoding=UTF-8, java.specification.version=1.8}
[2018-05-02 19:10:24.264][debug][command:null][tid:126][com.facebook.buck.util.config.Configs] Loading configuration for /Users/scottjones/BuckExample/StashUI/UI
[2018-05-02 19:10:24.264][debug][command:null][tid:126][com.facebook.buck.util.config.Configs] Loaded project configuration file /Users/scottjones/BuckExample/StashUI/UI/.buckconfig
[2018-05-02 19:10:24.265][debug][command:null][tid:126][com.facebook.buck.util.config.Configs] Adding configuration overrides RawConfig{values={}}
[2018-05-02 19:10:24.266][info ][command:null][tid:126][com.facebook.buck.io.WatchmanFactory] Creating for: [/Users/scottjones/BuckExample/StashUI/UI]
[2018-05-02 19:10:24.267][debug][command:null][tid:126][com.facebook.buck.io.ExecutableFinder] Executable 'watchman' mapped to 'Optional[/usr/local/bin/watchman]'
[2018-05-02 19:10:24.267][debug][command:null][tid:126][com.facebook.buck.util.ListeningProcessExecutor] Launching process with params ProcessExecutorParams{command=[/usr/local/bin/watchman, --output-encoding=bser, get-sockname]}
[2018-05-02 19:10:24.272][debug][command:null][tid:126][com.facebook.buck.util.ListeningProcessExecutor] Successfully launched process com.zaxxer.nuprocess.osx.OsxProcess@3c1464ea
[2018-05-02 19:10:24.272][debug][command:null][tid:126][com.facebook.buck.util.ListeningProcessExecutor] Waiting for process com.facebook.buck.util.ListeningProcessExecutor$LaunchedProcessImpl@7a53e8e8 timeout 1000000000 NANOSECONDS
[2018-05-02 19:10:24.287][debug][command:null][tid:126][com.facebook.buck.util.ListeningProcessExecutor] Wait for process returned 0
[2018-05-02 19:10:24.287][debug][command:null][tid:126][com.facebook.buck.io.WatchmanFactory] Waited 14 ms for Watchman command get-sockname, exit code 0
[2018-05-02 19:10:24.287][debug][command:null][tid:126][com.facebook.buck.io.WatchmanFactory] stdout of command: {sockname=/usr/local/var/run/watchman/scottjones-state/sock, version=4.9.0}
[2018-05-02 19:10:24.287][info ][command:null][tid:126][com.facebook.buck.io.WatchmanFactory] Connecting to Watchman version 4.9.0 at /usr/local/var/run/watchman/scottjones-state/sock
[2018-05-02 19:10:24.288][debug][command:null][tid:133][com.facebook.buck.io.WatchmanTransportClient] Sending query: [version, {required=[cmd-watch-project], optional=[term-dirname, cmd-watch-project, wildmatch, wildmatch_multislash, glob_generator, clock-sync-timeout]}]
[2018-05-02 19:10:24.288][debug][command:null][tid:126][com.facebook.buck.io.WatchmanTransportClient] Query [version, {required=[cmd-watch-project], optional=[term-dirname, cmd-watch-project, wildmatch, wildmatch_multislash, glob_generator, clock-sync-timeout]}] returned in 0 ms
[2018-05-02 19:10:24.289][info ][command:null][tid:126][com.facebook.buck.io.WatchmanFactory] Took 1 ms to query capabilities {term-dirname=DIRNAME, cmd-watch-project=SUPPORTS_PROJECT_WATCH, wildmatch=WILDMATCH_GLOB, wildmatch_multislash=WILDMATCH_MULTISLASH, glob_generator=GLOB_GENERATOR, clock-sync-timeout=CLOCK_SYNC_TIMEOUT}
[2018-05-02 19:10:24.289][debug][command:null][tid:126][com.facebook.buck.io.WatchmanFactory] Got capabilities response: {clock-sync-timeout=true, glob_generator=true, wildmatch_multislash=false, cmd-watch-project=true, wildmatch=true, term-dirname=true}
[2018-05-02 19:10:24.289][debug][command:null][tid:126][com.facebook.buck.io.WatchmanFactory] Got Watchman capabilities: [CLOCK_SYNC_TIMEOUT, GLOB_GENERATOR, SUPPORTS_PROJECT_WATCH, WILDMATCH_GLOB, DIRNAME]
[2018-05-02 19:10:24.289][info ][command:null][tid:126][com.facebook.buck.io.WatchmanFactory] Adding watchman root: /Users/scottjones/BuckExample/StashUI/UI
[2018-05-02 19:10:24.289][debug][command:null][tid:133][com.facebook.buck.io.WatchmanTransportClient] Sending query: [watch-project, /Users/scottjones/BuckExample/StashUI/UI]
[2018-05-02 19:10:24.289][debug][command:null][tid:126][com.facebook.buck.io.WatchmanTransportClient] Query [watch-project, /Users/scottjones/BuckExample/StashUI/UI] returned in 0 ms
[2018-05-02 19:10:24.289][debug][command:null][tid:133][com.facebook.buck.io.WatchmanTransportClient] Sending query: [watch-project, /Users/scottjones/BuckExample/StashUI/UI]
[2018-05-02 19:10:24.289][debug][command:null][tid:126][com.facebook.buck.io.WatchmanTransportClient] Query [watch-project, /Users/scottjones/BuckExample/StashUI/UI] returned in 0 ms
[2018-05-02 19:10:24.289][info ][command:null][tid:126][com.facebook.buck.io.WatchmanFactory] Took 0 ms to add root /Users/scottjones/BuckExample/StashUI/UI
[2018-05-02 19:10:24.290][debug][command:null][tid:133][com.facebook.buck.io.WatchmanTransportClient] Sending query: [clock, /Users/scottjones/BuckExample, {sync_timeout=100}]
[2018-05-02 19:10:24.298][debug][command:null][tid:126][com.facebook.buck.io.WatchmanTransportClient] Query [clock, /Users/scottjones/BuckExample, {sync_timeout=100}] returned in 8 ms
[2018-05-02 19:10:24.298][info ][command:null][tid:126][com.facebook.buck.io.WatchmanFactory] Took 8 ms to query for initial clock id Optional[c:1525269255:464:2:953]
[2018-05-02 19:10:24.298][debug][command:null][tid:126][com.facebook.buck.io.WatchmanFactory] Connected to Watchman
[2018-05-02 19:10:24.298][debug][command:null][tid:126][com.facebook.buck.io.WatchmanTransportClient] Closing Watchman transport.
[2018-05-02 19:10:24.299][debug][command:null][tid:126][com.facebook.buck.cli.Main] Watchman capabilities: [CLOCK_SYNC_TIMEOUT, GLOB_GENERATOR, SUPPORTS_PROJECT_WATCH, WILDMATCH_GLOB, DIRNAME] Project watches: {/Users/scottjones/BuckExample/StashUI/UI=ProjectWatch{watchRoot=/Users/scottjones/BuckExample, projectPrefix=StashUI/UI}} Glob handler config: PYTHON Query timeout ms config: Optional.empty
[2018-05-02 19:10:24.317][debug][command:0333ebac-d8f8-45f9-b864-f3c041cd00a3][tid:126][com.facebook.buck.event.listener.SuperConsoleEventBusListener] Starting render scheduler (interval 100 ms)
[2018-05-02 19:10:24.318][debug][command:0333ebac-d8f8-45f9-b864-f3c041cd00a3][tid:126][com.google.common.util.concurrent.ServiceManager] Starting PerfStatsTracking [RUNNING].
[2018-05-02 19:10:24.318][debug][command:0333ebac-d8f8-45f9-b864-f3c041cd00a3][tid:126][com.google.common.util.concurrent.ServiceManager] Started PerfStatsTracking [RUNNING] in 530.1 μs.
[2018-05-02 19:10:24.319][debug][command:0333ebac-d8f8-45f9-b864-f3c041cd00a3][tid:126][com.google.common.util.concurrent.ServiceManager] Starting ProcessTracker [STARTING].
[2018-05-02 19:10:24.319][debug][command:0333ebac-d8f8-45f9-b864-f3c041cd00a3][tid:126][com.facebook.buck.util.environment.MacWifiSsidFinder] Getting current SSID..
[2018-05-02 19:10:24.319][debug][command:null][tid:137][com.facebook.buck.util.perf.ProcessTracker] startUp
[2018-05-02 19:10:24.319][debug][command:0333ebac-d8f8-45f9-b864-f3c041cd00a3][tid:126][com.facebook.buck.util.environment.MacWifiSsidFinder] Getting SSID from Wi-Fi interface: <CWInterface: 0x7f96fdfa3710> [interfaceName=en0]
[2018-05-02 19:10:24.320][debug][command:null][tid:137][com.google.common.util.concurrent.ServiceManager] Started ProcessTracker [RUNNING] in 1.553 ms.
[2018-05-02 19:10:24.320][debug][command:0333ebac-d8f8-45f9-b864-f3c041cd00a3][tid:126][com.facebook.buck.util.environment.MacWifiSsidFinder] No SSID found for interface <CWInterface: 0x7f96fdfa3710> [interfaceName=en0].
[2018-05-02 19:10:24.321][debug][command:0333ebac-d8f8-45f9-b864-f3c041cd00a3][tid:126][com.facebook.buck.cli.Main] InvocationInfo BuildId=[0333ebac-d8f8-45f9-b864-f3c041cd00a3] Args=[build, SnapKit]
[2018-05-02 19:10:24.328][warn ][command:null][tid:140][com.facebook.buck.event.listener.PublicAnnouncementManager] Failed to get public announcements. Reason: Failed to establish connection to server.
[2018-05-02 19:10:24.329][info ][command:null][tid:141][com.facebook.buck.util.versioncontrol.VersionControlStatsGenerator] Starting generation of version control stats.
[2018-05-02 19:10:24.329][debug][command:0333ebac-d8f8-45f9-b864-f3c041cd00a3][tid:126][com.facebook.buck.parser.Parser] com.facebook.buck.event.DefaultBuckEventBus@558b1c42
[2018-05-02 19:10:24.330][debug][command:null][tid:141][com.facebook.buck.util.versioncontrol.VersionControlCmdLineInterface] Executing command: hg log -l 1 --template {node|short}
[2018-05-02 19:10:24.332][debug][command:null][tid:144][com.facebook.buck.io.WatchmanTransportClient] Sending query: [query, /Users/scottjones/BuckExample, {since=c:1525269255:464:2:944, expression=[not, [anyof, [type, d], [dirname, .idea], [dirname, .buckd], [dirname, buck-out/cache], [dirname, buck-out/.trash], [dirname, buck-out], [match, **/*.pbxproj, wholename, {includedotfiles=true}], [match, **/*.xcscheme, wholename, {includedotfiles=true}], [match, **/*.xcworkspacedata, wholename, {includedotfiles=true}], [match, **/*~, wholename, {includedotfiles=true}], [match, **/#*#, wholename, {includedotfiles=true}], [match, **/.#*, wholename, {includedotfiles=true}], [match, **/*.swo, wholename, {includedotfiles=true}], [match, **/*.swp, wholename, {includedotfiles=true}], [match, **/*.swpx, wholename, {includedotfiles=true}], [match, **/*.un~, wholename, {includedotfiles=true}], [match, **/.netrhwist, wholename, {includedotfiles=true}], [match, .idea, wholename, {includedotfiles=true}], [match, .iml, wholename, {includedotfiles=true}], [match, **/*.pydevproject, wholename, {includedotfiles=true}], [match, .project, wholename, {includedotfiles=true}], [match, .metadata, wholename, {includedotfiles=true}], [match, **/*.tmp, wholename, {includedotfiles=true}], [match, **/*.bak, wholename, {includedotfiles=true}], [match, **/*~.nib, wholename, {includedotfiles=true}], [match, .classpath, wholename, {includedotfiles=true}], [match, .settings, wholename, {includedotfiles=true}], [match, .loadpath, wholename, {includedotfiles=true}], [match, .externalToolBuilders, wholename, {includedotfiles=true}], [match, .cproject, wholename, {includedotfiles=true}], [match, .buildpath, wholename, {includedotfiles=true}], [match, .DS_Store, wholename, {includedotfiles=true}], [match, .AppleDouble, wholename, {includedotfiles=true}], [match, .LSOverride, wholename, {includedotfiles=true}], [match, .Spotlight-V100, wholename, {includedotfiles=true}], [match, .Trashes, wholename, {includedotfiles=true}], [match, $RECYCLE.BIN, wholename, {includedotfiles=true}], [match, .*.sublime-workspace, wholename, {includedotfiles=true}]]], empty_on_fresh_instance=true, fields=[name, exists, new], relative_root=StashUI/UI}]
[2018-05-02 19:10:24.337][warn ][command:null][tid:141][com.facebook.buck.util.versioncontrol.DelegatingVersionControlCmdLineInterface] Mercurial is the only VCS supported for VCS stats generation, however current project (which has enabled VCS stats generation in its .buckconfig) does not appear to be a Mercurial repository: 
com.facebook.buck.util.versioncontrol.VersionControlCommandFailedException: java.io.IOException: Cannot run program "hg" (in directory "/Users/scottjones/BuckExample/StashUI/UI"): error=2, No such file or directory
[2018-05-02 19:10:24.337][debug][command:null][tid:141][com.facebook.buck.util.versioncontrol.DelegatingVersionControlCmdLineInterface] Using NoOpCmdLineInterface.
[2018-05-02 19:10:24.337][warn ][command:null][tid:141][com.facebook.buck.util.versioncontrol.VersionControlStatsGenerator] Skipping generation of version control stats as unsupported repository type.
[2018-05-02 19:10:24.337][debug][command:null][tid:141][com.facebook.buck.util.environment.MacNetworkConfiguration] Determine network service order and extract device names
[2018-05-02 19:10:24.337][debug][command:null][tid:141][com.facebook.buck.util.ListeningProcessExecutor] Launching process with params ProcessExecutorParams{command=[networksetup, -listnetworkserviceorder, ]}
[2018-05-02 19:10:24.339][debug][command:null][tid:141][com.facebook.buck.util.ListeningProcessExecutor] Successfully launched process com.zaxxer.nuprocess.osx.OsxProcess@7b6472ca
[2018-05-02 19:10:24.339][debug][command:null][tid:141][com.facebook.buck.util.ListeningProcessExecutor] Waiting for process com.facebook.buck.util.ListeningProcessExecutor$LaunchedProcessImpl@75a383d6 timeout 1000 MILLISECONDS
[2018-05-02 19:10:24.344][debug][command:null][tid:143][com.facebook.buck.io.WatchmanTransportClient] Query [query, /Users/scottjones/BuckExample, {since=c:1525269255:464:2:944, expression=[not, [anyof, [type, d], [dirname, .idea], [dirname, .buckd], [dirname, buck-out/cache], [dirname, buck-out/.trash], [dirname, buck-out], [match, **/*.pbxproj, wholename, {includedotfiles=true}], [match, **/*.xcscheme, wholename, {includedotfiles=true}], [match, **/*.xcworkspacedata, wholename, {includedotfiles=true}], [match, **/*~, wholename, {includedotfiles=true}], [match, **/#*#, wholename, {includedotfiles=true}], [match, **/.#*, wholename, {includedotfiles=true}], [match, **/*.swo, wholename, {includedotfiles=true}], [match, **/*.swp, wholename, {includedotfiles=true}], [match, **/*.swpx, wholename, {includedotfiles=true}], [match, **/*.un~, wholename, {includedotfiles=true}], [match, **/.netrhwist, wholename, {includedotfiles=true}], [match, .idea, wholename, {includedotfiles=true}], [match, .iml, wholename, {includedotfiles=true}], [match, **/*.pydevproject, wholename, {includedotfiles=true}], [match, .project, wholename, {includedotfiles=true}], [match, .metadata, wholename, {includedotfiles=true}], [match, **/*.tmp, wholename, {includedotfiles=true}], [match, **/*.bak, wholename, {includedotfiles=true}], [match, **/*~.nib, wholename, {includedotfiles=true}], [match, .classpath, wholename, {includedotfiles=true}], [match, .settings, wholename, {includedotfiles=true}], [match, .loadpath, wholename, {includedotfiles=true}], [match, .externalToolBuilders, wholename, {includedotfiles=true}], [match, .cproject, wholename, {includedotfiles=true}], [match, .buildpath, wholename, {includedotfiles=true}], [match, .DS_Store, wholename, {includedotfiles=true}], [match, .AppleDouble, wholename, {includedotfiles=true}], [match, .LSOverride, wholename, {includedotfiles=true}], [match, .Spotlight-V100, wholename, {includedotfiles=true}], [match, .Trashes, wholename, {includedotfiles=true}], [match, $RECYCLE.BIN, wholename, {includedotfiles=true}], [match, .*.sublime-workspace, wholename, {includedotfiles=true}]]], empty_on_fresh_instance=true, fields=[name, exists, new], relative_root=StashUI/UI}] returned in 12 ms
[2018-05-02 19:10:24.345][debug][command:null][tid:143][com.facebook.buck.io.WatchmanWatcher] Updating Watchman Cursor from c:1525269255:464:2:944 to c:1525269255:464:2:956
[2018-05-02 19:10:24.345][debug][command:null][tid:143][com.facebook.buck.io.WatchmanWatcher] Posted 0 Watchman events.
[2018-05-02 19:10:24.345][debug][command:null][tid:143][com.facebook.buck.io.WatchmanTransportClient] Closing Watchman transport.
[2018-05-02 19:10:24.347][info ][command:null][tid:142][com.facebook.buck.event.listener.LoggingBuildListener] Build started at 2018-05-02 19:10:24.347
[2018-05-02 19:10:24.348][info ][command:null][tid:142][com.facebook.buck.event.listener.LoggingBuildListener] Build finished at 2018-05-02 19:10:24.348
[2018-05-02 19:10:24.348][debug][command:0333ebac-d8f8-45f9-b864-f3c041cd00a3][tid:137][com.facebook.buck.util.perf.ProcessTracker] shutDown
[2018-05-02 19:10:24.349][debug][command:0333ebac-d8f8-45f9-b864-f3c041cd00a3][tid:126][com.facebook.buck.event.listener.SuperConsoleEventBusListener] Stopping render scheduler
[2018-05-02 19:10:24.349][info ][command:0333ebac-d8f8-45f9-b864-f3c041cd00a3][tid:126][com.facebook.buck.cli.Main] Awaiting termination of PROJECT executor service. Waiting for all jobs to complete, or up to maximum of 60 seconds...
[2018-05-02 19:10:24.349][info ][command:0333ebac-d8f8-45f9-b864-f3c041cd00a3][tid:126][com.facebook.buck.cli.Main] Successfully terminated PROJECT executor service.
[2018-05-02 19:10:24.349][info ][command:0333ebac-d8f8-45f9-b864-f3c041cd00a3][tid:126][com.facebook.buck.cli.Main] Awaiting termination of NETWORK executor service. Waiting for all jobs to complete, or up to maximum of 60 seconds...
[2018-05-02 19:10:24.349][info ][command:0333ebac-d8f8-45f9-b864-f3c041cd00a3][tid:126][com.facebook.buck.cli.Main] Successfully terminated NETWORK executor service.
[2018-05-02 19:10:24.349][info ][command:0333ebac-d8f8-45f9-b864-f3c041cd00a3][tid:126][com.facebook.buck.cli.Main] Awaiting termination of CPU executor service. Waiting for all jobs to complete, or up to maximum of 60 seconds...
[2018-05-02 19:10:24.350][debug][command:0333ebac-d8f8-45f9-b864-f3c041cd00a3][tid:137][com.google.common.util.concurrent.ServiceManager] Service ProcessTracker [TERMINATED] has terminated. Previous state was: STOPPING
[2018-05-02 19:10:24.350][debug][command:null][tid:136][com.google.common.util.concurrent.ServiceManager] Service PerfStatsTracking [TERMINATED] has terminated. Previous state was: STOPPING
[2018-05-02 19:10:24.352][info ][command:0333ebac-d8f8-45f9-b864-f3c041cd00a3][tid:126][com.facebook.buck.cli.Main] Successfully terminated CPU executor service.
[2018-05-02 19:10:24.352][info ][command:0333ebac-d8f8-45f9-b864-f3c041cd00a3][tid:126][com.facebook.buck.cli.Main] Awaiting termination of ScheduledExecutorService executor service. Waiting for all jobs to complete, or up to maximum of 60 seconds...
[2018-05-02 19:10:24.352][info ][command:0333ebac-d8f8-45f9-b864-f3c041cd00a3][tid:126][com.facebook.buck.cli.Main] Successfully terminated ScheduledExecutorService executor service.
[2018-05-02 19:10:24.352][info ][command:0333ebac-d8f8-45f9-b864-f3c041cd00a3][tid:126][com.facebook.buck.cli.Main] Awaiting termination of CounterAggregatorExecutor executor service. Waiting for all jobs to complete, or up to maximum of 20 seconds...
[2018-05-02 19:10:24.353][info ][command:0333ebac-d8f8-45f9-b864-f3c041cd00a3][tid:126][com.facebook.buck.cli.Main] Successfully terminated CounterAggregatorExecutor executor service.
[2018-05-02 19:10:24.353][info ][command:0333ebac-d8f8-45f9-b864-f3c041cd00a3][tid:126][com.facebook.buck.cli.Main] Awaiting termination of HTTP Read executor service. Waiting for all jobs to complete, or up to maximum of 1800 seconds...
[2018-05-02 19:10:24.353][info ][command:0333ebac-d8f8-45f9-b864-f3c041cd00a3][tid:126][com.facebook.buck.cli.Main] Successfully terminated HTTP Read executor service.
[2018-05-02 19:10:24.353][info ][command:0333ebac-d8f8-45f9-b864-f3c041cd00a3][tid:126][com.facebook.buck.cli.Main] Awaiting termination of Download Heavy Build HTTP Read executor service. Waiting for all jobs to complete, or up to maximum of 1800 seconds...
[2018-05-02 19:10:24.353][info ][command:0333ebac-d8f8-45f9-b864-f3c041cd00a3][tid:126][com.facebook.buck.cli.Main] Successfully terminated Download Heavy Build HTTP Read executor service.
[2018-05-02 19:10:24.353][info ][command:0333ebac-d8f8-45f9-b864-f3c041cd00a3][tid:126][com.facebook.buck.cli.Main] Awaiting termination of HTTP Write executor service. Waiting for all jobs to complete, or up to maximum of 1800 seconds...
[2018-05-02 19:10:24.353][info ][command:0333ebac-d8f8-45f9-b864-f3c041cd00a3][tid:126][com.facebook.buck.cli.Main] Successfully terminated HTTP Write executor service.
[2018-05-02 19:10:24.353][info ][command:0333ebac-d8f8-45f9-b864-f3c041cd00a3][tid:126][com.facebook.buck.cli.Main] Awaiting termination of Disk IO executor service. Waiting for all jobs to complete, or up to maximum of 10 seconds...
[2018-05-02 19:10:24.405][debug][command:null][tid:141][com.facebook.buck.util.ListeningProcessExecutor] Wait for process returned 0
[2018-05-02 19:10:24.406][debug][command:null][tid:141][com.facebook.buck.util.ListeningProcessExecutor] Destroying process com.facebook.buck.util.ListeningProcessExecutor$LaunchedProcessImpl@75a383d6 (force true)
[2018-05-02 19:10:24.406][debug][command:null][tid:141][com.facebook.buck.util.environment.MacNetworkConfiguration] Determine active state of media for device
[2018-05-02 19:10:24.406][debug][command:null][tid:141][com.facebook.buck.util.ListeningProcessExecutor] Launching process with params ProcessExecutorParams{command=[networksetup, -getMedia, lpss-serial1]}
[2018-05-02 19:10:24.407][debug][command:null][tid:141][com.facebook.buck.util.ListeningProcessExecutor] Successfully launched process com.zaxxer.nuprocess.osx.OsxProcess@719c19ba
[2018-05-02 19:10:24.408][debug][command:null][tid:141][com.facebook.buck.util.ListeningProcessExecutor] Waiting for process com.facebook.buck.util.ListeningProcessExecutor$LaunchedProcessImpl@349e89ed timeout 1000 MILLISECONDS
[2018-05-02 19:10:24.438][debug][command:null][tid:141][com.facebook.buck.util.ListeningProcessExecutor] Wait for process returned 4
[2018-05-02 19:10:24.438][debug][command:null][tid:141][com.facebook.buck.util.ListeningProcessExecutor] Destroying process com.facebook.buck.util.ListeningProcessExecutor$LaunchedProcessImpl@349e89ed (force true)
[2018-05-02 19:10:24.438][debug][command:null][tid:141][com.facebook.buck.util.environment.MacNetworkConfiguration] Determine active state of media for device
[2018-05-02 19:10:24.438][debug][command:null][tid:141][com.facebook.buck.util.ListeningProcessExecutor] Launching process with params ProcessExecutorParams{command=[networksetup, -getMedia, lpss-serial2]}
[2018-05-02 19:10:24.440][debug][command:null][tid:141][com.facebook.buck.util.ListeningProcessExecutor] Successfully launched process com.zaxxer.nuprocess.osx.OsxProcess@6c344f96
[2018-05-02 19:10:24.440][debug][command:null][tid:141][com.facebook.buck.util.ListeningProcessExecutor] Waiting for process com.facebook.buck.util.ListeningProcessExecutor$LaunchedProcessImpl@560dcf5 timeout 1000 MILLISECONDS
[2018-05-02 19:10:24.469][debug][command:null][tid:141][com.facebook.buck.util.ListeningProcessExecutor] Wait for process returned 4
[2018-05-02 19:10:24.469][debug][command:null][tid:141][com.facebook.buck.util.ListeningProcessExecutor] Destroying process com.facebook.buck.util.ListeningProcessExecutor$LaunchedProcessImpl@560dcf5 (force true)
[2018-05-02 19:10:24.469][debug][command:null][tid:141][com.facebook.buck.util.environment.MacNetworkConfiguration] Determine active state of media for device
[2018-05-02 19:10:24.469][debug][command:null][tid:141][com.facebook.buck.util.ListeningProcessExecutor] Launching process with params ProcessExecutorParams{command=[networksetup, -getMedia, en26]}
[2018-05-02 19:10:24.470][debug][command:null][tid:141][com.facebook.buck.util.ListeningProcessExecutor] Successfully launched process com.zaxxer.nuprocess.osx.OsxProcess@1420442a
[2018-05-02 19:10:24.470][debug][command:null][tid:141][com.facebook.buck.util.ListeningProcessExecutor] Waiting for process com.facebook.buck.util.ListeningProcessExecutor$LaunchedProcessImpl@54b176a2 timeout 1000 MILLISECONDS
[2018-05-02 19:10:24.502][debug][command:null][tid:141][com.facebook.buck.util.ListeningProcessExecutor] Wait for process returned 4
[2018-05-02 19:10:24.502][debug][command:null][tid:141][com.facebook.buck.util.ListeningProcessExecutor] Destroying process com.facebook.buck.util.ListeningProcessExecutor$LaunchedProcessImpl@54b176a2 (force true)
[2018-05-02 19:10:24.502][debug][command:null][tid:141][com.facebook.buck.util.environment.MacNetworkConfiguration] Determine active state of media for device
[2018-05-02 19:10:24.502][debug][command:null][tid:141][com.facebook.buck.util.ListeningProcessExecutor] Launching process with params ProcessExecutorParams{command=[networksetup, -getMedia, en25]}
[2018-05-02 19:10:24.503][debug][command:null][tid:141][com.facebook.buck.util.ListeningProcessExecutor] Successfully launched process com.zaxxer.nuprocess.osx.OsxProcess@1ab7cb5d
[2018-05-02 19:10:24.503][debug][command:null][tid:141][com.facebook.buck.util.ListeningProcessExecutor] Waiting for process com.facebook.buck.util.ListeningProcessExecutor$LaunchedProcessImpl@19333b8a timeout 1000 MILLISECONDS
[2018-05-02 19:10:24.533][debug][command:null][tid:141][com.facebook.buck.util.ListeningProcessExecutor] Wait for process returned 4
[2018-05-02 19:10:24.533][debug][command:null][tid:141][com.facebook.buck.util.ListeningProcessExecutor] Destroying process com.facebook.buck.util.ListeningProcessExecutor$LaunchedProcessImpl@19333b8a (force true)
[2018-05-02 19:10:24.533][debug][command:null][tid:141][com.facebook.buck.util.environment.MacNetworkConfiguration] Determine active state of media for device
[2018-05-02 19:10:24.533][debug][command:null][tid:141][com.facebook.buck.util.ListeningProcessExecutor] Launching process with params ProcessExecutorParams{command=[networksetup, -getMedia, en24]}
[2018-05-02 19:10:24.534][debug][command:null][tid:141][com.facebook.buck.util.ListeningProcessExecutor] Successfully launched process com.zaxxer.nuprocess.osx.OsxProcess@f242d92
[2018-05-02 19:10:24.535][debug][command:null][tid:141][com.facebook.buck.util.ListeningProcessExecutor] Waiting for process com.facebook.buck.util.ListeningProcessExecutor$LaunchedProcessImpl@50ff4eb2 timeout 1000 MILLISECONDS
[2018-05-02 19:10:24.565][debug][command:null][tid:141][com.facebook.buck.util.ListeningProcessExecutor] Wait for process returned 4
[2018-05-02 19:10:24.565][debug][command:null][tid:141][com.facebook.buck.util.ListeningProcessExecutor] Destroying process com.facebook.buck.util.ListeningProcessExecutor$LaunchedProcessImpl@50ff4eb2 (force true)
[2018-05-02 19:10:24.566][debug][command:null][tid:141][com.facebook.buck.util.environment.MacNetworkConfiguration] Determine active state of media for device
[2018-05-02 19:10:24.566][debug][command:null][tid:141][com.facebook.buck.util.ListeningProcessExecutor] Launching process with params ProcessExecutorParams{command=[networksetup, -getMedia, en23]}
[2018-05-02 19:10:24.568][debug][command:null][tid:141][com.facebook.buck.util.ListeningProcessExecutor] Successfully launched process com.zaxxer.nuprocess.osx.OsxProcess@74b69ad3
[2018-05-02 19:10:24.568][debug][command:null][tid:141][com.facebook.buck.util.ListeningProcessExecutor] Waiting for process com.facebook.buck.util.ListeningProcessExecutor$LaunchedProcessImpl@74d910a4 timeout 1000 MILLISECONDS
[2018-05-02 19:10:24.601][debug][command:null][tid:141][com.facebook.buck.util.ListeningProcessExecutor] Wait for process returned 4
[2018-05-02 19:10:24.602][debug][command:null][tid:141][com.facebook.buck.util.ListeningProcessExecutor] Destroying process com.facebook.buck.util.ListeningProcessExecutor$LaunchedProcessImpl@74d910a4 (force true)
[2018-05-02 19:10:24.602][debug][command:null][tid:141][com.facebook.buck.util.environment.MacNetworkConfiguration] Determine active state of media for device
[2018-05-02 19:10:24.602][debug][command:null][tid:141][com.facebook.buck.util.ListeningProcessExecutor] Launching process with params ProcessExecutorParams{command=[networksetup, -getMedia, en21]}
[2018-05-02 19:10:24.603][debug][command:null][tid:141][com.facebook.buck.util.ListeningProcessExecutor] Successfully launched process com.zaxxer.nuprocess.osx.OsxProcess@5abffb10
[2018-05-02 19:10:24.603][debug][command:null][tid:141][com.facebook.buck.util.ListeningProcessExecutor] Waiting for process com.facebook.buck.util.ListeningProcessExecutor$LaunchedProcessImpl@701fb42b timeout 1000 MILLISECONDS
[2018-05-02 19:10:24.632][debug][command:null][tid:141][com.facebook.buck.util.ListeningProcessExecutor] Wait for process returned 4
[2018-05-02 19:10:24.633][debug][command:null][tid:141][com.facebook.buck.util.ListeningProcessExecutor] Destroying process com.facebook.buck.util.ListeningProcessExecutor$LaunchedProcessImpl@701fb42b (force true)
[2018-05-02 19:10:24.633][debug][command:null][tid:141][com.facebook.buck.util.environment.MacNetworkConfiguration] Determine active state of media for device
[2018-05-02 19:10:24.633][debug][command:null][tid:141][com.facebook.buck.util.ListeningProcessExecutor] Launching process with params ProcessExecutorParams{command=[networksetup, -getMedia, en20]}
[2018-05-02 19:10:24.634][debug][command:null][tid:141][com.facebook.buck.util.ListeningProcessExecutor] Successfully launched process com.zaxxer.nuprocess.osx.OsxProcess@30bfc8f9
[2018-05-02 19:10:24.634][debug][command:null][tid:141][com.facebook.buck.util.ListeningProcessExecutor] Waiting for process com.facebook.buck.util.ListeningProcessExecutor$LaunchedProcessImpl@cdfa27a timeout 1000 MILLISECONDS
[2018-05-02 19:10:24.664][debug][command:null][tid:141][com.facebook.buck.util.ListeningProcessExecutor] Wait for process returned 4
[2018-05-02 19:10:24.665][debug][command:null][tid:141][com.facebook.buck.util.ListeningProcessExecutor] Destroying process com.facebook.buck.util.ListeningProcessExecutor$LaunchedProcessImpl@cdfa27a (force true)
[2018-05-02 19:10:24.665][debug][command:null][tid:141][com.facebook.buck.util.environment.MacNetworkConfiguration] Determine active state of media for device
[2018-05-02 19:10:24.665][debug][command:null][tid:141][com.facebook.buck.util.ListeningProcessExecutor] Launching process with params ProcessExecutorParams{command=[networksetup, -getMedia, en19]}
[2018-05-02 19:10:24.666][debug][command:null][tid:141][com.facebook.buck.util.ListeningProcessExecutor] Successfully launched process com.zaxxer.nuprocess.osx.OsxProcess@299dbf8a
[2018-05-02 19:10:24.666][debug][command:null][tid:141][com.facebook.buck.util.ListeningProcessExecutor] Waiting for process com.facebook.buck.util.ListeningProcessExecutor$LaunchedProcessImpl@242ee87e timeout 1000 MILLISECONDS
[2018-05-02 19:10:24.696][debug][command:null][tid:141][com.facebook.buck.util.ListeningProcessExecutor] Wait for process returned 4
[2018-05-02 19:10:24.696][debug][command:null][tid:141][com.facebook.buck.util.ListeningProcessExecutor] Destroying process com.facebook.buck.util.ListeningProcessExecutor$LaunchedProcessImpl@242ee87e (force true)
[2018-05-02 19:10:24.696][debug][command:null][tid:141][com.facebook.buck.util.environment.MacNetworkConfiguration] Determine active state of media for device
[2018-05-02 19:10:24.697][debug][command:null][tid:141][com.facebook.buck.util.ListeningProcessExecutor] Launching process with params ProcessExecutorParams{command=[networksetup, -getMedia, en18]}
[2018-05-02 19:10:24.698][debug][command:null][tid:141][com.facebook.buck.util.ListeningProcessExecutor] Successfully launched process com.zaxxer.nuprocess.osx.OsxProcess@6a181402
[2018-05-02 19:10:24.698][debug][command:null][tid:141][com.facebook.buck.util.ListeningProcessExecutor] Waiting for process com.facebook.buck.util.ListeningProcessExecutor$LaunchedProcessImpl@1b25b749 timeout 1000 MILLISECONDS
[2018-05-02 19:10:24.727][debug][command:null][tid:141][com.facebook.buck.util.ListeningProcessExecutor] Wait for process returned 4
[2018-05-02 19:10:24.727][debug][command:null][tid:141][com.facebook.buck.util.ListeningProcessExecutor] Destroying process com.facebook.buck.util.ListeningProcessExecutor$LaunchedProcessImpl@1b25b749 (force true)
[2018-05-02 19:10:24.727][debug][command:null][tid:141][com.facebook.buck.util.environment.MacNetworkConfiguration] Determine active state of media for device
[2018-05-02 19:10:24.728][debug][command:null][tid:141][com.facebook.buck.util.ListeningProcessExecutor] Launching process with params ProcessExecutorParams{command=[networksetup, -getMedia, en17]}
[2018-05-02 19:10:24.729][debug][command:null][tid:141][com.facebook.buck.util.ListeningProcessExecutor] Successfully launched process com.zaxxer.nuprocess.osx.OsxProcess@5f803a48
[2018-05-02 19:10:24.729][debug][command:null][tid:141][com.facebook.buck.util.ListeningProcessExecutor] Waiting for process com.facebook.buck.util.ListeningProcessExecutor$LaunchedProcessImpl@cbe54de timeout 1000 MILLISECONDS
[2018-05-02 19:10:24.758][debug][command:null][tid:141][com.facebook.buck.util.ListeningProcessExecutor] Wait for process returned 4
[2018-05-02 19:10:24.758][debug][command:null][tid:141][com.facebook.buck.util.ListeningProcessExecutor] Destroying process com.facebook.buck.util.ListeningProcessExecutor$LaunchedProcessImpl@cbe54de (force true)
[2018-05-02 19:10:24.758][debug][command:null][tid:141][com.facebook.buck.util.environment.MacNetworkConfiguration] Determine active state of media for device
[2018-05-02 19:10:24.759][debug][command:null][tid:141][com.facebook.buck.util.ListeningProcessExecutor] Launching process with params ProcessExecutorParams{command=[networksetup, -getMedia, en16]}
[2018-05-02 19:10:24.760][debug][command:null][tid:141][com.facebook.buck.util.ListeningProcessExecutor] Successfully launched process com.zaxxer.nuprocess.osx.OsxProcess@262cf94f
[2018-05-02 19:10:24.760][debug][command:null][tid:141][com.facebook.buck.util.ListeningProcessExecutor] Waiting for process com.facebook.buck.util.ListeningProcessExecutor$LaunchedProcessImpl@10858d3c timeout 1000 MILLISECONDS
[2018-05-02 19:10:24.789][debug][command:null][tid:141][com.facebook.buck.util.ListeningProcessExecutor] Wait for process returned 4
[2018-05-02 19:10:24.789][debug][command:null][tid:141][com.facebook.buck.util.ListeningProcessExecutor] Destroying process com.facebook.buck.util.ListeningProcessExecutor$LaunchedProcessImpl@10858d3c (force true)
[2018-05-02 19:10:24.789][debug][command:null][tid:141][com.facebook.buck.util.environment.MacNetworkConfiguration] Determine active state of media for device
[2018-05-02 19:10:24.790][debug][command:null][tid:141][com.facebook.buck.util.ListeningProcessExecutor] Launching process with params ProcessExecutorParams{command=[networksetup, -getMedia, en15]}
[2018-05-02 19:10:24.791][debug][command:null][tid:141][com.facebook.buck.util.ListeningProcessExecutor] Successfully launched process com.zaxxer.nuprocess.osx.OsxProcess@4e09b71e
[2018-05-02 19:10:24.791][debug][command:null][tid:141][com.facebook.buck.util.ListeningProcessExecutor] Waiting for process com.facebook.buck.util.ListeningProcessExecutor$LaunchedProcessImpl@306f02a5 timeout 1000 MILLISECONDS
[2018-05-02 19:10:24.821][debug][command:null][tid:141][com.facebook.buck.util.ListeningProcessExecutor] Wait for process returned 4
[2018-05-02 19:10:24.821][debug][command:null][tid:141][com.facebook.buck.util.ListeningProcessExecutor] Destroying process com.facebook.buck.util.ListeningProcessExecutor$LaunchedProcessImpl@306f02a5 (force true)
[2018-05-02 19:10:24.821][debug][command:null][tid:141][com.facebook.buck.util.environment.MacNetworkConfiguration] Determine active state of media for device
[2018-05-02 19:10:24.821][debug][command:null][tid:141][com.facebook.buck.util.ListeningProcessExecutor] Launching process with params ProcessExecutorParams{command=[networksetup, -getMedia, en14]}
[2018-05-02 19:10:24.823][debug][command:null][tid:141][com.facebook.buck.util.ListeningProcessExecutor] Successfully launched process com.zaxxer.nuprocess.osx.OsxProcess@71486366
[2018-05-02 19:10:24.823][debug][command:null][tid:141][com.facebook.buck.util.ListeningProcessExecutor] Waiting for process com.facebook.buck.util.ListeningProcessExecutor$LaunchedProcessImpl@4d18fc1e timeout 1000 MILLISECONDS
[2018-05-02 19:10:24.853][debug][command:null][tid:141][com.facebook.buck.util.ListeningProcessExecutor] Wait for process returned 4
[2018-05-02 19:10:24.854][debug][command:null][tid:141][com.facebook.buck.util.ListeningProcessExecutor] Destroying process com.facebook.buck.util.ListeningProcessExecutor$LaunchedProcessImpl@4d18fc1e (force true)
[2018-05-02 19:10:24.854][debug][command:null][tid:141][com.facebook.buck.util.environment.MacNetworkConfiguration] Determine active state of media for device
[2018-05-02 19:10:24.854][debug][command:null][tid:141][com.facebook.buck.util.ListeningProcessExecutor] Launching process with params ProcessExecutorParams{command=[networksetup, -getMedia, en12]}
[2018-05-02 19:10:24.855][debug][command:null][tid:141][com.facebook.buck.util.ListeningProcessExecutor] Successfully launched process com.zaxxer.nuprocess.osx.OsxProcess@4eaa03e4
[2018-05-02 19:10:24.855][debug][command:null][tid:141][com.facebook.buck.util.ListeningProcessExecutor] Waiting for process com.facebook.buck.util.ListeningProcessExecutor$LaunchedProcessImpl@6985abe timeout 1000 MILLISECONDS
[2018-05-02 19:10:24.885][debug][command:null][tid:141][com.facebook.buck.util.ListeningProcessExecutor] Wait for process returned 4
[2018-05-02 19:10:24.885][debug][command:null][tid:141][com.facebook.buck.util.ListeningProcessExecutor] Destroying process com.facebook.buck.util.ListeningProcessExecutor$LaunchedProcessImpl@6985abe (force true)
[2018-05-02 19:10:24.885][debug][command:null][tid:141][com.facebook.buck.util.environment.MacNetworkConfiguration] Determine active state of media for device
[2018-05-02 19:10:24.886][debug][command:null][tid:141][com.facebook.buck.util.ListeningProcessExecutor] Launching process with params ProcessExecutorParams{command=[networksetup, -getMedia, en10]}
[2018-05-02 19:10:24.887][debug][command:null][tid:141][com.facebook.buck.util.ListeningProcessExecutor] Successfully launched process com.zaxxer.nuprocess.osx.OsxProcess@34795a58
[2018-05-02 19:10:24.887][debug][command:null][tid:141][com.facebook.buck.util.ListeningProcessExecutor] Waiting for process com.facebook.buck.util.ListeningProcessExecutor$LaunchedProcessImpl@3e0bb8c5 timeout 1000 MILLISECONDS
[2018-05-02 19:10:24.917][debug][command:null][tid:141][com.facebook.buck.util.ListeningProcessExecutor] Wait for process returned 4
[2018-05-02 19:10:24.918][debug][command:null][tid:141][com.facebook.buck.util.ListeningProcessExecutor] Destroying process com.facebook.buck.util.ListeningProcessExecutor$LaunchedProcessImpl@3e0bb8c5 (force true)
[2018-05-02 19:10:24.918][debug][command:null][tid:141][com.facebook.buck.util.environment.MacNetworkConfiguration] Determine active state of media for device
[2018-05-02 19:10:24.918][debug][command:null][tid:141][com.facebook.buck.util.ListeningProcessExecutor] Launching process with params ProcessExecutorParams{command=[networksetup, -getMedia, en8]}
[2018-05-02 19:10:24.919][debug][command:null][tid:141][com.facebook.buck.util.ListeningProcessExecutor] Successfully launched process com.zaxxer.nuprocess.osx.OsxProcess@20a029c3
[2018-05-02 19:10:24.919][debug][command:null][tid:141][com.facebook.buck.util.ListeningProcessExecutor] Waiting for process com.facebook.buck.util.ListeningProcessExecutor$LaunchedProcessImpl@6429cac3 timeout 1000 MILLISECONDS
[2018-05-02 19:10:24.949][debug][command:null][tid:141][com.facebook.buck.util.ListeningProcessExecutor] Wait for process returned 4
[2018-05-02 19:10:24.949][debug][command:null][tid:141][com.facebook.buck.util.ListeningProcessExecutor] Destroying process com.facebook.buck.util.ListeningProcessExecutor$LaunchedProcessImpl@6429cac3 (force true)
[2018-05-02 19:10:24.949][debug][command:null][tid:141][com.facebook.buck.util.environment.MacNetworkConfiguration] Determine active state of media for device
[2018-05-02 19:10:24.949][debug][command:null][tid:141][com.facebook.buck.util.ListeningProcessExecutor] Launching process with params ProcessExecutorParams{command=[networksetup, -getMedia, en0]}
[2018-05-02 19:10:24.951][debug][command:null][tid:141][com.facebook.buck.util.ListeningProcessExecutor] Successfully launched process com.zaxxer.nuprocess.osx.OsxProcess@1afce784
[2018-05-02 19:10:24.951][debug][command:null][tid:141][com.facebook.buck.util.ListeningProcessExecutor] Waiting for process com.facebook.buck.util.ListeningProcessExecutor$LaunchedProcessImpl@7952a98e timeout 1000 MILLISECONDS
[2018-05-02 19:10:24.980][debug][command:null][tid:141][com.facebook.buck.util.ListeningProcessExecutor] Wait for process returned 0
[2018-05-02 19:10:24.980][debug][command:null][tid:141][com.facebook.buck.util.ListeningProcessExecutor] Destroying process com.facebook.buck.util.ListeningProcessExecutor$LaunchedProcessImpl@7952a98e (force true)
[2018-05-02 19:10:24.981][debug][command:null][tid:141][com.facebook.buck.util.environment.MacNetworkConfiguration] Determine WiFi SSID of device
[2018-05-02 19:10:24.981][debug][command:null][tid:141][com.facebook.buck.util.ListeningProcessExecutor] Launching process with params ProcessExecutorParams{command=[networksetup, -getairportnetwork, en0]}
[2018-05-02 19:10:24.982][debug][command:null][tid:141][com.facebook.buck.util.ListeningProcessExecutor] Successfully launched process com.zaxxer.nuprocess.osx.OsxProcess@589d6956
[2018-05-02 19:10:24.982][debug][command:null][tid:141][com.facebook.buck.util.ListeningProcessExecutor] Waiting for process com.facebook.buck.util.ListeningProcessExecutor$LaunchedProcessImpl@7248df54 timeout 1000 MILLISECONDS
[2018-05-02 19:10:25.014][debug][command:null][tid:141][com.facebook.buck.util.ListeningProcessExecutor] Wait for process returned 0
[2018-05-02 19:10:25.015][debug][command:null][tid:141][com.facebook.buck.util.ListeningProcessExecutor] Destroying process com.facebook.buck.util.ListeningProcessExecutor$LaunchedProcessImpl@7248df54 (force true)
[2018-05-02 19:10:25.015][info ][command:null][tid:141][com.facebook.buck.util.versioncontrol.VersionControlStatsGenerator] Starting generation of version control stats.
[2018-05-02 19:10:25.015][warn ][command:null][tid:141][com.facebook.buck.util.versioncontrol.VersionControlStatsGenerator] Skipping generation of version control stats as unsupported repository type.
[2018-05-02 19:10:25.015][info ][command:0333ebac-d8f8-45f9-b864-f3c041cd00a3][tid:126][com.facebook.buck.cli.Main] Successfully terminated Disk IO executor service.
[2018-05-02 19:10:25.016][debug][command:null][tid:126][com.facebook.buck.event.listener.SuperConsoleEventBusListener] Stopping render scheduler
[2018-05-02 19:10:25.017][debug][command:null][tid:126][com.facebook.buck.event.listener.ChromeTraceBuildListener] Writing Chrome trace to buck-out/log/2018-05-02_23h10m24s_buildcommand_0333ebac-d8f8-45f9-b864-f3c041cd00a3/build.2018-05-02.19-10-24.0333ebac-d8f8-45f9-b864-f3c041cd00a3.trace
[2018-05-02 19:10:25.025][warn ][command:null][tid:126][com.facebook.buck.util.Console] Build failure: SnapKit references non-existent directory SnapKit
[2018-05-02 19:10:25.025][debug][command:null][tid:126][com.facebook.buck.cli.Main] Done.
[2018-05-02 19:10:25.025][info ][command:null][tid:126][com.martiansoftware.nailgun.NGSession] Server cleanly exited with status 1
[2018-05-02 19:10:25.025][debug][command:null][tid:126][com.martiansoftware.nailgun.NGCommunicator] Shutting down read ExecutorService
[2018-05-02 19:10:25.094][debug][command:null][tid:126][com.martiansoftware.nailgun.NGCommunicator] Shutting down orchestrator ExecutorService
[2018-05-02 19:10:25.094][debug][command:null][tid:130][com.martiansoftware.nailgun.NGCommunicator] Socket is disconnected
[2018-05-02 19:10:25.095][debug][command:null][tid:130][com.martiansoftware.nailgun.NGCommunicator] Nailgun client disconnected
[2018-05-02 19:10:25.095][debug][command:null][tid:130][com.martiansoftware.nailgun.NGCommunicator] Orchestrator thread finished
[2018-05-02 19:10:25.095][debug][command:null][tid:126][com.martiansoftware.nailgun.NGSession] Closing client socket
[2018-05-02 19:10:25.096][debug][command:null][tid:126][com.martiansoftware.nailgun.NGSession] Waiting for next client to connect
[2018-05-02 19:10:25.096][info ][command:null][tid:126][com.martiansoftware.nailgun.NGSession] NGSession shutting down
[2018-05-02 19:10:27.997][debug][command:null][tid:129][com.martiansoftware.nailgun.NGSession] Client connected
[2018-05-02 19:10:27.997][debug][command:null][tid:147][com.martiansoftware.nailgun.NGSession] Waiting for first client to connect
[2018-05-02 19:10:28.001][debug][command:null][tid:148][com.martiansoftware.nailgun.NGCommunicator] Orchestrator thread started
[2018-05-02 19:10:28.002][debug][command:null][tid:129][com.martiansoftware.nailgun.NGCommunicator] Shutting down read ExecutorService
[2018-05-02 19:10:28.002][debug][command:null][tid:148][com.martiansoftware.nailgun.NGCommunicator] Nailgun client disconnected
[2018-05-02 19:10:28.002][debug][command:null][tid:129][com.martiansoftware.nailgun.NGCommunicator] Shutting down orchestrator ExecutorService
[2018-05-02 19:10:28.002][debug][command:null][tid:148][com.martiansoftware.nailgun.NGCommunicator] Orchestrator thread finished
[2018-05-02 19:10:28.002][debug][command:null][tid:129][com.martiansoftware.nailgun.NGSession] Closing client socket
[2018-05-02 19:10:28.003][debug][command:null][tid:129][com.martiansoftware.nailgun.NGSession] Waiting for next client to connect
[2018-05-02 19:10:28.003][info ][command:null][tid:129][com.martiansoftware.nailgun.NGSession] NGSession shutting down
[2018-05-02 19:10:28.009][debug][command:null][tid:147][com.martiansoftware.nailgun.NGSession] Client connected
[2018-05-02 19:10:28.009][debug][command:null][tid:150][com.martiansoftware.nailgun.NGSession] Waiting for first client to connect
[2018-05-02 19:10:28.014][debug][command:null][tid:151][com.martiansoftware.nailgun.NGCommunicator] Orchestrator thread started
[2018-05-02 19:10:28.014][debug][command:null][tid:147][com.facebook.buck.util.config.Configs] Loading configuration for /Users/scottjones/BuckExample/StashUI/UI
[2018-05-02 19:10:28.016][debug][command:null][tid:147][com.facebook.buck.util.config.Configs] Loaded project configuration file /Users/scottjones/BuckExample/StashUI/UI/.buckconfig
[2018-05-02 19:10:28.016][debug][command:null][tid:147][com.facebook.buck.util.config.Configs] Adding configuration overrides RawConfig{values={}}
[2018-05-02 19:10:28.017][debug][command:null][tid:147][com.facebook.buck.cli.Main] Rotating log.
