[2018-05-02 19:10:47.372][debug][command:null][tid:199][com.facebook.buck.cli.Main] Starting up (build date 2018-03-26 17:19:01 -0400, rev v2018.03.26.01), args: [build, //Pods:Dwift]
[2018-05-02 19:10:47.375][debug][command:null][tid:199][com.facebook.buck.cli.Main] System properties: {java.vendor=Oracle Corporation, sun.java.launcher=SUN_STANDARD, sun.management.compiler=HotSpot 64-Bit Tiered Compilers, jnidispatch.path=/Users/scottjones/BuckExample/StashUI/UI/.buckd/tmp/buck_run.rl8slT/jna--496628040/jna8380054251408692703.tmp, os.name=Mac OS X, buck.enable_objc=true, sun.boot.class.path=/Library/Java/JavaVirtualMachines/jdk1.8.0_162.jdk/Contents/Home/jre/lib/resources.jar:/Library/Java/JavaVirtualMachines/jdk1.8.0_162.jdk/Contents/Home/jre/lib/rt.jar:/Library/Java/JavaVirtualMachines/jdk1.8.0_162.jdk/Contents/Home/jre/lib/sunrsasign.jar:/Library/Java/JavaVirtualMachines/jdk1.8.0_162.jdk/Contents/Home/jre/lib/jsse.jar:/Library/Java/JavaVirtualMachines/jdk1.8.0_162.jdk/Contents/Home/jre/lib/jce.jar:/Library/Java/JavaVirtualMachines/jdk1.8.0_162.jdk/Contents/Home/jre/lib/charsets.jar:/Library/Java/JavaVirtualMachines/jdk1.8.0_162.jdk/Contents/Home/jre/lib/jfr.jar:/Library/Java/JavaVirtualMachines/jdk1.8.0_162.jdk/Contents/Home/jre/classes, pf4j.pluginsDir=/Users/scottjones/BuckExample/StashUI/UI/.buckd/resources/v2018.03.26.01/buck-modules, buck.resource_lock_path=/Users/scottjones/BuckExample/StashUI/UI/.buckd/resources/v2018.03.26.01/.buck_lock, java.vm.specification.vendor=Oracle Corporation, java.runtime.version=1.8.0_162-b12, jna.loaded=true, buck.testrunner_classes=/Users/scottjones/BuckExample/StashUI/UI/.buckd/resources/v2018.03.26.01/testrunner_classes, buck.logging_config_file=/Users/scottjones/BuckExample/StashUI/UI/.buckd/resources/v2018.03.26.01/logging_config_file, buck.path_to_sh_binary_template=/Users/scottjones/BuckExample/StashUI/UI/.buckd/resources/v2018.03.26.01/path_to_sh_binary_template, user.name=scottjones, buck.path_to_pywatchman=/Users/scottjones/BuckExample/StashUI/UI/.buckd/resources/v2018.03.26.01/path_to_pywatchman, buck.report_generator_jar=/Users/scottjones/BuckExample/StashUI/UI/.buckd/resources/v2018.03.26.01/report_generator_jar, buck.git_commit=v2018.03.26.01, user.language=en, sun.boot.library.path=/Library/Java/JavaVirtualMachines/jdk1.8.0_162.jdk/Contents/Home/jre/lib, jna.nosys=true, java.version=1.8.0_162, user.timezone=America/New_York, buck.test_util_no_tests_dir=true, sun.arch.data.model=64, http.nonProxyHosts=local|*.local|169.254/16|*.169.254/16, java.endorsed.dirs=/Library/Java/JavaVirtualMachines/jdk1.8.0_162.jdk/Contents/Home/jre/lib/endorsed, sun.cpu.isalist=, sun.jnu.encoding=UTF-8, file.encoding.pkg=sun.io, file.separator=/, java.specification.name=Java Platform API Specification, buck.jacoco_agent_jar=/Users/scottjones/BuckExample/StashUI/UI/.buckd/resources/v2018.03.26.01/jacoco_agent_jar, java.class.version=52.0, user.country=US, buck.binary_hash=18882a498323745e828e70f1ac69fa39, java.home=/Library/Java/JavaVirtualMachines/jdk1.8.0_162.jdk/Contents/Home/jre, buck.fix_script=/Users/scottjones/BuckExample/StashUI/UI/.buckd/resources/v2018.03.26.01/fix_script, java.vm.info=mixed mode, os.version=10.13.4, buck.external_executor_jar=/Users/scottjones/BuckExample/StashUI/UI/.buckd/resources/v2018.03.26.01/external_executor_jar, buck.version_uid=v2018.03.26.01, org.eclipse.jetty.util.log.class=org.eclipse.jetty.util.log.JavaUtilLog, path.separator=:, java.vm.version=25.162-b12, java.awt.printerjob=sun.lwawt.macosx.CPrinterJob, sun.io.unicode.encoding=UnicodeBig, awt.toolkit=sun.lwawt.macosx.LWCToolkit, socksNonProxyHosts=local|*.local|169.254/16|*.169.254/16, buck.buck_build_type_info=/Users/scottjones/BuckExample/StashUI/UI/.buckd/resources/v2018.03.26.01/buck_build_type_info, ftp.nonProxyHosts=local|*.local|169.254/16|*.169.254/16, buck.dx=/Users/scottjones/BuckExample/StashUI/UI/.buckd/resources/v2018.03.26.01/dx, buck.git_commit_timestamp=1522099141, user.home=/Users/scottjones, java.specification.vendor=Oracle Corporation, buck.git_dirty=0, java.library.path=/Users/scottjones/BuckExample/StashUI/UI/.buckd/resources/v2018.03.26.01, java.vendor.url=http://java.oracle.com/, java.vm.vendor=Oracle Corporation, gopherProxySet=false, java.runtime.name=Java(TM) SE Runtime Environment, sun.java.command=com.facebook.buck.cli.bootstrapper.ClassLoaderBootstrapper com.facebook.buck.cli.Main$DaemonBootstrap local:.buckd/sock 120000, java.class.path=/Users/scottjones/BuckExample/StashUI/UI/.buckd/resources/v2018.03.26.01/bootstrapper_jar, buck.buckd_dir=/Users/scottjones/BuckExample/StashUI/UI/.buckd, buck.path_to_pathlib_py=/Users/scottjones/BuckExample/StashUI/UI/.buckd/resources/v2018.03.26.01/pathlib.py, buck.buckd_launch_time_nanos=23432505348890, java.vm.specification.name=Java Virtual Machine Specification, com.martiansoftware.nailgun.NGServer.outputPath=/Users/scottjones/BuckExample/StashUI/UI/.buckd/tmp/buck_run.rl8slT/ngserver-out, java.vm.specification.version=1.8, sun.cpu.endian=little, sun.os.patch.level=unknown, java.awt.headless=true, java.io.tmpdir=/Users/scottjones/BuckExample/StashUI/UI/.buckd/tmp/buck_run.rl8slT, buck.android_agent_path=/Users/scottjones/BuckExample/StashUI/UI/.buckd/resources/v2018.03.26.01/android_agent_path, java.vendor.url.bug=http://bugreport.sun.com/bugreport/, buck.path_to_python_dsl=, jna.platform.library.path=/usr/lib:/usr/lib, os.arch=x86_64, java.awt.graphicsenv=sun.awt.CGraphicsEnvironment, buck.path_to_pex=/Users/scottjones/BuckExample/StashUI/UI/.buckd/resources/v2018.03.26.01/path_to_pex, java.ext.dirs=/Users/scottjones/Library/Java/Extensions:/Library/Java/JavaVirtualMachines/jdk1.8.0_162.jdk/Contents/Home/jre/lib/ext:/Library/Java/Extensions:/Network/Library/Java/Extensions:/System/Library/Java/Extensions:/usr/lib/java, java.util.logging.config.class=com.facebook.buck.cli.bootstrapper.LogConfig, user.dir=/Users/scottjones/BuckExample/StashUI/UI, line.separator=
, java.vm.name=Java HotSpot(TM) 64-Bit Server VM, buck.path_to_typing=/Users/scottjones/BuckExample/StashUI/UI/.buckd/resources/v2018.03.26.01/path_to_typing, buck.native_exopackage_fake_path=/Users/scottjones/BuckExample/StashUI/UI/.buckd/resources/v2018.03.26.01/native_exopackage_fake_path, file.encoding=UTF-8, java.specification.version=1.8}
[2018-05-02 19:10:47.375][debug][command:null][tid:199][com.facebook.buck.util.config.Configs] Loading configuration for /Users/scottjones/BuckExample/StashUI/UI
[2018-05-02 19:10:47.375][debug][command:null][tid:199][com.facebook.buck.util.config.Configs] Loaded project configuration file /Users/scottjones/BuckExample/StashUI/UI/.buckconfig
[2018-05-02 19:10:47.375][debug][command:null][tid:199][com.facebook.buck.util.config.Configs] Adding configuration overrides RawConfig{values={}}
[2018-05-02 19:10:47.377][info ][command:null][tid:199][com.facebook.buck.io.WatchmanFactory] Creating for: [/Users/scottjones/BuckExample/StashUI/UI]
[2018-05-02 19:10:47.377][debug][command:null][tid:199][com.facebook.buck.io.ExecutableFinder] Executable 'watchman' mapped to 'Optional[/usr/local/bin/watchman]'
[2018-05-02 19:10:47.377][debug][command:null][tid:199][com.facebook.buck.util.ListeningProcessExecutor] Launching process with params ProcessExecutorParams{command=[/usr/local/bin/watchman, --output-encoding=bser, get-sockname]}
[2018-05-02 19:10:47.384][debug][command:null][tid:199][com.facebook.buck.util.ListeningProcessExecutor] Successfully launched process com.zaxxer.nuprocess.osx.OsxProcess@1905d8a
[2018-05-02 19:10:47.385][debug][command:null][tid:199][com.facebook.buck.util.ListeningProcessExecutor] Waiting for process com.facebook.buck.util.ListeningProcessExecutor$LaunchedProcessImpl@370c7f7e timeout 1000000000 NANOSECONDS
[2018-05-02 19:10:47.396][debug][command:null][tid:199][com.facebook.buck.util.ListeningProcessExecutor] Wait for process returned 0
[2018-05-02 19:10:47.396][debug][command:null][tid:199][com.facebook.buck.io.WatchmanFactory] Waited 11 ms for Watchman command get-sockname, exit code 0
[2018-05-02 19:10:47.397][debug][command:null][tid:199][com.facebook.buck.io.WatchmanFactory] stdout of command: {sockname=/usr/local/var/run/watchman/scottjones-state/sock, version=4.9.0}
[2018-05-02 19:10:47.397][info ][command:null][tid:199][com.facebook.buck.io.WatchmanFactory] Connecting to Watchman version 4.9.0 at /usr/local/var/run/watchman/scottjones-state/sock
[2018-05-02 19:10:47.397][debug][command:null][tid:206][com.facebook.buck.io.WatchmanTransportClient] Sending query: [version, {required=[cmd-watch-project], optional=[term-dirname, cmd-watch-project, wildmatch, wildmatch_multislash, glob_generator, clock-sync-timeout]}]
[2018-05-02 19:10:47.398][debug][command:null][tid:199][com.facebook.buck.io.WatchmanTransportClient] Query [version, {required=[cmd-watch-project], optional=[term-dirname, cmd-watch-project, wildmatch, wildmatch_multislash, glob_generator, clock-sync-timeout]}] returned in 0 ms
[2018-05-02 19:10:47.398][info ][command:null][tid:199][com.facebook.buck.io.WatchmanFactory] Took 1 ms to query capabilities {term-dirname=DIRNAME, cmd-watch-project=SUPPORTS_PROJECT_WATCH, wildmatch=WILDMATCH_GLOB, wildmatch_multislash=WILDMATCH_MULTISLASH, glob_generator=GLOB_GENERATOR, clock-sync-timeout=CLOCK_SYNC_TIMEOUT}
[2018-05-02 19:10:47.398][debug][command:null][tid:199][com.facebook.buck.io.WatchmanFactory] Got capabilities response: {clock-sync-timeout=true, glob_generator=true, wildmatch_multislash=false, cmd-watch-project=true, wildmatch=true, term-dirname=true}
[2018-05-02 19:10:47.398][debug][command:null][tid:199][com.facebook.buck.io.WatchmanFactory] Got Watchman capabilities: [CLOCK_SYNC_TIMEOUT, GLOB_GENERATOR, SUPPORTS_PROJECT_WATCH, WILDMATCH_GLOB, DIRNAME]
[2018-05-02 19:10:47.398][info ][command:null][tid:199][com.facebook.buck.io.WatchmanFactory] Adding watchman root: /Users/scottjones/BuckExample/StashUI/UI
[2018-05-02 19:10:47.398][debug][command:null][tid:206][com.facebook.buck.io.WatchmanTransportClient] Sending query: [watch-project, /Users/scottjones/BuckExample/StashUI/UI]
[2018-05-02 19:10:47.398][debug][command:null][tid:199][com.facebook.buck.io.WatchmanTransportClient] Query [watch-project, /Users/scottjones/BuckExample/StashUI/UI] returned in 0 ms
[2018-05-02 19:10:47.398][debug][command:null][tid:206][com.facebook.buck.io.WatchmanTransportClient] Sending query: [watch-project, /Users/scottjones/BuckExample/StashUI/UI]
[2018-05-02 19:10:47.399][debug][command:null][tid:199][com.facebook.buck.io.WatchmanTransportClient] Query [watch-project, /Users/scottjones/BuckExample/StashUI/UI] returned in 0 ms
[2018-05-02 19:10:47.399][info ][command:null][tid:199][com.facebook.buck.io.WatchmanFactory] Took 0 ms to add root /Users/scottjones/BuckExample/StashUI/UI
[2018-05-02 19:10:47.399][debug][command:null][tid:206][com.facebook.buck.io.WatchmanTransportClient] Sending query: [clock, /Users/scottjones/BuckExample, {sync_timeout=100}]
[2018-05-02 19:10:47.406][debug][command:null][tid:199][com.facebook.buck.io.WatchmanTransportClient] Query [clock, /Users/scottjones/BuckExample, {sync_timeout=100}] returned in 7 ms
[2018-05-02 19:10:47.407][info ][command:null][tid:199][com.facebook.buck.io.WatchmanFactory] Took 7 ms to query for initial clock id Optional[c:1525269255:464:2:997]
[2018-05-02 19:10:47.407][debug][command:null][tid:199][com.facebook.buck.io.WatchmanFactory] Connected to Watchman
[2018-05-02 19:10:47.407][debug][command:null][tid:199][com.facebook.buck.io.WatchmanTransportClient] Closing Watchman transport.
[2018-05-02 19:10:47.407][debug][command:null][tid:199][com.facebook.buck.cli.Main] Watchman capabilities: [CLOCK_SYNC_TIMEOUT, GLOB_GENERATOR, SUPPORTS_PROJECT_WATCH, WILDMATCH_GLOB, DIRNAME] Project watches: {/Users/scottjones/BuckExample/StashUI/UI=ProjectWatch{watchRoot=/Users/scottjones/BuckExample, projectPrefix=StashUI/UI}} Glob handler config: PYTHON Query timeout ms config: Optional.empty
[2018-05-02 19:10:47.416][debug][command:d986ba50-c4fc-499b-9b99-2211d163200a][tid:199][com.facebook.buck.event.listener.SuperConsoleEventBusListener] Starting render scheduler (interval 100 ms)
[2018-05-02 19:10:47.417][debug][command:d986ba50-c4fc-499b-9b99-2211d163200a][tid:199][com.google.common.util.concurrent.ServiceManager] Starting PerfStatsTracking [STARTING].
[2018-05-02 19:10:47.418][debug][command:d986ba50-c4fc-499b-9b99-2211d163200a][tid:199][com.google.common.util.concurrent.ServiceManager] Starting ProcessTracker [STARTING].
[2018-05-02 19:10:47.418][debug][command:d986ba50-c4fc-499b-9b99-2211d163200a][tid:199][com.facebook.buck.util.environment.MacWifiSsidFinder] Getting current SSID..
[2018-05-02 19:10:47.419][debug][command:d986ba50-c4fc-499b-9b99-2211d163200a][tid:199][com.facebook.buck.util.environment.MacWifiSsidFinder] Getting SSID from Wi-Fi interface: <CWInterface: 0x7f96fdfa3710> [interfaceName=en0]
[2018-05-02 19:10:47.419][debug][command:d986ba50-c4fc-499b-9b99-2211d163200a][tid:199][com.facebook.buck.util.environment.MacWifiSsidFinder] No SSID found for interface <CWInterface: 0x7f96fdfa3710> [interfaceName=en0].
[2018-05-02 19:10:47.419][debug][command:d986ba50-c4fc-499b-9b99-2211d163200a][tid:199][com.facebook.buck.cli.Main] InvocationInfo BuildId=[d986ba50-c4fc-499b-9b99-2211d163200a] Args=[build, //Pods:Dwift]
[2018-05-02 19:10:47.421][debug][command:null][tid:209][com.google.common.util.concurrent.ServiceManager] Started PerfStatsTracking [RUNNING] in 3.842 ms.
[2018-05-02 19:10:47.418][debug][command:null][tid:210][com.facebook.buck.util.perf.ProcessTracker] startUp
[2018-05-02 19:10:47.423][debug][command:null][tid:210][com.google.common.util.concurrent.ServiceManager] Started ProcessTracker [RUNNING] in 5.364 ms.
[2018-05-02 19:10:47.428][warn ][command:null][tid:213][com.facebook.buck.event.listener.PublicAnnouncementManager] Failed to get public announcements. Reason: Failed to establish connection to server.
[2018-05-02 19:10:47.428][info ][command:null][tid:214][com.facebook.buck.util.versioncontrol.VersionControlStatsGenerator] Starting generation of version control stats.
[2018-05-02 19:10:47.428][debug][command:null][tid:214][com.facebook.buck.util.versioncontrol.VersionControlCmdLineInterface] Executing command: hg log -l 1 --template {node|short}
[2018-05-02 19:10:47.431][debug][command:d986ba50-c4fc-499b-9b99-2211d163200a][tid:199][com.facebook.buck.parser.Parser] com.facebook.buck.event.DefaultBuckEventBus@4c76c3b7
[2018-05-02 19:10:47.432][debug][command:null][tid:217][com.facebook.buck.io.WatchmanTransportClient] Sending query: [query, /Users/scottjones/BuckExample, {since=c:1525269255:464:2:979, expression=[not, [anyof, [type, d], [dirname, .idea], [dirname, .buckd], [dirname, buck-out/cache], [dirname, buck-out/.trash], [dirname, buck-out], [match, **/*.pbxproj, wholename, {includedotfiles=true}], [match, **/*.xcscheme, wholename, {includedotfiles=true}], [match, **/*.xcworkspacedata, wholename, {includedotfiles=true}], [match, **/*~, wholename, {includedotfiles=true}], [match, **/#*#, wholename, {includedotfiles=true}], [match, **/.#*, wholename, {includedotfiles=true}], [match, **/*.swo, wholename, {includedotfiles=true}], [match, **/*.swp, wholename, {includedotfiles=true}], [match, **/*.swpx, wholename, {includedotfiles=true}], [match, **/*.un~, wholename, {includedotfiles=true}], [match, **/.netrhwist, wholename, {includedotfiles=true}], [match, .idea, wholename, {includedotfiles=true}], [match, .iml, wholename, {includedotfiles=true}], [match, **/*.pydevproject, wholename, {includedotfiles=true}], [match, .project, wholename, {includedotfiles=true}], [match, .metadata, wholename, {includedotfiles=true}], [match, **/*.tmp, wholename, {includedotfiles=true}], [match, **/*.bak, wholename, {includedotfiles=true}], [match, **/*~.nib, wholename, {includedotfiles=true}], [match, .classpath, wholename, {includedotfiles=true}], [match, .settings, wholename, {includedotfiles=true}], [match, .loadpath, wholename, {includedotfiles=true}], [match, .externalToolBuilders, wholename, {includedotfiles=true}], [match, .cproject, wholename, {includedotfiles=true}], [match, .buildpath, wholename, {includedotfiles=true}], [match, .DS_Store, wholename, {includedotfiles=true}], [match, .AppleDouble, wholename, {includedotfiles=true}], [match, .LSOverride, wholename, {includedotfiles=true}], [match, .Spotlight-V100, wholename, {includedotfiles=true}], [match, .Trashes, wholename, {includedotfiles=true}], [match, $RECYCLE.BIN, wholename, {includedotfiles=true}], [match, .*.sublime-workspace, wholename, {includedotfiles=true}]]], empty_on_fresh_instance=true, fields=[name, exists, new], relative_root=StashUI/UI}]
[2018-05-02 19:10:47.434][warn ][command:null][tid:214][com.facebook.buck.util.versioncontrol.DelegatingVersionControlCmdLineInterface] Mercurial is the only VCS supported for VCS stats generation, however current project (which has enabled VCS stats generation in its .buckconfig) does not appear to be a Mercurial repository: 
com.facebook.buck.util.versioncontrol.VersionControlCommandFailedException: java.io.IOException: Cannot run program "hg" (in directory "/Users/scottjones/BuckExample/StashUI/UI"): error=2, No such file or directory
[2018-05-02 19:10:47.434][debug][command:null][tid:214][com.facebook.buck.util.versioncontrol.DelegatingVersionControlCmdLineInterface] Using NoOpCmdLineInterface.
[2018-05-02 19:10:47.434][warn ][command:null][tid:214][com.facebook.buck.util.versioncontrol.VersionControlStatsGenerator] Skipping generation of version control stats as unsupported repository type.
[2018-05-02 19:10:47.434][debug][command:null][tid:214][com.facebook.buck.util.environment.MacNetworkConfiguration] Determine network service order and extract device names
[2018-05-02 19:10:47.434][debug][command:null][tid:214][com.facebook.buck.util.ListeningProcessExecutor] Launching process with params ProcessExecutorParams{command=[networksetup, -listnetworkserviceorder, ]}
[2018-05-02 19:10:47.438][debug][command:null][tid:214][com.facebook.buck.util.ListeningProcessExecutor] Successfully launched process com.zaxxer.nuprocess.osx.OsxProcess@56d73047
[2018-05-02 19:10:47.438][debug][command:null][tid:214][com.facebook.buck.util.ListeningProcessExecutor] Waiting for process com.facebook.buck.util.ListeningProcessExecutor$LaunchedProcessImpl@52e8be45 timeout 1000 MILLISECONDS
[2018-05-02 19:10:47.444][debug][command:null][tid:216][com.facebook.buck.io.WatchmanTransportClient] Query [query, /Users/scottjones/BuckExample, {since=c:1525269255:464:2:979, expression=[not, [anyof, [type, d], [dirname, .idea], [dirname, .buckd], [dirname, buck-out/cache], [dirname, buck-out/.trash], [dirname, buck-out], [match, **/*.pbxproj, wholename, {includedotfiles=true}], [match, **/*.xcscheme, wholename, {includedotfiles=true}], [match, **/*.xcworkspacedata, wholename, {includedotfiles=true}], [match, **/*~, wholename, {includedotfiles=true}], [match, **/#*#, wholename, {includedotfiles=true}], [match, **/.#*, wholename, {includedotfiles=true}], [match, **/*.swo, wholename, {includedotfiles=true}], [match, **/*.swp, wholename, {includedotfiles=true}], [match, **/*.swpx, wholename, {includedotfiles=true}], [match, **/*.un~, wholename, {includedotfiles=true}], [match, **/.netrhwist, wholename, {includedotfiles=true}], [match, .idea, wholename, {includedotfiles=true}], [match, .iml, wholename, {includedotfiles=true}], [match, **/*.pydevproject, wholename, {includedotfiles=true}], [match, .project, wholename, {includedotfiles=true}], [match, .metadata, wholename, {includedotfiles=true}], [match, **/*.tmp, wholename, {includedotfiles=true}], [match, **/*.bak, wholename, {includedotfiles=true}], [match, **/*~.nib, wholename, {includedotfiles=true}], [match, .classpath, wholename, {includedotfiles=true}], [match, .settings, wholename, {includedotfiles=true}], [match, .loadpath, wholename, {includedotfiles=true}], [match, .externalToolBuilders, wholename, {includedotfiles=true}], [match, .cproject, wholename, {includedotfiles=true}], [match, .buildpath, wholename, {includedotfiles=true}], [match, .DS_Store, wholename, {includedotfiles=true}], [match, .AppleDouble, wholename, {includedotfiles=true}], [match, .LSOverride, wholename, {includedotfiles=true}], [match, .Spotlight-V100, wholename, {includedotfiles=true}], [match, .Trashes, wholename, {includedotfiles=true}], [match, $RECYCLE.BIN, wholename, {includedotfiles=true}], [match, .*.sublime-workspace, wholename, {includedotfiles=true}]]], empty_on_fresh_instance=true, fields=[name, exists, new], relative_root=StashUI/UI}] returned in 12 ms
[2018-05-02 19:10:47.445][debug][command:null][tid:216][com.facebook.buck.io.WatchmanWatcher] Updating Watchman Cursor from c:1525269255:464:2:979 to c:1525269255:464:2:1000
[2018-05-02 19:10:47.445][debug][command:null][tid:216][com.facebook.buck.io.WatchmanWatcher] Posted 0 Watchman events.
[2018-05-02 19:10:47.445][debug][command:null][tid:216][com.facebook.buck.io.WatchmanTransportClient] Closing Watchman transport.
[2018-05-02 19:10:47.465][warn ][command:d986ba50-c4fc-499b-9b99-2211d163200a][tid:199][com.facebook.buck.util.Console] Build failure: The rule //Pods:Dwift could not be found.
Please check the spelling and whether it exists in /Users/scottjones/BuckExample/StashUI/UI/Pods/BUCK.
[2018-05-02 19:10:47.473][info ][command:null][tid:215][com.facebook.buck.event.listener.LoggingBuildListener] Build started at 2018-05-02 19:10:47.451
[2018-05-02 19:10:47.474][info ][command:null][tid:215][com.facebook.buck.event.listener.LoggingBuildListener] Build finished at 2018-05-02 19:10:47.465
[2018-05-02 19:10:47.474][debug][command:d986ba50-c4fc-499b-9b99-2211d163200a][tid:210][com.facebook.buck.util.perf.ProcessTracker] shutDown
[2018-05-02 19:10:47.475][debug][command:d986ba50-c4fc-499b-9b99-2211d163200a][tid:199][com.google.common.util.concurrent.ServiceManager] Service ProcessTracker [TERMINATED] has terminated. Previous state was: STOPPING
[2018-05-02 19:10:47.476][debug][command:null][tid:209][com.google.common.util.concurrent.ServiceManager] Service PerfStatsTracking [TERMINATED] has terminated. Previous state was: STOPPING
[2018-05-02 19:10:47.476][debug][command:d986ba50-c4fc-499b-9b99-2211d163200a][tid:199][com.facebook.buck.event.listener.SuperConsoleEventBusListener] Stopping render scheduler
[2018-05-02 19:10:47.477][debug][command:d986ba50-c4fc-499b-9b99-2211d163200a][tid:199][com.facebook.buck.event.listener.SuperConsoleEventBusListener] Stopping render scheduler
[2018-05-02 19:10:47.477][debug][command:d986ba50-c4fc-499b-9b99-2211d163200a][tid:199][com.facebook.buck.event.listener.SuperConsoleEventBusListener] Stopping console output (stderr was dirty).
[2018-05-02 19:10:47.477][info ][command:d986ba50-c4fc-499b-9b99-2211d163200a][tid:199][com.facebook.buck.cli.Main] Awaiting termination of PROJECT executor service. Waiting for all jobs to complete, or up to maximum of 60 seconds...
[2018-05-02 19:10:47.477][info ][command:d986ba50-c4fc-499b-9b99-2211d163200a][tid:199][com.facebook.buck.cli.Main] Successfully terminated PROJECT executor service.
[2018-05-02 19:10:47.477][info ][command:d986ba50-c4fc-499b-9b99-2211d163200a][tid:199][com.facebook.buck.cli.Main] Awaiting termination of NETWORK executor service. Waiting for all jobs to complete, or up to maximum of 60 seconds...
[2018-05-02 19:10:47.477][info ][command:d986ba50-c4fc-499b-9b99-2211d163200a][tid:199][com.facebook.buck.cli.Main] Successfully terminated NETWORK executor service.
[2018-05-02 19:10:47.477][info ][command:d986ba50-c4fc-499b-9b99-2211d163200a][tid:199][com.facebook.buck.cli.Main] Awaiting termination of CPU executor service. Waiting for all jobs to complete, or up to maximum of 60 seconds...
[2018-05-02 19:10:47.477][info ][command:d986ba50-c4fc-499b-9b99-2211d163200a][tid:199][com.facebook.buck.cli.Main] Successfully terminated CPU executor service.
[2018-05-02 19:10:47.477][info ][command:d986ba50-c4fc-499b-9b99-2211d163200a][tid:199][com.facebook.buck.cli.Main] Awaiting termination of ScheduledExecutorService executor service. Waiting for all jobs to complete, or up to maximum of 60 seconds...
[2018-05-02 19:10:47.477][info ][command:d986ba50-c4fc-499b-9b99-2211d163200a][tid:199][com.facebook.buck.cli.Main] Successfully terminated ScheduledExecutorService executor service.
[2018-05-02 19:10:47.477][info ][command:d986ba50-c4fc-499b-9b99-2211d163200a][tid:199][com.facebook.buck.cli.Main] Awaiting termination of CounterAggregatorExecutor executor service. Waiting for all jobs to complete, or up to maximum of 20 seconds...
[2018-05-02 19:10:47.477][info ][command:d986ba50-c4fc-499b-9b99-2211d163200a][tid:199][com.facebook.buck.cli.Main] Successfully terminated CounterAggregatorExecutor executor service.
[2018-05-02 19:10:47.477][info ][command:d986ba50-c4fc-499b-9b99-2211d163200a][tid:199][com.facebook.buck.cli.Main] Awaiting termination of HTTP Read executor service. Waiting for all jobs to complete, or up to maximum of 1800 seconds...
[2018-05-02 19:10:47.477][info ][command:d986ba50-c4fc-499b-9b99-2211d163200a][tid:199][com.facebook.buck.cli.Main] Successfully terminated HTTP Read executor service.
[2018-05-02 19:10:47.477][info ][command:d986ba50-c4fc-499b-9b99-2211d163200a][tid:199][com.facebook.buck.cli.Main] Awaiting termination of Download Heavy Build HTTP Read executor service. Waiting for all jobs to complete, or up to maximum of 1800 seconds...
[2018-05-02 19:10:47.477][info ][command:d986ba50-c4fc-499b-9b99-2211d163200a][tid:199][com.facebook.buck.cli.Main] Successfully terminated Download Heavy Build HTTP Read executor service.
[2018-05-02 19:10:47.477][info ][command:d986ba50-c4fc-499b-9b99-2211d163200a][tid:199][com.facebook.buck.cli.Main] Awaiting termination of HTTP Write executor service. Waiting for all jobs to complete, or up to maximum of 1800 seconds...
[2018-05-02 19:10:47.477][info ][command:d986ba50-c4fc-499b-9b99-2211d163200a][tid:199][com.facebook.buck.cli.Main] Successfully terminated HTTP Write executor service.
[2018-05-02 19:10:47.477][info ][command:d986ba50-c4fc-499b-9b99-2211d163200a][tid:199][com.facebook.buck.cli.Main] Awaiting termination of Disk IO executor service. Waiting for all jobs to complete, or up to maximum of 10 seconds...
[2018-05-02 19:10:47.516][debug][command:null][tid:214][com.facebook.buck.util.ListeningProcessExecutor] Wait for process returned 0
[2018-05-02 19:10:47.516][debug][command:null][tid:214][com.facebook.buck.util.ListeningProcessExecutor] Destroying process com.facebook.buck.util.ListeningProcessExecutor$LaunchedProcessImpl@52e8be45 (force true)
[2018-05-02 19:10:47.517][debug][command:null][tid:214][com.facebook.buck.util.environment.MacNetworkConfiguration] Determine active state of media for device
[2018-05-02 19:10:47.517][debug][command:null][tid:214][com.facebook.buck.util.ListeningProcessExecutor] Launching process with params ProcessExecutorParams{command=[networksetup, -getMedia, lpss-serial1]}
[2018-05-02 19:10:47.524][debug][command:null][tid:214][com.facebook.buck.util.ListeningProcessExecutor] Successfully launched process com.zaxxer.nuprocess.osx.OsxProcess@17ea3a7c
[2018-05-02 19:10:47.524][debug][command:null][tid:214][com.facebook.buck.util.ListeningProcessExecutor] Waiting for process com.facebook.buck.util.ListeningProcessExecutor$LaunchedProcessImpl@490dfcc9 timeout 1000 MILLISECONDS
[2018-05-02 19:10:47.557][debug][command:null][tid:214][com.facebook.buck.util.ListeningProcessExecutor] Wait for process returned 4
[2018-05-02 19:10:47.557][debug][command:null][tid:214][com.facebook.buck.util.ListeningProcessExecutor] Destroying process com.facebook.buck.util.ListeningProcessExecutor$LaunchedProcessImpl@490dfcc9 (force true)
[2018-05-02 19:10:47.557][debug][command:null][tid:214][com.facebook.buck.util.environment.MacNetworkConfiguration] Determine active state of media for device
[2018-05-02 19:10:47.557][debug][command:null][tid:214][com.facebook.buck.util.ListeningProcessExecutor] Launching process with params ProcessExecutorParams{command=[networksetup, -getMedia, lpss-serial2]}
[2018-05-02 19:10:47.558][debug][command:null][tid:214][com.facebook.buck.util.ListeningProcessExecutor] Successfully launched process com.zaxxer.nuprocess.osx.OsxProcess@26b7a8a7
[2018-05-02 19:10:47.558][debug][command:null][tid:214][com.facebook.buck.util.ListeningProcessExecutor] Waiting for process com.facebook.buck.util.ListeningProcessExecutor$LaunchedProcessImpl@31ba30a2 timeout 1000 MILLISECONDS
[2018-05-02 19:10:47.588][debug][command:null][tid:214][com.facebook.buck.util.ListeningProcessExecutor] Wait for process returned 4
[2018-05-02 19:10:47.588][debug][command:null][tid:214][com.facebook.buck.util.ListeningProcessExecutor] Destroying process com.facebook.buck.util.ListeningProcessExecutor$LaunchedProcessImpl@31ba30a2 (force true)
[2018-05-02 19:10:47.588][debug][command:null][tid:214][com.facebook.buck.util.environment.MacNetworkConfiguration] Determine active state of media for device
[2018-05-02 19:10:47.588][debug][command:null][tid:214][com.facebook.buck.util.ListeningProcessExecutor] Launching process with params ProcessExecutorParams{command=[networksetup, -getMedia, en26]}
[2018-05-02 19:10:47.594][debug][command:null][tid:214][com.facebook.buck.util.ListeningProcessExecutor] Successfully launched process com.zaxxer.nuprocess.osx.OsxProcess@77c5c533
[2018-05-02 19:10:47.594][debug][command:null][tid:214][com.facebook.buck.util.ListeningProcessExecutor] Waiting for process com.facebook.buck.util.ListeningProcessExecutor$LaunchedProcessImpl@510884b6 timeout 1000 MILLISECONDS
[2018-05-02 19:10:47.623][debug][command:null][tid:214][com.facebook.buck.util.ListeningProcessExecutor] Wait for process returned 4
[2018-05-02 19:10:47.623][debug][command:null][tid:214][com.facebook.buck.util.ListeningProcessExecutor] Destroying process com.facebook.buck.util.ListeningProcessExecutor$LaunchedProcessImpl@510884b6 (force true)
[2018-05-02 19:10:47.623][debug][command:null][tid:214][com.facebook.buck.util.environment.MacNetworkConfiguration] Determine active state of media for device
[2018-05-02 19:10:47.623][debug][command:null][tid:214][com.facebook.buck.util.ListeningProcessExecutor] Launching process with params ProcessExecutorParams{command=[networksetup, -getMedia, en25]}
[2018-05-02 19:10:47.624][debug][command:null][tid:214][com.facebook.buck.util.ListeningProcessExecutor] Successfully launched process com.zaxxer.nuprocess.osx.OsxProcess@4ae1fca0
[2018-05-02 19:10:47.624][debug][command:null][tid:214][com.facebook.buck.util.ListeningProcessExecutor] Waiting for process com.facebook.buck.util.ListeningProcessExecutor$LaunchedProcessImpl@2abefa7e timeout 1000 MILLISECONDS
[2018-05-02 19:10:47.653][debug][command:null][tid:214][com.facebook.buck.util.ListeningProcessExecutor] Wait for process returned 4
[2018-05-02 19:10:47.653][debug][command:null][tid:214][com.facebook.buck.util.ListeningProcessExecutor] Destroying process com.facebook.buck.util.ListeningProcessExecutor$LaunchedProcessImpl@2abefa7e (force true)
[2018-05-02 19:10:47.653][debug][command:null][tid:214][com.facebook.buck.util.environment.MacNetworkConfiguration] Determine active state of media for device
[2018-05-02 19:10:47.653][debug][command:null][tid:214][com.facebook.buck.util.ListeningProcessExecutor] Launching process with params ProcessExecutorParams{command=[networksetup, -getMedia, en24]}
[2018-05-02 19:10:47.654][debug][command:null][tid:214][com.facebook.buck.util.ListeningProcessExecutor] Successfully launched process com.zaxxer.nuprocess.osx.OsxProcess@738b5e47
[2018-05-02 19:10:47.654][debug][command:null][tid:214][com.facebook.buck.util.ListeningProcessExecutor] Waiting for process com.facebook.buck.util.ListeningProcessExecutor$LaunchedProcessImpl@663349b4 timeout 1000 MILLISECONDS
[2018-05-02 19:10:47.683][debug][command:null][tid:214][com.facebook.buck.util.ListeningProcessExecutor] Wait for process returned 4
[2018-05-02 19:10:47.683][debug][command:null][tid:214][com.facebook.buck.util.ListeningProcessExecutor] Destroying process com.facebook.buck.util.ListeningProcessExecutor$LaunchedProcessImpl@663349b4 (force true)
[2018-05-02 19:10:47.683][debug][command:null][tid:214][com.facebook.buck.util.environment.MacNetworkConfiguration] Determine active state of media for device
[2018-05-02 19:10:47.683][debug][command:null][tid:214][com.facebook.buck.util.ListeningProcessExecutor] Launching process with params ProcessExecutorParams{command=[networksetup, -getMedia, en23]}
[2018-05-02 19:10:47.684][debug][command:null][tid:214][com.facebook.buck.util.ListeningProcessExecutor] Successfully launched process com.zaxxer.nuprocess.osx.OsxProcess@23f2ad2e
[2018-05-02 19:10:47.684][debug][command:null][tid:214][com.facebook.buck.util.ListeningProcessExecutor] Waiting for process com.facebook.buck.util.ListeningProcessExecutor$LaunchedProcessImpl@7ec2ce24 timeout 1000 MILLISECONDS
[2018-05-02 19:10:47.712][debug][command:null][tid:214][com.facebook.buck.util.ListeningProcessExecutor] Wait for process returned 4
[2018-05-02 19:10:47.712][debug][command:null][tid:214][com.facebook.buck.util.ListeningProcessExecutor] Destroying process com.facebook.buck.util.ListeningProcessExecutor$LaunchedProcessImpl@7ec2ce24 (force true)
[2018-05-02 19:10:47.712][debug][command:null][tid:214][com.facebook.buck.util.environment.MacNetworkConfiguration] Determine active state of media for device
[2018-05-02 19:10:47.712][debug][command:null][tid:214][com.facebook.buck.util.ListeningProcessExecutor] Launching process with params ProcessExecutorParams{command=[networksetup, -getMedia, en21]}
[2018-05-02 19:10:47.713][debug][command:null][tid:214][com.facebook.buck.util.ListeningProcessExecutor] Successfully launched process com.zaxxer.nuprocess.osx.OsxProcess@5792dedd
[2018-05-02 19:10:47.713][debug][command:null][tid:214][com.facebook.buck.util.ListeningProcessExecutor] Waiting for process com.facebook.buck.util.ListeningProcessExecutor$LaunchedProcessImpl@2b904372 timeout 1000 MILLISECONDS
[2018-05-02 19:10:47.743][debug][command:null][tid:214][com.facebook.buck.util.ListeningProcessExecutor] Wait for process returned 4
[2018-05-02 19:10:47.743][debug][command:null][tid:214][com.facebook.buck.util.ListeningProcessExecutor] Destroying process com.facebook.buck.util.ListeningProcessExecutor$LaunchedProcessImpl@2b904372 (force true)
[2018-05-02 19:10:47.743][debug][command:null][tid:214][com.facebook.buck.util.environment.MacNetworkConfiguration] Determine active state of media for device
[2018-05-02 19:10:47.744][debug][command:null][tid:214][com.facebook.buck.util.ListeningProcessExecutor] Launching process with params ProcessExecutorParams{command=[networksetup, -getMedia, en20]}
[2018-05-02 19:10:47.745][debug][command:null][tid:214][com.facebook.buck.util.ListeningProcessExecutor] Successfully launched process com.zaxxer.nuprocess.osx.OsxProcess@1dbd00f3
[2018-05-02 19:10:47.745][debug][command:null][tid:214][com.facebook.buck.util.ListeningProcessExecutor] Waiting for process com.facebook.buck.util.ListeningProcessExecutor$LaunchedProcessImpl@75664e8e timeout 1000 MILLISECONDS
[2018-05-02 19:10:47.773][debug][command:null][tid:214][com.facebook.buck.util.ListeningProcessExecutor] Wait for process returned 4
[2018-05-02 19:10:47.773][debug][command:null][tid:214][com.facebook.buck.util.ListeningProcessExecutor] Destroying process com.facebook.buck.util.ListeningProcessExecutor$LaunchedProcessImpl@75664e8e (force true)
[2018-05-02 19:10:47.773][debug][command:null][tid:214][com.facebook.buck.util.environment.MacNetworkConfiguration] Determine active state of media for device
[2018-05-02 19:10:47.773][debug][command:null][tid:214][com.facebook.buck.util.ListeningProcessExecutor] Launching process with params ProcessExecutorParams{command=[networksetup, -getMedia, en19]}
[2018-05-02 19:10:47.774][debug][command:null][tid:214][com.facebook.buck.util.ListeningProcessExecutor] Successfully launched process com.zaxxer.nuprocess.osx.OsxProcess@34c302c9
[2018-05-02 19:10:47.774][debug][command:null][tid:214][com.facebook.buck.util.ListeningProcessExecutor] Waiting for process com.facebook.buck.util.ListeningProcessExecutor$LaunchedProcessImpl@1de15cf0 timeout 1000 MILLISECONDS
[2018-05-02 19:10:47.804][debug][command:null][tid:214][com.facebook.buck.util.ListeningProcessExecutor] Wait for process returned 4
[2018-05-02 19:10:47.804][debug][command:null][tid:214][com.facebook.buck.util.ListeningProcessExecutor] Destroying process com.facebook.buck.util.ListeningProcessExecutor$LaunchedProcessImpl@1de15cf0 (force true)
[2018-05-02 19:10:47.804][debug][command:null][tid:214][com.facebook.buck.util.environment.MacNetworkConfiguration] Determine active state of media for device
[2018-05-02 19:10:47.804][debug][command:null][tid:214][com.facebook.buck.util.ListeningProcessExecutor] Launching process with params ProcessExecutorParams{command=[networksetup, -getMedia, en18]}
[2018-05-02 19:10:47.805][debug][command:null][tid:214][com.facebook.buck.util.ListeningProcessExecutor] Successfully launched process com.zaxxer.nuprocess.osx.OsxProcess@682e6d27
[2018-05-02 19:10:47.805][debug][command:null][tid:214][com.facebook.buck.util.ListeningProcessExecutor] Waiting for process com.facebook.buck.util.ListeningProcessExecutor$LaunchedProcessImpl@2ffb5c92 timeout 1000 MILLISECONDS
[2018-05-02 19:10:47.833][debug][command:null][tid:214][com.facebook.buck.util.ListeningProcessExecutor] Wait for process returned 4
[2018-05-02 19:10:47.833][debug][command:null][tid:214][com.facebook.buck.util.ListeningProcessExecutor] Destroying process com.facebook.buck.util.ListeningProcessExecutor$LaunchedProcessImpl@2ffb5c92 (force true)
[2018-05-02 19:10:47.833][debug][command:null][tid:214][com.facebook.buck.util.environment.MacNetworkConfiguration] Determine active state of media for device
[2018-05-02 19:10:47.833][debug][command:null][tid:214][com.facebook.buck.util.ListeningProcessExecutor] Launching process with params ProcessExecutorParams{command=[networksetup, -getMedia, en17]}
[2018-05-02 19:10:47.834][debug][command:null][tid:214][com.facebook.buck.util.ListeningProcessExecutor] Successfully launched process com.zaxxer.nuprocess.osx.OsxProcess@302c6ee
[2018-05-02 19:10:47.834][debug][command:null][tid:214][com.facebook.buck.util.ListeningProcessExecutor] Waiting for process com.facebook.buck.util.ListeningProcessExecutor$LaunchedProcessImpl@14931ca2 timeout 1000 MILLISECONDS
[2018-05-02 19:10:47.864][debug][command:null][tid:214][com.facebook.buck.util.ListeningProcessExecutor] Wait for process returned 4
[2018-05-02 19:10:47.864][debug][command:null][tid:214][com.facebook.buck.util.ListeningProcessExecutor] Destroying process com.facebook.buck.util.ListeningProcessExecutor$LaunchedProcessImpl@14931ca2 (force true)
[2018-05-02 19:10:47.865][debug][command:null][tid:214][com.facebook.buck.util.environment.MacNetworkConfiguration] Determine active state of media for device
[2018-05-02 19:10:47.865][debug][command:null][tid:214][com.facebook.buck.util.ListeningProcessExecutor] Launching process with params ProcessExecutorParams{command=[networksetup, -getMedia, en16]}
[2018-05-02 19:10:47.866][debug][command:null][tid:214][com.facebook.buck.util.ListeningProcessExecutor] Successfully launched process com.zaxxer.nuprocess.osx.OsxProcess@f4f1c42
[2018-05-02 19:10:47.866][debug][command:null][tid:214][com.facebook.buck.util.ListeningProcessExecutor] Waiting for process com.facebook.buck.util.ListeningProcessExecutor$LaunchedProcessImpl@7aa5cef5 timeout 1000 MILLISECONDS
[2018-05-02 19:10:47.893][debug][command:null][tid:214][com.facebook.buck.util.ListeningProcessExecutor] Wait for process returned 4
[2018-05-02 19:10:47.894][debug][command:null][tid:214][com.facebook.buck.util.ListeningProcessExecutor] Destroying process com.facebook.buck.util.ListeningProcessExecutor$LaunchedProcessImpl@7aa5cef5 (force true)
[2018-05-02 19:10:47.894][debug][command:null][tid:214][com.facebook.buck.util.environment.MacNetworkConfiguration] Determine active state of media for device
[2018-05-02 19:10:47.894][debug][command:null][tid:214][com.facebook.buck.util.ListeningProcessExecutor] Launching process with params ProcessExecutorParams{command=[networksetup, -getMedia, en15]}
[2018-05-02 19:10:47.895][debug][command:null][tid:214][com.facebook.buck.util.ListeningProcessExecutor] Successfully launched process com.zaxxer.nuprocess.osx.OsxProcess@6f8552f9
[2018-05-02 19:10:47.895][debug][command:null][tid:214][com.facebook.buck.util.ListeningProcessExecutor] Waiting for process com.facebook.buck.util.ListeningProcessExecutor$LaunchedProcessImpl@63ff35a7 timeout 1000 MILLISECONDS
[2018-05-02 19:10:47.924][debug][command:null][tid:214][com.facebook.buck.util.ListeningProcessExecutor] Wait for process returned 4
[2018-05-02 19:10:47.924][debug][command:null][tid:214][com.facebook.buck.util.ListeningProcessExecutor] Destroying process com.facebook.buck.util.ListeningProcessExecutor$LaunchedProcessImpl@63ff35a7 (force true)
[2018-05-02 19:10:47.924][debug][command:null][tid:214][com.facebook.buck.util.environment.MacNetworkConfiguration] Determine active state of media for device
[2018-05-02 19:10:47.924][debug][command:null][tid:214][com.facebook.buck.util.ListeningProcessExecutor] Launching process with params ProcessExecutorParams{command=[networksetup, -getMedia, en14]}
[2018-05-02 19:10:47.925][debug][command:null][tid:214][com.facebook.buck.util.ListeningProcessExecutor] Successfully launched process com.zaxxer.nuprocess.osx.OsxProcess@14258896
[2018-05-02 19:10:47.925][debug][command:null][tid:214][com.facebook.buck.util.ListeningProcessExecutor] Waiting for process com.facebook.buck.util.ListeningProcessExecutor$LaunchedProcessImpl@40232e81 timeout 1000 MILLISECONDS
[2018-05-02 19:10:47.955][debug][command:null][tid:214][com.facebook.buck.util.ListeningProcessExecutor] Wait for process returned 4
[2018-05-02 19:10:47.955][debug][command:null][tid:214][com.facebook.buck.util.ListeningProcessExecutor] Destroying process com.facebook.buck.util.ListeningProcessExecutor$LaunchedProcessImpl@40232e81 (force true)
[2018-05-02 19:10:47.955][debug][command:null][tid:214][com.facebook.buck.util.environment.MacNetworkConfiguration] Determine active state of media for device
[2018-05-02 19:10:47.955][debug][command:null][tid:214][com.facebook.buck.util.ListeningProcessExecutor] Launching process with params ProcessExecutorParams{command=[networksetup, -getMedia, en12]}
[2018-05-02 19:10:47.956][debug][command:null][tid:214][com.facebook.buck.util.ListeningProcessExecutor] Successfully launched process com.zaxxer.nuprocess.osx.OsxProcess@5f4aee6
[2018-05-02 19:10:47.956][debug][command:null][tid:214][com.facebook.buck.util.ListeningProcessExecutor] Waiting for process com.facebook.buck.util.ListeningProcessExecutor$LaunchedProcessImpl@1fbce1f2 timeout 1000 MILLISECONDS
[2018-05-02 19:10:47.985][debug][command:null][tid:214][com.facebook.buck.util.ListeningProcessExecutor] Wait for process returned 4
[2018-05-02 19:10:47.985][debug][command:null][tid:214][com.facebook.buck.util.ListeningProcessExecutor] Destroying process com.facebook.buck.util.ListeningProcessExecutor$LaunchedProcessImpl@1fbce1f2 (force true)
[2018-05-02 19:10:47.985][debug][command:null][tid:214][com.facebook.buck.util.environment.MacNetworkConfiguration] Determine active state of media for device
[2018-05-02 19:10:47.985][debug][command:null][tid:214][com.facebook.buck.util.ListeningProcessExecutor] Launching process with params ProcessExecutorParams{command=[networksetup, -getMedia, en10]}
[2018-05-02 19:10:47.986][debug][command:null][tid:214][com.facebook.buck.util.ListeningProcessExecutor] Successfully launched process com.zaxxer.nuprocess.osx.OsxProcess@2765abab
[2018-05-02 19:10:47.994][debug][command:null][tid:214][com.facebook.buck.util.ListeningProcessExecutor] Waiting for process com.facebook.buck.util.ListeningProcessExecutor$LaunchedProcessImpl@7e6bdee0 timeout 1000 MILLISECONDS
[2018-05-02 19:10:48.018][debug][command:null][tid:214][com.facebook.buck.util.ListeningProcessExecutor] Wait for process returned 4
[2018-05-02 19:10:48.018][debug][command:null][tid:214][com.facebook.buck.util.ListeningProcessExecutor] Destroying process com.facebook.buck.util.ListeningProcessExecutor$LaunchedProcessImpl@7e6bdee0 (force true)
[2018-05-02 19:10:48.018][debug][command:null][tid:214][com.facebook.buck.util.environment.MacNetworkConfiguration] Determine active state of media for device
[2018-05-02 19:10:48.018][debug][command:null][tid:214][com.facebook.buck.util.ListeningProcessExecutor] Launching process with params ProcessExecutorParams{command=[networksetup, -getMedia, en8]}
[2018-05-02 19:10:48.019][debug][command:null][tid:214][com.facebook.buck.util.ListeningProcessExecutor] Successfully launched process com.zaxxer.nuprocess.osx.OsxProcess@5ec8cc55
[2018-05-02 19:10:48.019][debug][command:null][tid:214][com.facebook.buck.util.ListeningProcessExecutor] Waiting for process com.facebook.buck.util.ListeningProcessExecutor$LaunchedProcessImpl@2603050f timeout 1000 MILLISECONDS
[2018-05-02 19:10:48.047][debug][command:null][tid:214][com.facebook.buck.util.ListeningProcessExecutor] Wait for process returned 4
[2018-05-02 19:10:48.047][debug][command:null][tid:214][com.facebook.buck.util.ListeningProcessExecutor] Destroying process com.facebook.buck.util.ListeningProcessExecutor$LaunchedProcessImpl@2603050f (force true)
[2018-05-02 19:10:48.047][debug][command:null][tid:214][com.facebook.buck.util.environment.MacNetworkConfiguration] Determine active state of media for device
[2018-05-02 19:10:48.047][debug][command:null][tid:214][com.facebook.buck.util.ListeningProcessExecutor] Launching process with params ProcessExecutorParams{command=[networksetup, -getMedia, en0]}
[2018-05-02 19:10:48.048][debug][command:null][tid:214][com.facebook.buck.util.ListeningProcessExecutor] Successfully launched process com.zaxxer.nuprocess.osx.OsxProcess@2c31ca97
[2018-05-02 19:10:48.048][debug][command:null][tid:214][com.facebook.buck.util.ListeningProcessExecutor] Waiting for process com.facebook.buck.util.ListeningProcessExecutor$LaunchedProcessImpl@c8d8d2f timeout 1000 MILLISECONDS
[2018-05-02 19:10:48.077][debug][command:null][tid:214][com.facebook.buck.util.ListeningProcessExecutor] Wait for process returned 0
[2018-05-02 19:10:48.077][debug][command:null][tid:214][com.facebook.buck.util.ListeningProcessExecutor] Destroying process com.facebook.buck.util.ListeningProcessExecutor$LaunchedProcessImpl@c8d8d2f (force true)
[2018-05-02 19:10:48.077][debug][command:null][tid:214][com.facebook.buck.util.environment.MacNetworkConfiguration] Determine WiFi SSID of device
[2018-05-02 19:10:48.077][debug][command:null][tid:214][com.facebook.buck.util.ListeningProcessExecutor] Launching process with params ProcessExecutorParams{command=[networksetup, -getairportnetwork, en0]}
[2018-05-02 19:10:48.078][debug][command:null][tid:214][com.facebook.buck.util.ListeningProcessExecutor] Successfully launched process com.zaxxer.nuprocess.osx.OsxProcess@143f428f
[2018-05-02 19:10:48.078][debug][command:null][tid:214][com.facebook.buck.util.ListeningProcessExecutor] Waiting for process com.facebook.buck.util.ListeningProcessExecutor$LaunchedProcessImpl@2a2a167a timeout 1000 MILLISECONDS
[2018-05-02 19:10:48.109][debug][command:null][tid:214][com.facebook.buck.util.ListeningProcessExecutor] Wait for process returned 0
[2018-05-02 19:10:48.109][debug][command:null][tid:214][com.facebook.buck.util.ListeningProcessExecutor] Destroying process com.facebook.buck.util.ListeningProcessExecutor$LaunchedProcessImpl@2a2a167a (force true)
[2018-05-02 19:10:48.109][info ][command:null][tid:214][com.facebook.buck.util.versioncontrol.VersionControlStatsGenerator] Starting generation of version control stats.
[2018-05-02 19:10:48.109][warn ][command:null][tid:214][com.facebook.buck.util.versioncontrol.VersionControlStatsGenerator] Skipping generation of version control stats as unsupported repository type.
[2018-05-02 19:10:48.109][info ][command:d986ba50-c4fc-499b-9b99-2211d163200a][tid:199][com.facebook.buck.cli.Main] Successfully terminated Disk IO executor service.
[2018-05-02 19:10:48.110][debug][command:null][tid:199][com.facebook.buck.event.listener.SuperConsoleEventBusListener] Stopping render scheduler
[2018-05-02 19:10:48.110][debug][command:null][tid:199][com.facebook.buck.event.listener.SuperConsoleEventBusListener] Stopping render scheduler
[2018-05-02 19:10:48.110][debug][command:null][tid:199][com.facebook.buck.event.listener.SuperConsoleEventBusListener] Stopping console output (stderr was dirty).
[2018-05-02 19:10:48.110][debug][command:null][tid:199][com.facebook.buck.event.listener.ChromeTraceBuildListener] Writing Chrome trace to buck-out/log/2018-05-02_23h10m47s_buildcommand_d986ba50-c4fc-499b-9b99-2211d163200a/build.2018-05-02.19-10-47.d986ba50-c4fc-499b-9b99-2211d163200a.trace
[2018-05-02 19:10:48.115][debug][command:null][tid:199][com.facebook.buck.cli.Main] Done.
[2018-05-02 19:10:48.115][info ][command:null][tid:199][com.martiansoftware.nailgun.NGSession] Server cleanly exited with status 5
[2018-05-02 19:10:48.116][debug][command:null][tid:199][com.martiansoftware.nailgun.NGCommunicator] Shutting down read ExecutorService
[2018-05-02 19:10:48.155][debug][command:null][tid:199][com.martiansoftware.nailgun.NGCommunicator] Shutting down orchestrator ExecutorService
[2018-05-02 19:10:48.155][debug][command:null][tid:203][com.martiansoftware.nailgun.NGCommunicator] Socket is disconnected
[2018-05-02 19:10:48.156][debug][command:null][tid:203][com.martiansoftware.nailgun.NGCommunicator] Nailgun client disconnected
[2018-05-02 19:10:48.156][debug][command:null][tid:203][com.martiansoftware.nailgun.NGCommunicator] Orchestrator thread finished
[2018-05-02 19:10:48.156][debug][command:null][tid:199][com.martiansoftware.nailgun.NGSession] Closing client socket
[2018-05-02 19:10:48.157][debug][command:null][tid:199][com.martiansoftware.nailgun.NGSession] Waiting for next client to connect
[2018-05-02 19:10:48.157][info ][command:null][tid:199][com.martiansoftware.nailgun.NGSession] NGSession shutting down
[2018-05-02 19:11:08.786][debug][command:null][tid:202][com.martiansoftware.nailgun.NGSession] Client connected
[2018-05-02 19:11:08.786][debug][command:null][tid:221][com.martiansoftware.nailgun.NGSession] Waiting for first client to connect
[2018-05-02 19:11:08.790][debug][command:null][tid:222][com.martiansoftware.nailgun.NGCommunicator] Orchestrator thread started
[2018-05-02 19:11:08.790][debug][command:null][tid:202][com.martiansoftware.nailgun.NGCommunicator] Shutting down read ExecutorService
[2018-05-02 19:11:08.790][debug][command:null][tid:222][com.martiansoftware.nailgun.NGCommunicator] Nailgun client disconnected
[2018-05-02 19:11:08.790][debug][command:null][tid:222][com.martiansoftware.nailgun.NGCommunicator] Orchestrator thread finished
[2018-05-02 19:11:08.790][debug][command:null][tid:202][com.martiansoftware.nailgun.NGCommunicator] Shutting down orchestrator ExecutorService
[2018-05-02 19:11:08.791][debug][command:null][tid:202][com.martiansoftware.nailgun.NGSession] Closing client socket
[2018-05-02 19:11:08.791][debug][command:null][tid:202][com.martiansoftware.nailgun.NGSession] Waiting for next client to connect
[2018-05-02 19:11:08.791][info ][command:null][tid:202][com.martiansoftware.nailgun.NGSession] NGSession shutting down
[2018-05-02 19:11:08.798][debug][command:null][tid:221][com.martiansoftware.nailgun.NGSession] Client connected
[2018-05-02 19:11:08.798][debug][command:null][tid:224][com.martiansoftware.nailgun.NGSession] Waiting for first client to connect
[2018-05-02 19:11:08.802][debug][command:null][tid:225][com.martiansoftware.nailgun.NGCommunicator] Orchestrator thread started
[2018-05-02 19:11:08.803][debug][command:null][tid:221][com.facebook.buck.util.config.Configs] Loading configuration for /Users/scottjones/BuckExample/StashUI/UI
[2018-05-02 19:11:08.803][debug][command:null][tid:221][com.facebook.buck.util.config.Configs] Loaded project configuration file /Users/scottjones/BuckExample/StashUI/UI/.buckconfig
[2018-05-02 19:11:08.803][debug][command:null][tid:221][com.facebook.buck.util.config.Configs] Adding configuration overrides RawConfig{values={}}
[2018-05-02 19:11:08.806][debug][command:null][tid:221][com.facebook.buck.cli.Main] Rotating log.
