[2018-05-02 19:09:26.984][debug][command:null][tid:41][com.facebook.buck.cli.Main] Starting up (build date 2018-03-26 17:19:01 -0400, rev v2018.03.26.01), args: [build, //Pod:SnapKit]
[2018-05-02 19:09:26.986][debug][command:null][tid:41][com.facebook.buck.cli.Main] System properties: {java.vendor=Oracle Corporation, sun.java.launcher=SUN_STANDARD, sun.management.compiler=HotSpot 64-Bit Tiered Compilers, jnidispatch.path=/Users/scottjones/BuckExample/StashUI/UI/.buckd/tmp/buck_run.rl8slT/jna--496628040/jna8380054251408692703.tmp, os.name=Mac OS X, buck.enable_objc=true, sun.boot.class.path=/Library/Java/JavaVirtualMachines/jdk1.8.0_162.jdk/Contents/Home/jre/lib/resources.jar:/Library/Java/JavaVirtualMachines/jdk1.8.0_162.jdk/Contents/Home/jre/lib/rt.jar:/Library/Java/JavaVirtualMachines/jdk1.8.0_162.jdk/Contents/Home/jre/lib/sunrsasign.jar:/Library/Java/JavaVirtualMachines/jdk1.8.0_162.jdk/Contents/Home/jre/lib/jsse.jar:/Library/Java/JavaVirtualMachines/jdk1.8.0_162.jdk/Contents/Home/jre/lib/jce.jar:/Library/Java/JavaVirtualMachines/jdk1.8.0_162.jdk/Contents/Home/jre/lib/charsets.jar:/Library/Java/JavaVirtualMachines/jdk1.8.0_162.jdk/Contents/Home/jre/lib/jfr.jar:/Library/Java/JavaVirtualMachines/jdk1.8.0_162.jdk/Contents/Home/jre/classes, pf4j.pluginsDir=/Users/scottjones/BuckExample/StashUI/UI/.buckd/resources/v2018.03.26.01/buck-modules, buck.resource_lock_path=/Users/scottjones/BuckExample/StashUI/UI/.buckd/resources/v2018.03.26.01/.buck_lock, java.vm.specification.vendor=Oracle Corporation, java.runtime.version=1.8.0_162-b12, jna.loaded=true, buck.testrunner_classes=/Users/scottjones/BuckExample/StashUI/UI/.buckd/resources/v2018.03.26.01/testrunner_classes, buck.logging_config_file=/Users/scottjones/BuckExample/StashUI/UI/.buckd/resources/v2018.03.26.01/logging_config_file, buck.path_to_sh_binary_template=/Users/scottjones/BuckExample/StashUI/UI/.buckd/resources/v2018.03.26.01/path_to_sh_binary_template, user.name=scottjones, buck.path_to_pywatchman=/Users/scottjones/BuckExample/StashUI/UI/.buckd/resources/v2018.03.26.01/path_to_pywatchman, buck.report_generator_jar=/Users/scottjones/BuckExample/StashUI/UI/.buckd/resources/v2018.03.26.01/report_generator_jar, buck.git_commit=v2018.03.26.01, user.language=en, sun.boot.library.path=/Library/Java/JavaVirtualMachines/jdk1.8.0_162.jdk/Contents/Home/jre/lib, jna.nosys=true, java.version=1.8.0_162, user.timezone=America/New_York, buck.test_util_no_tests_dir=true, sun.arch.data.model=64, http.nonProxyHosts=local|*.local|169.254/16|*.169.254/16, java.endorsed.dirs=/Library/Java/JavaVirtualMachines/jdk1.8.0_162.jdk/Contents/Home/jre/lib/endorsed, sun.cpu.isalist=, sun.jnu.encoding=UTF-8, file.encoding.pkg=sun.io, file.separator=/, java.specification.name=Java Platform API Specification, buck.jacoco_agent_jar=/Users/scottjones/BuckExample/StashUI/UI/.buckd/resources/v2018.03.26.01/jacoco_agent_jar, java.class.version=52.0, user.country=US, buck.binary_hash=18882a498323745e828e70f1ac69fa39, java.home=/Library/Java/JavaVirtualMachines/jdk1.8.0_162.jdk/Contents/Home/jre, buck.fix_script=/Users/scottjones/BuckExample/StashUI/UI/.buckd/resources/v2018.03.26.01/fix_script, java.vm.info=mixed mode, os.version=10.13.4, buck.external_executor_jar=/Users/scottjones/BuckExample/StashUI/UI/.buckd/resources/v2018.03.26.01/external_executor_jar, buck.version_uid=v2018.03.26.01, org.eclipse.jetty.util.log.class=org.eclipse.jetty.util.log.JavaUtilLog, path.separator=:, java.vm.version=25.162-b12, java.awt.printerjob=sun.lwawt.macosx.CPrinterJob, sun.io.unicode.encoding=UnicodeBig, awt.toolkit=sun.lwawt.macosx.LWCToolkit, socksNonProxyHosts=local|*.local|169.254/16|*.169.254/16, buck.buck_build_type_info=/Users/scottjones/BuckExample/StashUI/UI/.buckd/resources/v2018.03.26.01/buck_build_type_info, ftp.nonProxyHosts=local|*.local|169.254/16|*.169.254/16, buck.dx=/Users/scottjones/BuckExample/StashUI/UI/.buckd/resources/v2018.03.26.01/dx, buck.git_commit_timestamp=1522099141, user.home=/Users/scottjones, java.specification.vendor=Oracle Corporation, buck.git_dirty=0, java.library.path=/Users/scottjones/BuckExample/StashUI/UI/.buckd/resources/v2018.03.26.01, java.vendor.url=http://java.oracle.com/, java.vm.vendor=Oracle Corporation, gopherProxySet=false, java.runtime.name=Java(TM) SE Runtime Environment, sun.java.command=com.facebook.buck.cli.bootstrapper.ClassLoaderBootstrapper com.facebook.buck.cli.Main$DaemonBootstrap local:.buckd/sock 120000, java.class.path=/Users/scottjones/BuckExample/StashUI/UI/.buckd/resources/v2018.03.26.01/bootstrapper_jar, buck.buckd_dir=/Users/scottjones/BuckExample/StashUI/UI/.buckd, buck.path_to_pathlib_py=/Users/scottjones/BuckExample/StashUI/UI/.buckd/resources/v2018.03.26.01/pathlib.py, buck.buckd_launch_time_nanos=23432505348890, java.vm.specification.name=Java Virtual Machine Specification, com.martiansoftware.nailgun.NGServer.outputPath=/Users/scottjones/BuckExample/StashUI/UI/.buckd/tmp/buck_run.rl8slT/ngserver-out, java.vm.specification.version=1.8, sun.cpu.endian=little, sun.os.patch.level=unknown, java.awt.headless=true, java.io.tmpdir=/Users/scottjones/BuckExample/StashUI/UI/.buckd/tmp/buck_run.rl8slT, buck.android_agent_path=/Users/scottjones/BuckExample/StashUI/UI/.buckd/resources/v2018.03.26.01/android_agent_path, java.vendor.url.bug=http://bugreport.sun.com/bugreport/, buck.path_to_python_dsl=, jna.platform.library.path=/usr/lib:/usr/lib, os.arch=x86_64, java.awt.graphicsenv=sun.awt.CGraphicsEnvironment, buck.path_to_pex=/Users/scottjones/BuckExample/StashUI/UI/.buckd/resources/v2018.03.26.01/path_to_pex, java.ext.dirs=/Users/scottjones/Library/Java/Extensions:/Library/Java/JavaVirtualMachines/jdk1.8.0_162.jdk/Contents/Home/jre/lib/ext:/Library/Java/Extensions:/Network/Library/Java/Extensions:/System/Library/Java/Extensions:/usr/lib/java, java.util.logging.config.class=com.facebook.buck.cli.bootstrapper.LogConfig, user.dir=/Users/scottjones/BuckExample/StashUI/UI, line.separator=
, java.vm.name=Java HotSpot(TM) 64-Bit Server VM, buck.path_to_typing=/Users/scottjones/BuckExample/StashUI/UI/.buckd/resources/v2018.03.26.01/path_to_typing, buck.native_exopackage_fake_path=/Users/scottjones/BuckExample/StashUI/UI/.buckd/resources/v2018.03.26.01/native_exopackage_fake_path, file.encoding=UTF-8, java.specification.version=1.8}
[2018-05-02 19:09:26.987][debug][command:null][tid:41][com.facebook.buck.util.config.Configs] Loading configuration for /Users/scottjones/BuckExample/StashUI/UI
[2018-05-02 19:09:26.988][debug][command:null][tid:41][com.facebook.buck.util.config.Configs] Loaded project configuration file /Users/scottjones/BuckExample/StashUI/UI/.buckconfig
[2018-05-02 19:09:26.988][debug][command:null][tid:41][com.facebook.buck.util.config.Configs] Adding configuration overrides RawConfig{values={}}
[2018-05-02 19:09:26.992][info ][command:null][tid:41][com.facebook.buck.io.WatchmanFactory] Creating for: [/Users/scottjones/BuckExample/StashUI/UI]
[2018-05-02 19:09:26.993][debug][command:null][tid:41][com.facebook.buck.io.ExecutableFinder] Executable 'watchman' mapped to 'Optional[/usr/local/bin/watchman]'
[2018-05-02 19:09:26.993][debug][command:null][tid:41][com.facebook.buck.util.ListeningProcessExecutor] Launching process with params ProcessExecutorParams{command=[/usr/local/bin/watchman, --output-encoding=bser, get-sockname]}
[2018-05-02 19:09:27.001][debug][command:null][tid:41][com.facebook.buck.util.ListeningProcessExecutor] Successfully launched process com.zaxxer.nuprocess.osx.OsxProcess@61f19d75
[2018-05-02 19:09:27.001][debug][command:null][tid:41][com.facebook.buck.util.ListeningProcessExecutor] Waiting for process com.facebook.buck.util.ListeningProcessExecutor$LaunchedProcessImpl@3a6bedeb timeout 1000000000 NANOSECONDS
[2018-05-02 19:09:27.014][debug][command:null][tid:41][com.facebook.buck.util.ListeningProcessExecutor] Wait for process returned 0
[2018-05-02 19:09:27.014][debug][command:null][tid:41][com.facebook.buck.io.WatchmanFactory] Waited 13 ms for Watchman command get-sockname, exit code 0
[2018-05-02 19:09:27.015][debug][command:null][tid:41][com.facebook.buck.io.WatchmanFactory] stdout of command: {sockname=/usr/local/var/run/watchman/scottjones-state/sock, version=4.9.0}
[2018-05-02 19:09:27.015][info ][command:null][tid:41][com.facebook.buck.io.WatchmanFactory] Connecting to Watchman version 4.9.0 at /usr/local/var/run/watchman/scottjones-state/sock
[2018-05-02 19:09:27.015][debug][command:null][tid:48][com.facebook.buck.io.WatchmanTransportClient] Sending query: [version, {required=[cmd-watch-project], optional=[term-dirname, cmd-watch-project, wildmatch, wildmatch_multislash, glob_generator, clock-sync-timeout]}]
[2018-05-02 19:09:27.016][debug][command:null][tid:41][com.facebook.buck.io.WatchmanTransportClient] Query [version, {required=[cmd-watch-project], optional=[term-dirname, cmd-watch-project, wildmatch, wildmatch_multislash, glob_generator, clock-sync-timeout]}] returned in 0 ms
[2018-05-02 19:09:27.017][info ][command:null][tid:41][com.facebook.buck.io.WatchmanFactory] Took 1 ms to query capabilities {term-dirname=DIRNAME, cmd-watch-project=SUPPORTS_PROJECT_WATCH, wildmatch=WILDMATCH_GLOB, wildmatch_multislash=WILDMATCH_MULTISLASH, glob_generator=GLOB_GENERATOR, clock-sync-timeout=CLOCK_SYNC_TIMEOUT}
[2018-05-02 19:09:27.017][debug][command:null][tid:41][com.facebook.buck.io.WatchmanFactory] Got capabilities response: {clock-sync-timeout=true, glob_generator=true, wildmatch_multislash=false, cmd-watch-project=true, wildmatch=true, term-dirname=true}
[2018-05-02 19:09:27.017][debug][command:null][tid:41][com.facebook.buck.io.WatchmanFactory] Got Watchman capabilities: [CLOCK_SYNC_TIMEOUT, GLOB_GENERATOR, SUPPORTS_PROJECT_WATCH, WILDMATCH_GLOB, DIRNAME]
[2018-05-02 19:09:27.017][info ][command:null][tid:41][com.facebook.buck.io.WatchmanFactory] Adding watchman root: /Users/scottjones/BuckExample/StashUI/UI
[2018-05-02 19:09:27.017][debug][command:null][tid:48][com.facebook.buck.io.WatchmanTransportClient] Sending query: [watch-project, /Users/scottjones/BuckExample/StashUI/UI]
[2018-05-02 19:09:27.018][debug][command:null][tid:41][com.facebook.buck.io.WatchmanTransportClient] Query [watch-project, /Users/scottjones/BuckExample/StashUI/UI] returned in 0 ms
[2018-05-02 19:09:27.018][debug][command:null][tid:48][com.facebook.buck.io.WatchmanTransportClient] Sending query: [watch-project, /Users/scottjones/BuckExample/StashUI/UI]
[2018-05-02 19:09:27.018][debug][command:null][tid:41][com.facebook.buck.io.WatchmanTransportClient] Query [watch-project, /Users/scottjones/BuckExample/StashUI/UI] returned in 0 ms
[2018-05-02 19:09:27.018][info ][command:null][tid:41][com.facebook.buck.io.WatchmanFactory] Took 1 ms to add root /Users/scottjones/BuckExample/StashUI/UI
[2018-05-02 19:09:27.019][debug][command:null][tid:48][com.facebook.buck.io.WatchmanTransportClient] Sending query: [clock, /Users/scottjones/BuckExample, {sync_timeout=100}]
[2018-05-02 19:09:27.025][debug][command:null][tid:41][com.facebook.buck.io.WatchmanTransportClient] Query [clock, /Users/scottjones/BuckExample, {sync_timeout=100}] returned in 5 ms
[2018-05-02 19:09:27.025][info ][command:null][tid:41][com.facebook.buck.io.WatchmanFactory] Took 6 ms to query for initial clock id Optional[c:1525269255:464:2:901]
[2018-05-02 19:09:27.025][debug][command:null][tid:41][com.facebook.buck.io.WatchmanFactory] Connected to Watchman
[2018-05-02 19:09:27.025][debug][command:null][tid:41][com.facebook.buck.io.WatchmanTransportClient] Closing Watchman transport.
[2018-05-02 19:09:27.025][debug][command:null][tid:41][com.facebook.buck.cli.Main] Watchman capabilities: [CLOCK_SYNC_TIMEOUT, GLOB_GENERATOR, SUPPORTS_PROJECT_WATCH, WILDMATCH_GLOB, DIRNAME] Project watches: {/Users/scottjones/BuckExample/StashUI/UI=ProjectWatch{watchRoot=/Users/scottjones/BuckExample, projectPrefix=StashUI/UI}} Glob handler config: PYTHON Query timeout ms config: Optional.empty
[2018-05-02 19:09:27.052][debug][command:22f83b76-6b50-46d1-8362-ff0ec33dc143][tid:41][com.facebook.buck.event.listener.SuperConsoleEventBusListener] Starting render scheduler (interval 100 ms)
[2018-05-02 19:09:27.053][debug][command:22f83b76-6b50-46d1-8362-ff0ec33dc143][tid:41][com.google.common.util.concurrent.ServiceManager] Starting PerfStatsTracking [STARTING].
[2018-05-02 19:09:27.053][debug][command:22f83b76-6b50-46d1-8362-ff0ec33dc143][tid:41][com.google.common.util.concurrent.ServiceManager] Starting ProcessTracker [STARTING].
[2018-05-02 19:09:27.053][debug][command:22f83b76-6b50-46d1-8362-ff0ec33dc143][tid:41][com.facebook.buck.util.environment.MacWifiSsidFinder] Getting current SSID..
[2018-05-02 19:09:27.054][debug][command:22f83b76-6b50-46d1-8362-ff0ec33dc143][tid:41][com.facebook.buck.util.environment.MacWifiSsidFinder] Getting SSID from Wi-Fi interface: <CWInterface: 0x7f96fdfa3710> [interfaceName=en0]
[2018-05-02 19:09:27.055][debug][command:22f83b76-6b50-46d1-8362-ff0ec33dc143][tid:41][com.facebook.buck.util.environment.MacWifiSsidFinder] No SSID found for interface <CWInterface: 0x7f96fdfa3710> [interfaceName=en0].
[2018-05-02 19:09:27.056][debug][command:22f83b76-6b50-46d1-8362-ff0ec33dc143][tid:41][com.facebook.buck.cli.Main] InvocationInfo BuildId=[22f83b76-6b50-46d1-8362-ff0ec33dc143] Args=[build, //Pod:SnapKit]
[2018-05-02 19:09:27.061][debug][command:null][tid:52][com.facebook.buck.util.perf.ProcessTracker] startUp
[2018-05-02 19:09:27.073][info ][command:null][tid:56][com.facebook.buck.util.versioncontrol.VersionControlStatsGenerator] Starting generation of version control stats.
[2018-05-02 19:09:27.080][debug][command:null][tid:56][com.facebook.buck.util.versioncontrol.VersionControlCmdLineInterface] Executing command: hg log -l 1 --template {node|short}
[2018-05-02 19:09:27.080][debug][command:22f83b76-6b50-46d1-8362-ff0ec33dc143][tid:41][com.facebook.buck.parser.Parser] com.facebook.buck.event.DefaultBuckEventBus@69e8c212
[2018-05-02 19:09:27.069][warn ][command:null][tid:55][com.facebook.buck.event.listener.PublicAnnouncementManager] Failed to get public announcements. Reason: Failed to establish connection to server.
[2018-05-02 19:09:27.072][debug][command:null][tid:51][com.google.common.util.concurrent.ServiceManager] Started PerfStatsTracking [RUNNING] in 19.71 ms.
[2018-05-02 19:09:27.090][debug][command:null][tid:52][com.google.common.util.concurrent.ServiceManager] Started ProcessTracker [RUNNING] in 37.14 ms.
[2018-05-02 19:09:27.093][warn ][command:null][tid:56][com.facebook.buck.util.versioncontrol.DelegatingVersionControlCmdLineInterface] Mercurial is the only VCS supported for VCS stats generation, however current project (which has enabled VCS stats generation in its .buckconfig) does not appear to be a Mercurial repository: 
com.facebook.buck.util.versioncontrol.VersionControlCommandFailedException: java.io.IOException: Cannot run program "hg" (in directory "/Users/scottjones/BuckExample/StashUI/UI"): error=2, No such file or directory
[2018-05-02 19:09:27.093][debug][command:null][tid:56][com.facebook.buck.util.versioncontrol.DelegatingVersionControlCmdLineInterface] Using NoOpCmdLineInterface.
[2018-05-02 19:09:27.093][warn ][command:null][tid:56][com.facebook.buck.util.versioncontrol.VersionControlStatsGenerator] Skipping generation of version control stats as unsupported repository type.
[2018-05-02 19:09:27.093][debug][command:null][tid:56][com.facebook.buck.util.environment.MacNetworkConfiguration] Determine network service order and extract device names
[2018-05-02 19:09:27.093][debug][command:null][tid:56][com.facebook.buck.util.ListeningProcessExecutor] Launching process with params ProcessExecutorParams{command=[networksetup, -listnetworkserviceorder, ]}
[2018-05-02 19:09:27.093][debug][command:null][tid:59][com.facebook.buck.io.WatchmanTransportClient] Sending query: [query, /Users/scottjones/BuckExample, {since=c:1525269255:464:2:885, expression=[not, [anyof, [type, d], [dirname, .idea], [dirname, .buckd], [dirname, buck-out/cache], [dirname, buck-out/.trash], [dirname, buck-out], [match, **/*.pbxproj, wholename, {includedotfiles=true}], [match, **/*.xcscheme, wholename, {includedotfiles=true}], [match, **/*.xcworkspacedata, wholename, {includedotfiles=true}], [match, **/*~, wholename, {includedotfiles=true}], [match, **/#*#, wholename, {includedotfiles=true}], [match, **/.#*, wholename, {includedotfiles=true}], [match, **/*.swo, wholename, {includedotfiles=true}], [match, **/*.swp, wholename, {includedotfiles=true}], [match, **/*.swpx, wholename, {includedotfiles=true}], [match, **/*.un~, wholename, {includedotfiles=true}], [match, **/.netrhwist, wholename, {includedotfiles=true}], [match, .idea, wholename, {includedotfiles=true}], [match, .iml, wholename, {includedotfiles=true}], [match, **/*.pydevproject, wholename, {includedotfiles=true}], [match, .project, wholename, {includedotfiles=true}], [match, .metadata, wholename, {includedotfiles=true}], [match, **/*.tmp, wholename, {includedotfiles=true}], [match, **/*.bak, wholename, {includedotfiles=true}], [match, **/*~.nib, wholename, {includedotfiles=true}], [match, .classpath, wholename, {includedotfiles=true}], [match, .settings, wholename, {includedotfiles=true}], [match, .loadpath, wholename, {includedotfiles=true}], [match, .externalToolBuilders, wholename, {includedotfiles=true}], [match, .cproject, wholename, {includedotfiles=true}], [match, .buildpath, wholename, {includedotfiles=true}], [match, .DS_Store, wholename, {includedotfiles=true}], [match, .AppleDouble, wholename, {includedotfiles=true}], [match, .LSOverride, wholename, {includedotfiles=true}], [match, .Spotlight-V100, wholename, {includedotfiles=true}], [match, .Trashes, wholename, {includedotfiles=true}], [match, $RECYCLE.BIN, wholename, {includedotfiles=true}], [match, .*.sublime-workspace, wholename, {includedotfiles=true}]]], empty_on_fresh_instance=true, fields=[name, exists, new], relative_root=StashUI/UI}]
[2018-05-02 19:09:27.108][debug][command:null][tid:56][com.facebook.buck.util.ListeningProcessExecutor] Successfully launched process com.zaxxer.nuprocess.osx.OsxProcess@5d66941f
[2018-05-02 19:09:27.109][debug][command:null][tid:56][com.facebook.buck.util.ListeningProcessExecutor] Waiting for process com.facebook.buck.util.ListeningProcessExecutor$LaunchedProcessImpl@59591b6b timeout 1000 MILLISECONDS
[2018-05-02 19:09:27.112][debug][command:null][tid:58][com.facebook.buck.io.WatchmanTransportClient] Query [query, /Users/scottjones/BuckExample, {since=c:1525269255:464:2:885, expression=[not, [anyof, [type, d], [dirname, .idea], [dirname, .buckd], [dirname, buck-out/cache], [dirname, buck-out/.trash], [dirname, buck-out], [match, **/*.pbxproj, wholename, {includedotfiles=true}], [match, **/*.xcscheme, wholename, {includedotfiles=true}], [match, **/*.xcworkspacedata, wholename, {includedotfiles=true}], [match, **/*~, wholename, {includedotfiles=true}], [match, **/#*#, wholename, {includedotfiles=true}], [match, **/.#*, wholename, {includedotfiles=true}], [match, **/*.swo, wholename, {includedotfiles=true}], [match, **/*.swp, wholename, {includedotfiles=true}], [match, **/*.swpx, wholename, {includedotfiles=true}], [match, **/*.un~, wholename, {includedotfiles=true}], [match, **/.netrhwist, wholename, {includedotfiles=true}], [match, .idea, wholename, {includedotfiles=true}], [match, .iml, wholename, {includedotfiles=true}], [match, **/*.pydevproject, wholename, {includedotfiles=true}], [match, .project, wholename, {includedotfiles=true}], [match, .metadata, wholename, {includedotfiles=true}], [match, **/*.tmp, wholename, {includedotfiles=true}], [match, **/*.bak, wholename, {includedotfiles=true}], [match, **/*~.nib, wholename, {includedotfiles=true}], [match, .classpath, wholename, {includedotfiles=true}], [match, .settings, wholename, {includedotfiles=true}], [match, .loadpath, wholename, {includedotfiles=true}], [match, .externalToolBuilders, wholename, {includedotfiles=true}], [match, .cproject, wholename, {includedotfiles=true}], [match, .buildpath, wholename, {includedotfiles=true}], [match, .DS_Store, wholename, {includedotfiles=true}], [match, .AppleDouble, wholename, {includedotfiles=true}], [match, .LSOverride, wholename, {includedotfiles=true}], [match, .Spotlight-V100, wholename, {includedotfiles=true}], [match, .Trashes, wholename, {includedotfiles=true}], [match, $RECYCLE.BIN, wholename, {includedotfiles=true}], [match, .*.sublime-workspace, wholename, {includedotfiles=true}]]], empty_on_fresh_instance=true, fields=[name, exists, new], relative_root=StashUI/UI}] returned in 20 ms
[2018-05-02 19:09:27.116][debug][command:null][tid:58][com.facebook.buck.io.WatchmanWatcher] Updating Watchman Cursor from c:1525269255:464:2:885 to c:1525269255:464:2:905
[2018-05-02 19:09:27.117][debug][command:null][tid:58][com.facebook.buck.io.WatchmanWatcher] Posted 0 Watchman events.
[2018-05-02 19:09:27.117][debug][command:null][tid:58][com.facebook.buck.io.WatchmanTransportClient] Closing Watchman transport.
[2018-05-02 19:09:27.120][info ][command:null][tid:57][com.facebook.buck.event.listener.LoggingBuildListener] Build started at 2018-05-02 19:09:27.120
[2018-05-02 19:09:27.121][info ][command:null][tid:57][com.facebook.buck.event.listener.LoggingBuildListener] Build finished at 2018-05-02 19:09:27.120
[2018-05-02 19:09:27.122][debug][command:22f83b76-6b50-46d1-8362-ff0ec33dc143][tid:52][com.facebook.buck.util.perf.ProcessTracker] shutDown
[2018-05-02 19:09:27.122][debug][command:22f83b76-6b50-46d1-8362-ff0ec33dc143][tid:41][com.facebook.buck.event.listener.SuperConsoleEventBusListener] Stopping render scheduler
[2018-05-02 19:09:27.122][info ][command:22f83b76-6b50-46d1-8362-ff0ec33dc143][tid:41][com.facebook.buck.cli.Main] Awaiting termination of PROJECT executor service. Waiting for all jobs to complete, or up to maximum of 60 seconds...
[2018-05-02 19:09:27.122][info ][command:22f83b76-6b50-46d1-8362-ff0ec33dc143][tid:41][com.facebook.buck.cli.Main] Successfully terminated PROJECT executor service.
[2018-05-02 19:09:27.122][info ][command:22f83b76-6b50-46d1-8362-ff0ec33dc143][tid:41][com.facebook.buck.cli.Main] Awaiting termination of NETWORK executor service. Waiting for all jobs to complete, or up to maximum of 60 seconds...
[2018-05-02 19:09:27.122][info ][command:22f83b76-6b50-46d1-8362-ff0ec33dc143][tid:41][com.facebook.buck.cli.Main] Successfully terminated NETWORK executor service.
[2018-05-02 19:09:27.122][info ][command:22f83b76-6b50-46d1-8362-ff0ec33dc143][tid:41][com.facebook.buck.cli.Main] Awaiting termination of CPU executor service. Waiting for all jobs to complete, or up to maximum of 60 seconds...
[2018-05-02 19:09:27.123][debug][command:22f83b76-6b50-46d1-8362-ff0ec33dc143][tid:52][com.google.common.util.concurrent.ServiceManager] Service ProcessTracker [TERMINATED] has terminated. Previous state was: STOPPING
[2018-05-02 19:09:27.124][debug][command:null][tid:51][com.google.common.util.concurrent.ServiceManager] Service PerfStatsTracking [TERMINATED] has terminated. Previous state was: STOPPING
[2018-05-02 19:09:27.126][info ][command:22f83b76-6b50-46d1-8362-ff0ec33dc143][tid:41][com.facebook.buck.cli.Main] Successfully terminated CPU executor service.
[2018-05-02 19:09:27.126][info ][command:22f83b76-6b50-46d1-8362-ff0ec33dc143][tid:41][com.facebook.buck.cli.Main] Awaiting termination of ScheduledExecutorService executor service. Waiting for all jobs to complete, or up to maximum of 60 seconds...
[2018-05-02 19:09:27.126][info ][command:22f83b76-6b50-46d1-8362-ff0ec33dc143][tid:41][com.facebook.buck.cli.Main] Successfully terminated ScheduledExecutorService executor service.
[2018-05-02 19:09:27.126][info ][command:22f83b76-6b50-46d1-8362-ff0ec33dc143][tid:41][com.facebook.buck.cli.Main] Awaiting termination of CounterAggregatorExecutor executor service. Waiting for all jobs to complete, or up to maximum of 20 seconds...
[2018-05-02 19:09:27.126][info ][command:22f83b76-6b50-46d1-8362-ff0ec33dc143][tid:41][com.facebook.buck.cli.Main] Successfully terminated CounterAggregatorExecutor executor service.
[2018-05-02 19:09:27.127][info ][command:22f83b76-6b50-46d1-8362-ff0ec33dc143][tid:41][com.facebook.buck.cli.Main] Awaiting termination of HTTP Read executor service. Waiting for all jobs to complete, or up to maximum of 1800 seconds...
[2018-05-02 19:09:27.127][info ][command:22f83b76-6b50-46d1-8362-ff0ec33dc143][tid:41][com.facebook.buck.cli.Main] Successfully terminated HTTP Read executor service.
[2018-05-02 19:09:27.127][info ][command:22f83b76-6b50-46d1-8362-ff0ec33dc143][tid:41][com.facebook.buck.cli.Main] Awaiting termination of Download Heavy Build HTTP Read executor service. Waiting for all jobs to complete, or up to maximum of 1800 seconds...
[2018-05-02 19:09:27.127][info ][command:22f83b76-6b50-46d1-8362-ff0ec33dc143][tid:41][com.facebook.buck.cli.Main] Successfully terminated Download Heavy Build HTTP Read executor service.
[2018-05-02 19:09:27.127][info ][command:22f83b76-6b50-46d1-8362-ff0ec33dc143][tid:41][com.facebook.buck.cli.Main] Awaiting termination of HTTP Write executor service. Waiting for all jobs to complete, or up to maximum of 1800 seconds...
[2018-05-02 19:09:27.127][info ][command:22f83b76-6b50-46d1-8362-ff0ec33dc143][tid:41][com.facebook.buck.cli.Main] Successfully terminated HTTP Write executor service.
[2018-05-02 19:09:27.127][info ][command:22f83b76-6b50-46d1-8362-ff0ec33dc143][tid:41][com.facebook.buck.cli.Main] Awaiting termination of Disk IO executor service. Waiting for all jobs to complete, or up to maximum of 10 seconds...
[2018-05-02 19:09:27.175][debug][command:null][tid:56][com.facebook.buck.util.ListeningProcessExecutor] Wait for process returned 0
[2018-05-02 19:09:27.175][debug][command:null][tid:56][com.facebook.buck.util.ListeningProcessExecutor] Destroying process com.facebook.buck.util.ListeningProcessExecutor$LaunchedProcessImpl@59591b6b (force true)
[2018-05-02 19:09:27.175][debug][command:null][tid:56][com.facebook.buck.util.environment.MacNetworkConfiguration] Determine active state of media for device
[2018-05-02 19:09:27.182][debug][command:null][tid:56][com.facebook.buck.util.ListeningProcessExecutor] Launching process with params ProcessExecutorParams{command=[networksetup, -getMedia, lpss-serial1]}
[2018-05-02 19:09:27.183][debug][command:null][tid:56][com.facebook.buck.util.ListeningProcessExecutor] Successfully launched process com.zaxxer.nuprocess.osx.OsxProcess@1c5b9e24
[2018-05-02 19:09:27.184][debug][command:null][tid:56][com.facebook.buck.util.ListeningProcessExecutor] Waiting for process com.facebook.buck.util.ListeningProcessExecutor$LaunchedProcessImpl@44a2141c timeout 1000 MILLISECONDS
[2018-05-02 19:09:27.213][debug][command:null][tid:56][com.facebook.buck.util.ListeningProcessExecutor] Wait for process returned 4
[2018-05-02 19:09:27.213][debug][command:null][tid:56][com.facebook.buck.util.ListeningProcessExecutor] Destroying process com.facebook.buck.util.ListeningProcessExecutor$LaunchedProcessImpl@44a2141c (force true)
[2018-05-02 19:09:27.213][debug][command:null][tid:56][com.facebook.buck.util.environment.MacNetworkConfiguration] Determine active state of media for device
[2018-05-02 19:09:27.214][debug][command:null][tid:56][com.facebook.buck.util.ListeningProcessExecutor] Launching process with params ProcessExecutorParams{command=[networksetup, -getMedia, lpss-serial2]}
[2018-05-02 19:09:27.219][debug][command:null][tid:56][com.facebook.buck.util.ListeningProcessExecutor] Successfully launched process com.zaxxer.nuprocess.osx.OsxProcess@2d0da6fb
[2018-05-02 19:09:27.219][debug][command:null][tid:56][com.facebook.buck.util.ListeningProcessExecutor] Waiting for process com.facebook.buck.util.ListeningProcessExecutor$LaunchedProcessImpl@3c1e7272 timeout 1000 MILLISECONDS
[2018-05-02 19:09:27.253][debug][command:null][tid:56][com.facebook.buck.util.ListeningProcessExecutor] Wait for process returned 4
[2018-05-02 19:09:27.253][debug][command:null][tid:56][com.facebook.buck.util.ListeningProcessExecutor] Destroying process com.facebook.buck.util.ListeningProcessExecutor$LaunchedProcessImpl@3c1e7272 (force true)
[2018-05-02 19:09:27.253][debug][command:null][tid:56][com.facebook.buck.util.environment.MacNetworkConfiguration] Determine active state of media for device
[2018-05-02 19:09:27.253][debug][command:null][tid:56][com.facebook.buck.util.ListeningProcessExecutor] Launching process with params ProcessExecutorParams{command=[networksetup, -getMedia, en26]}
[2018-05-02 19:09:27.255][debug][command:null][tid:56][com.facebook.buck.util.ListeningProcessExecutor] Successfully launched process com.zaxxer.nuprocess.osx.OsxProcess@7c74616b
[2018-05-02 19:09:27.255][debug][command:null][tid:56][com.facebook.buck.util.ListeningProcessExecutor] Waiting for process com.facebook.buck.util.ListeningProcessExecutor$LaunchedProcessImpl@28a2880d timeout 1000 MILLISECONDS
[2018-05-02 19:09:27.284][debug][command:null][tid:56][com.facebook.buck.util.ListeningProcessExecutor] Wait for process returned 4
[2018-05-02 19:09:27.284][debug][command:null][tid:56][com.facebook.buck.util.ListeningProcessExecutor] Destroying process com.facebook.buck.util.ListeningProcessExecutor$LaunchedProcessImpl@28a2880d (force true)
[2018-05-02 19:09:27.284][debug][command:null][tid:56][com.facebook.buck.util.environment.MacNetworkConfiguration] Determine active state of media for device
[2018-05-02 19:09:27.284][debug][command:null][tid:56][com.facebook.buck.util.ListeningProcessExecutor] Launching process with params ProcessExecutorParams{command=[networksetup, -getMedia, en25]}
[2018-05-02 19:09:27.287][debug][command:null][tid:56][com.facebook.buck.util.ListeningProcessExecutor] Successfully launched process com.zaxxer.nuprocess.osx.OsxProcess@6858c99c
[2018-05-02 19:09:27.287][debug][command:null][tid:56][com.facebook.buck.util.ListeningProcessExecutor] Waiting for process com.facebook.buck.util.ListeningProcessExecutor$LaunchedProcessImpl@271abb07 timeout 1000 MILLISECONDS
[2018-05-02 19:09:27.316][debug][command:null][tid:56][com.facebook.buck.util.ListeningProcessExecutor] Wait for process returned 4
[2018-05-02 19:09:27.316][debug][command:null][tid:56][com.facebook.buck.util.ListeningProcessExecutor] Destroying process com.facebook.buck.util.ListeningProcessExecutor$LaunchedProcessImpl@271abb07 (force true)
[2018-05-02 19:09:27.316][debug][command:null][tid:56][com.facebook.buck.util.environment.MacNetworkConfiguration] Determine active state of media for device
[2018-05-02 19:09:27.316][debug][command:null][tid:56][com.facebook.buck.util.ListeningProcessExecutor] Launching process with params ProcessExecutorParams{command=[networksetup, -getMedia, en24]}
[2018-05-02 19:09:27.317][debug][command:null][tid:56][com.facebook.buck.util.ListeningProcessExecutor] Successfully launched process com.zaxxer.nuprocess.osx.OsxProcess@783af9b6
[2018-05-02 19:09:27.318][debug][command:null][tid:56][com.facebook.buck.util.ListeningProcessExecutor] Waiting for process com.facebook.buck.util.ListeningProcessExecutor$LaunchedProcessImpl@44e4f45c timeout 1000 MILLISECONDS
[2018-05-02 19:09:27.346][debug][command:null][tid:56][com.facebook.buck.util.ListeningProcessExecutor] Wait for process returned 4
[2018-05-02 19:09:27.346][debug][command:null][tid:56][com.facebook.buck.util.ListeningProcessExecutor] Destroying process com.facebook.buck.util.ListeningProcessExecutor$LaunchedProcessImpl@44e4f45c (force true)
[2018-05-02 19:09:27.346][debug][command:null][tid:56][com.facebook.buck.util.environment.MacNetworkConfiguration] Determine active state of media for device
[2018-05-02 19:09:27.348][debug][command:null][tid:56][com.facebook.buck.util.ListeningProcessExecutor] Launching process with params ProcessExecutorParams{command=[networksetup, -getMedia, en23]}
[2018-05-02 19:09:27.349][debug][command:null][tid:56][com.facebook.buck.util.ListeningProcessExecutor] Successfully launched process com.zaxxer.nuprocess.osx.OsxProcess@6adec175
[2018-05-02 19:09:27.349][debug][command:null][tid:56][com.facebook.buck.util.ListeningProcessExecutor] Waiting for process com.facebook.buck.util.ListeningProcessExecutor$LaunchedProcessImpl@18ee8daa timeout 1000 MILLISECONDS
[2018-05-02 19:09:27.378][debug][command:null][tid:56][com.facebook.buck.util.ListeningProcessExecutor] Wait for process returned 4
[2018-05-02 19:09:27.378][debug][command:null][tid:56][com.facebook.buck.util.ListeningProcessExecutor] Destroying process com.facebook.buck.util.ListeningProcessExecutor$LaunchedProcessImpl@18ee8daa (force true)
[2018-05-02 19:09:27.378][debug][command:null][tid:56][com.facebook.buck.util.environment.MacNetworkConfiguration] Determine active state of media for device
[2018-05-02 19:09:27.379][debug][command:null][tid:56][com.facebook.buck.util.ListeningProcessExecutor] Launching process with params ProcessExecutorParams{command=[networksetup, -getMedia, en21]}
[2018-05-02 19:09:27.380][debug][command:null][tid:56][com.facebook.buck.util.ListeningProcessExecutor] Successfully launched process com.zaxxer.nuprocess.osx.OsxProcess@37b62048
[2018-05-02 19:09:27.380][debug][command:null][tid:56][com.facebook.buck.util.ListeningProcessExecutor] Waiting for process com.facebook.buck.util.ListeningProcessExecutor$LaunchedProcessImpl@549374f6 timeout 1000 MILLISECONDS
[2018-05-02 19:09:27.411][debug][command:null][tid:56][com.facebook.buck.util.ListeningProcessExecutor] Wait for process returned 4
[2018-05-02 19:09:27.411][debug][command:null][tid:56][com.facebook.buck.util.ListeningProcessExecutor] Destroying process com.facebook.buck.util.ListeningProcessExecutor$LaunchedProcessImpl@549374f6 (force true)
[2018-05-02 19:09:27.411][debug][command:null][tid:56][com.facebook.buck.util.environment.MacNetworkConfiguration] Determine active state of media for device
[2018-05-02 19:09:27.411][debug][command:null][tid:56][com.facebook.buck.util.ListeningProcessExecutor] Launching process with params ProcessExecutorParams{command=[networksetup, -getMedia, en20]}
[2018-05-02 19:09:27.412][debug][command:null][tid:56][com.facebook.buck.util.ListeningProcessExecutor] Successfully launched process com.zaxxer.nuprocess.osx.OsxProcess@48dac278
[2018-05-02 19:09:27.412][debug][command:null][tid:56][com.facebook.buck.util.ListeningProcessExecutor] Waiting for process com.facebook.buck.util.ListeningProcessExecutor$LaunchedProcessImpl@24b58514 timeout 1000 MILLISECONDS
[2018-05-02 19:09:27.442][debug][command:null][tid:56][com.facebook.buck.util.ListeningProcessExecutor] Wait for process returned 4
[2018-05-02 19:09:27.442][debug][command:null][tid:56][com.facebook.buck.util.ListeningProcessExecutor] Destroying process com.facebook.buck.util.ListeningProcessExecutor$LaunchedProcessImpl@24b58514 (force true)
[2018-05-02 19:09:27.442][debug][command:null][tid:56][com.facebook.buck.util.environment.MacNetworkConfiguration] Determine active state of media for device
[2018-05-02 19:09:27.442][debug][command:null][tid:56][com.facebook.buck.util.ListeningProcessExecutor] Launching process with params ProcessExecutorParams{command=[networksetup, -getMedia, en19]}
[2018-05-02 19:09:27.443][debug][command:null][tid:56][com.facebook.buck.util.ListeningProcessExecutor] Successfully launched process com.zaxxer.nuprocess.osx.OsxProcess@228755aa
[2018-05-02 19:09:27.443][debug][command:null][tid:56][com.facebook.buck.util.ListeningProcessExecutor] Waiting for process com.facebook.buck.util.ListeningProcessExecutor$LaunchedProcessImpl@6d7cb1c8 timeout 1000 MILLISECONDS
[2018-05-02 19:09:27.475][debug][command:null][tid:56][com.facebook.buck.util.ListeningProcessExecutor] Wait for process returned 4
[2018-05-02 19:09:27.475][debug][command:null][tid:56][com.facebook.buck.util.ListeningProcessExecutor] Destroying process com.facebook.buck.util.ListeningProcessExecutor$LaunchedProcessImpl@6d7cb1c8 (force true)
[2018-05-02 19:09:27.475][debug][command:null][tid:56][com.facebook.buck.util.environment.MacNetworkConfiguration] Determine active state of media for device
[2018-05-02 19:09:27.477][debug][command:null][tid:56][com.facebook.buck.util.ListeningProcessExecutor] Launching process with params ProcessExecutorParams{command=[networksetup, -getMedia, en18]}
[2018-05-02 19:09:27.479][debug][command:null][tid:56][com.facebook.buck.util.ListeningProcessExecutor] Successfully launched process com.zaxxer.nuprocess.osx.OsxProcess@73ab771d
[2018-05-02 19:09:27.479][debug][command:null][tid:56][com.facebook.buck.util.ListeningProcessExecutor] Waiting for process com.facebook.buck.util.ListeningProcessExecutor$LaunchedProcessImpl@7bbec159 timeout 1000 MILLISECONDS
[2018-05-02 19:09:27.509][debug][command:null][tid:56][com.facebook.buck.util.ListeningProcessExecutor] Wait for process returned 4
[2018-05-02 19:09:27.509][debug][command:null][tid:56][com.facebook.buck.util.ListeningProcessExecutor] Destroying process com.facebook.buck.util.ListeningProcessExecutor$LaunchedProcessImpl@7bbec159 (force true)
[2018-05-02 19:09:27.509][debug][command:null][tid:56][com.facebook.buck.util.environment.MacNetworkConfiguration] Determine active state of media for device
[2018-05-02 19:09:27.510][debug][command:null][tid:56][com.facebook.buck.util.ListeningProcessExecutor] Launching process with params ProcessExecutorParams{command=[networksetup, -getMedia, en17]}
[2018-05-02 19:09:27.511][debug][command:null][tid:56][com.facebook.buck.util.ListeningProcessExecutor] Successfully launched process com.zaxxer.nuprocess.osx.OsxProcess@630cf181
[2018-05-02 19:09:27.511][debug][command:null][tid:56][com.facebook.buck.util.ListeningProcessExecutor] Waiting for process com.facebook.buck.util.ListeningProcessExecutor$LaunchedProcessImpl@6b76fed9 timeout 1000 MILLISECONDS
[2018-05-02 19:09:27.668][debug][command:null][tid:56][com.facebook.buck.util.ListeningProcessExecutor] Wait for process returned 4
[2018-05-02 19:09:27.668][debug][command:null][tid:56][com.facebook.buck.util.ListeningProcessExecutor] Destroying process com.facebook.buck.util.ListeningProcessExecutor$LaunchedProcessImpl@6b76fed9 (force true)
[2018-05-02 19:09:27.668][debug][command:null][tid:56][com.facebook.buck.util.environment.MacNetworkConfiguration] Determine active state of media for device
[2018-05-02 19:09:27.668][debug][command:null][tid:56][com.facebook.buck.util.ListeningProcessExecutor] Launching process with params ProcessExecutorParams{command=[networksetup, -getMedia, en16]}
[2018-05-02 19:09:27.670][debug][command:null][tid:56][com.facebook.buck.util.ListeningProcessExecutor] Successfully launched process com.zaxxer.nuprocess.osx.OsxProcess@434d6f35
[2018-05-02 19:09:27.670][debug][command:null][tid:56][com.facebook.buck.util.ListeningProcessExecutor] Waiting for process com.facebook.buck.util.ListeningProcessExecutor$LaunchedProcessImpl@4ef4ca0c timeout 1000 MILLISECONDS
[2018-05-02 19:09:27.705][debug][command:null][tid:56][com.facebook.buck.util.ListeningProcessExecutor] Wait for process returned 4
[2018-05-02 19:09:27.706][debug][command:null][tid:56][com.facebook.buck.util.ListeningProcessExecutor] Destroying process com.facebook.buck.util.ListeningProcessExecutor$LaunchedProcessImpl@4ef4ca0c (force true)
[2018-05-02 19:09:27.706][debug][command:null][tid:56][com.facebook.buck.util.environment.MacNetworkConfiguration] Determine active state of media for device
[2018-05-02 19:09:27.709][debug][command:null][tid:56][com.facebook.buck.util.ListeningProcessExecutor] Launching process with params ProcessExecutorParams{command=[networksetup, -getMedia, en15]}
[2018-05-02 19:09:27.711][debug][command:null][tid:56][com.facebook.buck.util.ListeningProcessExecutor] Successfully launched process com.zaxxer.nuprocess.osx.OsxProcess@4a70aaaa
[2018-05-02 19:09:27.711][debug][command:null][tid:56][com.facebook.buck.util.ListeningProcessExecutor] Waiting for process com.facebook.buck.util.ListeningProcessExecutor$LaunchedProcessImpl@16ac050b timeout 1000 MILLISECONDS
[2018-05-02 19:09:27.750][debug][command:null][tid:56][com.facebook.buck.util.ListeningProcessExecutor] Wait for process returned 4
[2018-05-02 19:09:27.750][debug][command:null][tid:56][com.facebook.buck.util.ListeningProcessExecutor] Destroying process com.facebook.buck.util.ListeningProcessExecutor$LaunchedProcessImpl@16ac050b (force true)
[2018-05-02 19:09:27.750][debug][command:null][tid:56][com.facebook.buck.util.environment.MacNetworkConfiguration] Determine active state of media for device
[2018-05-02 19:09:27.750][debug][command:null][tid:56][com.facebook.buck.util.ListeningProcessExecutor] Launching process with params ProcessExecutorParams{command=[networksetup, -getMedia, en14]}
[2018-05-02 19:09:27.751][debug][command:null][tid:56][com.facebook.buck.util.ListeningProcessExecutor] Successfully launched process com.zaxxer.nuprocess.osx.OsxProcess@3e30e42c
[2018-05-02 19:09:27.751][debug][command:null][tid:56][com.facebook.buck.util.ListeningProcessExecutor] Waiting for process com.facebook.buck.util.ListeningProcessExecutor$LaunchedProcessImpl@56fced4c timeout 1000 MILLISECONDS
[2018-05-02 19:09:27.780][debug][command:null][tid:56][com.facebook.buck.util.ListeningProcessExecutor] Wait for process returned 4
[2018-05-02 19:09:27.780][debug][command:null][tid:56][com.facebook.buck.util.ListeningProcessExecutor] Destroying process com.facebook.buck.util.ListeningProcessExecutor$LaunchedProcessImpl@56fced4c (force true)
[2018-05-02 19:09:27.780][debug][command:null][tid:56][com.facebook.buck.util.environment.MacNetworkConfiguration] Determine active state of media for device
[2018-05-02 19:09:27.781][debug][command:null][tid:56][com.facebook.buck.util.ListeningProcessExecutor] Launching process with params ProcessExecutorParams{command=[networksetup, -getMedia, en12]}
[2018-05-02 19:09:27.782][debug][command:null][tid:56][com.facebook.buck.util.ListeningProcessExecutor] Successfully launched process com.zaxxer.nuprocess.osx.OsxProcess@199638c3
[2018-05-02 19:09:27.782][debug][command:null][tid:56][com.facebook.buck.util.ListeningProcessExecutor] Waiting for process com.facebook.buck.util.ListeningProcessExecutor$LaunchedProcessImpl@6fe4e2a7 timeout 1000 MILLISECONDS
[2018-05-02 19:09:27.818][debug][command:null][tid:56][com.facebook.buck.util.ListeningProcessExecutor] Wait for process returned 4
[2018-05-02 19:09:27.818][debug][command:null][tid:56][com.facebook.buck.util.ListeningProcessExecutor] Destroying process com.facebook.buck.util.ListeningProcessExecutor$LaunchedProcessImpl@6fe4e2a7 (force true)
[2018-05-02 19:09:27.819][debug][command:null][tid:56][com.facebook.buck.util.environment.MacNetworkConfiguration] Determine active state of media for device
[2018-05-02 19:09:27.819][debug][command:null][tid:56][com.facebook.buck.util.ListeningProcessExecutor] Launching process with params ProcessExecutorParams{command=[networksetup, -getMedia, en10]}
[2018-05-02 19:09:27.821][debug][command:null][tid:56][com.facebook.buck.util.ListeningProcessExecutor] Successfully launched process com.zaxxer.nuprocess.osx.OsxProcess@564c6af3
[2018-05-02 19:09:27.821][debug][command:null][tid:56][com.facebook.buck.util.ListeningProcessExecutor] Waiting for process com.facebook.buck.util.ListeningProcessExecutor$LaunchedProcessImpl@676b7bfb timeout 1000 MILLISECONDS
[2018-05-02 19:09:27.853][debug][command:null][tid:56][com.facebook.buck.util.ListeningProcessExecutor] Wait for process returned 4
[2018-05-02 19:09:27.853][debug][command:null][tid:56][com.facebook.buck.util.ListeningProcessExecutor] Destroying process com.facebook.buck.util.ListeningProcessExecutor$LaunchedProcessImpl@676b7bfb (force true)
[2018-05-02 19:09:27.853][debug][command:null][tid:56][com.facebook.buck.util.environment.MacNetworkConfiguration] Determine active state of media for device
[2018-05-02 19:09:27.854][debug][command:null][tid:56][com.facebook.buck.util.ListeningProcessExecutor] Launching process with params ProcessExecutorParams{command=[networksetup, -getMedia, en8]}
[2018-05-02 19:09:27.856][debug][command:null][tid:56][com.facebook.buck.util.ListeningProcessExecutor] Successfully launched process com.zaxxer.nuprocess.osx.OsxProcess@4f9317f5
[2018-05-02 19:09:27.856][debug][command:null][tid:56][com.facebook.buck.util.ListeningProcessExecutor] Waiting for process com.facebook.buck.util.ListeningProcessExecutor$LaunchedProcessImpl@7aa357a timeout 1000 MILLISECONDS
[2018-05-02 19:09:27.885][debug][command:null][tid:56][com.facebook.buck.util.ListeningProcessExecutor] Wait for process returned 4
[2018-05-02 19:09:27.885][debug][command:null][tid:56][com.facebook.buck.util.ListeningProcessExecutor] Destroying process com.facebook.buck.util.ListeningProcessExecutor$LaunchedProcessImpl@7aa357a (force true)
[2018-05-02 19:09:27.885][debug][command:null][tid:56][com.facebook.buck.util.environment.MacNetworkConfiguration] Determine active state of media for device
[2018-05-02 19:09:27.885][debug][command:null][tid:56][com.facebook.buck.util.ListeningProcessExecutor] Launching process with params ProcessExecutorParams{command=[networksetup, -getMedia, en0]}
[2018-05-02 19:09:27.886][debug][command:null][tid:56][com.facebook.buck.util.ListeningProcessExecutor] Successfully launched process com.zaxxer.nuprocess.osx.OsxProcess@3284cc8e
[2018-05-02 19:09:27.887][debug][command:null][tid:56][com.facebook.buck.util.ListeningProcessExecutor] Waiting for process com.facebook.buck.util.ListeningProcessExecutor$LaunchedProcessImpl@e8ccd86 timeout 1000 MILLISECONDS
[2018-05-02 19:09:27.915][debug][command:null][tid:56][com.facebook.buck.util.ListeningProcessExecutor] Wait for process returned 0
[2018-05-02 19:09:27.915][debug][command:null][tid:56][com.facebook.buck.util.ListeningProcessExecutor] Destroying process com.facebook.buck.util.ListeningProcessExecutor$LaunchedProcessImpl@e8ccd86 (force true)
[2018-05-02 19:09:27.915][debug][command:null][tid:56][com.facebook.buck.util.environment.MacNetworkConfiguration] Determine WiFi SSID of device
[2018-05-02 19:09:27.915][debug][command:null][tid:56][com.facebook.buck.util.ListeningProcessExecutor] Launching process with params ProcessExecutorParams{command=[networksetup, -getairportnetwork, en0]}
[2018-05-02 19:09:27.916][debug][command:null][tid:56][com.facebook.buck.util.ListeningProcessExecutor] Successfully launched process com.zaxxer.nuprocess.osx.OsxProcess@59775f1d
[2018-05-02 19:09:27.916][debug][command:null][tid:56][com.facebook.buck.util.ListeningProcessExecutor] Waiting for process com.facebook.buck.util.ListeningProcessExecutor$LaunchedProcessImpl@fa0a0ac timeout 1000 MILLISECONDS
[2018-05-02 19:09:27.947][debug][command:null][tid:56][com.facebook.buck.util.ListeningProcessExecutor] Wait for process returned 0
[2018-05-02 19:09:27.947][debug][command:null][tid:56][com.facebook.buck.util.ListeningProcessExecutor] Destroying process com.facebook.buck.util.ListeningProcessExecutor$LaunchedProcessImpl@fa0a0ac (force true)
[2018-05-02 19:09:27.947][info ][command:null][tid:56][com.facebook.buck.util.versioncontrol.VersionControlStatsGenerator] Starting generation of version control stats.
[2018-05-02 19:09:27.947][warn ][command:null][tid:56][com.facebook.buck.util.versioncontrol.VersionControlStatsGenerator] Skipping generation of version control stats as unsupported repository type.
[2018-05-02 19:09:27.947][info ][command:22f83b76-6b50-46d1-8362-ff0ec33dc143][tid:41][com.facebook.buck.cli.Main] Successfully terminated Disk IO executor service.
[2018-05-02 19:09:27.949][debug][command:null][tid:41][com.facebook.buck.event.listener.SuperConsoleEventBusListener] Stopping render scheduler
[2018-05-02 19:09:27.949][debug][command:null][tid:41][com.facebook.buck.event.listener.ChromeTraceBuildListener] Writing Chrome trace to buck-out/log/2018-05-02_23h09m27s_buildcommand_22f83b76-6b50-46d1-8362-ff0ec33dc143/build.2018-05-02.19-09-27.22f83b76-6b50-46d1-8362-ff0ec33dc143.trace
[2018-05-02 19:09:27.959][warn ][command:null][tid:41][com.facebook.buck.util.Console] Build failure: //Pod:SnapKit references non-existent directory Pod
[2018-05-02 19:09:27.960][debug][command:null][tid:41][com.facebook.buck.cli.Main] Done.
[2018-05-02 19:09:27.960][info ][command:null][tid:41][com.martiansoftware.nailgun.NGSession] Server cleanly exited with status 1
[2018-05-02 19:09:27.961][debug][command:null][tid:41][com.martiansoftware.nailgun.NGCommunicator] Shutting down read ExecutorService
[2018-05-02 19:09:27.978][debug][command:null][tid:41][com.martiansoftware.nailgun.NGCommunicator] Shutting down orchestrator ExecutorService
[2018-05-02 19:09:27.978][debug][command:null][tid:45][com.martiansoftware.nailgun.NGCommunicator] Socket is disconnected
[2018-05-02 19:09:27.979][debug][command:null][tid:45][com.martiansoftware.nailgun.NGCommunicator] Nailgun client disconnected
[2018-05-02 19:09:27.979][debug][command:null][tid:45][com.martiansoftware.nailgun.NGCommunicator] Orchestrator thread finished
[2018-05-02 19:09:27.979][debug][command:null][tid:41][com.martiansoftware.nailgun.NGSession] Closing client socket
[2018-05-02 19:09:27.980][debug][command:null][tid:41][com.martiansoftware.nailgun.NGSession] Waiting for next client to connect
[2018-05-02 19:09:27.980][info ][command:null][tid:41][com.martiansoftware.nailgun.NGSession] NGSession shutting down
[2018-05-02 19:09:32.559][debug][command:null][tid:44][com.martiansoftware.nailgun.NGSession] Client connected
[2018-05-02 19:09:32.560][debug][command:null][tid:62][com.martiansoftware.nailgun.NGSession] Waiting for first client to connect
[2018-05-02 19:09:32.564][debug][command:null][tid:63][com.martiansoftware.nailgun.NGCommunicator] Orchestrator thread started
[2018-05-02 19:09:32.565][debug][command:null][tid:44][com.martiansoftware.nailgun.NGCommunicator] Shutting down read ExecutorService
[2018-05-02 19:09:32.565][debug][command:null][tid:63][com.martiansoftware.nailgun.NGCommunicator] Nailgun client disconnected
[2018-05-02 19:09:32.565][debug][command:null][tid:63][com.martiansoftware.nailgun.NGCommunicator] Orchestrator thread finished
[2018-05-02 19:09:32.565][debug][command:null][tid:44][com.martiansoftware.nailgun.NGCommunicator] Shutting down orchestrator ExecutorService
[2018-05-02 19:09:32.566][debug][command:null][tid:44][com.martiansoftware.nailgun.NGSession] Closing client socket
[2018-05-02 19:09:32.566][debug][command:null][tid:44][com.martiansoftware.nailgun.NGSession] Waiting for next client to connect
[2018-05-02 19:09:32.566][info ][command:null][tid:44][com.martiansoftware.nailgun.NGSession] NGSession shutting down
[2018-05-02 19:09:32.572][debug][command:null][tid:62][com.martiansoftware.nailgun.NGSession] Client connected
[2018-05-02 19:09:32.572][debug][command:null][tid:65][com.martiansoftware.nailgun.NGSession] Waiting for first client to connect
[2018-05-02 19:09:32.576][debug][command:null][tid:66][com.martiansoftware.nailgun.NGCommunicator] Orchestrator thread started
[2018-05-02 19:09:32.577][debug][command:null][tid:62][com.facebook.buck.util.config.Configs] Loading configuration for /Users/scottjones/BuckExample/StashUI/UI
[2018-05-02 19:09:32.577][debug][command:null][tid:62][com.facebook.buck.util.config.Configs] Loaded project configuration file /Users/scottjones/BuckExample/StashUI/UI/.buckconfig
[2018-05-02 19:09:32.578][debug][command:null][tid:62][com.facebook.buck.util.config.Configs] Adding configuration overrides RawConfig{values={}}
[2018-05-02 19:09:32.581][debug][command:null][tid:62][com.facebook.buck.cli.Main] Rotating log.
