[2018-05-02 19:09:32.584][debug][command:null][tid:62][com.facebook.buck.cli.Main] Starting up (build date 2018-03-26 17:19:01 -0400, rev v2018.03.26.01), args: [build, //UI/Pod:SnapKit]
[2018-05-02 19:09:32.587][debug][command:null][tid:62][com.facebook.buck.cli.Main] System properties: {java.vendor=Oracle Corporation, sun.java.launcher=SUN_STANDARD, sun.management.compiler=HotSpot 64-Bit Tiered Compilers, jnidispatch.path=/Users/scottjones/BuckExample/StashUI/UI/.buckd/tmp/buck_run.rl8slT/jna--496628040/jna8380054251408692703.tmp, os.name=Mac OS X, buck.enable_objc=true, sun.boot.class.path=/Library/Java/JavaVirtualMachines/jdk1.8.0_162.jdk/Contents/Home/jre/lib/resources.jar:/Library/Java/JavaVirtualMachines/jdk1.8.0_162.jdk/Contents/Home/jre/lib/rt.jar:/Library/Java/JavaVirtualMachines/jdk1.8.0_162.jdk/Contents/Home/jre/lib/sunrsasign.jar:/Library/Java/JavaVirtualMachines/jdk1.8.0_162.jdk/Contents/Home/jre/lib/jsse.jar:/Library/Java/JavaVirtualMachines/jdk1.8.0_162.jdk/Contents/Home/jre/lib/jce.jar:/Library/Java/JavaVirtualMachines/jdk1.8.0_162.jdk/Contents/Home/jre/lib/charsets.jar:/Library/Java/JavaVirtualMachines/jdk1.8.0_162.jdk/Contents/Home/jre/lib/jfr.jar:/Library/Java/JavaVirtualMachines/jdk1.8.0_162.jdk/Contents/Home/jre/classes, pf4j.pluginsDir=/Users/scottjones/BuckExample/StashUI/UI/.buckd/resources/v2018.03.26.01/buck-modules, buck.resource_lock_path=/Users/scottjones/BuckExample/StashUI/UI/.buckd/resources/v2018.03.26.01/.buck_lock, java.vm.specification.vendor=Oracle Corporation, java.runtime.version=1.8.0_162-b12, jna.loaded=true, buck.testrunner_classes=/Users/scottjones/BuckExample/StashUI/UI/.buckd/resources/v2018.03.26.01/testrunner_classes, buck.logging_config_file=/Users/scottjones/BuckExample/StashUI/UI/.buckd/resources/v2018.03.26.01/logging_config_file, buck.path_to_sh_binary_template=/Users/scottjones/BuckExample/StashUI/UI/.buckd/resources/v2018.03.26.01/path_to_sh_binary_template, user.name=scottjones, buck.path_to_pywatchman=/Users/scottjones/BuckExample/StashUI/UI/.buckd/resources/v2018.03.26.01/path_to_pywatchman, buck.report_generator_jar=/Users/scottjones/BuckExample/StashUI/UI/.buckd/resources/v2018.03.26.01/report_generator_jar, buck.git_commit=v2018.03.26.01, user.language=en, sun.boot.library.path=/Library/Java/JavaVirtualMachines/jdk1.8.0_162.jdk/Contents/Home/jre/lib, jna.nosys=true, java.version=1.8.0_162, user.timezone=America/New_York, buck.test_util_no_tests_dir=true, sun.arch.data.model=64, http.nonProxyHosts=local|*.local|169.254/16|*.169.254/16, java.endorsed.dirs=/Library/Java/JavaVirtualMachines/jdk1.8.0_162.jdk/Contents/Home/jre/lib/endorsed, sun.cpu.isalist=, sun.jnu.encoding=UTF-8, file.encoding.pkg=sun.io, file.separator=/, java.specification.name=Java Platform API Specification, buck.jacoco_agent_jar=/Users/scottjones/BuckExample/StashUI/UI/.buckd/resources/v2018.03.26.01/jacoco_agent_jar, java.class.version=52.0, user.country=US, buck.binary_hash=18882a498323745e828e70f1ac69fa39, java.home=/Library/Java/JavaVirtualMachines/jdk1.8.0_162.jdk/Contents/Home/jre, buck.fix_script=/Users/scottjones/BuckExample/StashUI/UI/.buckd/resources/v2018.03.26.01/fix_script, java.vm.info=mixed mode, os.version=10.13.4, buck.external_executor_jar=/Users/scottjones/BuckExample/StashUI/UI/.buckd/resources/v2018.03.26.01/external_executor_jar, buck.version_uid=v2018.03.26.01, org.eclipse.jetty.util.log.class=org.eclipse.jetty.util.log.JavaUtilLog, path.separator=:, java.vm.version=25.162-b12, java.awt.printerjob=sun.lwawt.macosx.CPrinterJob, sun.io.unicode.encoding=UnicodeBig, awt.toolkit=sun.lwawt.macosx.LWCToolkit, socksNonProxyHosts=local|*.local|169.254/16|*.169.254/16, buck.buck_build_type_info=/Users/scottjones/BuckExample/StashUI/UI/.buckd/resources/v2018.03.26.01/buck_build_type_info, ftp.nonProxyHosts=local|*.local|169.254/16|*.169.254/16, buck.dx=/Users/scottjones/BuckExample/StashUI/UI/.buckd/resources/v2018.03.26.01/dx, buck.git_commit_timestamp=1522099141, user.home=/Users/scottjones, java.specification.vendor=Oracle Corporation, buck.git_dirty=0, java.library.path=/Users/scottjones/BuckExample/StashUI/UI/.buckd/resources/v2018.03.26.01, java.vendor.url=http://java.oracle.com/, java.vm.vendor=Oracle Corporation, gopherProxySet=false, java.runtime.name=Java(TM) SE Runtime Environment, sun.java.command=com.facebook.buck.cli.bootstrapper.ClassLoaderBootstrapper com.facebook.buck.cli.Main$DaemonBootstrap local:.buckd/sock 120000, java.class.path=/Users/scottjones/BuckExample/StashUI/UI/.buckd/resources/v2018.03.26.01/bootstrapper_jar, buck.buckd_dir=/Users/scottjones/BuckExample/StashUI/UI/.buckd, buck.path_to_pathlib_py=/Users/scottjones/BuckExample/StashUI/UI/.buckd/resources/v2018.03.26.01/pathlib.py, buck.buckd_launch_time_nanos=23432505348890, java.vm.specification.name=Java Virtual Machine Specification, com.martiansoftware.nailgun.NGServer.outputPath=/Users/scottjones/BuckExample/StashUI/UI/.buckd/tmp/buck_run.rl8slT/ngserver-out, java.vm.specification.version=1.8, sun.cpu.endian=little, sun.os.patch.level=unknown, java.awt.headless=true, java.io.tmpdir=/Users/scottjones/BuckExample/StashUI/UI/.buckd/tmp/buck_run.rl8slT, buck.android_agent_path=/Users/scottjones/BuckExample/StashUI/UI/.buckd/resources/v2018.03.26.01/android_agent_path, java.vendor.url.bug=http://bugreport.sun.com/bugreport/, buck.path_to_python_dsl=, jna.platform.library.path=/usr/lib:/usr/lib, os.arch=x86_64, java.awt.graphicsenv=sun.awt.CGraphicsEnvironment, buck.path_to_pex=/Users/scottjones/BuckExample/StashUI/UI/.buckd/resources/v2018.03.26.01/path_to_pex, java.ext.dirs=/Users/scottjones/Library/Java/Extensions:/Library/Java/JavaVirtualMachines/jdk1.8.0_162.jdk/Contents/Home/jre/lib/ext:/Library/Java/Extensions:/Network/Library/Java/Extensions:/System/Library/Java/Extensions:/usr/lib/java, java.util.logging.config.class=com.facebook.buck.cli.bootstrapper.LogConfig, user.dir=/Users/scottjones/BuckExample/StashUI/UI, line.separator=
, java.vm.name=Java HotSpot(TM) 64-Bit Server VM, buck.path_to_typing=/Users/scottjones/BuckExample/StashUI/UI/.buckd/resources/v2018.03.26.01/path_to_typing, buck.native_exopackage_fake_path=/Users/scottjones/BuckExample/StashUI/UI/.buckd/resources/v2018.03.26.01/native_exopackage_fake_path, file.encoding=UTF-8, java.specification.version=1.8}
[2018-05-02 19:09:32.587][debug][command:null][tid:62][com.facebook.buck.util.config.Configs] Loading configuration for /Users/scottjones/BuckExample/StashUI/UI
[2018-05-02 19:09:32.588][debug][command:null][tid:62][com.facebook.buck.util.config.Configs] Loaded project configuration file /Users/scottjones/BuckExample/StashUI/UI/.buckconfig
[2018-05-02 19:09:32.588][debug][command:null][tid:62][com.facebook.buck.util.config.Configs] Adding configuration overrides RawConfig{values={}}
[2018-05-02 19:09:32.593][info ][command:null][tid:62][com.facebook.buck.io.WatchmanFactory] Creating for: [/Users/scottjones/BuckExample/StashUI/UI]
[2018-05-02 19:09:32.595][debug][command:null][tid:62][com.facebook.buck.io.ExecutableFinder] Executable 'watchman' mapped to 'Optional[/usr/local/bin/watchman]'
[2018-05-02 19:09:32.595][debug][command:null][tid:62][com.facebook.buck.util.ListeningProcessExecutor] Launching process with params ProcessExecutorParams{command=[/usr/local/bin/watchman, --output-encoding=bser, get-sockname]}
[2018-05-02 19:09:32.597][debug][command:null][tid:62][com.facebook.buck.util.ListeningProcessExecutor] Successfully launched process com.zaxxer.nuprocess.osx.OsxProcess@48c09ede
[2018-05-02 19:09:32.598][debug][command:null][tid:62][com.facebook.buck.util.ListeningProcessExecutor] Waiting for process com.facebook.buck.util.ListeningProcessExecutor$LaunchedProcessImpl@6a0ae6fd timeout 1000000000 NANOSECONDS
[2018-05-02 19:09:32.620][debug][command:null][tid:62][com.facebook.buck.util.ListeningProcessExecutor] Wait for process returned 0
[2018-05-02 19:09:32.620][debug][command:null][tid:62][com.facebook.buck.io.WatchmanFactory] Waited 22 ms for Watchman command get-sockname, exit code 0
[2018-05-02 19:09:32.620][debug][command:null][tid:62][com.facebook.buck.io.WatchmanFactory] stdout of command: {sockname=/usr/local/var/run/watchman/scottjones-state/sock, version=4.9.0}
[2018-05-02 19:09:32.620][info ][command:null][tid:62][com.facebook.buck.io.WatchmanFactory] Connecting to Watchman version 4.9.0 at /usr/local/var/run/watchman/scottjones-state/sock
[2018-05-02 19:09:32.621][debug][command:null][tid:69][com.facebook.buck.io.WatchmanTransportClient] Sending query: [version, {required=[cmd-watch-project], optional=[term-dirname, cmd-watch-project, wildmatch, wildmatch_multislash, glob_generator, clock-sync-timeout]}]
[2018-05-02 19:09:32.623][debug][command:null][tid:62][com.facebook.buck.io.WatchmanTransportClient] Query [version, {required=[cmd-watch-project], optional=[term-dirname, cmd-watch-project, wildmatch, wildmatch_multislash, glob_generator, clock-sync-timeout]}] returned in 1 ms
[2018-05-02 19:09:32.623][info ][command:null][tid:62][com.facebook.buck.io.WatchmanFactory] Took 1 ms to query capabilities {term-dirname=DIRNAME, cmd-watch-project=SUPPORTS_PROJECT_WATCH, wildmatch=WILDMATCH_GLOB, wildmatch_multislash=WILDMATCH_MULTISLASH, glob_generator=GLOB_GENERATOR, clock-sync-timeout=CLOCK_SYNC_TIMEOUT}
[2018-05-02 19:09:32.623][debug][command:null][tid:62][com.facebook.buck.io.WatchmanFactory] Got capabilities response: {clock-sync-timeout=true, glob_generator=true, wildmatch_multislash=false, cmd-watch-project=true, wildmatch=true, term-dirname=true}
[2018-05-02 19:09:32.624][debug][command:null][tid:62][com.facebook.buck.io.WatchmanFactory] Got Watchman capabilities: [CLOCK_SYNC_TIMEOUT, GLOB_GENERATOR, SUPPORTS_PROJECT_WATCH, WILDMATCH_GLOB, DIRNAME]
[2018-05-02 19:09:32.624][info ][command:null][tid:62][com.facebook.buck.io.WatchmanFactory] Adding watchman root: /Users/scottjones/BuckExample/StashUI/UI
[2018-05-02 19:09:32.624][debug][command:null][tid:69][com.facebook.buck.io.WatchmanTransportClient] Sending query: [watch-project, /Users/scottjones/BuckExample/StashUI/UI]
[2018-05-02 19:09:32.624][debug][command:null][tid:62][com.facebook.buck.io.WatchmanTransportClient] Query [watch-project, /Users/scottjones/BuckExample/StashUI/UI] returned in 0 ms
[2018-05-02 19:09:32.624][debug][command:null][tid:69][com.facebook.buck.io.WatchmanTransportClient] Sending query: [watch-project, /Users/scottjones/BuckExample/StashUI/UI]
[2018-05-02 19:09:32.625][debug][command:null][tid:62][com.facebook.buck.io.WatchmanTransportClient] Query [watch-project, /Users/scottjones/BuckExample/StashUI/UI] returned in 0 ms
[2018-05-02 19:09:32.625][info ][command:null][tid:62][com.facebook.buck.io.WatchmanFactory] Took 1 ms to add root /Users/scottjones/BuckExample/StashUI/UI
[2018-05-02 19:09:32.625][debug][command:null][tid:69][com.facebook.buck.io.WatchmanTransportClient] Sending query: [clock, /Users/scottjones/BuckExample, {sync_timeout=100}]
[2018-05-02 19:09:32.627][debug][command:null][tid:62][com.facebook.buck.io.WatchmanTransportClient] Query [clock, /Users/scottjones/BuckExample, {sync_timeout=100}] returned in 1 ms
[2018-05-02 19:09:32.627][info ][command:null][tid:62][com.facebook.buck.io.WatchmanFactory] Took 1 ms to query for initial clock id Optional[c:1525269255:464:2:913]
[2018-05-02 19:09:32.627][debug][command:null][tid:62][com.facebook.buck.io.WatchmanFactory] Connected to Watchman
[2018-05-02 19:09:32.627][debug][command:null][tid:62][com.facebook.buck.io.WatchmanTransportClient] Closing Watchman transport.
[2018-05-02 19:09:32.628][debug][command:null][tid:62][com.facebook.buck.cli.Main] Watchman capabilities: [CLOCK_SYNC_TIMEOUT, GLOB_GENERATOR, SUPPORTS_PROJECT_WATCH, WILDMATCH_GLOB, DIRNAME] Project watches: {/Users/scottjones/BuckExample/StashUI/UI=ProjectWatch{watchRoot=/Users/scottjones/BuckExample, projectPrefix=StashUI/UI}} Glob handler config: PYTHON Query timeout ms config: Optional.empty
[2018-05-02 19:09:32.639][debug][command:071c4cea-0846-4d81-b238-fdf914c00ceb][tid:62][com.facebook.buck.event.listener.SuperConsoleEventBusListener] Starting render scheduler (interval 100 ms)
[2018-05-02 19:09:32.640][debug][command:071c4cea-0846-4d81-b238-fdf914c00ceb][tid:62][com.google.common.util.concurrent.ServiceManager] Starting PerfStatsTracking [STARTING].
[2018-05-02 19:09:32.641][debug][command:071c4cea-0846-4d81-b238-fdf914c00ceb][tid:62][com.google.common.util.concurrent.ServiceManager] Starting ProcessTracker [STARTING].
[2018-05-02 19:09:32.641][debug][command:071c4cea-0846-4d81-b238-fdf914c00ceb][tid:62][com.facebook.buck.util.environment.MacWifiSsidFinder] Getting current SSID..
[2018-05-02 19:09:32.641][debug][command:null][tid:73][com.facebook.buck.util.perf.ProcessTracker] startUp
[2018-05-02 19:09:32.641][debug][command:null][tid:72][com.google.common.util.concurrent.ServiceManager] Started PerfStatsTracking [RUNNING] in 692.4 μs.
[2018-05-02 19:09:32.643][debug][command:null][tid:73][com.google.common.util.concurrent.ServiceManager] Started ProcessTracker [RUNNING] in 2.093 ms.
[2018-05-02 19:09:32.642][debug][command:071c4cea-0846-4d81-b238-fdf914c00ceb][tid:62][com.facebook.buck.util.environment.MacWifiSsidFinder] Getting SSID from Wi-Fi interface: <CWInterface: 0x7f96fdfa3710> [interfaceName=en0]
[2018-05-02 19:09:32.644][debug][command:071c4cea-0846-4d81-b238-fdf914c00ceb][tid:62][com.facebook.buck.util.environment.MacWifiSsidFinder] No SSID found for interface <CWInterface: 0x7f96fdfa3710> [interfaceName=en0].
[2018-05-02 19:09:32.644][debug][command:071c4cea-0846-4d81-b238-fdf914c00ceb][tid:62][com.facebook.buck.cli.Main] InvocationInfo BuildId=[071c4cea-0846-4d81-b238-fdf914c00ceb] Args=[build, //UI/Pod:SnapKit]
[2018-05-02 19:09:32.653][warn ][command:071c4cea-0846-4d81-b238-fdf914c00ceb][tid:62][com.facebook.buck.event.listener.PublicAnnouncementManager] Failed to get public announcements. Reason: Failed to establish connection to server.
[2018-05-02 19:09:32.653][info ][command:null][tid:77][com.facebook.buck.util.versioncontrol.VersionControlStatsGenerator] Starting generation of version control stats.
[2018-05-02 19:09:32.653][debug][command:null][tid:77][com.facebook.buck.util.versioncontrol.VersionControlCmdLineInterface] Executing command: hg log -l 1 --template {node|short}
[2018-05-02 19:09:32.658][debug][command:071c4cea-0846-4d81-b238-fdf914c00ceb][tid:62][com.facebook.buck.parser.Parser] com.facebook.buck.event.DefaultBuckEventBus@2488c7de
[2018-05-02 19:09:32.659][debug][command:null][tid:80][com.facebook.buck.io.WatchmanTransportClient] Sending query: [query, /Users/scottjones/BuckExample, {since=c:1525269255:464:2:905, expression=[not, [anyof, [type, d], [dirname, .idea], [dirname, .buckd], [dirname, buck-out/cache], [dirname, buck-out/.trash], [dirname, buck-out], [match, **/*.pbxproj, wholename, {includedotfiles=true}], [match, **/*.xcscheme, wholename, {includedotfiles=true}], [match, **/*.xcworkspacedata, wholename, {includedotfiles=true}], [match, **/*~, wholename, {includedotfiles=true}], [match, **/#*#, wholename, {includedotfiles=true}], [match, **/.#*, wholename, {includedotfiles=true}], [match, **/*.swo, wholename, {includedotfiles=true}], [match, **/*.swp, wholename, {includedotfiles=true}], [match, **/*.swpx, wholename, {includedotfiles=true}], [match, **/*.un~, wholename, {includedotfiles=true}], [match, **/.netrhwist, wholename, {includedotfiles=true}], [match, .idea, wholename, {includedotfiles=true}], [match, .iml, wholename, {includedotfiles=true}], [match, **/*.pydevproject, wholename, {includedotfiles=true}], [match, .project, wholename, {includedotfiles=true}], [match, .metadata, wholename, {includedotfiles=true}], [match, **/*.tmp, wholename, {includedotfiles=true}], [match, **/*.bak, wholename, {includedotfiles=true}], [match, **/*~.nib, wholename, {includedotfiles=true}], [match, .classpath, wholename, {includedotfiles=true}], [match, .settings, wholename, {includedotfiles=true}], [match, .loadpath, wholename, {includedotfiles=true}], [match, .externalToolBuilders, wholename, {includedotfiles=true}], [match, .cproject, wholename, {includedotfiles=true}], [match, .buildpath, wholename, {includedotfiles=true}], [match, .DS_Store, wholename, {includedotfiles=true}], [match, .AppleDouble, wholename, {includedotfiles=true}], [match, .LSOverride, wholename, {includedotfiles=true}], [match, .Spotlight-V100, wholename, {includedotfiles=true}], [match, .Trashes, wholename, {includedotfiles=true}], [match, $RECYCLE.BIN, wholename, {includedotfiles=true}], [match, .*.sublime-workspace, wholename, {includedotfiles=true}]]], empty_on_fresh_instance=true, fields=[name, exists, new], relative_root=StashUI/UI}]
[2018-05-02 19:09:32.664][warn ][command:null][tid:77][com.facebook.buck.util.versioncontrol.DelegatingVersionControlCmdLineInterface] Mercurial is the only VCS supported for VCS stats generation, however current project (which has enabled VCS stats generation in its .buckconfig) does not appear to be a Mercurial repository: 
com.facebook.buck.util.versioncontrol.VersionControlCommandFailedException: java.io.IOException: Cannot run program "hg" (in directory "/Users/scottjones/BuckExample/StashUI/UI"): error=2, No such file or directory
[2018-05-02 19:09:32.664][debug][command:null][tid:77][com.facebook.buck.util.versioncontrol.DelegatingVersionControlCmdLineInterface] Using NoOpCmdLineInterface.
[2018-05-02 19:09:32.664][warn ][command:null][tid:77][com.facebook.buck.util.versioncontrol.VersionControlStatsGenerator] Skipping generation of version control stats as unsupported repository type.
[2018-05-02 19:09:32.664][debug][command:null][tid:77][com.facebook.buck.util.environment.MacNetworkConfiguration] Determine network service order and extract device names
[2018-05-02 19:09:32.664][debug][command:null][tid:77][com.facebook.buck.util.ListeningProcessExecutor] Launching process with params ProcessExecutorParams{command=[networksetup, -listnetworkserviceorder, ]}
[2018-05-02 19:09:32.666][debug][command:null][tid:77][com.facebook.buck.util.ListeningProcessExecutor] Successfully launched process com.zaxxer.nuprocess.osx.OsxProcess@72962189
[2018-05-02 19:09:32.667][debug][command:null][tid:77][com.facebook.buck.util.ListeningProcessExecutor] Waiting for process com.facebook.buck.util.ListeningProcessExecutor$LaunchedProcessImpl@76a9ab03 timeout 1000 MILLISECONDS
[2018-05-02 19:09:32.672][debug][command:null][tid:79][com.facebook.buck.io.WatchmanTransportClient] Query [query, /Users/scottjones/BuckExample, {since=c:1525269255:464:2:905, expression=[not, [anyof, [type, d], [dirname, .idea], [dirname, .buckd], [dirname, buck-out/cache], [dirname, buck-out/.trash], [dirname, buck-out], [match, **/*.pbxproj, wholename, {includedotfiles=true}], [match, **/*.xcscheme, wholename, {includedotfiles=true}], [match, **/*.xcworkspacedata, wholename, {includedotfiles=true}], [match, **/*~, wholename, {includedotfiles=true}], [match, **/#*#, wholename, {includedotfiles=true}], [match, **/.#*, wholename, {includedotfiles=true}], [match, **/*.swo, wholename, {includedotfiles=true}], [match, **/*.swp, wholename, {includedotfiles=true}], [match, **/*.swpx, wholename, {includedotfiles=true}], [match, **/*.un~, wholename, {includedotfiles=true}], [match, **/.netrhwist, wholename, {includedotfiles=true}], [match, .idea, wholename, {includedotfiles=true}], [match, .iml, wholename, {includedotfiles=true}], [match, **/*.pydevproject, wholename, {includedotfiles=true}], [match, .project, wholename, {includedotfiles=true}], [match, .metadata, wholename, {includedotfiles=true}], [match, **/*.tmp, wholename, {includedotfiles=true}], [match, **/*.bak, wholename, {includedotfiles=true}], [match, **/*~.nib, wholename, {includedotfiles=true}], [match, .classpath, wholename, {includedotfiles=true}], [match, .settings, wholename, {includedotfiles=true}], [match, .loadpath, wholename, {includedotfiles=true}], [match, .externalToolBuilders, wholename, {includedotfiles=true}], [match, .cproject, wholename, {includedotfiles=true}], [match, .buildpath, wholename, {includedotfiles=true}], [match, .DS_Store, wholename, {includedotfiles=true}], [match, .AppleDouble, wholename, {includedotfiles=true}], [match, .LSOverride, wholename, {includedotfiles=true}], [match, .Spotlight-V100, wholename, {includedotfiles=true}], [match, .Trashes, wholename, {includedotfiles=true}], [match, $RECYCLE.BIN, wholename, {includedotfiles=true}], [match, .*.sublime-workspace, wholename, {includedotfiles=true}]]], empty_on_fresh_instance=true, fields=[name, exists, new], relative_root=StashUI/UI}] returned in 12 ms
[2018-05-02 19:09:32.672][debug][command:null][tid:79][com.facebook.buck.io.WatchmanWatcher] Updating Watchman Cursor from c:1525269255:464:2:905 to c:1525269255:464:2:916
[2018-05-02 19:09:32.672][debug][command:null][tid:79][com.facebook.buck.io.WatchmanWatcher] Posted 0 Watchman events.
[2018-05-02 19:09:32.672][debug][command:null][tid:79][com.facebook.buck.io.WatchmanTransportClient] Closing Watchman transport.
[2018-05-02 19:09:32.676][info ][command:null][tid:78][com.facebook.buck.event.listener.LoggingBuildListener] Build started at 2018-05-02 19:09:32.676
[2018-05-02 19:09:32.677][info ][command:null][tid:78][com.facebook.buck.event.listener.LoggingBuildListener] Build finished at 2018-05-02 19:09:32.677
[2018-05-02 19:09:32.677][debug][command:071c4cea-0846-4d81-b238-fdf914c00ceb][tid:73][com.facebook.buck.util.perf.ProcessTracker] shutDown
[2018-05-02 19:09:32.678][debug][command:null][tid:72][com.google.common.util.concurrent.ServiceManager] Service PerfStatsTracking [TERMINATED] has terminated. Previous state was: STOPPING
[2018-05-02 19:09:32.688][debug][command:071c4cea-0846-4d81-b238-fdf914c00ceb][tid:73][com.google.common.util.concurrent.ServiceManager] Service ProcessTracker [TERMINATED] has terminated. Previous state was: STOPPING
[2018-05-02 19:09:32.688][debug][command:071c4cea-0846-4d81-b238-fdf914c00ceb][tid:62][com.facebook.buck.event.listener.SuperConsoleEventBusListener] Stopping render scheduler
[2018-05-02 19:09:32.693][info ][command:071c4cea-0846-4d81-b238-fdf914c00ceb][tid:62][com.facebook.buck.cli.Main] Awaiting termination of PROJECT executor service. Waiting for all jobs to complete, or up to maximum of 60 seconds...
[2018-05-02 19:09:32.693][info ][command:071c4cea-0846-4d81-b238-fdf914c00ceb][tid:62][com.facebook.buck.cli.Main] Successfully terminated PROJECT executor service.
[2018-05-02 19:09:32.693][info ][command:071c4cea-0846-4d81-b238-fdf914c00ceb][tid:62][com.facebook.buck.cli.Main] Awaiting termination of NETWORK executor service. Waiting for all jobs to complete, or up to maximum of 60 seconds...
[2018-05-02 19:09:32.693][info ][command:071c4cea-0846-4d81-b238-fdf914c00ceb][tid:62][com.facebook.buck.cli.Main] Successfully terminated NETWORK executor service.
[2018-05-02 19:09:32.693][info ][command:071c4cea-0846-4d81-b238-fdf914c00ceb][tid:62][com.facebook.buck.cli.Main] Awaiting termination of CPU executor service. Waiting for all jobs to complete, or up to maximum of 60 seconds...
[2018-05-02 19:09:32.694][info ][command:071c4cea-0846-4d81-b238-fdf914c00ceb][tid:62][com.facebook.buck.cli.Main] Successfully terminated CPU executor service.
[2018-05-02 19:09:32.694][info ][command:071c4cea-0846-4d81-b238-fdf914c00ceb][tid:62][com.facebook.buck.cli.Main] Awaiting termination of ScheduledExecutorService executor service. Waiting for all jobs to complete, or up to maximum of 60 seconds...
[2018-05-02 19:09:32.694][info ][command:071c4cea-0846-4d81-b238-fdf914c00ceb][tid:62][com.facebook.buck.cli.Main] Successfully terminated ScheduledExecutorService executor service.
[2018-05-02 19:09:32.694][info ][command:071c4cea-0846-4d81-b238-fdf914c00ceb][tid:62][com.facebook.buck.cli.Main] Awaiting termination of CounterAggregatorExecutor executor service. Waiting for all jobs to complete, or up to maximum of 20 seconds...
[2018-05-02 19:09:32.699][info ][command:071c4cea-0846-4d81-b238-fdf914c00ceb][tid:62][com.facebook.buck.cli.Main] Successfully terminated CounterAggregatorExecutor executor service.
[2018-05-02 19:09:32.699][info ][command:071c4cea-0846-4d81-b238-fdf914c00ceb][tid:62][com.facebook.buck.cli.Main] Awaiting termination of HTTP Read executor service. Waiting for all jobs to complete, or up to maximum of 1800 seconds...
[2018-05-02 19:09:32.699][info ][command:071c4cea-0846-4d81-b238-fdf914c00ceb][tid:62][com.facebook.buck.cli.Main] Successfully terminated HTTP Read executor service.
[2018-05-02 19:09:32.699][info ][command:071c4cea-0846-4d81-b238-fdf914c00ceb][tid:62][com.facebook.buck.cli.Main] Awaiting termination of Download Heavy Build HTTP Read executor service. Waiting for all jobs to complete, or up to maximum of 1800 seconds...
[2018-05-02 19:09:32.699][info ][command:071c4cea-0846-4d81-b238-fdf914c00ceb][tid:62][com.facebook.buck.cli.Main] Successfully terminated Download Heavy Build HTTP Read executor service.
[2018-05-02 19:09:32.699][info ][command:071c4cea-0846-4d81-b238-fdf914c00ceb][tid:62][com.facebook.buck.cli.Main] Awaiting termination of HTTP Write executor service. Waiting for all jobs to complete, or up to maximum of 1800 seconds...
[2018-05-02 19:09:32.699][info ][command:071c4cea-0846-4d81-b238-fdf914c00ceb][tid:62][com.facebook.buck.cli.Main] Successfully terminated HTTP Write executor service.
[2018-05-02 19:09:32.699][info ][command:071c4cea-0846-4d81-b238-fdf914c00ceb][tid:62][com.facebook.buck.cli.Main] Awaiting termination of Disk IO executor service. Waiting for all jobs to complete, or up to maximum of 10 seconds...
[2018-05-02 19:09:32.740][debug][command:null][tid:77][com.facebook.buck.util.ListeningProcessExecutor] Wait for process returned 0
[2018-05-02 19:09:32.740][debug][command:null][tid:77][com.facebook.buck.util.ListeningProcessExecutor] Destroying process com.facebook.buck.util.ListeningProcessExecutor$LaunchedProcessImpl@76a9ab03 (force true)
[2018-05-02 19:09:32.740][debug][command:null][tid:77][com.facebook.buck.util.environment.MacNetworkConfiguration] Determine active state of media for device
[2018-05-02 19:09:32.740][debug][command:null][tid:77][com.facebook.buck.util.ListeningProcessExecutor] Launching process with params ProcessExecutorParams{command=[networksetup, -getMedia, lpss-serial1]}
[2018-05-02 19:09:32.741][debug][command:null][tid:77][com.facebook.buck.util.ListeningProcessExecutor] Successfully launched process com.zaxxer.nuprocess.osx.OsxProcess@33ab2bb2
[2018-05-02 19:09:32.741][debug][command:null][tid:77][com.facebook.buck.util.ListeningProcessExecutor] Waiting for process com.facebook.buck.util.ListeningProcessExecutor$LaunchedProcessImpl@418b27ec timeout 1000 MILLISECONDS
[2018-05-02 19:09:32.770][debug][command:null][tid:77][com.facebook.buck.util.ListeningProcessExecutor] Wait for process returned 4
[2018-05-02 19:09:32.770][debug][command:null][tid:77][com.facebook.buck.util.ListeningProcessExecutor] Destroying process com.facebook.buck.util.ListeningProcessExecutor$LaunchedProcessImpl@418b27ec (force true)
[2018-05-02 19:09:32.770][debug][command:null][tid:77][com.facebook.buck.util.environment.MacNetworkConfiguration] Determine active state of media for device
[2018-05-02 19:09:32.773][debug][command:null][tid:77][com.facebook.buck.util.ListeningProcessExecutor] Launching process with params ProcessExecutorParams{command=[networksetup, -getMedia, lpss-serial2]}
[2018-05-02 19:09:32.774][debug][command:null][tid:77][com.facebook.buck.util.ListeningProcessExecutor] Successfully launched process com.zaxxer.nuprocess.osx.OsxProcess@2d2dc3d
[2018-05-02 19:09:32.774][debug][command:null][tid:77][com.facebook.buck.util.ListeningProcessExecutor] Waiting for process com.facebook.buck.util.ListeningProcessExecutor$LaunchedProcessImpl@39188ed7 timeout 1000 MILLISECONDS
[2018-05-02 19:09:32.802][debug][command:null][tid:77][com.facebook.buck.util.ListeningProcessExecutor] Wait for process returned 4
[2018-05-02 19:09:32.802][debug][command:null][tid:77][com.facebook.buck.util.ListeningProcessExecutor] Destroying process com.facebook.buck.util.ListeningProcessExecutor$LaunchedProcessImpl@39188ed7 (force true)
[2018-05-02 19:09:32.802][debug][command:null][tid:77][com.facebook.buck.util.environment.MacNetworkConfiguration] Determine active state of media for device
[2018-05-02 19:09:32.802][debug][command:null][tid:77][com.facebook.buck.util.ListeningProcessExecutor] Launching process with params ProcessExecutorParams{command=[networksetup, -getMedia, en26]}
[2018-05-02 19:09:32.803][debug][command:null][tid:77][com.facebook.buck.util.ListeningProcessExecutor] Successfully launched process com.zaxxer.nuprocess.osx.OsxProcess@5384d4fd
[2018-05-02 19:09:32.804][debug][command:null][tid:77][com.facebook.buck.util.ListeningProcessExecutor] Waiting for process com.facebook.buck.util.ListeningProcessExecutor$LaunchedProcessImpl@4b283d26 timeout 1000 MILLISECONDS
[2018-05-02 19:09:32.831][debug][command:null][tid:77][com.facebook.buck.util.ListeningProcessExecutor] Wait for process returned 4
[2018-05-02 19:09:32.831][debug][command:null][tid:77][com.facebook.buck.util.ListeningProcessExecutor] Destroying process com.facebook.buck.util.ListeningProcessExecutor$LaunchedProcessImpl@4b283d26 (force true)
[2018-05-02 19:09:32.831][debug][command:null][tid:77][com.facebook.buck.util.environment.MacNetworkConfiguration] Determine active state of media for device
[2018-05-02 19:09:32.833][debug][command:null][tid:77][com.facebook.buck.util.ListeningProcessExecutor] Launching process with params ProcessExecutorParams{command=[networksetup, -getMedia, en25]}
[2018-05-02 19:09:32.834][debug][command:null][tid:77][com.facebook.buck.util.ListeningProcessExecutor] Successfully launched process com.zaxxer.nuprocess.osx.OsxProcess@5f0f234a
[2018-05-02 19:09:32.834][debug][command:null][tid:77][com.facebook.buck.util.ListeningProcessExecutor] Waiting for process com.facebook.buck.util.ListeningProcessExecutor$LaunchedProcessImpl@221c604a timeout 1000 MILLISECONDS
[2018-05-02 19:09:32.862][debug][command:null][tid:77][com.facebook.buck.util.ListeningProcessExecutor] Wait for process returned 4
[2018-05-02 19:09:32.862][debug][command:null][tid:77][com.facebook.buck.util.ListeningProcessExecutor] Destroying process com.facebook.buck.util.ListeningProcessExecutor$LaunchedProcessImpl@221c604a (force true)
[2018-05-02 19:09:32.862][debug][command:null][tid:77][com.facebook.buck.util.environment.MacNetworkConfiguration] Determine active state of media for device
[2018-05-02 19:09:32.862][debug][command:null][tid:77][com.facebook.buck.util.ListeningProcessExecutor] Launching process with params ProcessExecutorParams{command=[networksetup, -getMedia, en24]}
[2018-05-02 19:09:32.864][debug][command:null][tid:77][com.facebook.buck.util.ListeningProcessExecutor] Successfully launched process com.zaxxer.nuprocess.osx.OsxProcess@57ca6bc8
[2018-05-02 19:09:32.864][debug][command:null][tid:77][com.facebook.buck.util.ListeningProcessExecutor] Waiting for process com.facebook.buck.util.ListeningProcessExecutor$LaunchedProcessImpl@5d81ad1a timeout 1000 MILLISECONDS
[2018-05-02 19:09:32.897][debug][command:null][tid:77][com.facebook.buck.util.ListeningProcessExecutor] Wait for process returned 4
[2018-05-02 19:09:32.898][debug][command:null][tid:77][com.facebook.buck.util.ListeningProcessExecutor] Destroying process com.facebook.buck.util.ListeningProcessExecutor$LaunchedProcessImpl@5d81ad1a (force true)
[2018-05-02 19:09:32.898][debug][command:null][tid:77][com.facebook.buck.util.environment.MacNetworkConfiguration] Determine active state of media for device
[2018-05-02 19:09:32.898][debug][command:null][tid:77][com.facebook.buck.util.ListeningProcessExecutor] Launching process with params ProcessExecutorParams{command=[networksetup, -getMedia, en23]}
[2018-05-02 19:09:32.899][debug][command:null][tid:77][com.facebook.buck.util.ListeningProcessExecutor] Successfully launched process com.zaxxer.nuprocess.osx.OsxProcess@7b32d093
[2018-05-02 19:09:32.899][debug][command:null][tid:77][com.facebook.buck.util.ListeningProcessExecutor] Waiting for process com.facebook.buck.util.ListeningProcessExecutor$LaunchedProcessImpl@3a6df18f timeout 1000 MILLISECONDS
[2018-05-02 19:09:32.928][debug][command:null][tid:77][com.facebook.buck.util.ListeningProcessExecutor] Wait for process returned 4
[2018-05-02 19:09:32.928][debug][command:null][tid:77][com.facebook.buck.util.ListeningProcessExecutor] Destroying process com.facebook.buck.util.ListeningProcessExecutor$LaunchedProcessImpl@3a6df18f (force true)
[2018-05-02 19:09:32.928][debug][command:null][tid:77][com.facebook.buck.util.environment.MacNetworkConfiguration] Determine active state of media for device
[2018-05-02 19:09:32.928][debug][command:null][tid:77][com.facebook.buck.util.ListeningProcessExecutor] Launching process with params ProcessExecutorParams{command=[networksetup, -getMedia, en21]}
[2018-05-02 19:09:32.930][debug][command:null][tid:77][com.facebook.buck.util.ListeningProcessExecutor] Successfully launched process com.zaxxer.nuprocess.osx.OsxProcess@3efd4921
[2018-05-02 19:09:32.930][debug][command:null][tid:77][com.facebook.buck.util.ListeningProcessExecutor] Waiting for process com.facebook.buck.util.ListeningProcessExecutor$LaunchedProcessImpl@6ec4da99 timeout 1000 MILLISECONDS
[2018-05-02 19:09:32.959][debug][command:null][tid:77][com.facebook.buck.util.ListeningProcessExecutor] Wait for process returned 4
[2018-05-02 19:09:32.959][debug][command:null][tid:77][com.facebook.buck.util.ListeningProcessExecutor] Destroying process com.facebook.buck.util.ListeningProcessExecutor$LaunchedProcessImpl@6ec4da99 (force true)
[2018-05-02 19:09:32.959][debug][command:null][tid:77][com.facebook.buck.util.environment.MacNetworkConfiguration] Determine active state of media for device
[2018-05-02 19:09:32.959][debug][command:null][tid:77][com.facebook.buck.util.ListeningProcessExecutor] Launching process with params ProcessExecutorParams{command=[networksetup, -getMedia, en20]}
[2018-05-02 19:09:32.960][debug][command:null][tid:77][com.facebook.buck.util.ListeningProcessExecutor] Successfully launched process com.zaxxer.nuprocess.osx.OsxProcess@39f399a
[2018-05-02 19:09:32.960][debug][command:null][tid:77][com.facebook.buck.util.ListeningProcessExecutor] Waiting for process com.facebook.buck.util.ListeningProcessExecutor$LaunchedProcessImpl@562b51ef timeout 1000 MILLISECONDS
[2018-05-02 19:09:32.989][debug][command:null][tid:77][com.facebook.buck.util.ListeningProcessExecutor] Wait for process returned 4
[2018-05-02 19:09:32.989][debug][command:null][tid:77][com.facebook.buck.util.ListeningProcessExecutor] Destroying process com.facebook.buck.util.ListeningProcessExecutor$LaunchedProcessImpl@562b51ef (force true)
[2018-05-02 19:09:32.989][debug][command:null][tid:77][com.facebook.buck.util.environment.MacNetworkConfiguration] Determine active state of media for device
[2018-05-02 19:09:32.991][debug][command:null][tid:77][com.facebook.buck.util.ListeningProcessExecutor] Launching process with params ProcessExecutorParams{command=[networksetup, -getMedia, en19]}
[2018-05-02 19:09:32.992][debug][command:null][tid:77][com.facebook.buck.util.ListeningProcessExecutor] Successfully launched process com.zaxxer.nuprocess.osx.OsxProcess@24bae4a
[2018-05-02 19:09:32.992][debug][command:null][tid:77][com.facebook.buck.util.ListeningProcessExecutor] Waiting for process com.facebook.buck.util.ListeningProcessExecutor$LaunchedProcessImpl@4a93bc88 timeout 1000 MILLISECONDS
[2018-05-02 19:09:33.021][debug][command:null][tid:77][com.facebook.buck.util.ListeningProcessExecutor] Wait for process returned 4
[2018-05-02 19:09:33.021][debug][command:null][tid:77][com.facebook.buck.util.ListeningProcessExecutor] Destroying process com.facebook.buck.util.ListeningProcessExecutor$LaunchedProcessImpl@4a93bc88 (force true)
[2018-05-02 19:09:33.022][debug][command:null][tid:77][com.facebook.buck.util.environment.MacNetworkConfiguration] Determine active state of media for device
[2018-05-02 19:09:33.022][debug][command:null][tid:77][com.facebook.buck.util.ListeningProcessExecutor] Launching process with params ProcessExecutorParams{command=[networksetup, -getMedia, en18]}
[2018-05-02 19:09:33.023][debug][command:null][tid:77][com.facebook.buck.util.ListeningProcessExecutor] Successfully launched process com.zaxxer.nuprocess.osx.OsxProcess@303a0fa9
[2018-05-02 19:09:33.023][debug][command:null][tid:77][com.facebook.buck.util.ListeningProcessExecutor] Waiting for process com.facebook.buck.util.ListeningProcessExecutor$LaunchedProcessImpl@3c929468 timeout 1000 MILLISECONDS
[2018-05-02 19:09:33.051][debug][command:null][tid:77][com.facebook.buck.util.ListeningProcessExecutor] Wait for process returned 4
[2018-05-02 19:09:33.051][debug][command:null][tid:77][com.facebook.buck.util.ListeningProcessExecutor] Destroying process com.facebook.buck.util.ListeningProcessExecutor$LaunchedProcessImpl@3c929468 (force true)
[2018-05-02 19:09:33.051][debug][command:null][tid:77][com.facebook.buck.util.environment.MacNetworkConfiguration] Determine active state of media for device
[2018-05-02 19:09:33.052][debug][command:null][tid:77][com.facebook.buck.util.ListeningProcessExecutor] Launching process with params ProcessExecutorParams{command=[networksetup, -getMedia, en17]}
[2018-05-02 19:09:33.054][debug][command:null][tid:77][com.facebook.buck.util.ListeningProcessExecutor] Successfully launched process com.zaxxer.nuprocess.osx.OsxProcess@6374444e
[2018-05-02 19:09:33.054][debug][command:null][tid:77][com.facebook.buck.util.ListeningProcessExecutor] Waiting for process com.facebook.buck.util.ListeningProcessExecutor$LaunchedProcessImpl@34d4c354 timeout 1000 MILLISECONDS
[2018-05-02 19:09:33.081][debug][command:null][tid:77][com.facebook.buck.util.ListeningProcessExecutor] Wait for process returned 4
[2018-05-02 19:09:33.081][debug][command:null][tid:77][com.facebook.buck.util.ListeningProcessExecutor] Destroying process com.facebook.buck.util.ListeningProcessExecutor$LaunchedProcessImpl@34d4c354 (force true)
[2018-05-02 19:09:33.081][debug][command:null][tid:77][com.facebook.buck.util.environment.MacNetworkConfiguration] Determine active state of media for device
[2018-05-02 19:09:33.081][debug][command:null][tid:77][com.facebook.buck.util.ListeningProcessExecutor] Launching process with params ProcessExecutorParams{command=[networksetup, -getMedia, en16]}
[2018-05-02 19:09:33.088][debug][command:null][tid:77][com.facebook.buck.util.ListeningProcessExecutor] Successfully launched process com.zaxxer.nuprocess.osx.OsxProcess@54f3d520
[2018-05-02 19:09:33.088][debug][command:null][tid:77][com.facebook.buck.util.ListeningProcessExecutor] Waiting for process com.facebook.buck.util.ListeningProcessExecutor$LaunchedProcessImpl@7cea2a02 timeout 1000 MILLISECONDS
[2018-05-02 19:09:33.118][debug][command:null][tid:77][com.facebook.buck.util.ListeningProcessExecutor] Wait for process returned 4
[2018-05-02 19:09:33.118][debug][command:null][tid:77][com.facebook.buck.util.ListeningProcessExecutor] Destroying process com.facebook.buck.util.ListeningProcessExecutor$LaunchedProcessImpl@7cea2a02 (force true)
[2018-05-02 19:09:33.118][debug][command:null][tid:77][com.facebook.buck.util.environment.MacNetworkConfiguration] Determine active state of media for device
[2018-05-02 19:09:33.120][debug][command:null][tid:77][com.facebook.buck.util.ListeningProcessExecutor] Launching process with params ProcessExecutorParams{command=[networksetup, -getMedia, en15]}
[2018-05-02 19:09:33.121][debug][command:null][tid:77][com.facebook.buck.util.ListeningProcessExecutor] Successfully launched process com.zaxxer.nuprocess.osx.OsxProcess@3d7d57e5
[2018-05-02 19:09:33.121][debug][command:null][tid:77][com.facebook.buck.util.ListeningProcessExecutor] Waiting for process com.facebook.buck.util.ListeningProcessExecutor$LaunchedProcessImpl@2fa1fd7d timeout 1000 MILLISECONDS
[2018-05-02 19:09:33.153][debug][command:null][tid:77][com.facebook.buck.util.ListeningProcessExecutor] Wait for process returned 4
[2018-05-02 19:09:33.153][debug][command:null][tid:77][com.facebook.buck.util.ListeningProcessExecutor] Destroying process com.facebook.buck.util.ListeningProcessExecutor$LaunchedProcessImpl@2fa1fd7d (force true)
[2018-05-02 19:09:33.153][debug][command:null][tid:77][com.facebook.buck.util.environment.MacNetworkConfiguration] Determine active state of media for device
[2018-05-02 19:09:33.154][debug][command:null][tid:77][com.facebook.buck.util.ListeningProcessExecutor] Launching process with params ProcessExecutorParams{command=[networksetup, -getMedia, en14]}
[2018-05-02 19:09:33.156][debug][command:null][tid:77][com.facebook.buck.util.ListeningProcessExecutor] Successfully launched process com.zaxxer.nuprocess.osx.OsxProcess@65b1777c
[2018-05-02 19:09:33.156][debug][command:null][tid:77][com.facebook.buck.util.ListeningProcessExecutor] Waiting for process com.facebook.buck.util.ListeningProcessExecutor$LaunchedProcessImpl@48a6fbf2 timeout 1000 MILLISECONDS
[2018-05-02 19:09:33.184][debug][command:null][tid:77][com.facebook.buck.util.ListeningProcessExecutor] Wait for process returned 4
[2018-05-02 19:09:33.184][debug][command:null][tid:77][com.facebook.buck.util.ListeningProcessExecutor] Destroying process com.facebook.buck.util.ListeningProcessExecutor$LaunchedProcessImpl@48a6fbf2 (force true)
[2018-05-02 19:09:33.184][debug][command:null][tid:77][com.facebook.buck.util.environment.MacNetworkConfiguration] Determine active state of media for device
[2018-05-02 19:09:33.184][debug][command:null][tid:77][com.facebook.buck.util.ListeningProcessExecutor] Launching process with params ProcessExecutorParams{command=[networksetup, -getMedia, en12]}
[2018-05-02 19:09:33.186][debug][command:null][tid:77][com.facebook.buck.util.ListeningProcessExecutor] Successfully launched process com.zaxxer.nuprocess.osx.OsxProcess@1fb35f7c
[2018-05-02 19:09:33.186][debug][command:null][tid:77][com.facebook.buck.util.ListeningProcessExecutor] Waiting for process com.facebook.buck.util.ListeningProcessExecutor$LaunchedProcessImpl@3fd903e2 timeout 1000 MILLISECONDS
[2018-05-02 19:09:33.215][debug][command:null][tid:77][com.facebook.buck.util.ListeningProcessExecutor] Wait for process returned 4
[2018-05-02 19:09:33.215][debug][command:null][tid:77][com.facebook.buck.util.ListeningProcessExecutor] Destroying process com.facebook.buck.util.ListeningProcessExecutor$LaunchedProcessImpl@3fd903e2 (force true)
[2018-05-02 19:09:33.215][debug][command:null][tid:77][com.facebook.buck.util.environment.MacNetworkConfiguration] Determine active state of media for device
[2018-05-02 19:09:33.217][debug][command:null][tid:77][com.facebook.buck.util.ListeningProcessExecutor] Launching process with params ProcessExecutorParams{command=[networksetup, -getMedia, en10]}
[2018-05-02 19:09:33.218][debug][command:null][tid:77][com.facebook.buck.util.ListeningProcessExecutor] Successfully launched process com.zaxxer.nuprocess.osx.OsxProcess@513d99f2
[2018-05-02 19:09:33.218][debug][command:null][tid:77][com.facebook.buck.util.ListeningProcessExecutor] Waiting for process com.facebook.buck.util.ListeningProcessExecutor$LaunchedProcessImpl@2ebb914c timeout 1000 MILLISECONDS
[2018-05-02 19:09:33.247][debug][command:null][tid:77][com.facebook.buck.util.ListeningProcessExecutor] Wait for process returned 4
[2018-05-02 19:09:33.247][debug][command:null][tid:77][com.facebook.buck.util.ListeningProcessExecutor] Destroying process com.facebook.buck.util.ListeningProcessExecutor$LaunchedProcessImpl@2ebb914c (force true)
[2018-05-02 19:09:33.247][debug][command:null][tid:77][com.facebook.buck.util.environment.MacNetworkConfiguration] Determine active state of media for device
[2018-05-02 19:09:33.247][debug][command:null][tid:77][com.facebook.buck.util.ListeningProcessExecutor] Launching process with params ProcessExecutorParams{command=[networksetup, -getMedia, en8]}
[2018-05-02 19:09:33.248][debug][command:null][tid:77][com.facebook.buck.util.ListeningProcessExecutor] Successfully launched process com.zaxxer.nuprocess.osx.OsxProcess@2b766358
[2018-05-02 19:09:33.248][debug][command:null][tid:77][com.facebook.buck.util.ListeningProcessExecutor] Waiting for process com.facebook.buck.util.ListeningProcessExecutor$LaunchedProcessImpl@5c47a3c7 timeout 1000 MILLISECONDS
[2018-05-02 19:09:33.277][debug][command:null][tid:77][com.facebook.buck.util.ListeningProcessExecutor] Wait for process returned 4
[2018-05-02 19:09:33.277][debug][command:null][tid:77][com.facebook.buck.util.ListeningProcessExecutor] Destroying process com.facebook.buck.util.ListeningProcessExecutor$LaunchedProcessImpl@5c47a3c7 (force true)
[2018-05-02 19:09:33.277][debug][command:null][tid:77][com.facebook.buck.util.environment.MacNetworkConfiguration] Determine active state of media for device
[2018-05-02 19:09:33.278][debug][command:null][tid:77][com.facebook.buck.util.ListeningProcessExecutor] Launching process with params ProcessExecutorParams{command=[networksetup, -getMedia, en0]}
[2018-05-02 19:09:33.280][debug][command:null][tid:77][com.facebook.buck.util.ListeningProcessExecutor] Successfully launched process com.zaxxer.nuprocess.osx.OsxProcess@618853b4
[2018-05-02 19:09:33.280][debug][command:null][tid:77][com.facebook.buck.util.ListeningProcessExecutor] Waiting for process com.facebook.buck.util.ListeningProcessExecutor$LaunchedProcessImpl@134b9f38 timeout 1000 MILLISECONDS
[2018-05-02 19:09:33.312][debug][command:null][tid:77][com.facebook.buck.util.ListeningProcessExecutor] Wait for process returned 0
[2018-05-02 19:09:33.312][debug][command:null][tid:77][com.facebook.buck.util.ListeningProcessExecutor] Destroying process com.facebook.buck.util.ListeningProcessExecutor$LaunchedProcessImpl@134b9f38 (force true)
[2018-05-02 19:09:33.312][debug][command:null][tid:77][com.facebook.buck.util.environment.MacNetworkConfiguration] Determine WiFi SSID of device
[2018-05-02 19:09:33.312][debug][command:null][tid:77][com.facebook.buck.util.ListeningProcessExecutor] Launching process with params ProcessExecutorParams{command=[networksetup, -getairportnetwork, en0]}
[2018-05-02 19:09:33.313][debug][command:null][tid:77][com.facebook.buck.util.ListeningProcessExecutor] Successfully launched process com.zaxxer.nuprocess.osx.OsxProcess@b3f42aa
[2018-05-02 19:09:33.314][debug][command:null][tid:77][com.facebook.buck.util.ListeningProcessExecutor] Waiting for process com.facebook.buck.util.ListeningProcessExecutor$LaunchedProcessImpl@6a079191 timeout 1000 MILLISECONDS
[2018-05-02 19:09:33.347][debug][command:null][tid:77][com.facebook.buck.util.ListeningProcessExecutor] Wait for process returned 0
[2018-05-02 19:09:33.347][debug][command:null][tid:77][com.facebook.buck.util.ListeningProcessExecutor] Destroying process com.facebook.buck.util.ListeningProcessExecutor$LaunchedProcessImpl@6a079191 (force true)
[2018-05-02 19:09:33.347][info ][command:null][tid:77][com.facebook.buck.util.versioncontrol.VersionControlStatsGenerator] Starting generation of version control stats.
[2018-05-02 19:09:33.347][warn ][command:null][tid:77][com.facebook.buck.util.versioncontrol.VersionControlStatsGenerator] Skipping generation of version control stats as unsupported repository type.
[2018-05-02 19:09:33.347][info ][command:071c4cea-0846-4d81-b238-fdf914c00ceb][tid:62][com.facebook.buck.cli.Main] Successfully terminated Disk IO executor service.
[2018-05-02 19:09:33.351][debug][command:null][tid:62][com.facebook.buck.event.listener.SuperConsoleEventBusListener] Stopping render scheduler
[2018-05-02 19:09:33.351][debug][command:null][tid:62][com.facebook.buck.event.listener.ChromeTraceBuildListener] Writing Chrome trace to buck-out/log/2018-05-02_23h09m32s_buildcommand_071c4cea-0846-4d81-b238-fdf914c00ceb/build.2018-05-02.19-09-32.071c4cea-0846-4d81-b238-fdf914c00ceb.trace
[2018-05-02 19:09:33.358][warn ][command:null][tid:62][com.facebook.buck.util.Console] Build failure: //UI/Pod:SnapKit references non-existent directory UI/Pod
[2018-05-02 19:09:33.359][debug][command:null][tid:62][com.facebook.buck.cli.Main] Done.
[2018-05-02 19:09:33.359][info ][command:null][tid:62][com.martiansoftware.nailgun.NGSession] Server cleanly exited with status 1
[2018-05-02 19:09:33.360][debug][command:null][tid:62][com.martiansoftware.nailgun.NGCommunicator] Shutting down read ExecutorService
[2018-05-02 19:09:33.427][debug][command:null][tid:62][com.martiansoftware.nailgun.NGCommunicator] Shutting down orchestrator ExecutorService
[2018-05-02 19:09:33.427][debug][command:null][tid:66][com.martiansoftware.nailgun.NGCommunicator] Socket is disconnected
[2018-05-02 19:09:33.428][debug][command:null][tid:66][com.martiansoftware.nailgun.NGCommunicator] Nailgun client disconnected
[2018-05-02 19:09:33.428][debug][command:null][tid:66][com.martiansoftware.nailgun.NGCommunicator] Orchestrator thread finished
[2018-05-02 19:09:33.428][debug][command:null][tid:62][com.martiansoftware.nailgun.NGSession] Closing client socket
[2018-05-02 19:09:33.429][debug][command:null][tid:62][com.martiansoftware.nailgun.NGSession] Waiting for next client to connect
[2018-05-02 19:09:33.429][info ][command:null][tid:62][com.martiansoftware.nailgun.NGSession] NGSession shutting down
[2018-05-02 19:09:39.884][debug][command:null][tid:65][com.martiansoftware.nailgun.NGSession] Client connected
[2018-05-02 19:09:39.884][debug][command:null][tid:83][com.martiansoftware.nailgun.NGSession] Waiting for first client to connect
[2018-05-02 19:09:39.888][debug][command:null][tid:84][com.martiansoftware.nailgun.NGCommunicator] Orchestrator thread started
[2018-05-02 19:09:39.889][debug][command:null][tid:65][com.martiansoftware.nailgun.NGCommunicator] Shutting down read ExecutorService
[2018-05-02 19:09:39.889][debug][command:null][tid:84][com.martiansoftware.nailgun.NGCommunicator] Nailgun client disconnected
[2018-05-02 19:09:39.889][debug][command:null][tid:65][com.martiansoftware.nailgun.NGCommunicator] Shutting down orchestrator ExecutorService
[2018-05-02 19:09:39.889][debug][command:null][tid:84][com.martiansoftware.nailgun.NGCommunicator] Orchestrator thread finished
[2018-05-02 19:09:39.889][debug][command:null][tid:65][com.martiansoftware.nailgun.NGSession] Closing client socket
[2018-05-02 19:09:39.890][debug][command:null][tid:65][com.martiansoftware.nailgun.NGSession] Waiting for next client to connect
[2018-05-02 19:09:39.890][info ][command:null][tid:65][com.martiansoftware.nailgun.NGSession] NGSession shutting down
[2018-05-02 19:09:39.896][debug][command:null][tid:83][com.martiansoftware.nailgun.NGSession] Client connected
[2018-05-02 19:09:39.896][debug][command:null][tid:86][com.martiansoftware.nailgun.NGSession] Waiting for first client to connect
[2018-05-02 19:09:39.900][debug][command:null][tid:87][com.martiansoftware.nailgun.NGCommunicator] Orchestrator thread started
[2018-05-02 19:09:39.900][debug][command:null][tid:83][com.facebook.buck.util.config.Configs] Loading configuration for /Users/scottjones/BuckExample/StashUI/UI
[2018-05-02 19:09:39.901][debug][command:null][tid:83][com.facebook.buck.util.config.Configs] Loaded project configuration file /Users/scottjones/BuckExample/StashUI/UI/.buckconfig
[2018-05-02 19:09:39.901][debug][command:null][tid:83][com.facebook.buck.util.config.Configs] Adding configuration overrides RawConfig{values={}}
[2018-05-02 19:09:39.904][debug][command:null][tid:83][com.facebook.buck.cli.Main] Rotating log.
