[2018-05-02 19:10:28.020][debug][command:null][tid:147][com.facebook.buck.cli.Main] Starting up (build date 2018-03-26 17:19:01 -0400, rev v2018.03.26.01), args: [build, //SnapKit]
[2018-05-02 19:10:28.022][debug][command:null][tid:147][com.facebook.buck.cli.Main] System properties: {java.vendor=Oracle Corporation, sun.java.launcher=SUN_STANDARD, sun.management.compiler=HotSpot 64-Bit Tiered Compilers, jnidispatch.path=/Users/scottjones/BuckExample/StashUI/UI/.buckd/tmp/buck_run.rl8slT/jna--496628040/jna8380054251408692703.tmp, os.name=Mac OS X, buck.enable_objc=true, sun.boot.class.path=/Library/Java/JavaVirtualMachines/jdk1.8.0_162.jdk/Contents/Home/jre/lib/resources.jar:/Library/Java/JavaVirtualMachines/jdk1.8.0_162.jdk/Contents/Home/jre/lib/rt.jar:/Library/Java/JavaVirtualMachines/jdk1.8.0_162.jdk/Contents/Home/jre/lib/sunrsasign.jar:/Library/Java/JavaVirtualMachines/jdk1.8.0_162.jdk/Contents/Home/jre/lib/jsse.jar:/Library/Java/JavaVirtualMachines/jdk1.8.0_162.jdk/Contents/Home/jre/lib/jce.jar:/Library/Java/JavaVirtualMachines/jdk1.8.0_162.jdk/Contents/Home/jre/lib/charsets.jar:/Library/Java/JavaVirtualMachines/jdk1.8.0_162.jdk/Contents/Home/jre/lib/jfr.jar:/Library/Java/JavaVirtualMachines/jdk1.8.0_162.jdk/Contents/Home/jre/classes, pf4j.pluginsDir=/Users/scottjones/BuckExample/StashUI/UI/.buckd/resources/v2018.03.26.01/buck-modules, buck.resource_lock_path=/Users/scottjones/BuckExample/StashUI/UI/.buckd/resources/v2018.03.26.01/.buck_lock, java.vm.specification.vendor=Oracle Corporation, java.runtime.version=1.8.0_162-b12, jna.loaded=true, buck.testrunner_classes=/Users/scottjones/BuckExample/StashUI/UI/.buckd/resources/v2018.03.26.01/testrunner_classes, buck.logging_config_file=/Users/scottjones/BuckExample/StashUI/UI/.buckd/resources/v2018.03.26.01/logging_config_file, buck.path_to_sh_binary_template=/Users/scottjones/BuckExample/StashUI/UI/.buckd/resources/v2018.03.26.01/path_to_sh_binary_template, user.name=scottjones, buck.path_to_pywatchman=/Users/scottjones/BuckExample/StashUI/UI/.buckd/resources/v2018.03.26.01/path_to_pywatchman, buck.report_generator_jar=/Users/scottjones/BuckExample/StashUI/UI/.buckd/resources/v2018.03.26.01/report_generator_jar, buck.git_commit=v2018.03.26.01, user.language=en, sun.boot.library.path=/Library/Java/JavaVirtualMachines/jdk1.8.0_162.jdk/Contents/Home/jre/lib, jna.nosys=true, java.version=1.8.0_162, user.timezone=America/New_York, buck.test_util_no_tests_dir=true, sun.arch.data.model=64, http.nonProxyHosts=local|*.local|169.254/16|*.169.254/16, java.endorsed.dirs=/Library/Java/JavaVirtualMachines/jdk1.8.0_162.jdk/Contents/Home/jre/lib/endorsed, sun.cpu.isalist=, sun.jnu.encoding=UTF-8, file.encoding.pkg=sun.io, file.separator=/, java.specification.name=Java Platform API Specification, buck.jacoco_agent_jar=/Users/scottjones/BuckExample/StashUI/UI/.buckd/resources/v2018.03.26.01/jacoco_agent_jar, java.class.version=52.0, user.country=US, buck.binary_hash=18882a498323745e828e70f1ac69fa39, java.home=/Library/Java/JavaVirtualMachines/jdk1.8.0_162.jdk/Contents/Home/jre, buck.fix_script=/Users/scottjones/BuckExample/StashUI/UI/.buckd/resources/v2018.03.26.01/fix_script, java.vm.info=mixed mode, os.version=10.13.4, buck.external_executor_jar=/Users/scottjones/BuckExample/StashUI/UI/.buckd/resources/v2018.03.26.01/external_executor_jar, buck.version_uid=v2018.03.26.01, org.eclipse.jetty.util.log.class=org.eclipse.jetty.util.log.JavaUtilLog, path.separator=:, java.vm.version=25.162-b12, java.awt.printerjob=sun.lwawt.macosx.CPrinterJob, sun.io.unicode.encoding=UnicodeBig, awt.toolkit=sun.lwawt.macosx.LWCToolkit, socksNonProxyHosts=local|*.local|169.254/16|*.169.254/16, buck.buck_build_type_info=/Users/scottjones/BuckExample/StashUI/UI/.buckd/resources/v2018.03.26.01/buck_build_type_info, ftp.nonProxyHosts=local|*.local|169.254/16|*.169.254/16, buck.dx=/Users/scottjones/BuckExample/StashUI/UI/.buckd/resources/v2018.03.26.01/dx, buck.git_commit_timestamp=1522099141, user.home=/Users/scottjones, java.specification.vendor=Oracle Corporation, buck.git_dirty=0, java.library.path=/Users/scottjones/BuckExample/StashUI/UI/.buckd/resources/v2018.03.26.01, java.vendor.url=http://java.oracle.com/, java.vm.vendor=Oracle Corporation, gopherProxySet=false, java.runtime.name=Java(TM) SE Runtime Environment, sun.java.command=com.facebook.buck.cli.bootstrapper.ClassLoaderBootstrapper com.facebook.buck.cli.Main$DaemonBootstrap local:.buckd/sock 120000, java.class.path=/Users/scottjones/BuckExample/StashUI/UI/.buckd/resources/v2018.03.26.01/bootstrapper_jar, buck.buckd_dir=/Users/scottjones/BuckExample/StashUI/UI/.buckd, buck.path_to_pathlib_py=/Users/scottjones/BuckExample/StashUI/UI/.buckd/resources/v2018.03.26.01/pathlib.py, buck.buckd_launch_time_nanos=23432505348890, java.vm.specification.name=Java Virtual Machine Specification, com.martiansoftware.nailgun.NGServer.outputPath=/Users/scottjones/BuckExample/StashUI/UI/.buckd/tmp/buck_run.rl8slT/ngserver-out, java.vm.specification.version=1.8, sun.cpu.endian=little, sun.os.patch.level=unknown, java.awt.headless=true, java.io.tmpdir=/Users/scottjones/BuckExample/StashUI/UI/.buckd/tmp/buck_run.rl8slT, buck.android_agent_path=/Users/scottjones/BuckExample/StashUI/UI/.buckd/resources/v2018.03.26.01/android_agent_path, java.vendor.url.bug=http://bugreport.sun.com/bugreport/, buck.path_to_python_dsl=, jna.platform.library.path=/usr/lib:/usr/lib, os.arch=x86_64, java.awt.graphicsenv=sun.awt.CGraphicsEnvironment, buck.path_to_pex=/Users/scottjones/BuckExample/StashUI/UI/.buckd/resources/v2018.03.26.01/path_to_pex, java.ext.dirs=/Users/scottjones/Library/Java/Extensions:/Library/Java/JavaVirtualMachines/jdk1.8.0_162.jdk/Contents/Home/jre/lib/ext:/Library/Java/Extensions:/Network/Library/Java/Extensions:/System/Library/Java/Extensions:/usr/lib/java, java.util.logging.config.class=com.facebook.buck.cli.bootstrapper.LogConfig, user.dir=/Users/scottjones/BuckExample/StashUI/UI, line.separator=
, java.vm.name=Java HotSpot(TM) 64-Bit Server VM, buck.path_to_typing=/Users/scottjones/BuckExample/StashUI/UI/.buckd/resources/v2018.03.26.01/path_to_typing, buck.native_exopackage_fake_path=/Users/scottjones/BuckExample/StashUI/UI/.buckd/resources/v2018.03.26.01/native_exopackage_fake_path, file.encoding=UTF-8, java.specification.version=1.8}
[2018-05-02 19:10:28.022][debug][command:null][tid:147][com.facebook.buck.util.config.Configs] Loading configuration for /Users/scottjones/BuckExample/StashUI/UI
[2018-05-02 19:10:28.023][debug][command:null][tid:147][com.facebook.buck.util.config.Configs] Loaded project configuration file /Users/scottjones/BuckExample/StashUI/UI/.buckconfig
[2018-05-02 19:10:28.023][debug][command:null][tid:147][com.facebook.buck.util.config.Configs] Adding configuration overrides RawConfig{values={}}
[2018-05-02 19:10:28.024][info ][command:null][tid:147][com.facebook.buck.io.WatchmanFactory] Creating for: [/Users/scottjones/BuckExample/StashUI/UI]
[2018-05-02 19:10:28.024][debug][command:null][tid:147][com.facebook.buck.io.ExecutableFinder] Executable 'watchman' mapped to 'Optional[/usr/local/bin/watchman]'
[2018-05-02 19:10:28.024][debug][command:null][tid:147][com.facebook.buck.util.ListeningProcessExecutor] Launching process with params ProcessExecutorParams{command=[/usr/local/bin/watchman, --output-encoding=bser, get-sockname]}
[2018-05-02 19:10:28.026][debug][command:null][tid:147][com.facebook.buck.util.ListeningProcessExecutor] Successfully launched process com.zaxxer.nuprocess.osx.OsxProcess@e19194e
[2018-05-02 19:10:28.026][debug][command:null][tid:147][com.facebook.buck.util.ListeningProcessExecutor] Waiting for process com.facebook.buck.util.ListeningProcessExecutor$LaunchedProcessImpl@508def99 timeout 1000000000 NANOSECONDS
[2018-05-02 19:10:28.041][debug][command:null][tid:147][com.facebook.buck.util.ListeningProcessExecutor] Wait for process returned 0
[2018-05-02 19:10:28.041][debug][command:null][tid:147][com.facebook.buck.io.WatchmanFactory] Waited 15 ms for Watchman command get-sockname, exit code 0
[2018-05-02 19:10:28.042][debug][command:null][tid:147][com.facebook.buck.io.WatchmanFactory] stdout of command: {sockname=/usr/local/var/run/watchman/scottjones-state/sock, version=4.9.0}
[2018-05-02 19:10:28.042][info ][command:null][tid:147][com.facebook.buck.io.WatchmanFactory] Connecting to Watchman version 4.9.0 at /usr/local/var/run/watchman/scottjones-state/sock
[2018-05-02 19:10:28.042][debug][command:null][tid:154][com.facebook.buck.io.WatchmanTransportClient] Sending query: [version, {required=[cmd-watch-project], optional=[term-dirname, cmd-watch-project, wildmatch, wildmatch_multislash, glob_generator, clock-sync-timeout]}]
[2018-05-02 19:10:28.043][debug][command:null][tid:147][com.facebook.buck.io.WatchmanTransportClient] Query [version, {required=[cmd-watch-project], optional=[term-dirname, cmd-watch-project, wildmatch, wildmatch_multislash, glob_generator, clock-sync-timeout]}] returned in 0 ms
[2018-05-02 19:10:28.043][info ][command:null][tid:147][com.facebook.buck.io.WatchmanFactory] Took 1 ms to query capabilities {term-dirname=DIRNAME, cmd-watch-project=SUPPORTS_PROJECT_WATCH, wildmatch=WILDMATCH_GLOB, wildmatch_multislash=WILDMATCH_MULTISLASH, glob_generator=GLOB_GENERATOR, clock-sync-timeout=CLOCK_SYNC_TIMEOUT}
[2018-05-02 19:10:28.043][debug][command:null][tid:147][com.facebook.buck.io.WatchmanFactory] Got capabilities response: {clock-sync-timeout=true, glob_generator=true, wildmatch_multislash=false, cmd-watch-project=true, wildmatch=true, term-dirname=true}
[2018-05-02 19:10:28.044][debug][command:null][tid:147][com.facebook.buck.io.WatchmanFactory] Got Watchman capabilities: [CLOCK_SYNC_TIMEOUT, GLOB_GENERATOR, SUPPORTS_PROJECT_WATCH, WILDMATCH_GLOB, DIRNAME]
[2018-05-02 19:10:28.044][info ][command:null][tid:147][com.facebook.buck.io.WatchmanFactory] Adding watchman root: /Users/scottjones/BuckExample/StashUI/UI
[2018-05-02 19:10:28.044][debug][command:null][tid:154][com.facebook.buck.io.WatchmanTransportClient] Sending query: [watch-project, /Users/scottjones/BuckExample/StashUI/UI]
[2018-05-02 19:10:28.044][debug][command:null][tid:147][com.facebook.buck.io.WatchmanTransportClient] Query [watch-project, /Users/scottjones/BuckExample/StashUI/UI] returned in 0 ms
[2018-05-02 19:10:28.044][debug][command:null][tid:154][com.facebook.buck.io.WatchmanTransportClient] Sending query: [watch-project, /Users/scottjones/BuckExample/StashUI/UI]
[2018-05-02 19:10:28.044][debug][command:null][tid:147][com.facebook.buck.io.WatchmanTransportClient] Query [watch-project, /Users/scottjones/BuckExample/StashUI/UI] returned in 0 ms
[2018-05-02 19:10:28.044][info ][command:null][tid:147][com.facebook.buck.io.WatchmanFactory] Took 0 ms to add root /Users/scottjones/BuckExample/StashUI/UI
[2018-05-02 19:10:28.044][debug][command:null][tid:154][com.facebook.buck.io.WatchmanTransportClient] Sending query: [clock, /Users/scottjones/BuckExample, {sync_timeout=100}]
[2018-05-02 19:10:28.052][debug][command:null][tid:147][com.facebook.buck.io.WatchmanTransportClient] Query [clock, /Users/scottjones/BuckExample, {sync_timeout=100}] returned in 8 ms
[2018-05-02 19:10:28.053][info ][command:null][tid:147][com.facebook.buck.io.WatchmanFactory] Took 8 ms to query for initial clock id Optional[c:1525269255:464:2:964]
[2018-05-02 19:10:28.053][debug][command:null][tid:147][com.facebook.buck.io.WatchmanFactory] Connected to Watchman
[2018-05-02 19:10:28.053][debug][command:null][tid:147][com.facebook.buck.io.WatchmanTransportClient] Closing Watchman transport.
[2018-05-02 19:10:28.054][debug][command:null][tid:147][com.facebook.buck.cli.Main] Watchman capabilities: [CLOCK_SYNC_TIMEOUT, GLOB_GENERATOR, SUPPORTS_PROJECT_WATCH, WILDMATCH_GLOB, DIRNAME] Project watches: {/Users/scottjones/BuckExample/StashUI/UI=ProjectWatch{watchRoot=/Users/scottjones/BuckExample, projectPrefix=StashUI/UI}} Glob handler config: PYTHON Query timeout ms config: Optional.empty
[2018-05-02 19:10:28.068][debug][command:8fb09079-b812-441d-823d-0cf7ef23001e][tid:147][com.facebook.buck.event.listener.SuperConsoleEventBusListener] Starting render scheduler (interval 100 ms)
[2018-05-02 19:10:28.069][debug][command:8fb09079-b812-441d-823d-0cf7ef23001e][tid:147][com.google.common.util.concurrent.ServiceManager] Starting PerfStatsTracking [STARTING].
[2018-05-02 19:10:28.069][debug][command:null][tid:157][com.google.common.util.concurrent.ServiceManager] Started PerfStatsTracking [RUNNING] in 556.4 μs.
[2018-05-02 19:10:28.070][debug][command:null][tid:158][com.facebook.buck.util.perf.ProcessTracker] startUp
[2018-05-02 19:10:28.070][debug][command:8fb09079-b812-441d-823d-0cf7ef23001e][tid:147][com.google.common.util.concurrent.ServiceManager] Starting ProcessTracker [STARTING].
[2018-05-02 19:10:28.070][debug][command:8fb09079-b812-441d-823d-0cf7ef23001e][tid:147][com.facebook.buck.util.environment.MacWifiSsidFinder] Getting current SSID..
[2018-05-02 19:10:28.071][debug][command:null][tid:158][com.google.common.util.concurrent.ServiceManager] Started ProcessTracker [RUNNING] in 1.687 ms.
[2018-05-02 19:10:28.071][debug][command:8fb09079-b812-441d-823d-0cf7ef23001e][tid:147][com.facebook.buck.util.environment.MacWifiSsidFinder] Getting SSID from Wi-Fi interface: <CWInterface: 0x7f96fdfa3710> [interfaceName=en0]
[2018-05-02 19:10:28.072][debug][command:8fb09079-b812-441d-823d-0cf7ef23001e][tid:147][com.facebook.buck.util.environment.MacWifiSsidFinder] No SSID found for interface <CWInterface: 0x7f96fdfa3710> [interfaceName=en0].
[2018-05-02 19:10:28.072][debug][command:8fb09079-b812-441d-823d-0cf7ef23001e][tid:147][com.facebook.buck.cli.Main] InvocationInfo BuildId=[8fb09079-b812-441d-823d-0cf7ef23001e] Args=[build, //SnapKit]
[2018-05-02 19:10:28.077][warn ][command:null][tid:161][com.facebook.buck.event.listener.PublicAnnouncementManager] Failed to get public announcements. Reason: Failed to establish connection to server.
[2018-05-02 19:10:28.078][info ][command:null][tid:162][com.facebook.buck.util.versioncontrol.VersionControlStatsGenerator] Starting generation of version control stats.
[2018-05-02 19:10:28.078][debug][command:null][tid:162][com.facebook.buck.util.versioncontrol.VersionControlCmdLineInterface] Executing command: hg log -l 1 --template {node|short}
[2018-05-02 19:10:28.079][debug][command:8fb09079-b812-441d-823d-0cf7ef23001e][tid:147][com.facebook.buck.parser.Parser] com.facebook.buck.event.DefaultBuckEventBus@49c3b44b
[2018-05-02 19:10:28.080][debug][command:null][tid:165][com.facebook.buck.io.WatchmanTransportClient] Sending query: [query, /Users/scottjones/BuckExample, {since=c:1525269255:464:2:956, expression=[not, [anyof, [type, d], [dirname, .idea], [dirname, .buckd], [dirname, buck-out/cache], [dirname, buck-out/.trash], [dirname, buck-out], [match, **/*.pbxproj, wholename, {includedotfiles=true}], [match, **/*.xcscheme, wholename, {includedotfiles=true}], [match, **/*.xcworkspacedata, wholename, {includedotfiles=true}], [match, **/*~, wholename, {includedotfiles=true}], [match, **/#*#, wholename, {includedotfiles=true}], [match, **/.#*, wholename, {includedotfiles=true}], [match, **/*.swo, wholename, {includedotfiles=true}], [match, **/*.swp, wholename, {includedotfiles=true}], [match, **/*.swpx, wholename, {includedotfiles=true}], [match, **/*.un~, wholename, {includedotfiles=true}], [match, **/.netrhwist, wholename, {includedotfiles=true}], [match, .idea, wholename, {includedotfiles=true}], [match, .iml, wholename, {includedotfiles=true}], [match, **/*.pydevproject, wholename, {includedotfiles=true}], [match, .project, wholename, {includedotfiles=true}], [match, .metadata, wholename, {includedotfiles=true}], [match, **/*.tmp, wholename, {includedotfiles=true}], [match, **/*.bak, wholename, {includedotfiles=true}], [match, **/*~.nib, wholename, {includedotfiles=true}], [match, .classpath, wholename, {includedotfiles=true}], [match, .settings, wholename, {includedotfiles=true}], [match, .loadpath, wholename, {includedotfiles=true}], [match, .externalToolBuilders, wholename, {includedotfiles=true}], [match, .cproject, wholename, {includedotfiles=true}], [match, .buildpath, wholename, {includedotfiles=true}], [match, .DS_Store, wholename, {includedotfiles=true}], [match, .AppleDouble, wholename, {includedotfiles=true}], [match, .LSOverride, wholename, {includedotfiles=true}], [match, .Spotlight-V100, wholename, {includedotfiles=true}], [match, .Trashes, wholename, {includedotfiles=true}], [match, $RECYCLE.BIN, wholename, {includedotfiles=true}], [match, .*.sublime-workspace, wholename, {includedotfiles=true}]]], empty_on_fresh_instance=true, fields=[name, exists, new], relative_root=StashUI/UI}]
[2018-05-02 19:10:28.083][warn ][command:null][tid:162][com.facebook.buck.util.versioncontrol.DelegatingVersionControlCmdLineInterface] Mercurial is the only VCS supported for VCS stats generation, however current project (which has enabled VCS stats generation in its .buckconfig) does not appear to be a Mercurial repository: 
com.facebook.buck.util.versioncontrol.VersionControlCommandFailedException: java.io.IOException: Cannot run program "hg" (in directory "/Users/scottjones/BuckExample/StashUI/UI"): error=2, No such file or directory
[2018-05-02 19:10:28.083][debug][command:null][tid:162][com.facebook.buck.util.versioncontrol.DelegatingVersionControlCmdLineInterface] Using NoOpCmdLineInterface.
[2018-05-02 19:10:28.083][warn ][command:null][tid:162][com.facebook.buck.util.versioncontrol.VersionControlStatsGenerator] Skipping generation of version control stats as unsupported repository type.
[2018-05-02 19:10:28.083][debug][command:null][tid:162][com.facebook.buck.util.environment.MacNetworkConfiguration] Determine network service order and extract device names
[2018-05-02 19:10:28.083][debug][command:null][tid:162][com.facebook.buck.util.ListeningProcessExecutor] Launching process with params ProcessExecutorParams{command=[networksetup, -listnetworkserviceorder, ]}
[2018-05-02 19:10:28.085][debug][command:null][tid:162][com.facebook.buck.util.ListeningProcessExecutor] Successfully launched process com.zaxxer.nuprocess.osx.OsxProcess@396e331c
[2018-05-02 19:10:28.085][debug][command:null][tid:162][com.facebook.buck.util.ListeningProcessExecutor] Waiting for process com.facebook.buck.util.ListeningProcessExecutor$LaunchedProcessImpl@3d51a0e9 timeout 1000 MILLISECONDS
[2018-05-02 19:10:28.093][debug][command:null][tid:164][com.facebook.buck.io.WatchmanTransportClient] Query [query, /Users/scottjones/BuckExample, {since=c:1525269255:464:2:956, expression=[not, [anyof, [type, d], [dirname, .idea], [dirname, .buckd], [dirname, buck-out/cache], [dirname, buck-out/.trash], [dirname, buck-out], [match, **/*.pbxproj, wholename, {includedotfiles=true}], [match, **/*.xcscheme, wholename, {includedotfiles=true}], [match, **/*.xcworkspacedata, wholename, {includedotfiles=true}], [match, **/*~, wholename, {includedotfiles=true}], [match, **/#*#, wholename, {includedotfiles=true}], [match, **/.#*, wholename, {includedotfiles=true}], [match, **/*.swo, wholename, {includedotfiles=true}], [match, **/*.swp, wholename, {includedotfiles=true}], [match, **/*.swpx, wholename, {includedotfiles=true}], [match, **/*.un~, wholename, {includedotfiles=true}], [match, **/.netrhwist, wholename, {includedotfiles=true}], [match, .idea, wholename, {includedotfiles=true}], [match, .iml, wholename, {includedotfiles=true}], [match, **/*.pydevproject, wholename, {includedotfiles=true}], [match, .project, wholename, {includedotfiles=true}], [match, .metadata, wholename, {includedotfiles=true}], [match, **/*.tmp, wholename, {includedotfiles=true}], [match, **/*.bak, wholename, {includedotfiles=true}], [match, **/*~.nib, wholename, {includedotfiles=true}], [match, .classpath, wholename, {includedotfiles=true}], [match, .settings, wholename, {includedotfiles=true}], [match, .loadpath, wholename, {includedotfiles=true}], [match, .externalToolBuilders, wholename, {includedotfiles=true}], [match, .cproject, wholename, {includedotfiles=true}], [match, .buildpath, wholename, {includedotfiles=true}], [match, .DS_Store, wholename, {includedotfiles=true}], [match, .AppleDouble, wholename, {includedotfiles=true}], [match, .LSOverride, wholename, {includedotfiles=true}], [match, .Spotlight-V100, wholename, {includedotfiles=true}], [match, .Trashes, wholename, {includedotfiles=true}], [match, $RECYCLE.BIN, wholename, {includedotfiles=true}], [match, .*.sublime-workspace, wholename, {includedotfiles=true}]]], empty_on_fresh_instance=true, fields=[name, exists, new], relative_root=StashUI/UI}] returned in 12 ms
[2018-05-02 19:10:28.093][debug][command:null][tid:164][com.facebook.buck.io.WatchmanWatcher] Updating Watchman Cursor from c:1525269255:464:2:956 to c:1525269255:464:2:967
[2018-05-02 19:10:28.093][debug][command:null][tid:164][com.facebook.buck.io.WatchmanWatcher] Posted 0 Watchman events.
[2018-05-02 19:10:28.094][debug][command:null][tid:164][com.facebook.buck.io.WatchmanTransportClient] Closing Watchman transport.
[2018-05-02 19:10:28.096][info ][command:null][tid:163][com.facebook.buck.event.listener.LoggingBuildListener] Build started at 2018-05-02 19:10:28.096
[2018-05-02 19:10:28.097][info ][command:null][tid:163][com.facebook.buck.event.listener.LoggingBuildListener] Build finished at 2018-05-02 19:10:28.097
[2018-05-02 19:10:28.097][debug][command:8fb09079-b812-441d-823d-0cf7ef23001e][tid:158][com.facebook.buck.util.perf.ProcessTracker] shutDown
[2018-05-02 19:10:28.097][debug][command:8fb09079-b812-441d-823d-0cf7ef23001e][tid:147][com.facebook.buck.event.listener.SuperConsoleEventBusListener] Stopping render scheduler
[2018-05-02 19:10:28.097][info ][command:8fb09079-b812-441d-823d-0cf7ef23001e][tid:147][com.facebook.buck.cli.Main] Awaiting termination of PROJECT executor service. Waiting for all jobs to complete, or up to maximum of 60 seconds...
[2018-05-02 19:10:28.098][info ][command:8fb09079-b812-441d-823d-0cf7ef23001e][tid:147][com.facebook.buck.cli.Main] Successfully terminated PROJECT executor service.
[2018-05-02 19:10:28.098][info ][command:8fb09079-b812-441d-823d-0cf7ef23001e][tid:147][com.facebook.buck.cli.Main] Awaiting termination of NETWORK executor service. Waiting for all jobs to complete, or up to maximum of 60 seconds...
[2018-05-02 19:10:28.098][info ][command:8fb09079-b812-441d-823d-0cf7ef23001e][tid:147][com.facebook.buck.cli.Main] Successfully terminated NETWORK executor service.
[2018-05-02 19:10:28.098][info ][command:8fb09079-b812-441d-823d-0cf7ef23001e][tid:147][com.facebook.buck.cli.Main] Awaiting termination of CPU executor service. Waiting for all jobs to complete, or up to maximum of 60 seconds...
[2018-05-02 19:10:28.098][debug][command:null][tid:157][com.google.common.util.concurrent.ServiceManager] Service PerfStatsTracking [TERMINATED] has terminated. Previous state was: STOPPING
[2018-05-02 19:10:28.098][debug][command:8fb09079-b812-441d-823d-0cf7ef23001e][tid:158][com.google.common.util.concurrent.ServiceManager] Service ProcessTracker [TERMINATED] has terminated. Previous state was: STOPPING
[2018-05-02 19:10:28.098][info ][command:8fb09079-b812-441d-823d-0cf7ef23001e][tid:147][com.facebook.buck.cli.Main] Successfully terminated CPU executor service.
[2018-05-02 19:10:28.099][info ][command:8fb09079-b812-441d-823d-0cf7ef23001e][tid:147][com.facebook.buck.cli.Main] Awaiting termination of ScheduledExecutorService executor service. Waiting for all jobs to complete, or up to maximum of 60 seconds...
[2018-05-02 19:10:28.099][info ][command:8fb09079-b812-441d-823d-0cf7ef23001e][tid:147][com.facebook.buck.cli.Main] Successfully terminated ScheduledExecutorService executor service.
[2018-05-02 19:10:28.099][info ][command:8fb09079-b812-441d-823d-0cf7ef23001e][tid:147][com.facebook.buck.cli.Main] Awaiting termination of CounterAggregatorExecutor executor service. Waiting for all jobs to complete, or up to maximum of 20 seconds...
[2018-05-02 19:10:28.099][info ][command:8fb09079-b812-441d-823d-0cf7ef23001e][tid:147][com.facebook.buck.cli.Main] Successfully terminated CounterAggregatorExecutor executor service.
[2018-05-02 19:10:28.099][info ][command:8fb09079-b812-441d-823d-0cf7ef23001e][tid:147][com.facebook.buck.cli.Main] Awaiting termination of HTTP Read executor service. Waiting for all jobs to complete, or up to maximum of 1800 seconds...
[2018-05-02 19:10:28.099][info ][command:8fb09079-b812-441d-823d-0cf7ef23001e][tid:147][com.facebook.buck.cli.Main] Successfully terminated HTTP Read executor service.
[2018-05-02 19:10:28.099][info ][command:8fb09079-b812-441d-823d-0cf7ef23001e][tid:147][com.facebook.buck.cli.Main] Awaiting termination of Download Heavy Build HTTP Read executor service. Waiting for all jobs to complete, or up to maximum of 1800 seconds...
[2018-05-02 19:10:28.099][info ][command:8fb09079-b812-441d-823d-0cf7ef23001e][tid:147][com.facebook.buck.cli.Main] Successfully terminated Download Heavy Build HTTP Read executor service.
[2018-05-02 19:10:28.099][info ][command:8fb09079-b812-441d-823d-0cf7ef23001e][tid:147][com.facebook.buck.cli.Main] Awaiting termination of HTTP Write executor service. Waiting for all jobs to complete, or up to maximum of 1800 seconds...
[2018-05-02 19:10:28.099][info ][command:8fb09079-b812-441d-823d-0cf7ef23001e][tid:147][com.facebook.buck.cli.Main] Successfully terminated HTTP Write executor service.
[2018-05-02 19:10:28.099][info ][command:8fb09079-b812-441d-823d-0cf7ef23001e][tid:147][com.facebook.buck.cli.Main] Awaiting termination of Disk IO executor service. Waiting for all jobs to complete, or up to maximum of 10 seconds...
[2018-05-02 19:10:28.148][debug][command:null][tid:162][com.facebook.buck.util.ListeningProcessExecutor] Wait for process returned 0
[2018-05-02 19:10:28.148][debug][command:null][tid:162][com.facebook.buck.util.ListeningProcessExecutor] Destroying process com.facebook.buck.util.ListeningProcessExecutor$LaunchedProcessImpl@3d51a0e9 (force true)
[2018-05-02 19:10:28.148][debug][command:null][tid:162][com.facebook.buck.util.environment.MacNetworkConfiguration] Determine active state of media for device
[2018-05-02 19:10:28.149][debug][command:null][tid:162][com.facebook.buck.util.ListeningProcessExecutor] Launching process with params ProcessExecutorParams{command=[networksetup, -getMedia, lpss-serial1]}
[2018-05-02 19:10:28.150][debug][command:null][tid:162][com.facebook.buck.util.ListeningProcessExecutor] Successfully launched process com.zaxxer.nuprocess.osx.OsxProcess@78533927
[2018-05-02 19:10:28.150][debug][command:null][tid:162][com.facebook.buck.util.ListeningProcessExecutor] Waiting for process com.facebook.buck.util.ListeningProcessExecutor$LaunchedProcessImpl@1dfd0b7 timeout 1000 MILLISECONDS
[2018-05-02 19:10:28.179][debug][command:null][tid:162][com.facebook.buck.util.ListeningProcessExecutor] Wait for process returned 4
[2018-05-02 19:10:28.180][debug][command:null][tid:162][com.facebook.buck.util.ListeningProcessExecutor] Destroying process com.facebook.buck.util.ListeningProcessExecutor$LaunchedProcessImpl@1dfd0b7 (force true)
[2018-05-02 19:10:28.180][debug][command:null][tid:162][com.facebook.buck.util.environment.MacNetworkConfiguration] Determine active state of media for device
[2018-05-02 19:10:28.180][debug][command:null][tid:162][com.facebook.buck.util.ListeningProcessExecutor] Launching process with params ProcessExecutorParams{command=[networksetup, -getMedia, lpss-serial2]}
[2018-05-02 19:10:28.181][debug][command:null][tid:162][com.facebook.buck.util.ListeningProcessExecutor] Successfully launched process com.zaxxer.nuprocess.osx.OsxProcess@49e1e543
[2018-05-02 19:10:28.181][debug][command:null][tid:162][com.facebook.buck.util.ListeningProcessExecutor] Waiting for process com.facebook.buck.util.ListeningProcessExecutor$LaunchedProcessImpl@7987527e timeout 1000 MILLISECONDS
[2018-05-02 19:10:28.210][debug][command:null][tid:162][com.facebook.buck.util.ListeningProcessExecutor] Wait for process returned 4
[2018-05-02 19:10:28.210][debug][command:null][tid:162][com.facebook.buck.util.ListeningProcessExecutor] Destroying process com.facebook.buck.util.ListeningProcessExecutor$LaunchedProcessImpl@7987527e (force true)
[2018-05-02 19:10:28.211][debug][command:null][tid:162][com.facebook.buck.util.environment.MacNetworkConfiguration] Determine active state of media for device
[2018-05-02 19:10:28.211][debug][command:null][tid:162][com.facebook.buck.util.ListeningProcessExecutor] Launching process with params ProcessExecutorParams{command=[networksetup, -getMedia, en26]}
[2018-05-02 19:10:28.212][debug][command:null][tid:162][com.facebook.buck.util.ListeningProcessExecutor] Successfully launched process com.zaxxer.nuprocess.osx.OsxProcess@187cc668
[2018-05-02 19:10:28.212][debug][command:null][tid:162][com.facebook.buck.util.ListeningProcessExecutor] Waiting for process com.facebook.buck.util.ListeningProcessExecutor$LaunchedProcessImpl@6759f7b8 timeout 1000 MILLISECONDS
[2018-05-02 19:10:28.243][debug][command:null][tid:162][com.facebook.buck.util.ListeningProcessExecutor] Wait for process returned 4
[2018-05-02 19:10:28.243][debug][command:null][tid:162][com.facebook.buck.util.ListeningProcessExecutor] Destroying process com.facebook.buck.util.ListeningProcessExecutor$LaunchedProcessImpl@6759f7b8 (force true)
[2018-05-02 19:10:28.243][debug][command:null][tid:162][com.facebook.buck.util.environment.MacNetworkConfiguration] Determine active state of media for device
[2018-05-02 19:10:28.243][debug][command:null][tid:162][com.facebook.buck.util.ListeningProcessExecutor] Launching process with params ProcessExecutorParams{command=[networksetup, -getMedia, en25]}
[2018-05-02 19:10:28.245][debug][command:null][tid:162][com.facebook.buck.util.ListeningProcessExecutor] Successfully launched process com.zaxxer.nuprocess.osx.OsxProcess@21d4cded
[2018-05-02 19:10:28.245][debug][command:null][tid:162][com.facebook.buck.util.ListeningProcessExecutor] Waiting for process com.facebook.buck.util.ListeningProcessExecutor$LaunchedProcessImpl@62837f0b timeout 1000 MILLISECONDS
[2018-05-02 19:10:28.274][debug][command:null][tid:162][com.facebook.buck.util.ListeningProcessExecutor] Wait for process returned 4
[2018-05-02 19:10:28.275][debug][command:null][tid:162][com.facebook.buck.util.ListeningProcessExecutor] Destroying process com.facebook.buck.util.ListeningProcessExecutor$LaunchedProcessImpl@62837f0b (force true)
[2018-05-02 19:10:28.275][debug][command:null][tid:162][com.facebook.buck.util.environment.MacNetworkConfiguration] Determine active state of media for device
[2018-05-02 19:10:28.275][debug][command:null][tid:162][com.facebook.buck.util.ListeningProcessExecutor] Launching process with params ProcessExecutorParams{command=[networksetup, -getMedia, en24]}
[2018-05-02 19:10:28.276][debug][command:null][tid:162][com.facebook.buck.util.ListeningProcessExecutor] Successfully launched process com.zaxxer.nuprocess.osx.OsxProcess@1c32bab5
[2018-05-02 19:10:28.276][debug][command:null][tid:162][com.facebook.buck.util.ListeningProcessExecutor] Waiting for process com.facebook.buck.util.ListeningProcessExecutor$LaunchedProcessImpl@347e7abc timeout 1000 MILLISECONDS
[2018-05-02 19:10:28.306][debug][command:null][tid:162][com.facebook.buck.util.ListeningProcessExecutor] Wait for process returned 4
[2018-05-02 19:10:28.306][debug][command:null][tid:162][com.facebook.buck.util.ListeningProcessExecutor] Destroying process com.facebook.buck.util.ListeningProcessExecutor$LaunchedProcessImpl@347e7abc (force true)
[2018-05-02 19:10:28.306][debug][command:null][tid:162][com.facebook.buck.util.environment.MacNetworkConfiguration] Determine active state of media for device
[2018-05-02 19:10:28.306][debug][command:null][tid:162][com.facebook.buck.util.ListeningProcessExecutor] Launching process with params ProcessExecutorParams{command=[networksetup, -getMedia, en23]}
[2018-05-02 19:10:28.307][debug][command:null][tid:162][com.facebook.buck.util.ListeningProcessExecutor] Successfully launched process com.zaxxer.nuprocess.osx.OsxProcess@3342627b
[2018-05-02 19:10:28.307][debug][command:null][tid:162][com.facebook.buck.util.ListeningProcessExecutor] Waiting for process com.facebook.buck.util.ListeningProcessExecutor$LaunchedProcessImpl@4a40283f timeout 1000 MILLISECONDS
[2018-05-02 19:10:28.337][debug][command:null][tid:162][com.facebook.buck.util.ListeningProcessExecutor] Wait for process returned 4
[2018-05-02 19:10:28.337][debug][command:null][tid:162][com.facebook.buck.util.ListeningProcessExecutor] Destroying process com.facebook.buck.util.ListeningProcessExecutor$LaunchedProcessImpl@4a40283f (force true)
[2018-05-02 19:10:28.337][debug][command:null][tid:162][com.facebook.buck.util.environment.MacNetworkConfiguration] Determine active state of media for device
[2018-05-02 19:10:28.337][debug][command:null][tid:162][com.facebook.buck.util.ListeningProcessExecutor] Launching process with params ProcessExecutorParams{command=[networksetup, -getMedia, en21]}
[2018-05-02 19:10:28.338][debug][command:null][tid:162][com.facebook.buck.util.ListeningProcessExecutor] Successfully launched process com.zaxxer.nuprocess.osx.OsxProcess@43aec4d0
[2018-05-02 19:10:28.338][debug][command:null][tid:162][com.facebook.buck.util.ListeningProcessExecutor] Waiting for process com.facebook.buck.util.ListeningProcessExecutor$LaunchedProcessImpl@4c2ed83 timeout 1000 MILLISECONDS
[2018-05-02 19:10:28.369][debug][command:null][tid:162][com.facebook.buck.util.ListeningProcessExecutor] Wait for process returned 4
[2018-05-02 19:10:28.369][debug][command:null][tid:162][com.facebook.buck.util.ListeningProcessExecutor] Destroying process com.facebook.buck.util.ListeningProcessExecutor$LaunchedProcessImpl@4c2ed83 (force true)
[2018-05-02 19:10:28.369][debug][command:null][tid:162][com.facebook.buck.util.environment.MacNetworkConfiguration] Determine active state of media for device
[2018-05-02 19:10:28.369][debug][command:null][tid:162][com.facebook.buck.util.ListeningProcessExecutor] Launching process with params ProcessExecutorParams{command=[networksetup, -getMedia, en20]}
[2018-05-02 19:10:28.370][debug][command:null][tid:162][com.facebook.buck.util.ListeningProcessExecutor] Successfully launched process com.zaxxer.nuprocess.osx.OsxProcess@243306da
[2018-05-02 19:10:28.370][debug][command:null][tid:162][com.facebook.buck.util.ListeningProcessExecutor] Waiting for process com.facebook.buck.util.ListeningProcessExecutor$LaunchedProcessImpl@6ff9c3b3 timeout 1000 MILLISECONDS
[2018-05-02 19:10:28.400][debug][command:null][tid:162][com.facebook.buck.util.ListeningProcessExecutor] Wait for process returned 4
[2018-05-02 19:10:28.400][debug][command:null][tid:162][com.facebook.buck.util.ListeningProcessExecutor] Destroying process com.facebook.buck.util.ListeningProcessExecutor$LaunchedProcessImpl@6ff9c3b3 (force true)
[2018-05-02 19:10:28.400][debug][command:null][tid:162][com.facebook.buck.util.environment.MacNetworkConfiguration] Determine active state of media for device
[2018-05-02 19:10:28.404][debug][command:null][tid:162][com.facebook.buck.util.ListeningProcessExecutor] Launching process with params ProcessExecutorParams{command=[networksetup, -getMedia, en19]}
[2018-05-02 19:10:28.406][debug][command:null][tid:162][com.facebook.buck.util.ListeningProcessExecutor] Successfully launched process com.zaxxer.nuprocess.osx.OsxProcess@5ac402d8
[2018-05-02 19:10:28.406][debug][command:null][tid:162][com.facebook.buck.util.ListeningProcessExecutor] Waiting for process com.facebook.buck.util.ListeningProcessExecutor$LaunchedProcessImpl@497942f6 timeout 1000 MILLISECONDS
[2018-05-02 19:10:28.437][debug][command:null][tid:162][com.facebook.buck.util.ListeningProcessExecutor] Wait for process returned 4
[2018-05-02 19:10:28.437][debug][command:null][tid:162][com.facebook.buck.util.ListeningProcessExecutor] Destroying process com.facebook.buck.util.ListeningProcessExecutor$LaunchedProcessImpl@497942f6 (force true)
[2018-05-02 19:10:28.437][debug][command:null][tid:162][com.facebook.buck.util.environment.MacNetworkConfiguration] Determine active state of media for device
[2018-05-02 19:10:28.437][debug][command:null][tid:162][com.facebook.buck.util.ListeningProcessExecutor] Launching process with params ProcessExecutorParams{command=[networksetup, -getMedia, en18]}
[2018-05-02 19:10:28.438][debug][command:null][tid:162][com.facebook.buck.util.ListeningProcessExecutor] Successfully launched process com.zaxxer.nuprocess.osx.OsxProcess@754088d5
[2018-05-02 19:10:28.438][debug][command:null][tid:162][com.facebook.buck.util.ListeningProcessExecutor] Waiting for process com.facebook.buck.util.ListeningProcessExecutor$LaunchedProcessImpl@54052995 timeout 1000 MILLISECONDS
[2018-05-02 19:10:28.468][debug][command:null][tid:162][com.facebook.buck.util.ListeningProcessExecutor] Wait for process returned 4
[2018-05-02 19:10:28.469][debug][command:null][tid:162][com.facebook.buck.util.ListeningProcessExecutor] Destroying process com.facebook.buck.util.ListeningProcessExecutor$LaunchedProcessImpl@54052995 (force true)
[2018-05-02 19:10:28.469][debug][command:null][tid:162][com.facebook.buck.util.environment.MacNetworkConfiguration] Determine active state of media for device
[2018-05-02 19:10:28.469][debug][command:null][tid:162][com.facebook.buck.util.ListeningProcessExecutor] Launching process with params ProcessExecutorParams{command=[networksetup, -getMedia, en17]}
[2018-05-02 19:10:28.470][debug][command:null][tid:162][com.facebook.buck.util.ListeningProcessExecutor] Successfully launched process com.zaxxer.nuprocess.osx.OsxProcess@2e2d330f
[2018-05-02 19:10:28.470][debug][command:null][tid:162][com.facebook.buck.util.ListeningProcessExecutor] Waiting for process com.facebook.buck.util.ListeningProcessExecutor$LaunchedProcessImpl@2d40bace timeout 1000 MILLISECONDS
[2018-05-02 19:10:28.499][debug][command:null][tid:162][com.facebook.buck.util.ListeningProcessExecutor] Wait for process returned 4
[2018-05-02 19:10:28.500][debug][command:null][tid:162][com.facebook.buck.util.ListeningProcessExecutor] Destroying process com.facebook.buck.util.ListeningProcessExecutor$LaunchedProcessImpl@2d40bace (force true)
[2018-05-02 19:10:28.500][debug][command:null][tid:162][com.facebook.buck.util.environment.MacNetworkConfiguration] Determine active state of media for device
[2018-05-02 19:10:28.500][debug][command:null][tid:162][com.facebook.buck.util.ListeningProcessExecutor] Launching process with params ProcessExecutorParams{command=[networksetup, -getMedia, en16]}
[2018-05-02 19:10:28.501][debug][command:null][tid:162][com.facebook.buck.util.ListeningProcessExecutor] Successfully launched process com.zaxxer.nuprocess.osx.OsxProcess@5cb78993
[2018-05-02 19:10:28.501][debug][command:null][tid:162][com.facebook.buck.util.ListeningProcessExecutor] Waiting for process com.facebook.buck.util.ListeningProcessExecutor$LaunchedProcessImpl@21834a11 timeout 1000 MILLISECONDS
[2018-05-02 19:10:28.530][debug][command:null][tid:162][com.facebook.buck.util.ListeningProcessExecutor] Wait for process returned 4
[2018-05-02 19:10:28.531][debug][command:null][tid:162][com.facebook.buck.util.ListeningProcessExecutor] Destroying process com.facebook.buck.util.ListeningProcessExecutor$LaunchedProcessImpl@21834a11 (force true)
[2018-05-02 19:10:28.531][debug][command:null][tid:162][com.facebook.buck.util.environment.MacNetworkConfiguration] Determine active state of media for device
[2018-05-02 19:10:28.531][debug][command:null][tid:162][com.facebook.buck.util.ListeningProcessExecutor] Launching process with params ProcessExecutorParams{command=[networksetup, -getMedia, en15]}
[2018-05-02 19:10:28.532][debug][command:null][tid:162][com.facebook.buck.util.ListeningProcessExecutor] Successfully launched process com.zaxxer.nuprocess.osx.OsxProcess@66f1b065
[2018-05-02 19:10:28.532][debug][command:null][tid:162][com.facebook.buck.util.ListeningProcessExecutor] Waiting for process com.facebook.buck.util.ListeningProcessExecutor$LaunchedProcessImpl@4ecff0bf timeout 1000 MILLISECONDS
[2018-05-02 19:10:28.562][debug][command:null][tid:162][com.facebook.buck.util.ListeningProcessExecutor] Wait for process returned 4
[2018-05-02 19:10:28.562][debug][command:null][tid:162][com.facebook.buck.util.ListeningProcessExecutor] Destroying process com.facebook.buck.util.ListeningProcessExecutor$LaunchedProcessImpl@4ecff0bf (force true)
[2018-05-02 19:10:28.562][debug][command:null][tid:162][com.facebook.buck.util.environment.MacNetworkConfiguration] Determine active state of media for device
[2018-05-02 19:10:28.563][debug][command:null][tid:162][com.facebook.buck.util.ListeningProcessExecutor] Launching process with params ProcessExecutorParams{command=[networksetup, -getMedia, en14]}
[2018-05-02 19:10:28.564][debug][command:null][tid:162][com.facebook.buck.util.ListeningProcessExecutor] Successfully launched process com.zaxxer.nuprocess.osx.OsxProcess@2ed413e4
[2018-05-02 19:10:28.564][debug][command:null][tid:162][com.facebook.buck.util.ListeningProcessExecutor] Waiting for process com.facebook.buck.util.ListeningProcessExecutor$LaunchedProcessImpl@153c17ed timeout 1000 MILLISECONDS
[2018-05-02 19:10:28.594][debug][command:null][tid:162][com.facebook.buck.util.ListeningProcessExecutor] Wait for process returned 4
[2018-05-02 19:10:28.595][debug][command:null][tid:162][com.facebook.buck.util.ListeningProcessExecutor] Destroying process com.facebook.buck.util.ListeningProcessExecutor$LaunchedProcessImpl@153c17ed (force true)
[2018-05-02 19:10:28.595][debug][command:null][tid:162][com.facebook.buck.util.environment.MacNetworkConfiguration] Determine active state of media for device
[2018-05-02 19:10:28.595][debug][command:null][tid:162][com.facebook.buck.util.ListeningProcessExecutor] Launching process with params ProcessExecutorParams{command=[networksetup, -getMedia, en12]}
[2018-05-02 19:10:28.596][debug][command:null][tid:162][com.facebook.buck.util.ListeningProcessExecutor] Successfully launched process com.zaxxer.nuprocess.osx.OsxProcess@7e25efb7
[2018-05-02 19:10:28.596][debug][command:null][tid:162][com.facebook.buck.util.ListeningProcessExecutor] Waiting for process com.facebook.buck.util.ListeningProcessExecutor$LaunchedProcessImpl@4f5eb2c4 timeout 1000 MILLISECONDS
[2018-05-02 19:10:28.626][debug][command:null][tid:162][com.facebook.buck.util.ListeningProcessExecutor] Wait for process returned 4
[2018-05-02 19:10:28.626][debug][command:null][tid:162][com.facebook.buck.util.ListeningProcessExecutor] Destroying process com.facebook.buck.util.ListeningProcessExecutor$LaunchedProcessImpl@4f5eb2c4 (force true)
[2018-05-02 19:10:28.626][debug][command:null][tid:162][com.facebook.buck.util.environment.MacNetworkConfiguration] Determine active state of media for device
[2018-05-02 19:10:28.626][debug][command:null][tid:162][com.facebook.buck.util.ListeningProcessExecutor] Launching process with params ProcessExecutorParams{command=[networksetup, -getMedia, en10]}
[2018-05-02 19:10:28.627][debug][command:null][tid:162][com.facebook.buck.util.ListeningProcessExecutor] Successfully launched process com.zaxxer.nuprocess.osx.OsxProcess@411bd3f8
[2018-05-02 19:10:28.627][debug][command:null][tid:162][com.facebook.buck.util.ListeningProcessExecutor] Waiting for process com.facebook.buck.util.ListeningProcessExecutor$LaunchedProcessImpl@34ed3749 timeout 1000 MILLISECONDS
[2018-05-02 19:10:28.657][debug][command:null][tid:162][com.facebook.buck.util.ListeningProcessExecutor] Wait for process returned 4
[2018-05-02 19:10:28.657][debug][command:null][tid:162][com.facebook.buck.util.ListeningProcessExecutor] Destroying process com.facebook.buck.util.ListeningProcessExecutor$LaunchedProcessImpl@34ed3749 (force true)
[2018-05-02 19:10:28.657][debug][command:null][tid:162][com.facebook.buck.util.environment.MacNetworkConfiguration] Determine active state of media for device
[2018-05-02 19:10:28.657][debug][command:null][tid:162][com.facebook.buck.util.ListeningProcessExecutor] Launching process with params ProcessExecutorParams{command=[networksetup, -getMedia, en8]}
[2018-05-02 19:10:28.658][debug][command:null][tid:162][com.facebook.buck.util.ListeningProcessExecutor] Successfully launched process com.zaxxer.nuprocess.osx.OsxProcess@65642e34
[2018-05-02 19:10:28.658][debug][command:null][tid:162][com.facebook.buck.util.ListeningProcessExecutor] Waiting for process com.facebook.buck.util.ListeningProcessExecutor$LaunchedProcessImpl@5f9678ce timeout 1000 MILLISECONDS
[2018-05-02 19:10:28.688][debug][command:null][tid:162][com.facebook.buck.util.ListeningProcessExecutor] Wait for process returned 4
[2018-05-02 19:10:28.688][debug][command:null][tid:162][com.facebook.buck.util.ListeningProcessExecutor] Destroying process com.facebook.buck.util.ListeningProcessExecutor$LaunchedProcessImpl@5f9678ce (force true)
[2018-05-02 19:10:28.688][debug][command:null][tid:162][com.facebook.buck.util.environment.MacNetworkConfiguration] Determine active state of media for device
[2018-05-02 19:10:28.688][debug][command:null][tid:162][com.facebook.buck.util.ListeningProcessExecutor] Launching process with params ProcessExecutorParams{command=[networksetup, -getMedia, en0]}
[2018-05-02 19:10:28.689][debug][command:null][tid:162][com.facebook.buck.util.ListeningProcessExecutor] Successfully launched process com.zaxxer.nuprocess.osx.OsxProcess@400de4d7
[2018-05-02 19:10:28.690][debug][command:null][tid:162][com.facebook.buck.util.ListeningProcessExecutor] Waiting for process com.facebook.buck.util.ListeningProcessExecutor$LaunchedProcessImpl@1d87c4e0 timeout 1000 MILLISECONDS
[2018-05-02 19:10:28.719][debug][command:null][tid:162][com.facebook.buck.util.ListeningProcessExecutor] Wait for process returned 0
[2018-05-02 19:10:28.719][debug][command:null][tid:162][com.facebook.buck.util.ListeningProcessExecutor] Destroying process com.facebook.buck.util.ListeningProcessExecutor$LaunchedProcessImpl@1d87c4e0 (force true)
[2018-05-02 19:10:28.719][debug][command:null][tid:162][com.facebook.buck.util.environment.MacNetworkConfiguration] Determine WiFi SSID of device
[2018-05-02 19:10:28.719][debug][command:null][tid:162][com.facebook.buck.util.ListeningProcessExecutor] Launching process with params ProcessExecutorParams{command=[networksetup, -getairportnetwork, en0]}
[2018-05-02 19:10:28.721][debug][command:null][tid:162][com.facebook.buck.util.ListeningProcessExecutor] Successfully launched process com.zaxxer.nuprocess.osx.OsxProcess@59d64cea
[2018-05-02 19:10:28.721][debug][command:null][tid:162][com.facebook.buck.util.ListeningProcessExecutor] Waiting for process com.facebook.buck.util.ListeningProcessExecutor$LaunchedProcessImpl@356a0f16 timeout 1000 MILLISECONDS
[2018-05-02 19:10:28.752][debug][command:null][tid:162][com.facebook.buck.util.ListeningProcessExecutor] Wait for process returned 0
[2018-05-02 19:10:28.752][debug][command:null][tid:162][com.facebook.buck.util.ListeningProcessExecutor] Destroying process com.facebook.buck.util.ListeningProcessExecutor$LaunchedProcessImpl@356a0f16 (force true)
[2018-05-02 19:10:28.752][info ][command:null][tid:162][com.facebook.buck.util.versioncontrol.VersionControlStatsGenerator] Starting generation of version control stats.
[2018-05-02 19:10:28.752][warn ][command:null][tid:162][com.facebook.buck.util.versioncontrol.VersionControlStatsGenerator] Skipping generation of version control stats as unsupported repository type.
[2018-05-02 19:10:28.753][info ][command:8fb09079-b812-441d-823d-0cf7ef23001e][tid:147][com.facebook.buck.cli.Main] Successfully terminated Disk IO executor service.
[2018-05-02 19:10:28.754][debug][command:null][tid:147][com.facebook.buck.event.listener.SuperConsoleEventBusListener] Stopping render scheduler
[2018-05-02 19:10:28.754][debug][command:null][tid:147][com.facebook.buck.event.listener.ChromeTraceBuildListener] Writing Chrome trace to buck-out/log/2018-05-02_23h10m28s_buildcommand_8fb09079-b812-441d-823d-0cf7ef23001e/build.2018-05-02.19-10-28.8fb09079-b812-441d-823d-0cf7ef23001e.trace
[2018-05-02 19:10:28.764][warn ][command:null][tid:147][com.facebook.buck.util.Console] Build failure: //SnapKit references non-existent directory SnapKit
[2018-05-02 19:10:28.764][debug][command:null][tid:147][com.facebook.buck.cli.Main] Done.
[2018-05-02 19:10:28.765][info ][command:null][tid:147][com.martiansoftware.nailgun.NGSession] Server cleanly exited with status 1
[2018-05-02 19:10:28.765][debug][command:null][tid:147][com.martiansoftware.nailgun.NGCommunicator] Shutting down read ExecutorService
[2018-05-02 19:10:28.799][debug][command:null][tid:147][com.martiansoftware.nailgun.NGCommunicator] Shutting down orchestrator ExecutorService
[2018-05-02 19:10:28.799][debug][command:null][tid:151][com.martiansoftware.nailgun.NGCommunicator] Socket is disconnected
[2018-05-02 19:10:28.799][debug][command:null][tid:151][com.martiansoftware.nailgun.NGCommunicator] Nailgun client disconnected
[2018-05-02 19:10:28.799][debug][command:null][tid:151][com.martiansoftware.nailgun.NGCommunicator] Orchestrator thread finished
[2018-05-02 19:10:28.799][debug][command:null][tid:147][com.martiansoftware.nailgun.NGSession] Closing client socket
[2018-05-02 19:10:28.799][debug][command:null][tid:147][com.martiansoftware.nailgun.NGSession] Waiting for next client to connect
[2018-05-02 19:10:28.799][info ][command:null][tid:147][com.martiansoftware.nailgun.NGSession] NGSession shutting down
[2018-05-02 19:10:41.954][debug][command:null][tid:150][com.martiansoftware.nailgun.NGSession] Client connected
[2018-05-02 19:10:41.955][debug][command:null][tid:168][com.martiansoftware.nailgun.NGSession] Waiting for first client to connect
[2018-05-02 19:10:41.959][debug][command:null][tid:169][com.martiansoftware.nailgun.NGCommunicator] Orchestrator thread started
[2018-05-02 19:10:41.959][debug][command:null][tid:150][com.martiansoftware.nailgun.NGCommunicator] Shutting down read ExecutorService
[2018-05-02 19:10:41.959][debug][command:null][tid:169][com.martiansoftware.nailgun.NGCommunicator] Nailgun client disconnected
[2018-05-02 19:10:41.959][debug][command:null][tid:150][com.martiansoftware.nailgun.NGCommunicator] Shutting down orchestrator ExecutorService
[2018-05-02 19:10:41.959][debug][command:null][tid:169][com.martiansoftware.nailgun.NGCommunicator] Orchestrator thread finished
[2018-05-02 19:10:41.960][debug][command:null][tid:150][com.martiansoftware.nailgun.NGSession] Closing client socket
[2018-05-02 19:10:41.960][debug][command:null][tid:150][com.martiansoftware.nailgun.NGSession] Waiting for next client to connect
[2018-05-02 19:10:41.960][info ][command:null][tid:150][com.martiansoftware.nailgun.NGSession] NGSession shutting down
[2018-05-02 19:10:41.969][debug][command:null][tid:168][com.martiansoftware.nailgun.NGSession] Client connected
[2018-05-02 19:10:41.970][debug][command:null][tid:171][com.martiansoftware.nailgun.NGSession] Waiting for first client to connect
[2018-05-02 19:10:41.974][debug][command:null][tid:172][com.martiansoftware.nailgun.NGCommunicator] Orchestrator thread started
[2018-05-02 19:10:41.974][debug][command:null][tid:168][com.facebook.buck.util.config.Configs] Loading configuration for /Users/scottjones/BuckExample/StashUI/UI
[2018-05-02 19:10:41.974][debug][command:null][tid:168][com.facebook.buck.util.config.Configs] Loaded project configuration file /Users/scottjones/BuckExample/StashUI/UI/.buckconfig
[2018-05-02 19:10:41.975][debug][command:null][tid:168][com.facebook.buck.util.config.Configs] Adding configuration overrides RawConfig{values={}}
[2018-05-02 19:10:41.977][debug][command:null][tid:168][com.facebook.buck.cli.Main] Rotating log.
