[2018-05-02 19:09:00.692][debug][command:null][tid:01][com.sun.jna.Platform] null
java.io.FileNotFoundException: /proc/self/exe (No such file or directory)
	at java.io.RandomAccessFile.open0(Native Method)
	at java.io.RandomAccessFile.open(RandomAccessFile.java:316)
	at java.io.RandomAccessFile.<init>(RandomAccessFile.java:243)
	at java.io.RandomAccessFile.<init>(RandomAccessFile.java:124)
	at com.sun.jna.ELFAnalyser.runDetection(ELFAnalyser.java:109)
	at com.sun.jna.ELFAnalyser.analyse(ELFAnalyser.java:36)
	at com.sun.jna.Platform.isSoftFloat(Platform.java:259)
	at com.sun.jna.Platform.<clinit>(Platform.java:133)
	at com.sun.jna.Native.loadNativeDispatchLibraryFromClasspath(Native.java:936)
	at com.sun.jna.Native.loadNativeDispatchLibrary(Native.java:922)
	at com.sun.jna.Native.<clinit>(Native.java:190)
	at com.sun.jna.Pointer.<clinit>(Pointer.java:54)
	at com.facebook.buck.cli.Main.<clinit>(Main.java:232)
	at com.facebook.buck.cli.Main$DaemonBootstrap.main(Main.java:1912)
	at sun.reflect.NativeMethodAccessorImpl.invoke0(Native Method)
	at sun.reflect.NativeMethodAccessorImpl.invoke(NativeMethodAccessorImpl.java:62)
	at sun.reflect.DelegatingMethodAccessorImpl.invoke(DelegatingMethodAccessorImpl.java:43)
	at java.lang.reflect.Method.invoke(Method.java:498)
	at com.facebook.buck.cli.bootstrapper.ClassLoaderBootstrapper.main(ClassLoaderBootstrapper.java:55)

[2018-05-02 19:09:00.769][debug][command:null][tid:01][com.sun.jna.Platform] null
java.io.FileNotFoundException: /proc/self/exe (No such file or directory)
	at java.io.RandomAccessFile.open0(Native Method)
	at java.io.RandomAccessFile.open(RandomAccessFile.java:316)
	at java.io.RandomAccessFile.<init>(RandomAccessFile.java:243)
	at java.io.RandomAccessFile.<init>(RandomAccessFile.java:124)
	at com.sun.jna.ELFAnalyser.runDetection(ELFAnalyser.java:109)
	at com.sun.jna.ELFAnalyser.analyse(ELFAnalyser.java:36)
	at com.sun.jna.Platform.isSoftFloat(Platform.java:259)
	at com.sun.jna.Platform.getNativeLibraryResourcePrefix(Platform.java:287)
	at com.sun.jna.Platform.getNativeLibraryResourcePrefix(Platform.java:276)
	at com.sun.jna.Platform.<clinit>(Platform.java:134)
	at com.sun.jna.Native.loadNativeDispatchLibraryFromClasspath(Native.java:936)
	at com.sun.jna.Native.loadNativeDispatchLibrary(Native.java:922)
	at com.sun.jna.Native.<clinit>(Native.java:190)
	at com.sun.jna.Pointer.<clinit>(Pointer.java:54)
	at com.facebook.buck.cli.Main.<clinit>(Main.java:232)
	at com.facebook.buck.cli.Main$DaemonBootstrap.main(Main.java:1912)
	at sun.reflect.NativeMethodAccessorImpl.invoke0(Native Method)
	at sun.reflect.NativeMethodAccessorImpl.invoke(NativeMethodAccessorImpl.java:62)
	at sun.reflect.DelegatingMethodAccessorImpl.invoke(DelegatingMethodAccessorImpl.java:43)
	at java.lang.reflect.Method.invoke(Method.java:498)
	at com.facebook.buck.cli.bootstrapper.ClassLoaderBootstrapper.main(ClassLoaderBootstrapper.java:55)

[2018-05-02 19:09:00.847][info ][command:null][tid:01][com.facebook.buck.cli.HangMonitor] HangMonitorAutoStart
[2018-05-02 19:09:00.967][debug][command:null][tid:01][com.google.common.util.concurrent.ServiceManager] Starting HangMonitor [STARTING].
[2018-05-02 19:09:00.968][debug][command:null][tid:01][com.google.common.util.concurrent.ServiceManager] Started HangMonitor [RUNNING] in 13.65 ms.
[2018-05-02 19:09:01.005][info ][command:null][tid:01][com.facebook.buck.cli.Main] enabling background process killing for buckd
[2018-05-02 19:09:01.011][info ][command:null][tid:01][com.facebook.buck.cli.Main] enabled background process killing for buckd
[2018-05-02 19:09:01.013][info ][command:null][tid:01][com.facebook.buck.cli.Main] initialized bg session killer
[2018-05-02 19:09:01.074][debug][command:null][tid:13][com.martiansoftware.nailgun.NGSession] Waiting for first client to connect
[2018-05-02 19:09:01.126][debug][command:null][tid:14][com.martiansoftware.nailgun.NGSession] Waiting for first client to connect
[2018-05-02 19:09:01.127][debug][command:null][tid:13][com.martiansoftware.nailgun.NGSession] Client connected
[2018-05-02 19:09:01.137][debug][command:null][tid:15][com.martiansoftware.nailgun.NGCommunicator] Orchestrator thread started
[2018-05-02 19:09:01.183][debug][command:null][tid:13][com.facebook.buck.util.config.Configs] Loading configuration for /Users/scottjones/BuckExample/StashUI/UI
[2018-05-02 19:09:01.227][debug][command:null][tid:13][com.facebook.buck.util.config.Configs] Loaded project configuration file /Users/scottjones/BuckExample/StashUI/UI/.buckconfig
[2018-05-02 19:09:01.228][debug][command:null][tid:13][com.facebook.buck.util.config.Configs] Adding configuration overrides RawConfig{values={}}
[2018-05-02 19:09:01.428][debug][command:null][tid:13][com.facebook.buck.cli.Main] Rotating log.
