[2018-05-02 19:09:39.956][debug][command:f6610e34-df94-41f4-a261-9e5b85adb9e3][tid:83][com.facebook.buck.event.listener.SuperConsoleEventBusListener] Starting render scheduler (interval 100 ms)
[2018-05-02 19:09:39.957][debug][command:f6610e34-df94-41f4-a261-9e5b85adb9e3][tid:83][com.google.common.util.concurrent.ServiceManager] Starting PerfStatsTracking [STARTING].
[2018-05-02 19:09:39.958][debug][command:f6610e34-df94-41f4-a261-9e5b85adb9e3][tid:83][com.google.common.util.concurrent.ServiceManager] Starting ProcessTracker [STARTING].
[2018-05-02 19:09:39.958][debug][command:f6610e34-df94-41f4-a261-9e5b85adb9e3][tid:83][com.facebook.buck.util.environment.MacWifiSsidFinder] Getting current SSID..
[2018-05-02 19:09:39.958][debug][command:null][tid:93][com.google.common.util.concurrent.ServiceManager] Started PerfStatsTracking [RUNNING] in 696.3 μs.
[2018-05-02 19:09:39.958][debug][command:null][tid:93][com.google.common.util.concurrent.ServiceManager] Started PerfStatsTracking [RUNNING] in 696.3 μs.
[2018-05-02 19:09:39.958][debug][command:null][tid:94][com.facebook.buck.util.perf.ProcessTracker] startUp
[2018-05-02 19:09:39.958][debug][command:null][tid:94][com.facebook.buck.util.perf.ProcessTracker] startUp
[2018-05-02 19:09:39.959][debug][command:f6610e34-df94-41f4-a261-9e5b85adb9e3][tid:83][com.facebook.buck.util.environment.MacWifiSsidFinder] Getting SSID from Wi-Fi interface: <CWInterface: 0x7f96fdfa3710> [interfaceName=en0]
[2018-05-02 19:09:39.960][debug][command:null][tid:94][com.google.common.util.concurrent.ServiceManager] Started ProcessTracker [RUNNING] in 2.512 ms.
[2018-05-02 19:09:39.960][debug][command:null][tid:94][com.google.common.util.concurrent.ServiceManager] Started ProcessTracker [RUNNING] in 2.512 ms.
[2018-05-02 19:09:39.960][debug][command:f6610e34-df94-41f4-a261-9e5b85adb9e3][tid:83][com.facebook.buck.util.environment.MacWifiSsidFinder] No SSID found for interface <CWInterface: 0x7f96fdfa3710> [interfaceName=en0].
[2018-05-02 19:09:39.961][debug][command:f6610e34-df94-41f4-a261-9e5b85adb9e3][tid:83][com.facebook.buck.cli.Main] InvocationInfo BuildId=[f6610e34-df94-41f4-a261-9e5b85adb9e3] Args=[build, //StashUI/UI/Pod:SnapKit]
[2018-05-02 19:09:39.969][warn ][command:f6610e34-df94-41f4-a261-9e5b85adb9e3][tid:83][com.facebook.buck.event.listener.PublicAnnouncementManager] Failed to get public announcements. Reason: Failed to establish connection to server.
[2018-05-02 19:09:39.970][info ][command:null][tid:98][com.facebook.buck.util.versioncontrol.VersionControlStatsGenerator] Starting generation of version control stats.
[2018-05-02 19:09:39.970][info ][command:null][tid:98][com.facebook.buck.util.versioncontrol.VersionControlStatsGenerator] Starting generation of version control stats.
[2018-05-02 19:09:39.970][debug][command:null][tid:98][com.facebook.buck.util.versioncontrol.VersionControlCmdLineInterface] Executing command: hg log -l 1 --template {node|short}
[2018-05-02 19:09:39.970][debug][command:null][tid:98][com.facebook.buck.util.versioncontrol.VersionControlCmdLineInterface] Executing command: hg log -l 1 --template {node|short}
[2018-05-02 19:09:39.973][debug][command:f6610e34-df94-41f4-a261-9e5b85adb9e3][tid:83][com.facebook.buck.parser.Parser] com.facebook.buck.event.DefaultBuckEventBus@6c8e417c
[2018-05-02 19:09:39.974][debug][command:null][tid:101][com.facebook.buck.io.WatchmanTransportClient] Sending query: [query, /Users/scottjones/BuckExample, {since=c:1525269255:464:2:916, expression=[not, [anyof, [type, d], [dirname, .idea], [dirname, .buckd], [dirname, buck-out/cache], [dirname, buck-out/.trash], [dirname, buck-out], [match, **/*.pbxproj, wholename, {includedotfiles=true}], [match, **/*.xcscheme, wholename, {includedotfiles=true}], [match, **/*.xcworkspacedata, wholename, {includedotfiles=true}], [match, **/*~, wholename, {includedotfiles=true}], [match, **/#*#, wholename, {includedotfiles=true}], [match, **/.#*, wholename, {includedotfiles=true}], [match, **/*.swo, wholename, {includedotfiles=true}], [match, **/*.swp, wholename, {includedotfiles=true}], [match, **/*.swpx, wholename, {includedotfiles=true}], [match, **/*.un~, wholename, {includedotfiles=true}], [match, **/.netrhwist, wholename, {includedotfiles=true}], [match, .idea, wholename, {includedotfiles=true}], [match, .iml, wholename, {includedotfiles=true}], [match, **/*.pydevproject, wholename, {includedotfiles=true}], [match, .project, wholename, {includedotfiles=true}], [match, .metadata, wholename, {includedotfiles=true}], [match, **/*.tmp, wholename, {includedotfiles=true}], [match, **/*.bak, wholename, {includedotfiles=true}], [match, **/*~.nib, wholename, {includedotfiles=true}], [match, .classpath, wholename, {includedotfiles=true}], [match, .settings, wholename, {includedotfiles=true}], [match, .loadpath, wholename, {includedotfiles=true}], [match, .externalToolBuilders, wholename, {includedotfiles=true}], [match, .cproject, wholename, {includedotfiles=true}], [match, .buildpath, wholename, {includedotfiles=true}], [match, .DS_Store, wholename, {includedotfiles=true}], [match, .AppleDouble, wholename, {includedotfiles=true}], [match, .LSOverride, wholename, {includedotfiles=true}], [match, .Spotlight-V100, wholename, {includedotfiles=true}], [match, .Trashes, wholename, {includedotfiles=true}], [match, $RECYCLE.BIN, wholename, {includedotfiles=true}], [match, .*.sublime-workspace, wholename, {includedotfiles=true}]]], empty_on_fresh_instance=true, fields=[name, exists, new], relative_root=StashUI/UI}]
[2018-05-02 19:09:39.974][debug][command:null][tid:101][com.facebook.buck.io.WatchmanTransportClient] Sending query: [query, /Users/scottjones/BuckExample, {since=c:1525269255:464:2:916, expression=[not, [anyof, [type, d], [dirname, .idea], [dirname, .buckd], [dirname, buck-out/cache], [dirname, buck-out/.trash], [dirname, buck-out], [match, **/*.pbxproj, wholename, {includedotfiles=true}], [match, **/*.xcscheme, wholename, {includedotfiles=true}], [match, **/*.xcworkspacedata, wholename, {includedotfiles=true}], [match, **/*~, wholename, {includedotfiles=true}], [match, **/#*#, wholename, {includedotfiles=true}], [match, **/.#*, wholename, {includedotfiles=true}], [match, **/*.swo, wholename, {includedotfiles=true}], [match, **/*.swp, wholename, {includedotfiles=true}], [match, **/*.swpx, wholename, {includedotfiles=true}], [match, **/*.un~, wholename, {includedotfiles=true}], [match, **/.netrhwist, wholename, {includedotfiles=true}], [match, .idea, wholename, {includedotfiles=true}], [match, .iml, wholename, {includedotfiles=true}], [match, **/*.pydevproject, wholename, {includedotfiles=true}], [match, .project, wholename, {includedotfiles=true}], [match, .metadata, wholename, {includedotfiles=true}], [match, **/*.tmp, wholename, {includedotfiles=true}], [match, **/*.bak, wholename, {includedotfiles=true}], [match, **/*~.nib, wholename, {includedotfiles=true}], [match, .classpath, wholename, {includedotfiles=true}], [match, .settings, wholename, {includedotfiles=true}], [match, .loadpath, wholename, {includedotfiles=true}], [match, .externalToolBuilders, wholename, {includedotfiles=true}], [match, .cproject, wholename, {includedotfiles=true}], [match, .buildpath, wholename, {includedotfiles=true}], [match, .DS_Store, wholename, {includedotfiles=true}], [match, .AppleDouble, wholename, {includedotfiles=true}], [match, .LSOverride, wholename, {includedotfiles=true}], [match, .Spotlight-V100, wholename, {includedotfiles=true}], [match, .Trashes, wholename, {includedotfiles=true}], [match, $RECYCLE.BIN, wholename, {includedotfiles=true}], [match, .*.sublime-workspace, wholename, {includedotfiles=true}]]], empty_on_fresh_instance=true, fields=[name, exists, new], relative_root=StashUI/UI}]
[2018-05-02 19:09:39.975][warn ][command:null][tid:98][com.facebook.buck.util.versioncontrol.DelegatingVersionControlCmdLineInterface] Mercurial is the only VCS supported for VCS stats generation, however current project (which has enabled VCS stats generation in its .buckconfig) does not appear to be a Mercurial repository: 
com.facebook.buck.util.versioncontrol.VersionControlCommandFailedException: java.io.IOException: Cannot run program "hg" (in directory "/Users/scottjones/BuckExample/StashUI/UI"): error=2, No such file or directory
[2018-05-02 19:09:39.975][warn ][command:null][tid:98][com.facebook.buck.util.versioncontrol.DelegatingVersionControlCmdLineInterface] Mercurial is the only VCS supported for VCS stats generation, however current project (which has enabled VCS stats generation in its .buckconfig) does not appear to be a Mercurial repository: 
com.facebook.buck.util.versioncontrol.VersionControlCommandFailedException: java.io.IOException: Cannot run program "hg" (in directory "/Users/scottjones/BuckExample/StashUI/UI"): error=2, No such file or directory
[2018-05-02 19:09:39.975][debug][command:null][tid:98][com.facebook.buck.util.versioncontrol.DelegatingVersionControlCmdLineInterface] Using NoOpCmdLineInterface.
[2018-05-02 19:09:39.975][debug][command:null][tid:98][com.facebook.buck.util.versioncontrol.DelegatingVersionControlCmdLineInterface] Using NoOpCmdLineInterface.
[2018-05-02 19:09:39.975][warn ][command:null][tid:98][com.facebook.buck.util.versioncontrol.VersionControlStatsGenerator] Skipping generation of version control stats as unsupported repository type.
[2018-05-02 19:09:39.975][warn ][command:null][tid:98][com.facebook.buck.util.versioncontrol.VersionControlStatsGenerator] Skipping generation of version control stats as unsupported repository type.
[2018-05-02 19:09:39.975][debug][command:null][tid:98][com.facebook.buck.util.environment.MacNetworkConfiguration] Determine network service order and extract device names
[2018-05-02 19:09:39.975][debug][command:null][tid:98][com.facebook.buck.util.environment.MacNetworkConfiguration] Determine network service order and extract device names
[2018-05-02 19:09:39.975][debug][command:null][tid:98][com.facebook.buck.util.ListeningProcessExecutor] Launching process with params ProcessExecutorParams{command=[networksetup, -listnetworkserviceorder, ]}
[2018-05-02 19:09:39.975][debug][command:null][tid:98][com.facebook.buck.util.ListeningProcessExecutor] Launching process with params ProcessExecutorParams{command=[networksetup, -listnetworkserviceorder, ]}
[2018-05-02 19:09:39.978][debug][command:null][tid:98][com.facebook.buck.util.ListeningProcessExecutor] Successfully launched process com.zaxxer.nuprocess.osx.OsxProcess@4d462ff5
[2018-05-02 19:09:39.978][debug][command:null][tid:98][com.facebook.buck.util.ListeningProcessExecutor] Successfully launched process com.zaxxer.nuprocess.osx.OsxProcess@4d462ff5
[2018-05-02 19:09:39.979][debug][command:null][tid:98][com.facebook.buck.util.ListeningProcessExecutor] Waiting for process com.facebook.buck.util.ListeningProcessExecutor$LaunchedProcessImpl@4979b285 timeout 1000 MILLISECONDS
[2018-05-02 19:09:39.979][debug][command:null][tid:98][com.facebook.buck.util.ListeningProcessExecutor] Waiting for process com.facebook.buck.util.ListeningProcessExecutor$LaunchedProcessImpl@4979b285 timeout 1000 MILLISECONDS
[2018-05-02 19:09:39.987][debug][command:null][tid:100][com.facebook.buck.io.WatchmanTransportClient] Query [query, /Users/scottjones/BuckExample, {since=c:1525269255:464:2:916, expression=[not, [anyof, [type, d], [dirname, .idea], [dirname, .buckd], [dirname, buck-out/cache], [dirname, buck-out/.trash], [dirname, buck-out], [match, **/*.pbxproj, wholename, {includedotfiles=true}], [match, **/*.xcscheme, wholename, {includedotfiles=true}], [match, **/*.xcworkspacedata, wholename, {includedotfiles=true}], [match, **/*~, wholename, {includedotfiles=true}], [match, **/#*#, wholename, {includedotfiles=true}], [match, **/.#*, wholename, {includedotfiles=true}], [match, **/*.swo, wholename, {includedotfiles=true}], [match, **/*.swp, wholename, {includedotfiles=true}], [match, **/*.swpx, wholename, {includedotfiles=true}], [match, **/*.un~, wholename, {includedotfiles=true}], [match, **/.netrhwist, wholename, {includedotfiles=true}], [match, .idea, wholename, {includedotfiles=true}], [match, .iml, wholename, {includedotfiles=true}], [match, **/*.pydevproject, wholename, {includedotfiles=true}], [match, .project, wholename, {includedotfiles=true}], [match, .metadata, wholename, {includedotfiles=true}], [match, **/*.tmp, wholename, {includedotfiles=true}], [match, **/*.bak, wholename, {includedotfiles=true}], [match, **/*~.nib, wholename, {includedotfiles=true}], [match, .classpath, wholename, {includedotfiles=true}], [match, .settings, wholename, {includedotfiles=true}], [match, .loadpath, wholename, {includedotfiles=true}], [match, .externalToolBuilders, wholename, {includedotfiles=true}], [match, .cproject, wholename, {includedotfiles=true}], [match, .buildpath, wholename, {includedotfiles=true}], [match, .DS_Store, wholename, {includedotfiles=true}], [match, .AppleDouble, wholename, {includedotfiles=true}], [match, .LSOverride, wholename, {includedotfiles=true}], [match, .Spotlight-V100, wholename, {includedotfiles=true}], [match, .Trashes, wholename, {includedotfiles=true}], [match, $RECYCLE.BIN, wholename, {includedotfiles=true}], [match, .*.sublime-workspace, wholename, {includedotfiles=true}]]], empty_on_fresh_instance=true, fields=[name, exists, new], relative_root=StashUI/UI}] returned in 13 ms
[2018-05-02 19:09:39.987][debug][command:null][tid:100][com.facebook.buck.io.WatchmanTransportClient] Query [query, /Users/scottjones/BuckExample, {since=c:1525269255:464:2:916, expression=[not, [anyof, [type, d], [dirname, .idea], [dirname, .buckd], [dirname, buck-out/cache], [dirname, buck-out/.trash], [dirname, buck-out], [match, **/*.pbxproj, wholename, {includedotfiles=true}], [match, **/*.xcscheme, wholename, {includedotfiles=true}], [match, **/*.xcworkspacedata, wholename, {includedotfiles=true}], [match, **/*~, wholename, {includedotfiles=true}], [match, **/#*#, wholename, {includedotfiles=true}], [match, **/.#*, wholename, {includedotfiles=true}], [match, **/*.swo, wholename, {includedotfiles=true}], [match, **/*.swp, wholename, {includedotfiles=true}], [match, **/*.swpx, wholename, {includedotfiles=true}], [match, **/*.un~, wholename, {includedotfiles=true}], [match, **/.netrhwist, wholename, {includedotfiles=true}], [match, .idea, wholename, {includedotfiles=true}], [match, .iml, wholename, {includedotfiles=true}], [match, **/*.pydevproject, wholename, {includedotfiles=true}], [match, .project, wholename, {includedotfiles=true}], [match, .metadata, wholename, {includedotfiles=true}], [match, **/*.tmp, wholename, {includedotfiles=true}], [match, **/*.bak, wholename, {includedotfiles=true}], [match, **/*~.nib, wholename, {includedotfiles=true}], [match, .classpath, wholename, {includedotfiles=true}], [match, .settings, wholename, {includedotfiles=true}], [match, .loadpath, wholename, {includedotfiles=true}], [match, .externalToolBuilders, wholename, {includedotfiles=true}], [match, .cproject, wholename, {includedotfiles=true}], [match, .buildpath, wholename, {includedotfiles=true}], [match, .DS_Store, wholename, {includedotfiles=true}], [match, .AppleDouble, wholename, {includedotfiles=true}], [match, .LSOverride, wholename, {includedotfiles=true}], [match, .Spotlight-V100, wholename, {includedotfiles=true}], [match, .Trashes, wholename, {includedotfiles=true}], [match, $RECYCLE.BIN, wholename, {includedotfiles=true}], [match, .*.sublime-workspace, wholename, {includedotfiles=true}]]], empty_on_fresh_instance=true, fields=[name, exists, new], relative_root=StashUI/UI}] returned in 13 ms
[2018-05-02 19:09:39.988][debug][command:null][tid:100][com.facebook.buck.io.WatchmanWatcher] Updating Watchman Cursor from c:1525269255:464:2:916 to c:1525269255:464:2:927
[2018-05-02 19:09:39.988][debug][command:null][tid:100][com.facebook.buck.io.WatchmanWatcher] Updating Watchman Cursor from c:1525269255:464:2:916 to c:1525269255:464:2:927
[2018-05-02 19:09:39.988][debug][command:null][tid:100][com.facebook.buck.io.WatchmanWatcher] Posted 0 Watchman events.
[2018-05-02 19:09:39.988][debug][command:null][tid:100][com.facebook.buck.io.WatchmanWatcher] Posted 0 Watchman events.
[2018-05-02 19:09:39.988][debug][command:null][tid:100][com.facebook.buck.io.WatchmanTransportClient] Closing Watchman transport.
[2018-05-02 19:09:39.988][debug][command:null][tid:100][com.facebook.buck.io.WatchmanTransportClient] Closing Watchman transport.
[2018-05-02 19:09:39.991][info ][command:null][tid:99][com.facebook.buck.event.listener.LoggingBuildListener] Build started at 2018-05-02 19:09:39.991
[2018-05-02 19:09:39.991][info ][command:null][tid:99][com.facebook.buck.event.listener.LoggingBuildListener] Build started at 2018-05-02 19:09:39.991
[2018-05-02 19:09:39.994][info ][command:null][tid:99][com.facebook.buck.event.listener.LoggingBuildListener] Build finished at 2018-05-02 19:09:39.994
[2018-05-02 19:09:39.994][info ][command:null][tid:99][com.facebook.buck.event.listener.LoggingBuildListener] Build finished at 2018-05-02 19:09:39.994
[2018-05-02 19:09:39.995][debug][command:f6610e34-df94-41f4-a261-9e5b85adb9e3][tid:94][com.facebook.buck.util.perf.ProcessTracker] shutDown
[2018-05-02 19:09:39.995][debug][command:null][tid:93][com.google.common.util.concurrent.ServiceManager] Service PerfStatsTracking [TERMINATED] has terminated. Previous state was: STOPPING
[2018-05-02 19:09:39.995][debug][command:null][tid:93][com.google.common.util.concurrent.ServiceManager] Service PerfStatsTracking [TERMINATED] has terminated. Previous state was: STOPPING
[2018-05-02 19:09:39.996][debug][command:f6610e34-df94-41f4-a261-9e5b85adb9e3][tid:94][com.google.common.util.concurrent.ServiceManager] Service ProcessTracker [TERMINATED] has terminated. Previous state was: STOPPING
[2018-05-02 19:09:39.996][debug][command:f6610e34-df94-41f4-a261-9e5b85adb9e3][tid:83][com.facebook.buck.event.listener.SuperConsoleEventBusListener] Stopping render scheduler
[2018-05-02 19:09:39.997][info ][command:f6610e34-df94-41f4-a261-9e5b85adb9e3][tid:83][com.facebook.buck.cli.Main] Awaiting termination of PROJECT executor service. Waiting for all jobs to complete, or up to maximum of 60 seconds...
[2018-05-02 19:09:39.997][info ][command:f6610e34-df94-41f4-a261-9e5b85adb9e3][tid:83][com.facebook.buck.cli.Main] Successfully terminated PROJECT executor service.
[2018-05-02 19:09:39.997][info ][command:f6610e34-df94-41f4-a261-9e5b85adb9e3][tid:83][com.facebook.buck.cli.Main] Awaiting termination of NETWORK executor service. Waiting for all jobs to complete, or up to maximum of 60 seconds...
[2018-05-02 19:09:39.997][info ][command:f6610e34-df94-41f4-a261-9e5b85adb9e3][tid:83][com.facebook.buck.cli.Main] Successfully terminated NETWORK executor service.
[2018-05-02 19:09:39.998][info ][command:f6610e34-df94-41f4-a261-9e5b85adb9e3][tid:83][com.facebook.buck.cli.Main] Awaiting termination of CPU executor service. Waiting for all jobs to complete, or up to maximum of 60 seconds...
[2018-05-02 19:09:39.998][info ][command:f6610e34-df94-41f4-a261-9e5b85adb9e3][tid:83][com.facebook.buck.cli.Main] Successfully terminated CPU executor service.
[2018-05-02 19:09:39.998][info ][command:f6610e34-df94-41f4-a261-9e5b85adb9e3][tid:83][com.facebook.buck.cli.Main] Awaiting termination of ScheduledExecutorService executor service. Waiting for all jobs to complete, or up to maximum of 60 seconds...
[2018-05-02 19:09:39.998][info ][command:f6610e34-df94-41f4-a261-9e5b85adb9e3][tid:83][com.facebook.buck.cli.Main] Successfully terminated ScheduledExecutorService executor service.
[2018-05-02 19:09:39.998][info ][command:f6610e34-df94-41f4-a261-9e5b85adb9e3][tid:83][com.facebook.buck.cli.Main] Awaiting termination of CounterAggregatorExecutor executor service. Waiting for all jobs to complete, or up to maximum of 20 seconds...
[2018-05-02 19:09:39.998][info ][command:f6610e34-df94-41f4-a261-9e5b85adb9e3][tid:83][com.facebook.buck.cli.Main] Successfully terminated CounterAggregatorExecutor executor service.
[2018-05-02 19:09:39.998][info ][command:f6610e34-df94-41f4-a261-9e5b85adb9e3][tid:83][com.facebook.buck.cli.Main] Awaiting termination of HTTP Read executor service. Waiting for all jobs to complete, or up to maximum of 1800 seconds...
[2018-05-02 19:09:39.998][info ][command:f6610e34-df94-41f4-a261-9e5b85adb9e3][tid:83][com.facebook.buck.cli.Main] Successfully terminated HTTP Read executor service.
[2018-05-02 19:09:39.998][info ][command:f6610e34-df94-41f4-a261-9e5b85adb9e3][tid:83][com.facebook.buck.cli.Main] Awaiting termination of Download Heavy Build HTTP Read executor service. Waiting for all jobs to complete, or up to maximum of 1800 seconds...
[2018-05-02 19:09:39.999][info ][command:f6610e34-df94-41f4-a261-9e5b85adb9e3][tid:83][com.facebook.buck.cli.Main] Successfully terminated Download Heavy Build HTTP Read executor service.
[2018-05-02 19:09:39.999][info ][command:f6610e34-df94-41f4-a261-9e5b85adb9e3][tid:83][com.facebook.buck.cli.Main] Awaiting termination of HTTP Write executor service. Waiting for all jobs to complete, or up to maximum of 1800 seconds...
[2018-05-02 19:09:39.999][info ][command:f6610e34-df94-41f4-a261-9e5b85adb9e3][tid:83][com.facebook.buck.cli.Main] Successfully terminated HTTP Write executor service.
[2018-05-02 19:09:39.999][info ][command:f6610e34-df94-41f4-a261-9e5b85adb9e3][tid:83][com.facebook.buck.cli.Main] Awaiting termination of Disk IO executor service. Waiting for all jobs to complete, or up to maximum of 10 seconds...
[2018-05-02 19:09:40.043][debug][command:null][tid:98][com.facebook.buck.util.ListeningProcessExecutor] Wait for process returned 0
[2018-05-02 19:09:40.043][debug][command:null][tid:98][com.facebook.buck.util.ListeningProcessExecutor] Wait for process returned 0
[2018-05-02 19:09:40.044][debug][command:null][tid:98][com.facebook.buck.util.ListeningProcessExecutor] Destroying process com.facebook.buck.util.ListeningProcessExecutor$LaunchedProcessImpl@4979b285 (force true)
[2018-05-02 19:09:40.044][debug][command:null][tid:98][com.facebook.buck.util.ListeningProcessExecutor] Destroying process com.facebook.buck.util.ListeningProcessExecutor$LaunchedProcessImpl@4979b285 (force true)
[2018-05-02 19:09:40.044][debug][command:null][tid:98][com.facebook.buck.util.environment.MacNetworkConfiguration] Determine active state of media for device
[2018-05-02 19:09:40.044][debug][command:null][tid:98][com.facebook.buck.util.environment.MacNetworkConfiguration] Determine active state of media for device
[2018-05-02 19:09:40.045][debug][command:null][tid:98][com.facebook.buck.util.ListeningProcessExecutor] Launching process with params ProcessExecutorParams{command=[networksetup, -getMedia, lpss-serial1]}
[2018-05-02 19:09:40.045][debug][command:null][tid:98][com.facebook.buck.util.ListeningProcessExecutor] Launching process with params ProcessExecutorParams{command=[networksetup, -getMedia, lpss-serial1]}
[2018-05-02 19:09:40.046][debug][command:null][tid:98][com.facebook.buck.util.ListeningProcessExecutor] Successfully launched process com.zaxxer.nuprocess.osx.OsxProcess@c7b25ce
[2018-05-02 19:09:40.046][debug][command:null][tid:98][com.facebook.buck.util.ListeningProcessExecutor] Successfully launched process com.zaxxer.nuprocess.osx.OsxProcess@c7b25ce
[2018-05-02 19:09:40.046][debug][command:null][tid:98][com.facebook.buck.util.ListeningProcessExecutor] Waiting for process com.facebook.buck.util.ListeningProcessExecutor$LaunchedProcessImpl@41780bc5 timeout 1000 MILLISECONDS
[2018-05-02 19:09:40.046][debug][command:null][tid:98][com.facebook.buck.util.ListeningProcessExecutor] Waiting for process com.facebook.buck.util.ListeningProcessExecutor$LaunchedProcessImpl@41780bc5 timeout 1000 MILLISECONDS
[2018-05-02 19:09:40.074][debug][command:null][tid:98][com.facebook.buck.util.ListeningProcessExecutor] Wait for process returned 4
[2018-05-02 19:09:40.074][debug][command:null][tid:98][com.facebook.buck.util.ListeningProcessExecutor] Wait for process returned 4
[2018-05-02 19:09:40.075][debug][command:null][tid:98][com.facebook.buck.util.ListeningProcessExecutor] Destroying process com.facebook.buck.util.ListeningProcessExecutor$LaunchedProcessImpl@41780bc5 (force true)
[2018-05-02 19:09:40.075][debug][command:null][tid:98][com.facebook.buck.util.ListeningProcessExecutor] Destroying process com.facebook.buck.util.ListeningProcessExecutor$LaunchedProcessImpl@41780bc5 (force true)
[2018-05-02 19:09:40.075][debug][command:null][tid:98][com.facebook.buck.util.environment.MacNetworkConfiguration] Determine active state of media for device
[2018-05-02 19:09:40.075][debug][command:null][tid:98][com.facebook.buck.util.environment.MacNetworkConfiguration] Determine active state of media for device
[2018-05-02 19:09:40.075][debug][command:null][tid:98][com.facebook.buck.util.ListeningProcessExecutor] Launching process with params ProcessExecutorParams{command=[networksetup, -getMedia, lpss-serial2]}
[2018-05-02 19:09:40.075][debug][command:null][tid:98][com.facebook.buck.util.ListeningProcessExecutor] Launching process with params ProcessExecutorParams{command=[networksetup, -getMedia, lpss-serial2]}
[2018-05-02 19:09:40.078][debug][command:null][tid:98][com.facebook.buck.util.ListeningProcessExecutor] Successfully launched process com.zaxxer.nuprocess.osx.OsxProcess@3dbdad98
[2018-05-02 19:09:40.078][debug][command:null][tid:98][com.facebook.buck.util.ListeningProcessExecutor] Successfully launched process com.zaxxer.nuprocess.osx.OsxProcess@3dbdad98
[2018-05-02 19:09:40.078][debug][command:null][tid:98][com.facebook.buck.util.ListeningProcessExecutor] Waiting for process com.facebook.buck.util.ListeningProcessExecutor$LaunchedProcessImpl@3954dd30 timeout 1000 MILLISECONDS
[2018-05-02 19:09:40.078][debug][command:null][tid:98][com.facebook.buck.util.ListeningProcessExecutor] Waiting for process com.facebook.buck.util.ListeningProcessExecutor$LaunchedProcessImpl@3954dd30 timeout 1000 MILLISECONDS
[2018-05-02 19:09:40.106][debug][command:null][tid:98][com.facebook.buck.util.ListeningProcessExecutor] Wait for process returned 4
[2018-05-02 19:09:40.106][debug][command:null][tid:98][com.facebook.buck.util.ListeningProcessExecutor] Wait for process returned 4
[2018-05-02 19:09:40.107][debug][command:null][tid:98][com.facebook.buck.util.ListeningProcessExecutor] Destroying process com.facebook.buck.util.ListeningProcessExecutor$LaunchedProcessImpl@3954dd30 (force true)
[2018-05-02 19:09:40.107][debug][command:null][tid:98][com.facebook.buck.util.ListeningProcessExecutor] Destroying process com.facebook.buck.util.ListeningProcessExecutor$LaunchedProcessImpl@3954dd30 (force true)
[2018-05-02 19:09:40.107][debug][command:null][tid:98][com.facebook.buck.util.environment.MacNetworkConfiguration] Determine active state of media for device
[2018-05-02 19:09:40.107][debug][command:null][tid:98][com.facebook.buck.util.environment.MacNetworkConfiguration] Determine active state of media for device
[2018-05-02 19:09:40.107][debug][command:null][tid:98][com.facebook.buck.util.ListeningProcessExecutor] Launching process with params ProcessExecutorParams{command=[networksetup, -getMedia, en26]}
[2018-05-02 19:09:40.107][debug][command:null][tid:98][com.facebook.buck.util.ListeningProcessExecutor] Launching process with params ProcessExecutorParams{command=[networksetup, -getMedia, en26]}
[2018-05-02 19:09:40.108][debug][command:null][tid:98][com.facebook.buck.util.ListeningProcessExecutor] Successfully launched process com.zaxxer.nuprocess.osx.OsxProcess@6c54da81
[2018-05-02 19:09:40.108][debug][command:null][tid:98][com.facebook.buck.util.ListeningProcessExecutor] Successfully launched process com.zaxxer.nuprocess.osx.OsxProcess@6c54da81
[2018-05-02 19:09:40.108][debug][command:null][tid:98][com.facebook.buck.util.ListeningProcessExecutor] Waiting for process com.facebook.buck.util.ListeningProcessExecutor$LaunchedProcessImpl@6d73d2ed timeout 1000 MILLISECONDS
[2018-05-02 19:09:40.108][debug][command:null][tid:98][com.facebook.buck.util.ListeningProcessExecutor] Waiting for process com.facebook.buck.util.ListeningProcessExecutor$LaunchedProcessImpl@6d73d2ed timeout 1000 MILLISECONDS
[2018-05-02 19:09:40.137][debug][command:null][tid:98][com.facebook.buck.util.ListeningProcessExecutor] Wait for process returned 4
[2018-05-02 19:09:40.137][debug][command:null][tid:98][com.facebook.buck.util.ListeningProcessExecutor] Wait for process returned 4
[2018-05-02 19:09:40.137][debug][command:null][tid:98][com.facebook.buck.util.ListeningProcessExecutor] Destroying process com.facebook.buck.util.ListeningProcessExecutor$LaunchedProcessImpl@6d73d2ed (force true)
[2018-05-02 19:09:40.137][debug][command:null][tid:98][com.facebook.buck.util.ListeningProcessExecutor] Destroying process com.facebook.buck.util.ListeningProcessExecutor$LaunchedProcessImpl@6d73d2ed (force true)
[2018-05-02 19:09:40.137][debug][command:null][tid:98][com.facebook.buck.util.environment.MacNetworkConfiguration] Determine active state of media for device
[2018-05-02 19:09:40.137][debug][command:null][tid:98][com.facebook.buck.util.environment.MacNetworkConfiguration] Determine active state of media for device
[2018-05-02 19:09:40.139][debug][command:null][tid:98][com.facebook.buck.util.ListeningProcessExecutor] Launching process with params ProcessExecutorParams{command=[networksetup, -getMedia, en25]}
[2018-05-02 19:09:40.139][debug][command:null][tid:98][com.facebook.buck.util.ListeningProcessExecutor] Launching process with params ProcessExecutorParams{command=[networksetup, -getMedia, en25]}
[2018-05-02 19:09:40.140][debug][command:null][tid:98][com.facebook.buck.util.ListeningProcessExecutor] Successfully launched process com.zaxxer.nuprocess.osx.OsxProcess@3d7263b6
[2018-05-02 19:09:40.140][debug][command:null][tid:98][com.facebook.buck.util.ListeningProcessExecutor] Successfully launched process com.zaxxer.nuprocess.osx.OsxProcess@3d7263b6
[2018-05-02 19:09:40.140][debug][command:null][tid:98][com.facebook.buck.util.ListeningProcessExecutor] Waiting for process com.facebook.buck.util.ListeningProcessExecutor$LaunchedProcessImpl@22509475 timeout 1000 MILLISECONDS
[2018-05-02 19:09:40.140][debug][command:null][tid:98][com.facebook.buck.util.ListeningProcessExecutor] Waiting for process com.facebook.buck.util.ListeningProcessExecutor$LaunchedProcessImpl@22509475 timeout 1000 MILLISECONDS
[2018-05-02 19:09:40.169][debug][command:null][tid:98][com.facebook.buck.util.ListeningProcessExecutor] Wait for process returned 4
[2018-05-02 19:09:40.169][debug][command:null][tid:98][com.facebook.buck.util.ListeningProcessExecutor] Wait for process returned 4
[2018-05-02 19:09:40.169][debug][command:null][tid:98][com.facebook.buck.util.ListeningProcessExecutor] Destroying process com.facebook.buck.util.ListeningProcessExecutor$LaunchedProcessImpl@22509475 (force true)
[2018-05-02 19:09:40.169][debug][command:null][tid:98][com.facebook.buck.util.ListeningProcessExecutor] Destroying process com.facebook.buck.util.ListeningProcessExecutor$LaunchedProcessImpl@22509475 (force true)
[2018-05-02 19:09:40.169][debug][command:null][tid:98][com.facebook.buck.util.environment.MacNetworkConfiguration] Determine active state of media for device
[2018-05-02 19:09:40.169][debug][command:null][tid:98][com.facebook.buck.util.environment.MacNetworkConfiguration] Determine active state of media for device
[2018-05-02 19:09:40.169][debug][command:null][tid:98][com.facebook.buck.util.ListeningProcessExecutor] Launching process with params ProcessExecutorParams{command=[networksetup, -getMedia, en24]}
[2018-05-02 19:09:40.169][debug][command:null][tid:98][com.facebook.buck.util.ListeningProcessExecutor] Launching process with params ProcessExecutorParams{command=[networksetup, -getMedia, en24]}
[2018-05-02 19:09:40.170][debug][command:null][tid:98][com.facebook.buck.util.ListeningProcessExecutor] Successfully launched process com.zaxxer.nuprocess.osx.OsxProcess@681ac26c
[2018-05-02 19:09:40.170][debug][command:null][tid:98][com.facebook.buck.util.ListeningProcessExecutor] Successfully launched process com.zaxxer.nuprocess.osx.OsxProcess@681ac26c
[2018-05-02 19:09:40.170][debug][command:null][tid:98][com.facebook.buck.util.ListeningProcessExecutor] Waiting for process com.facebook.buck.util.ListeningProcessExecutor$LaunchedProcessImpl@1b0d8138 timeout 1000 MILLISECONDS
[2018-05-02 19:09:40.170][debug][command:null][tid:98][com.facebook.buck.util.ListeningProcessExecutor] Waiting for process com.facebook.buck.util.ListeningProcessExecutor$LaunchedProcessImpl@1b0d8138 timeout 1000 MILLISECONDS
[2018-05-02 19:09:40.198][debug][command:null][tid:98][com.facebook.buck.util.ListeningProcessExecutor] Wait for process returned 4
[2018-05-02 19:09:40.198][debug][command:null][tid:98][com.facebook.buck.util.ListeningProcessExecutor] Wait for process returned 4
[2018-05-02 19:09:40.199][debug][command:null][tid:98][com.facebook.buck.util.ListeningProcessExecutor] Destroying process com.facebook.buck.util.ListeningProcessExecutor$LaunchedProcessImpl@1b0d8138 (force true)
[2018-05-02 19:09:40.199][debug][command:null][tid:98][com.facebook.buck.util.ListeningProcessExecutor] Destroying process com.facebook.buck.util.ListeningProcessExecutor$LaunchedProcessImpl@1b0d8138 (force true)
[2018-05-02 19:09:40.199][debug][command:null][tid:98][com.facebook.buck.util.environment.MacNetworkConfiguration] Determine active state of media for device
[2018-05-02 19:09:40.199][debug][command:null][tid:98][com.facebook.buck.util.environment.MacNetworkConfiguration] Determine active state of media for device
[2018-05-02 19:09:40.200][debug][command:null][tid:98][com.facebook.buck.util.ListeningProcessExecutor] Launching process with params ProcessExecutorParams{command=[networksetup, -getMedia, en23]}
[2018-05-02 19:09:40.200][debug][command:null][tid:98][com.facebook.buck.util.ListeningProcessExecutor] Launching process with params ProcessExecutorParams{command=[networksetup, -getMedia, en23]}
[2018-05-02 19:09:40.201][debug][command:null][tid:98][com.facebook.buck.util.ListeningProcessExecutor] Successfully launched process com.zaxxer.nuprocess.osx.OsxProcess@354c3e3c
[2018-05-02 19:09:40.201][debug][command:null][tid:98][com.facebook.buck.util.ListeningProcessExecutor] Successfully launched process com.zaxxer.nuprocess.osx.OsxProcess@354c3e3c
[2018-05-02 19:09:40.201][debug][command:null][tid:98][com.facebook.buck.util.ListeningProcessExecutor] Waiting for process com.facebook.buck.util.ListeningProcessExecutor$LaunchedProcessImpl@1319f7dc timeout 1000 MILLISECONDS
[2018-05-02 19:09:40.201][debug][command:null][tid:98][com.facebook.buck.util.ListeningProcessExecutor] Waiting for process com.facebook.buck.util.ListeningProcessExecutor$LaunchedProcessImpl@1319f7dc timeout 1000 MILLISECONDS
[2018-05-02 19:09:40.234][debug][command:null][tid:98][com.facebook.buck.util.ListeningProcessExecutor] Wait for process returned 4
[2018-05-02 19:09:40.234][debug][command:null][tid:98][com.facebook.buck.util.ListeningProcessExecutor] Wait for process returned 4
[2018-05-02 19:09:40.234][debug][command:null][tid:98][com.facebook.buck.util.ListeningProcessExecutor] Destroying process com.facebook.buck.util.ListeningProcessExecutor$LaunchedProcessImpl@1319f7dc (force true)
[2018-05-02 19:09:40.234][debug][command:null][tid:98][com.facebook.buck.util.ListeningProcessExecutor] Destroying process com.facebook.buck.util.ListeningProcessExecutor$LaunchedProcessImpl@1319f7dc (force true)
[2018-05-02 19:09:40.234][debug][command:null][tid:98][com.facebook.buck.util.environment.MacNetworkConfiguration] Determine active state of media for device
[2018-05-02 19:09:40.234][debug][command:null][tid:98][com.facebook.buck.util.environment.MacNetworkConfiguration] Determine active state of media for device
[2018-05-02 19:09:40.234][debug][command:null][tid:98][com.facebook.buck.util.ListeningProcessExecutor] Launching process with params ProcessExecutorParams{command=[networksetup, -getMedia, en21]}
[2018-05-02 19:09:40.234][debug][command:null][tid:98][com.facebook.buck.util.ListeningProcessExecutor] Launching process with params ProcessExecutorParams{command=[networksetup, -getMedia, en21]}
[2018-05-02 19:09:40.235][debug][command:null][tid:98][com.facebook.buck.util.ListeningProcessExecutor] Successfully launched process com.zaxxer.nuprocess.osx.OsxProcess@2d2e4e71
[2018-05-02 19:09:40.235][debug][command:null][tid:98][com.facebook.buck.util.ListeningProcessExecutor] Successfully launched process com.zaxxer.nuprocess.osx.OsxProcess@2d2e4e71
[2018-05-02 19:09:40.235][debug][command:null][tid:98][com.facebook.buck.util.ListeningProcessExecutor] Waiting for process com.facebook.buck.util.ListeningProcessExecutor$LaunchedProcessImpl@5a5d1ead timeout 1000 MILLISECONDS
[2018-05-02 19:09:40.235][debug][command:null][tid:98][com.facebook.buck.util.ListeningProcessExecutor] Waiting for process com.facebook.buck.util.ListeningProcessExecutor$LaunchedProcessImpl@5a5d1ead timeout 1000 MILLISECONDS
[2018-05-02 19:09:40.265][debug][command:null][tid:98][com.facebook.buck.util.ListeningProcessExecutor] Wait for process returned 4
[2018-05-02 19:09:40.265][debug][command:null][tid:98][com.facebook.buck.util.ListeningProcessExecutor] Wait for process returned 4
[2018-05-02 19:09:40.265][debug][command:null][tid:98][com.facebook.buck.util.ListeningProcessExecutor] Destroying process com.facebook.buck.util.ListeningProcessExecutor$LaunchedProcessImpl@5a5d1ead (force true)
[2018-05-02 19:09:40.265][debug][command:null][tid:98][com.facebook.buck.util.ListeningProcessExecutor] Destroying process com.facebook.buck.util.ListeningProcessExecutor$LaunchedProcessImpl@5a5d1ead (force true)
[2018-05-02 19:09:40.265][debug][command:null][tid:98][com.facebook.buck.util.environment.MacNetworkConfiguration] Determine active state of media for device
[2018-05-02 19:09:40.265][debug][command:null][tid:98][com.facebook.buck.util.environment.MacNetworkConfiguration] Determine active state of media for device
[2018-05-02 19:09:40.266][debug][command:null][tid:98][com.facebook.buck.util.ListeningProcessExecutor] Launching process with params ProcessExecutorParams{command=[networksetup, -getMedia, en20]}
[2018-05-02 19:09:40.266][debug][command:null][tid:98][com.facebook.buck.util.ListeningProcessExecutor] Launching process with params ProcessExecutorParams{command=[networksetup, -getMedia, en20]}
[2018-05-02 19:09:40.267][debug][command:null][tid:98][com.facebook.buck.util.ListeningProcessExecutor] Successfully launched process com.zaxxer.nuprocess.osx.OsxProcess@eb46604
[2018-05-02 19:09:40.267][debug][command:null][tid:98][com.facebook.buck.util.ListeningProcessExecutor] Successfully launched process com.zaxxer.nuprocess.osx.OsxProcess@eb46604
[2018-05-02 19:09:40.267][debug][command:null][tid:98][com.facebook.buck.util.ListeningProcessExecutor] Waiting for process com.facebook.buck.util.ListeningProcessExecutor$LaunchedProcessImpl@524fc719 timeout 1000 MILLISECONDS
[2018-05-02 19:09:40.267][debug][command:null][tid:98][com.facebook.buck.util.ListeningProcessExecutor] Waiting for process com.facebook.buck.util.ListeningProcessExecutor$LaunchedProcessImpl@524fc719 timeout 1000 MILLISECONDS
[2018-05-02 19:09:40.297][debug][command:null][tid:98][com.facebook.buck.util.ListeningProcessExecutor] Wait for process returned 4
[2018-05-02 19:09:40.297][debug][command:null][tid:98][com.facebook.buck.util.ListeningProcessExecutor] Wait for process returned 4
[2018-05-02 19:09:40.297][debug][command:null][tid:98][com.facebook.buck.util.ListeningProcessExecutor] Destroying process com.facebook.buck.util.ListeningProcessExecutor$LaunchedProcessImpl@524fc719 (force true)
[2018-05-02 19:09:40.297][debug][command:null][tid:98][com.facebook.buck.util.ListeningProcessExecutor] Destroying process com.facebook.buck.util.ListeningProcessExecutor$LaunchedProcessImpl@524fc719 (force true)
[2018-05-02 19:09:40.297][debug][command:null][tid:98][com.facebook.buck.util.environment.MacNetworkConfiguration] Determine active state of media for device
[2018-05-02 19:09:40.297][debug][command:null][tid:98][com.facebook.buck.util.environment.MacNetworkConfiguration] Determine active state of media for device
[2018-05-02 19:09:40.297][debug][command:null][tid:98][com.facebook.buck.util.ListeningProcessExecutor] Launching process with params ProcessExecutorParams{command=[networksetup, -getMedia, en19]}
[2018-05-02 19:09:40.297][debug][command:null][tid:98][com.facebook.buck.util.ListeningProcessExecutor] Launching process with params ProcessExecutorParams{command=[networksetup, -getMedia, en19]}
[2018-05-02 19:09:40.300][debug][command:null][tid:98][com.facebook.buck.util.ListeningProcessExecutor] Successfully launched process com.zaxxer.nuprocess.osx.OsxProcess@dcd46e7
[2018-05-02 19:09:40.300][debug][command:null][tid:98][com.facebook.buck.util.ListeningProcessExecutor] Successfully launched process com.zaxxer.nuprocess.osx.OsxProcess@dcd46e7
[2018-05-02 19:09:40.300][debug][command:null][tid:98][com.facebook.buck.util.ListeningProcessExecutor] Waiting for process com.facebook.buck.util.ListeningProcessExecutor$LaunchedProcessImpl@3f579985 timeout 1000 MILLISECONDS
[2018-05-02 19:09:40.300][debug][command:null][tid:98][com.facebook.buck.util.ListeningProcessExecutor] Waiting for process com.facebook.buck.util.ListeningProcessExecutor$LaunchedProcessImpl@3f579985 timeout 1000 MILLISECONDS
[2018-05-02 19:09:40.329][debug][command:null][tid:98][com.facebook.buck.util.ListeningProcessExecutor] Wait for process returned 4
[2018-05-02 19:09:40.329][debug][command:null][tid:98][com.facebook.buck.util.ListeningProcessExecutor] Wait for process returned 4
[2018-05-02 19:09:40.329][debug][command:null][tid:98][com.facebook.buck.util.ListeningProcessExecutor] Destroying process com.facebook.buck.util.ListeningProcessExecutor$LaunchedProcessImpl@3f579985 (force true)
[2018-05-02 19:09:40.329][debug][command:null][tid:98][com.facebook.buck.util.ListeningProcessExecutor] Destroying process com.facebook.buck.util.ListeningProcessExecutor$LaunchedProcessImpl@3f579985 (force true)
[2018-05-02 19:09:40.329][debug][command:null][tid:98][com.facebook.buck.util.environment.MacNetworkConfiguration] Determine active state of media for device
[2018-05-02 19:09:40.329][debug][command:null][tid:98][com.facebook.buck.util.environment.MacNetworkConfiguration] Determine active state of media for device
[2018-05-02 19:09:40.329][debug][command:null][tid:98][com.facebook.buck.util.ListeningProcessExecutor] Launching process with params ProcessExecutorParams{command=[networksetup, -getMedia, en18]}
[2018-05-02 19:09:40.329][debug][command:null][tid:98][com.facebook.buck.util.ListeningProcessExecutor] Launching process with params ProcessExecutorParams{command=[networksetup, -getMedia, en18]}
[2018-05-02 19:09:40.330][debug][command:null][tid:98][com.facebook.buck.util.ListeningProcessExecutor] Successfully launched process com.zaxxer.nuprocess.osx.OsxProcess@12fe5c2d
[2018-05-02 19:09:40.330][debug][command:null][tid:98][com.facebook.buck.util.ListeningProcessExecutor] Successfully launched process com.zaxxer.nuprocess.osx.OsxProcess@12fe5c2d
[2018-05-02 19:09:40.330][debug][command:null][tid:98][com.facebook.buck.util.ListeningProcessExecutor] Waiting for process com.facebook.buck.util.ListeningProcessExecutor$LaunchedProcessImpl@3e252664 timeout 1000 MILLISECONDS
[2018-05-02 19:09:40.330][debug][command:null][tid:98][com.facebook.buck.util.ListeningProcessExecutor] Waiting for process com.facebook.buck.util.ListeningProcessExecutor$LaunchedProcessImpl@3e252664 timeout 1000 MILLISECONDS
[2018-05-02 19:09:40.359][debug][command:null][tid:98][com.facebook.buck.util.ListeningProcessExecutor] Wait for process returned 4
[2018-05-02 19:09:40.359][debug][command:null][tid:98][com.facebook.buck.util.ListeningProcessExecutor] Wait for process returned 4
[2018-05-02 19:09:40.359][debug][command:null][tid:98][com.facebook.buck.util.ListeningProcessExecutor] Destroying process com.facebook.buck.util.ListeningProcessExecutor$LaunchedProcessImpl@3e252664 (force true)
[2018-05-02 19:09:40.359][debug][command:null][tid:98][com.facebook.buck.util.ListeningProcessExecutor] Destroying process com.facebook.buck.util.ListeningProcessExecutor$LaunchedProcessImpl@3e252664 (force true)
[2018-05-02 19:09:40.360][debug][command:null][tid:98][com.facebook.buck.util.environment.MacNetworkConfiguration] Determine active state of media for device
[2018-05-02 19:09:40.360][debug][command:null][tid:98][com.facebook.buck.util.environment.MacNetworkConfiguration] Determine active state of media for device
[2018-05-02 19:09:40.361][debug][command:null][tid:98][com.facebook.buck.util.ListeningProcessExecutor] Launching process with params ProcessExecutorParams{command=[networksetup, -getMedia, en17]}
[2018-05-02 19:09:40.361][debug][command:null][tid:98][com.facebook.buck.util.ListeningProcessExecutor] Launching process with params ProcessExecutorParams{command=[networksetup, -getMedia, en17]}
[2018-05-02 19:09:40.362][debug][command:null][tid:98][com.facebook.buck.util.ListeningProcessExecutor] Successfully launched process com.zaxxer.nuprocess.osx.OsxProcess@59b8b539
[2018-05-02 19:09:40.362][debug][command:null][tid:98][com.facebook.buck.util.ListeningProcessExecutor] Successfully launched process com.zaxxer.nuprocess.osx.OsxProcess@59b8b539
[2018-05-02 19:09:40.363][debug][command:null][tid:98][com.facebook.buck.util.ListeningProcessExecutor] Waiting for process com.facebook.buck.util.ListeningProcessExecutor$LaunchedProcessImpl@5aa0843a timeout 1000 MILLISECONDS
[2018-05-02 19:09:40.363][debug][command:null][tid:98][com.facebook.buck.util.ListeningProcessExecutor] Waiting for process com.facebook.buck.util.ListeningProcessExecutor$LaunchedProcessImpl@5aa0843a timeout 1000 MILLISECONDS
[2018-05-02 19:09:40.395][debug][command:null][tid:98][com.facebook.buck.util.ListeningProcessExecutor] Wait for process returned 4
[2018-05-02 19:09:40.395][debug][command:null][tid:98][com.facebook.buck.util.ListeningProcessExecutor] Wait for process returned 4
[2018-05-02 19:09:40.395][debug][command:null][tid:98][com.facebook.buck.util.ListeningProcessExecutor] Destroying process com.facebook.buck.util.ListeningProcessExecutor$LaunchedProcessImpl@5aa0843a (force true)
[2018-05-02 19:09:40.395][debug][command:null][tid:98][com.facebook.buck.util.ListeningProcessExecutor] Destroying process com.facebook.buck.util.ListeningProcessExecutor$LaunchedProcessImpl@5aa0843a (force true)
[2018-05-02 19:09:40.395][debug][command:null][tid:98][com.facebook.buck.util.environment.MacNetworkConfiguration] Determine active state of media for device
[2018-05-02 19:09:40.395][debug][command:null][tid:98][com.facebook.buck.util.environment.MacNetworkConfiguration] Determine active state of media for device
[2018-05-02 19:09:40.395][debug][command:null][tid:98][com.facebook.buck.util.ListeningProcessExecutor] Launching process with params ProcessExecutorParams{command=[networksetup, -getMedia, en16]}
[2018-05-02 19:09:40.395][debug][command:null][tid:98][com.facebook.buck.util.ListeningProcessExecutor] Launching process with params ProcessExecutorParams{command=[networksetup, -getMedia, en16]}
[2018-05-02 19:09:40.397][debug][command:null][tid:98][com.facebook.buck.util.ListeningProcessExecutor] Successfully launched process com.zaxxer.nuprocess.osx.OsxProcess@3a5fa477
[2018-05-02 19:09:40.397][debug][command:null][tid:98][com.facebook.buck.util.ListeningProcessExecutor] Successfully launched process com.zaxxer.nuprocess.osx.OsxProcess@3a5fa477
[2018-05-02 19:09:40.397][debug][command:null][tid:98][com.facebook.buck.util.ListeningProcessExecutor] Waiting for process com.facebook.buck.util.ListeningProcessExecutor$LaunchedProcessImpl@2ddea35e timeout 1000 MILLISECONDS
[2018-05-02 19:09:40.397][debug][command:null][tid:98][com.facebook.buck.util.ListeningProcessExecutor] Waiting for process com.facebook.buck.util.ListeningProcessExecutor$LaunchedProcessImpl@2ddea35e timeout 1000 MILLISECONDS
[2018-05-02 19:09:40.426][debug][command:null][tid:98][com.facebook.buck.util.ListeningProcessExecutor] Wait for process returned 4
[2018-05-02 19:09:40.426][debug][command:null][tid:98][com.facebook.buck.util.ListeningProcessExecutor] Wait for process returned 4
[2018-05-02 19:09:40.426][debug][command:null][tid:98][com.facebook.buck.util.ListeningProcessExecutor] Destroying process com.facebook.buck.util.ListeningProcessExecutor$LaunchedProcessImpl@2ddea35e (force true)
[2018-05-02 19:09:40.426][debug][command:null][tid:98][com.facebook.buck.util.ListeningProcessExecutor] Destroying process com.facebook.buck.util.ListeningProcessExecutor$LaunchedProcessImpl@2ddea35e (force true)
[2018-05-02 19:09:40.426][debug][command:null][tid:98][com.facebook.buck.util.environment.MacNetworkConfiguration] Determine active state of media for device
[2018-05-02 19:09:40.426][debug][command:null][tid:98][com.facebook.buck.util.environment.MacNetworkConfiguration] Determine active state of media for device
[2018-05-02 19:09:40.427][debug][command:null][tid:98][com.facebook.buck.util.ListeningProcessExecutor] Launching process with params ProcessExecutorParams{command=[networksetup, -getMedia, en15]}
[2018-05-02 19:09:40.427][debug][command:null][tid:98][com.facebook.buck.util.ListeningProcessExecutor] Launching process with params ProcessExecutorParams{command=[networksetup, -getMedia, en15]}
[2018-05-02 19:09:40.428][debug][command:null][tid:98][com.facebook.buck.util.ListeningProcessExecutor] Successfully launched process com.zaxxer.nuprocess.osx.OsxProcess@31d3caa1
[2018-05-02 19:09:40.428][debug][command:null][tid:98][com.facebook.buck.util.ListeningProcessExecutor] Successfully launched process com.zaxxer.nuprocess.osx.OsxProcess@31d3caa1
[2018-05-02 19:09:40.428][debug][command:null][tid:98][com.facebook.buck.util.ListeningProcessExecutor] Waiting for process com.facebook.buck.util.ListeningProcessExecutor$LaunchedProcessImpl@6f0c19f5 timeout 1000 MILLISECONDS
[2018-05-02 19:09:40.428][debug][command:null][tid:98][com.facebook.buck.util.ListeningProcessExecutor] Waiting for process com.facebook.buck.util.ListeningProcessExecutor$LaunchedProcessImpl@6f0c19f5 timeout 1000 MILLISECONDS
[2018-05-02 19:09:40.457][debug][command:null][tid:98][com.facebook.buck.util.ListeningProcessExecutor] Wait for process returned 4
[2018-05-02 19:09:40.457][debug][command:null][tid:98][com.facebook.buck.util.ListeningProcessExecutor] Wait for process returned 4
[2018-05-02 19:09:40.457][debug][command:null][tid:98][com.facebook.buck.util.ListeningProcessExecutor] Destroying process com.facebook.buck.util.ListeningProcessExecutor$LaunchedProcessImpl@6f0c19f5 (force true)
[2018-05-02 19:09:40.457][debug][command:null][tid:98][com.facebook.buck.util.ListeningProcessExecutor] Destroying process com.facebook.buck.util.ListeningProcessExecutor$LaunchedProcessImpl@6f0c19f5 (force true)
[2018-05-02 19:09:40.457][debug][command:null][tid:98][com.facebook.buck.util.environment.MacNetworkConfiguration] Determine active state of media for device
[2018-05-02 19:09:40.457][debug][command:null][tid:98][com.facebook.buck.util.environment.MacNetworkConfiguration] Determine active state of media for device
[2018-05-02 19:09:40.457][debug][command:null][tid:98][com.facebook.buck.util.ListeningProcessExecutor] Launching process with params ProcessExecutorParams{command=[networksetup, -getMedia, en14]}
[2018-05-02 19:09:40.457][debug][command:null][tid:98][com.facebook.buck.util.ListeningProcessExecutor] Launching process with params ProcessExecutorParams{command=[networksetup, -getMedia, en14]}
[2018-05-02 19:09:40.458][debug][command:null][tid:98][com.facebook.buck.util.ListeningProcessExecutor] Successfully launched process com.zaxxer.nuprocess.osx.OsxProcess@2837747f
[2018-05-02 19:09:40.458][debug][command:null][tid:98][com.facebook.buck.util.ListeningProcessExecutor] Successfully launched process com.zaxxer.nuprocess.osx.OsxProcess@2837747f
[2018-05-02 19:09:40.458][debug][command:null][tid:98][com.facebook.buck.util.ListeningProcessExecutor] Waiting for process com.facebook.buck.util.ListeningProcessExecutor$LaunchedProcessImpl@702be674 timeout 1000 MILLISECONDS
[2018-05-02 19:09:40.458][debug][command:null][tid:98][com.facebook.buck.util.ListeningProcessExecutor] Waiting for process com.facebook.buck.util.ListeningProcessExecutor$LaunchedProcessImpl@702be674 timeout 1000 MILLISECONDS
[2018-05-02 19:09:40.487][debug][command:null][tid:98][com.facebook.buck.util.ListeningProcessExecutor] Wait for process returned 4
[2018-05-02 19:09:40.487][debug][command:null][tid:98][com.facebook.buck.util.ListeningProcessExecutor] Wait for process returned 4
[2018-05-02 19:09:40.487][debug][command:null][tid:98][com.facebook.buck.util.ListeningProcessExecutor] Destroying process com.facebook.buck.util.ListeningProcessExecutor$LaunchedProcessImpl@702be674 (force true)
[2018-05-02 19:09:40.487][debug][command:null][tid:98][com.facebook.buck.util.ListeningProcessExecutor] Destroying process com.facebook.buck.util.ListeningProcessExecutor$LaunchedProcessImpl@702be674 (force true)
[2018-05-02 19:09:40.487][debug][command:null][tid:98][com.facebook.buck.util.environment.MacNetworkConfiguration] Determine active state of media for device
[2018-05-02 19:09:40.487][debug][command:null][tid:98][com.facebook.buck.util.environment.MacNetworkConfiguration] Determine active state of media for device
[2018-05-02 19:09:40.489][debug][command:null][tid:98][com.facebook.buck.util.ListeningProcessExecutor] Launching process with params ProcessExecutorParams{command=[networksetup, -getMedia, en12]}
[2018-05-02 19:09:40.489][debug][command:null][tid:98][com.facebook.buck.util.ListeningProcessExecutor] Launching process with params ProcessExecutorParams{command=[networksetup, -getMedia, en12]}
[2018-05-02 19:09:40.490][debug][command:null][tid:98][com.facebook.buck.util.ListeningProcessExecutor] Successfully launched process com.zaxxer.nuprocess.osx.OsxProcess@5f02bc12
[2018-05-02 19:09:40.490][debug][command:null][tid:98][com.facebook.buck.util.ListeningProcessExecutor] Successfully launched process com.zaxxer.nuprocess.osx.OsxProcess@5f02bc12
[2018-05-02 19:09:40.490][debug][command:null][tid:98][com.facebook.buck.util.ListeningProcessExecutor] Waiting for process com.facebook.buck.util.ListeningProcessExecutor$LaunchedProcessImpl@50cec5b6 timeout 1000 MILLISECONDS
[2018-05-02 19:09:40.490][debug][command:null][tid:98][com.facebook.buck.util.ListeningProcessExecutor] Waiting for process com.facebook.buck.util.ListeningProcessExecutor$LaunchedProcessImpl@50cec5b6 timeout 1000 MILLISECONDS
[2018-05-02 19:09:40.519][debug][command:null][tid:98][com.facebook.buck.util.ListeningProcessExecutor] Wait for process returned 4
[2018-05-02 19:09:40.519][debug][command:null][tid:98][com.facebook.buck.util.ListeningProcessExecutor] Wait for process returned 4
[2018-05-02 19:09:40.519][debug][command:null][tid:98][com.facebook.buck.util.ListeningProcessExecutor] Destroying process com.facebook.buck.util.ListeningProcessExecutor$LaunchedProcessImpl@50cec5b6 (force true)
[2018-05-02 19:09:40.519][debug][command:null][tid:98][com.facebook.buck.util.ListeningProcessExecutor] Destroying process com.facebook.buck.util.ListeningProcessExecutor$LaunchedProcessImpl@50cec5b6 (force true)
[2018-05-02 19:09:40.519][debug][command:null][tid:98][com.facebook.buck.util.environment.MacNetworkConfiguration] Determine active state of media for device
[2018-05-02 19:09:40.519][debug][command:null][tid:98][com.facebook.buck.util.environment.MacNetworkConfiguration] Determine active state of media for device
[2018-05-02 19:09:40.519][debug][command:null][tid:98][com.facebook.buck.util.ListeningProcessExecutor] Launching process with params ProcessExecutorParams{command=[networksetup, -getMedia, en10]}
[2018-05-02 19:09:40.519][debug][command:null][tid:98][com.facebook.buck.util.ListeningProcessExecutor] Launching process with params ProcessExecutorParams{command=[networksetup, -getMedia, en10]}
[2018-05-02 19:09:40.521][debug][command:null][tid:98][com.facebook.buck.util.ListeningProcessExecutor] Successfully launched process com.zaxxer.nuprocess.osx.OsxProcess@43c9d75c
[2018-05-02 19:09:40.521][debug][command:null][tid:98][com.facebook.buck.util.ListeningProcessExecutor] Successfully launched process com.zaxxer.nuprocess.osx.OsxProcess@43c9d75c
[2018-05-02 19:09:40.521][debug][command:null][tid:98][com.facebook.buck.util.ListeningProcessExecutor] Waiting for process com.facebook.buck.util.ListeningProcessExecutor$LaunchedProcessImpl@6c7e9117 timeout 1000 MILLISECONDS
[2018-05-02 19:09:40.521][debug][command:null][tid:98][com.facebook.buck.util.ListeningProcessExecutor] Waiting for process com.facebook.buck.util.ListeningProcessExecutor$LaunchedProcessImpl@6c7e9117 timeout 1000 MILLISECONDS
[2018-05-02 19:09:40.554][debug][command:null][tid:98][com.facebook.buck.util.ListeningProcessExecutor] Wait for process returned 4
[2018-05-02 19:09:40.554][debug][command:null][tid:98][com.facebook.buck.util.ListeningProcessExecutor] Wait for process returned 4
[2018-05-02 19:09:40.554][debug][command:null][tid:98][com.facebook.buck.util.ListeningProcessExecutor] Destroying process com.facebook.buck.util.ListeningProcessExecutor$LaunchedProcessImpl@6c7e9117 (force true)
[2018-05-02 19:09:40.554][debug][command:null][tid:98][com.facebook.buck.util.ListeningProcessExecutor] Destroying process com.facebook.buck.util.ListeningProcessExecutor$LaunchedProcessImpl@6c7e9117 (force true)
[2018-05-02 19:09:40.555][debug][command:null][tid:98][com.facebook.buck.util.environment.MacNetworkConfiguration] Determine active state of media for device
[2018-05-02 19:09:40.555][debug][command:null][tid:98][com.facebook.buck.util.environment.MacNetworkConfiguration] Determine active state of media for device
[2018-05-02 19:09:40.555][debug][command:null][tid:98][com.facebook.buck.util.ListeningProcessExecutor] Launching process with params ProcessExecutorParams{command=[networksetup, -getMedia, en8]}
[2018-05-02 19:09:40.555][debug][command:null][tid:98][com.facebook.buck.util.ListeningProcessExecutor] Launching process with params ProcessExecutorParams{command=[networksetup, -getMedia, en8]}
[2018-05-02 19:09:40.556][debug][command:null][tid:98][com.facebook.buck.util.ListeningProcessExecutor] Successfully launched process com.zaxxer.nuprocess.osx.OsxProcess@26d652a6
[2018-05-02 19:09:40.556][debug][command:null][tid:98][com.facebook.buck.util.ListeningProcessExecutor] Successfully launched process com.zaxxer.nuprocess.osx.OsxProcess@26d652a6
[2018-05-02 19:09:40.556][debug][command:null][tid:98][com.facebook.buck.util.ListeningProcessExecutor] Waiting for process com.facebook.buck.util.ListeningProcessExecutor$LaunchedProcessImpl@13c0bf timeout 1000 MILLISECONDS
[2018-05-02 19:09:40.556][debug][command:null][tid:98][com.facebook.buck.util.ListeningProcessExecutor] Waiting for process com.facebook.buck.util.ListeningProcessExecutor$LaunchedProcessImpl@13c0bf timeout 1000 MILLISECONDS
[2018-05-02 19:09:40.585][debug][command:null][tid:98][com.facebook.buck.util.ListeningProcessExecutor] Wait for process returned 4
[2018-05-02 19:09:40.585][debug][command:null][tid:98][com.facebook.buck.util.ListeningProcessExecutor] Wait for process returned 4
[2018-05-02 19:09:40.585][debug][command:null][tid:98][com.facebook.buck.util.ListeningProcessExecutor] Destroying process com.facebook.buck.util.ListeningProcessExecutor$LaunchedProcessImpl@13c0bf (force true)
[2018-05-02 19:09:40.585][debug][command:null][tid:98][com.facebook.buck.util.ListeningProcessExecutor] Destroying process com.facebook.buck.util.ListeningProcessExecutor$LaunchedProcessImpl@13c0bf (force true)
[2018-05-02 19:09:40.585][debug][command:null][tid:98][com.facebook.buck.util.environment.MacNetworkConfiguration] Determine active state of media for device
[2018-05-02 19:09:40.585][debug][command:null][tid:98][com.facebook.buck.util.environment.MacNetworkConfiguration] Determine active state of media for device
[2018-05-02 19:09:40.587][debug][command:null][tid:98][com.facebook.buck.util.ListeningProcessExecutor] Launching process with params ProcessExecutorParams{command=[networksetup, -getMedia, en0]}
[2018-05-02 19:09:40.587][debug][command:null][tid:98][com.facebook.buck.util.ListeningProcessExecutor] Launching process with params ProcessExecutorParams{command=[networksetup, -getMedia, en0]}
[2018-05-02 19:09:40.588][debug][command:null][tid:98][com.facebook.buck.util.ListeningProcessExecutor] Successfully launched process com.zaxxer.nuprocess.osx.OsxProcess@ded84d6
[2018-05-02 19:09:40.588][debug][command:null][tid:98][com.facebook.buck.util.ListeningProcessExecutor] Successfully launched process com.zaxxer.nuprocess.osx.OsxProcess@ded84d6
[2018-05-02 19:09:40.588][debug][command:null][tid:98][com.facebook.buck.util.ListeningProcessExecutor] Waiting for process com.facebook.buck.util.ListeningProcessExecutor$LaunchedProcessImpl@15834a55 timeout 1000 MILLISECONDS
[2018-05-02 19:09:40.588][debug][command:null][tid:98][com.facebook.buck.util.ListeningProcessExecutor] Waiting for process com.facebook.buck.util.ListeningProcessExecutor$LaunchedProcessImpl@15834a55 timeout 1000 MILLISECONDS
[2018-05-02 19:09:40.617][debug][command:null][tid:98][com.facebook.buck.util.ListeningProcessExecutor] Wait for process returned 0
[2018-05-02 19:09:40.617][debug][command:null][tid:98][com.facebook.buck.util.ListeningProcessExecutor] Wait for process returned 0
[2018-05-02 19:09:40.617][debug][command:null][tid:98][com.facebook.buck.util.ListeningProcessExecutor] Destroying process com.facebook.buck.util.ListeningProcessExecutor$LaunchedProcessImpl@15834a55 (force true)
[2018-05-02 19:09:40.617][debug][command:null][tid:98][com.facebook.buck.util.ListeningProcessExecutor] Destroying process com.facebook.buck.util.ListeningProcessExecutor$LaunchedProcessImpl@15834a55 (force true)
[2018-05-02 19:09:40.617][debug][command:null][tid:98][com.facebook.buck.util.environment.MacNetworkConfiguration] Determine WiFi SSID of device
[2018-05-02 19:09:40.617][debug][command:null][tid:98][com.facebook.buck.util.environment.MacNetworkConfiguration] Determine WiFi SSID of device
[2018-05-02 19:09:40.617][debug][command:null][tid:98][com.facebook.buck.util.ListeningProcessExecutor] Launching process with params ProcessExecutorParams{command=[networksetup, -getairportnetwork, en0]}
[2018-05-02 19:09:40.617][debug][command:null][tid:98][com.facebook.buck.util.ListeningProcessExecutor] Launching process with params ProcessExecutorParams{command=[networksetup, -getairportnetwork, en0]}
[2018-05-02 19:09:40.618][debug][command:null][tid:98][com.facebook.buck.util.ListeningProcessExecutor] Successfully launched process com.zaxxer.nuprocess.osx.OsxProcess@1546921
[2018-05-02 19:09:40.618][debug][command:null][tid:98][com.facebook.buck.util.ListeningProcessExecutor] Successfully launched process com.zaxxer.nuprocess.osx.OsxProcess@1546921
[2018-05-02 19:09:40.618][debug][command:null][tid:98][com.facebook.buck.util.ListeningProcessExecutor] Waiting for process com.facebook.buck.util.ListeningProcessExecutor$LaunchedProcessImpl@1fdc578c timeout 1000 MILLISECONDS
[2018-05-02 19:09:40.618][debug][command:null][tid:98][com.facebook.buck.util.ListeningProcessExecutor] Waiting for process com.facebook.buck.util.ListeningProcessExecutor$LaunchedProcessImpl@1fdc578c timeout 1000 MILLISECONDS
[2018-05-02 19:09:40.649][debug][command:null][tid:98][com.facebook.buck.util.ListeningProcessExecutor] Wait for process returned 0
[2018-05-02 19:09:40.649][debug][command:null][tid:98][com.facebook.buck.util.ListeningProcessExecutor] Wait for process returned 0
[2018-05-02 19:09:40.649][debug][command:null][tid:98][com.facebook.buck.util.ListeningProcessExecutor] Destroying process com.facebook.buck.util.ListeningProcessExecutor$LaunchedProcessImpl@1fdc578c (force true)
[2018-05-02 19:09:40.649][debug][command:null][tid:98][com.facebook.buck.util.ListeningProcessExecutor] Destroying process com.facebook.buck.util.ListeningProcessExecutor$LaunchedProcessImpl@1fdc578c (force true)
[2018-05-02 19:09:40.649][info ][command:null][tid:98][com.facebook.buck.util.versioncontrol.VersionControlStatsGenerator] Starting generation of version control stats.
[2018-05-02 19:09:40.649][info ][command:null][tid:98][com.facebook.buck.util.versioncontrol.VersionControlStatsGenerator] Starting generation of version control stats.
[2018-05-02 19:09:40.650][warn ][command:null][tid:98][com.facebook.buck.util.versioncontrol.VersionControlStatsGenerator] Skipping generation of version control stats as unsupported repository type.
[2018-05-02 19:09:40.650][warn ][command:null][tid:98][com.facebook.buck.util.versioncontrol.VersionControlStatsGenerator] Skipping generation of version control stats as unsupported repository type.
[2018-05-02 19:09:40.650][info ][command:f6610e34-df94-41f4-a261-9e5b85adb9e3][tid:83][com.facebook.buck.cli.Main] Successfully terminated Disk IO executor service.
[2018-05-02 19:09:40.651][debug][command:null][tid:83][com.facebook.buck.event.listener.SuperConsoleEventBusListener] Stopping render scheduler
[2018-05-02 19:09:40.651][debug][command:null][tid:83][com.facebook.buck.event.listener.ChromeTraceBuildListener] Writing Chrome trace to buck-out/log/2018-05-02_23h09m39s_buildcommand_f6610e34-df94-41f4-a261-9e5b85adb9e3/build.2018-05-02.19-09-39.f6610e34-df94-41f4-a261-9e5b85adb9e3.trace
[2018-05-02 19:09:40.659][warn ][command:null][tid:83][com.facebook.buck.util.Console] Build failure: //StashUI/UI/Pod:SnapKit references non-existent directory StashUI/UI/Pod
[2018-05-02 19:09:40.659][debug][command:null][tid:83][com.facebook.buck.cli.Main] Done.
[2018-05-02 19:09:40.659][info ][command:null][tid:83][com.martiansoftware.nailgun.NGSession] Server cleanly exited with status 1
[2018-05-02 19:09:40.660][debug][command:null][tid:83][com.martiansoftware.nailgun.NGCommunicator] Shutting down read ExecutorService
[2018-05-02 19:09:40.677][debug][command:null][tid:83][com.martiansoftware.nailgun.NGCommunicator] Shutting down orchestrator ExecutorService
[2018-05-02 19:09:40.678][debug][command:null][tid:87][com.martiansoftware.nailgun.NGCommunicator] Socket is disconnected
[2018-05-02 19:09:40.678][debug][command:null][tid:87][com.martiansoftware.nailgun.NGCommunicator] Nailgun client disconnected
[2018-05-02 19:09:40.678][debug][command:null][tid:87][com.martiansoftware.nailgun.NGCommunicator] Orchestrator thread finished
[2018-05-02 19:09:40.679][debug][command:null][tid:83][com.martiansoftware.nailgun.NGSession] Closing client socket
[2018-05-02 19:09:40.679][debug][command:null][tid:83][com.martiansoftware.nailgun.NGSession] Waiting for next client to connect
[2018-05-02 19:09:40.679][info ][command:null][tid:83][com.martiansoftware.nailgun.NGSession] NGSession shutting down
[2018-05-02 19:10:19.539][debug][command:null][tid:86][com.martiansoftware.nailgun.NGSession] Client connected
[2018-05-02 19:10:19.539][debug][command:null][tid:104][com.martiansoftware.nailgun.NGSession] Waiting for first client to connect
[2018-05-02 19:10:19.544][debug][command:null][tid:105][com.martiansoftware.nailgun.NGCommunicator] Orchestrator thread started
[2018-05-02 19:10:19.545][debug][command:null][tid:86][com.martiansoftware.nailgun.NGCommunicator] Shutting down read ExecutorService
[2018-05-02 19:10:19.545][debug][command:null][tid:105][com.martiansoftware.nailgun.NGCommunicator] Nailgun client disconnected
[2018-05-02 19:10:19.545][debug][command:null][tid:105][com.martiansoftware.nailgun.NGCommunicator] Orchestrator thread finished
[2018-05-02 19:10:19.545][debug][command:null][tid:86][com.martiansoftware.nailgun.NGCommunicator] Shutting down orchestrator ExecutorService
[2018-05-02 19:10:19.545][debug][command:null][tid:86][com.martiansoftware.nailgun.NGSession] Closing client socket
[2018-05-02 19:10:19.546][debug][command:null][tid:86][com.martiansoftware.nailgun.NGSession] Waiting for next client to connect
[2018-05-02 19:10:19.546][info ][command:null][tid:86][com.martiansoftware.nailgun.NGSession] NGSession shutting down
[2018-05-02 19:10:19.558][debug][command:null][tid:104][com.martiansoftware.nailgun.NGSession] Client connected
[2018-05-02 19:10:19.558][debug][command:null][tid:107][com.martiansoftware.nailgun.NGSession] Waiting for first client to connect
[2018-05-02 19:10:19.562][debug][command:null][tid:108][com.martiansoftware.nailgun.NGCommunicator] Orchestrator thread started
[2018-05-02 19:10:19.562][debug][command:null][tid:104][com.facebook.buck.util.config.Configs] Loading configuration for /Users/scottjones/BuckExample/StashUI/UI
[2018-05-02 19:10:19.563][debug][command:null][tid:104][com.facebook.buck.util.config.Configs] Loaded project configuration file /Users/scottjones/BuckExample/StashUI/UI/.buckconfig
[2018-05-02 19:10:19.563][debug][command:null][tid:104][com.facebook.buck.util.config.Configs] Adding configuration overrides RawConfig{values={}}
[2018-05-02 19:10:19.566][debug][command:null][tid:104][com.facebook.buck.cli.Main] Rotating log.
[2018-05-02 19:10:19.569][debug][command:null][tid:104][com.facebook.buck.cli.Main] Starting up (build date 2018-03-26 17:19:01 -0400, rev v2018.03.26.01), args: [build, :SnapKit]
[2018-05-02 19:10:19.572][debug][command:null][tid:104][com.facebook.buck.cli.Main] System properties: {java.vendor=Oracle Corporation, sun.java.launcher=SUN_STANDARD, sun.management.compiler=HotSpot 64-Bit Tiered Compilers, jnidispatch.path=/Users/scottjones/BuckExample/StashUI/UI/.buckd/tmp/buck_run.rl8slT/jna--496628040/jna8380054251408692703.tmp, os.name=Mac OS X, buck.enable_objc=true, sun.boot.class.path=/Library/Java/JavaVirtualMachines/jdk1.8.0_162.jdk/Contents/Home/jre/lib/resources.jar:/Library/Java/JavaVirtualMachines/jdk1.8.0_162.jdk/Contents/Home/jre/lib/rt.jar:/Library/Java/JavaVirtualMachines/jdk1.8.0_162.jdk/Contents/Home/jre/lib/sunrsasign.jar:/Library/Java/JavaVirtualMachines/jdk1.8.0_162.jdk/Contents/Home/jre/lib/jsse.jar:/Library/Java/JavaVirtualMachines/jdk1.8.0_162.jdk/Contents/Home/jre/lib/jce.jar:/Library/Java/JavaVirtualMachines/jdk1.8.0_162.jdk/Contents/Home/jre/lib/charsets.jar:/Library/Java/JavaVirtualMachines/jdk1.8.0_162.jdk/Contents/Home/jre/lib/jfr.jar:/Library/Java/JavaVirtualMachines/jdk1.8.0_162.jdk/Contents/Home/jre/classes, pf4j.pluginsDir=/Users/scottjones/BuckExample/StashUI/UI/.buckd/resources/v2018.03.26.01/buck-modules, buck.resource_lock_path=/Users/scottjones/BuckExample/StashUI/UI/.buckd/resources/v2018.03.26.01/.buck_lock, java.vm.specification.vendor=Oracle Corporation, java.runtime.version=1.8.0_162-b12, jna.loaded=true, buck.testrunner_classes=/Users/scottjones/BuckExample/StashUI/UI/.buckd/resources/v2018.03.26.01/testrunner_classes, buck.logging_config_file=/Users/scottjones/BuckExample/StashUI/UI/.buckd/resources/v2018.03.26.01/logging_config_file, buck.path_to_sh_binary_template=/Users/scottjones/BuckExample/StashUI/UI/.buckd/resources/v2018.03.26.01/path_to_sh_binary_template, user.name=scottjones, buck.path_to_pywatchman=/Users/scottjones/BuckExample/StashUI/UI/.buckd/resources/v2018.03.26.01/path_to_pywatchman, buck.report_generator_jar=/Users/scottjones/BuckExample/StashUI/UI/.buckd/resources/v2018.03.26.01/report_generator_jar, buck.git_commit=v2018.03.26.01, user.language=en, sun.boot.library.path=/Library/Java/JavaVirtualMachines/jdk1.8.0_162.jdk/Contents/Home/jre/lib, jna.nosys=true, java.version=1.8.0_162, user.timezone=America/New_York, buck.test_util_no_tests_dir=true, sun.arch.data.model=64, http.nonProxyHosts=local|*.local|169.254/16|*.169.254/16, java.endorsed.dirs=/Library/Java/JavaVirtualMachines/jdk1.8.0_162.jdk/Contents/Home/jre/lib/endorsed, sun.cpu.isalist=, sun.jnu.encoding=UTF-8, file.encoding.pkg=sun.io, file.separator=/, java.specification.name=Java Platform API Specification, buck.jacoco_agent_jar=/Users/scottjones/BuckExample/StashUI/UI/.buckd/resources/v2018.03.26.01/jacoco_agent_jar, java.class.version=52.0, user.country=US, buck.binary_hash=18882a498323745e828e70f1ac69fa39, java.home=/Library/Java/JavaVirtualMachines/jdk1.8.0_162.jdk/Contents/Home/jre, buck.fix_script=/Users/scottjones/BuckExample/StashUI/UI/.buckd/resources/v2018.03.26.01/fix_script, java.vm.info=mixed mode, os.version=10.13.4, buck.external_executor_jar=/Users/scottjones/BuckExample/StashUI/UI/.buckd/resources/v2018.03.26.01/external_executor_jar, buck.version_uid=v2018.03.26.01, org.eclipse.jetty.util.log.class=org.eclipse.jetty.util.log.JavaUtilLog, path.separator=:, java.vm.version=25.162-b12, java.awt.printerjob=sun.lwawt.macosx.CPrinterJob, sun.io.unicode.encoding=UnicodeBig, awt.toolkit=sun.lwawt.macosx.LWCToolkit, socksNonProxyHosts=local|*.local|169.254/16|*.169.254/16, buck.buck_build_type_info=/Users/scottjones/BuckExample/StashUI/UI/.buckd/resources/v2018.03.26.01/buck_build_type_info, ftp.nonProxyHosts=local|*.local|169.254/16|*.169.254/16, buck.dx=/Users/scottjones/BuckExample/StashUI/UI/.buckd/resources/v2018.03.26.01/dx, buck.git_commit_timestamp=1522099141, user.home=/Users/scottjones, java.specification.vendor=Oracle Corporation, buck.git_dirty=0, java.library.path=/Users/scottjones/BuckExample/StashUI/UI/.buckd/resources/v2018.03.26.01, java.vendor.url=http://java.oracle.com/, java.vm.vendor=Oracle Corporation, gopherProxySet=false, java.runtime.name=Java(TM) SE Runtime Environment, sun.java.command=com.facebook.buck.cli.bootstrapper.ClassLoaderBootstrapper com.facebook.buck.cli.Main$DaemonBootstrap local:.buckd/sock 120000, java.class.path=/Users/scottjones/BuckExample/StashUI/UI/.buckd/resources/v2018.03.26.01/bootstrapper_jar, buck.buckd_dir=/Users/scottjones/BuckExample/StashUI/UI/.buckd, buck.path_to_pathlib_py=/Users/scottjones/BuckExample/StashUI/UI/.buckd/resources/v2018.03.26.01/pathlib.py, buck.buckd_launch_time_nanos=23432505348890, java.vm.specification.name=Java Virtual Machine Specification, com.martiansoftware.nailgun.NGServer.outputPath=/Users/scottjones/BuckExample/StashUI/UI/.buckd/tmp/buck_run.rl8slT/ngserver-out, java.vm.specification.version=1.8, sun.cpu.endian=little, sun.os.patch.level=unknown, java.awt.headless=true, java.io.tmpdir=/Users/scottjones/BuckExample/StashUI/UI/.buckd/tmp/buck_run.rl8slT, buck.android_agent_path=/Users/scottjones/BuckExample/StashUI/UI/.buckd/resources/v2018.03.26.01/android_agent_path, java.vendor.url.bug=http://bugreport.sun.com/bugreport/, buck.path_to_python_dsl=, jna.platform.library.path=/usr/lib:/usr/lib, os.arch=x86_64, java.awt.graphicsenv=sun.awt.CGraphicsEnvironment, buck.path_to_pex=/Users/scottjones/BuckExample/StashUI/UI/.buckd/resources/v2018.03.26.01/path_to_pex, java.ext.dirs=/Users/scottjones/Library/Java/Extensions:/Library/Java/JavaVirtualMachines/jdk1.8.0_162.jdk/Contents/Home/jre/lib/ext:/Library/Java/Extensions:/Network/Library/Java/Extensions:/System/Library/Java/Extensions:/usr/lib/java, java.util.logging.config.class=com.facebook.buck.cli.bootstrapper.LogConfig, user.dir=/Users/scottjones/BuckExample/StashUI/UI, line.separator=
, java.vm.name=Java HotSpot(TM) 64-Bit Server VM, buck.path_to_typing=/Users/scottjones/BuckExample/StashUI/UI/.buckd/resources/v2018.03.26.01/path_to_typing, buck.native_exopackage_fake_path=/Users/scottjones/BuckExample/StashUI/UI/.buckd/resources/v2018.03.26.01/native_exopackage_fake_path, file.encoding=UTF-8, java.specification.version=1.8}
[2018-05-02 19:10:19.572][debug][command:null][tid:104][com.facebook.buck.util.config.Configs] Loading configuration for /Users/scottjones/BuckExample/StashUI/UI
[2018-05-02 19:10:19.573][debug][command:null][tid:104][com.facebook.buck.util.config.Configs] Loaded project configuration file /Users/scottjones/BuckExample/StashUI/UI/.buckconfig
[2018-05-02 19:10:19.573][debug][command:null][tid:104][com.facebook.buck.util.config.Configs] Adding configuration overrides RawConfig{values={}}
[2018-05-02 19:10:19.574][info ][command:null][tid:104][com.facebook.buck.io.WatchmanFactory] Creating for: [/Users/scottjones/BuckExample/StashUI/UI]
[2018-05-02 19:10:19.575][debug][command:null][tid:104][com.facebook.buck.io.ExecutableFinder] Executable 'watchman' mapped to 'Optional[/usr/local/bin/watchman]'
[2018-05-02 19:10:19.575][debug][command:null][tid:104][com.facebook.buck.util.ListeningProcessExecutor] Launching process with params ProcessExecutorParams{command=[/usr/local/bin/watchman, --output-encoding=bser, get-sockname]}
[2018-05-02 19:10:19.577][debug][command:null][tid:104][com.facebook.buck.util.ListeningProcessExecutor] Successfully launched process com.zaxxer.nuprocess.osx.OsxProcess@2c6aa6e7
[2018-05-02 19:10:19.577][debug][command:null][tid:104][com.facebook.buck.util.ListeningProcessExecutor] Waiting for process com.facebook.buck.util.ListeningProcessExecutor$LaunchedProcessImpl@f14c29c timeout 1000000000 NANOSECONDS
[2018-05-02 19:10:19.589][debug][command:null][tid:104][com.facebook.buck.util.ListeningProcessExecutor] Wait for process returned 0
[2018-05-02 19:10:19.589][debug][command:null][tid:104][com.facebook.buck.io.WatchmanFactory] Waited 11 ms for Watchman command get-sockname, exit code 0
[2018-05-02 19:10:19.589][debug][command:null][tid:104][com.facebook.buck.io.WatchmanFactory] stdout of command: {sockname=/usr/local/var/run/watchman/scottjones-state/sock, version=4.9.0}
[2018-05-02 19:10:19.589][info ][command:null][tid:104][com.facebook.buck.io.WatchmanFactory] Connecting to Watchman version 4.9.0 at /usr/local/var/run/watchman/scottjones-state/sock
[2018-05-02 19:10:19.590][debug][command:null][tid:111][com.facebook.buck.io.WatchmanTransportClient] Sending query: [version, {required=[cmd-watch-project], optional=[term-dirname, cmd-watch-project, wildmatch, wildmatch_multislash, glob_generator, clock-sync-timeout]}]
[2018-05-02 19:10:19.591][debug][command:null][tid:104][com.facebook.buck.io.WatchmanTransportClient] Query [version, {required=[cmd-watch-project], optional=[term-dirname, cmd-watch-project, wildmatch, wildmatch_multislash, glob_generator, clock-sync-timeout]}] returned in 0 ms
[2018-05-02 19:10:19.591][info ][command:null][tid:104][com.facebook.buck.io.WatchmanFactory] Took 1 ms to query capabilities {term-dirname=DIRNAME, cmd-watch-project=SUPPORTS_PROJECT_WATCH, wildmatch=WILDMATCH_GLOB, wildmatch_multislash=WILDMATCH_MULTISLASH, glob_generator=GLOB_GENERATOR, clock-sync-timeout=CLOCK_SYNC_TIMEOUT}
[2018-05-02 19:10:19.591][debug][command:null][tid:104][com.facebook.buck.io.WatchmanFactory] Got capabilities response: {clock-sync-timeout=true, glob_generator=true, wildmatch_multislash=false, cmd-watch-project=true, wildmatch=true, term-dirname=true}
[2018-05-02 19:10:19.591][debug][command:null][tid:104][com.facebook.buck.io.WatchmanFactory] Got Watchman capabilities: [CLOCK_SYNC_TIMEOUT, GLOB_GENERATOR, SUPPORTS_PROJECT_WATCH, WILDMATCH_GLOB, DIRNAME]
[2018-05-02 19:10:19.591][info ][command:null][tid:104][com.facebook.buck.io.WatchmanFactory] Adding watchman root: /Users/scottjones/BuckExample/StashUI/UI
[2018-05-02 19:10:19.591][debug][command:null][tid:111][com.facebook.buck.io.WatchmanTransportClient] Sending query: [watch-project, /Users/scottjones/BuckExample/StashUI/UI]
[2018-05-02 19:10:19.591][debug][command:null][tid:104][com.facebook.buck.io.WatchmanTransportClient] Query [watch-project, /Users/scottjones/BuckExample/StashUI/UI] returned in 0 ms
[2018-05-02 19:10:19.592][debug][command:null][tid:111][com.facebook.buck.io.WatchmanTransportClient] Sending query: [watch-project, /Users/scottjones/BuckExample/StashUI/UI]
[2018-05-02 19:10:19.592][debug][command:null][tid:104][com.facebook.buck.io.WatchmanTransportClient] Query [watch-project, /Users/scottjones/BuckExample/StashUI/UI] returned in 0 ms
[2018-05-02 19:10:19.592][info ][command:null][tid:104][com.facebook.buck.io.WatchmanFactory] Took 0 ms to add root /Users/scottjones/BuckExample/StashUI/UI
[2018-05-02 19:10:19.592][debug][command:null][tid:111][com.facebook.buck.io.WatchmanTransportClient] Sending query: [clock, /Users/scottjones/BuckExample, {sync_timeout=100}]
[2018-05-02 19:10:19.600][debug][command:null][tid:104][com.facebook.buck.io.WatchmanTransportClient] Query [clock, /Users/scottjones/BuckExample, {sync_timeout=100}] returned in 8 ms
[2018-05-02 19:10:19.600][info ][command:null][tid:104][com.facebook.buck.io.WatchmanFactory] Took 8 ms to query for initial clock id Optional[c:1525269255:464:2:940]
[2018-05-02 19:10:19.600][debug][command:null][tid:104][com.facebook.buck.io.WatchmanFactory] Connected to Watchman
[2018-05-02 19:10:19.601][debug][command:null][tid:104][com.facebook.buck.io.WatchmanTransportClient] Closing Watchman transport.
[2018-05-02 19:10:19.601][debug][command:null][tid:104][com.facebook.buck.cli.Main] Watchman capabilities: [CLOCK_SYNC_TIMEOUT, GLOB_GENERATOR, SUPPORTS_PROJECT_WATCH, WILDMATCH_GLOB, DIRNAME] Project watches: {/Users/scottjones/BuckExample/StashUI/UI=ProjectWatch{watchRoot=/Users/scottjones/BuckExample, projectPrefix=StashUI/UI}} Glob handler config: PYTHON Query timeout ms config: Optional.empty
