[2018-05-02 19:09:02.768][debug][command:809cff97-4ca7-44c0-97cd-b92732545764][tid:13][com.facebook.buck.event.listener.SuperConsoleEventBusListener] Starting render scheduler (interval 100 ms)
[2018-05-02 19:09:02.795][debug][command:809cff97-4ca7-44c0-97cd-b92732545764][tid:13][com.google.common.util.concurrent.ServiceManager] Starting PerfStatsTracking [RUNNING].
[2018-05-02 19:09:02.795][debug][command:809cff97-4ca7-44c0-97cd-b92732545764][tid:13][com.google.common.util.concurrent.ServiceManager] Started PerfStatsTracking [RUNNING] in 529.6 μs.
[2018-05-02 19:09:02.799][debug][command:809cff97-4ca7-44c0-97cd-b92732545764][tid:13][com.google.common.util.concurrent.ServiceManager] Starting ProcessTracker [STARTING].
[2018-05-02 19:09:02.799][debug][command:null][tid:24][com.facebook.buck.util.perf.ProcessTracker] startUp
[2018-05-02 19:09:02.799][debug][command:null][tid:24][com.facebook.buck.util.perf.ProcessTracker] startUp
[2018-05-02 19:09:02.817][debug][command:809cff97-4ca7-44c0-97cd-b92732545764][tid:13][com.facebook.buck.util.environment.MacWifiSsidFinder] Getting current SSID..
[2018-05-02 19:09:02.865][debug][command:809cff97-4ca7-44c0-97cd-b92732545764][tid:13][com.facebook.buck.util.environment.MacWifiSsidFinder] Getting SSID from Wi-Fi interface: <CWInterface: 0x7f96fdfa3710> [interfaceName=en0]
[2018-05-02 19:09:02.867][debug][command:809cff97-4ca7-44c0-97cd-b92732545764][tid:13][com.facebook.buck.util.environment.MacWifiSsidFinder] No SSID found for interface <CWInterface: 0x7f96fdfa3710> [interfaceName=en0].
[2018-05-02 19:09:02.868][debug][command:null][tid:24][com.google.common.util.concurrent.ServiceManager] Started ProcessTracker [RUNNING] in 68.41 ms.
[2018-05-02 19:09:02.868][debug][command:null][tid:24][com.google.common.util.concurrent.ServiceManager] Started ProcessTracker [RUNNING] in 68.41 ms.
[2018-05-02 19:09:02.868][debug][command:809cff97-4ca7-44c0-97cd-b92732545764][tid:13][com.facebook.buck.cli.Main] InvocationInfo BuildId=[809cff97-4ca7-44c0-97cd-b92732545764] Args=[build, :Dwift]
[2018-05-02 19:09:03.170][warn ][command:809cff97-4ca7-44c0-97cd-b92732545764][tid:13][com.facebook.buck.event.listener.PublicAnnouncementManager] Failed to get public announcements. Reason: Failed to establish connection to server.
[2018-05-02 19:09:03.170][debug][command:809cff97-4ca7-44c0-97cd-b92732545764][tid:13][com.facebook.buck.cli.Main] new Buck daemon
[2018-05-02 19:09:03.188][info ][command:null][tid:29][com.facebook.buck.util.versioncontrol.VersionControlStatsGenerator] Starting generation of version control stats.
[2018-05-02 19:09:03.188][info ][command:null][tid:29][com.facebook.buck.util.versioncontrol.VersionControlStatsGenerator] Starting generation of version control stats.
[2018-05-02 19:09:03.192][debug][command:null][tid:29][com.facebook.buck.util.versioncontrol.VersionControlCmdLineInterface] Executing command: hg log -l 1 --template {node|short}
[2018-05-02 19:09:03.192][debug][command:null][tid:29][com.facebook.buck.util.versioncontrol.VersionControlCmdLineInterface] Executing command: hg log -l 1 --template {node|short}
[2018-05-02 19:09:03.205][warn ][command:null][tid:29][com.facebook.buck.util.versioncontrol.DelegatingVersionControlCmdLineInterface] Mercurial is the only VCS supported for VCS stats generation, however current project (which has enabled VCS stats generation in its .buckconfig) does not appear to be a Mercurial repository: 
com.facebook.buck.util.versioncontrol.VersionControlCommandFailedException: java.io.IOException: Cannot run program "hg" (in directory "/Users/scottjones/BuckExample/StashUI/UI"): error=2, No such file or directory
[2018-05-02 19:09:03.205][warn ][command:null][tid:29][com.facebook.buck.util.versioncontrol.DelegatingVersionControlCmdLineInterface] Mercurial is the only VCS supported for VCS stats generation, however current project (which has enabled VCS stats generation in its .buckconfig) does not appear to be a Mercurial repository: 
com.facebook.buck.util.versioncontrol.VersionControlCommandFailedException: java.io.IOException: Cannot run program "hg" (in directory "/Users/scottjones/BuckExample/StashUI/UI"): error=2, No such file or directory
[2018-05-02 19:09:03.205][debug][command:null][tid:29][com.facebook.buck.util.versioncontrol.DelegatingVersionControlCmdLineInterface] Using NoOpCmdLineInterface.
[2018-05-02 19:09:03.205][debug][command:null][tid:29][com.facebook.buck.util.versioncontrol.DelegatingVersionControlCmdLineInterface] Using NoOpCmdLineInterface.
[2018-05-02 19:09:03.206][warn ][command:null][tid:29][com.facebook.buck.util.versioncontrol.VersionControlStatsGenerator] Skipping generation of version control stats as unsupported repository type.
[2018-05-02 19:09:03.206][warn ][command:null][tid:29][com.facebook.buck.util.versioncontrol.VersionControlStatsGenerator] Skipping generation of version control stats as unsupported repository type.
[2018-05-02 19:09:03.212][debug][command:null][tid:29][com.facebook.buck.util.environment.MacNetworkConfiguration] Determine network service order and extract device names
[2018-05-02 19:09:03.212][debug][command:null][tid:29][com.facebook.buck.util.environment.MacNetworkConfiguration] Determine network service order and extract device names
[2018-05-02 19:09:03.225][debug][command:null][tid:29][com.facebook.buck.util.ListeningProcessExecutor] Launching process with params ProcessExecutorParams{command=[networksetup, -listnetworkserviceorder, ]}
[2018-05-02 19:09:03.225][debug][command:null][tid:29][com.facebook.buck.util.ListeningProcessExecutor] Launching process with params ProcessExecutorParams{command=[networksetup, -listnetworkserviceorder, ]}
[2018-05-02 19:09:03.230][debug][command:null][tid:29][com.facebook.buck.util.ListeningProcessExecutor] Successfully launched process com.zaxxer.nuprocess.osx.OsxProcess@25ef5342
[2018-05-02 19:09:03.230][debug][command:null][tid:29][com.facebook.buck.util.ListeningProcessExecutor] Successfully launched process com.zaxxer.nuprocess.osx.OsxProcess@25ef5342
[2018-05-02 19:09:03.233][debug][command:null][tid:29][com.facebook.buck.util.ListeningProcessExecutor] Waiting for process com.facebook.buck.util.ListeningProcessExecutor$LaunchedProcessImpl@34f4f93e timeout 1000 MILLISECONDS
[2018-05-02 19:09:03.233][debug][command:null][tid:29][com.facebook.buck.util.ListeningProcessExecutor] Waiting for process com.facebook.buck.util.ListeningProcessExecutor$LaunchedProcessImpl@34f4f93e timeout 1000 MILLISECONDS
[2018-05-02 19:09:03.290][debug][command:null][tid:29][com.facebook.buck.util.ListeningProcessExecutor] Wait for process returned 0
[2018-05-02 19:09:03.290][debug][command:null][tid:29][com.facebook.buck.util.ListeningProcessExecutor] Wait for process returned 0
[2018-05-02 19:09:03.290][debug][command:null][tid:29][com.facebook.buck.util.ListeningProcessExecutor] Destroying process com.facebook.buck.util.ListeningProcessExecutor$LaunchedProcessImpl@34f4f93e (force true)
[2018-05-02 19:09:03.290][debug][command:null][tid:29][com.facebook.buck.util.ListeningProcessExecutor] Destroying process com.facebook.buck.util.ListeningProcessExecutor$LaunchedProcessImpl@34f4f93e (force true)
[2018-05-02 19:09:03.290][debug][command:null][tid:29][com.facebook.buck.util.environment.MacNetworkConfiguration] Determine active state of media for device
[2018-05-02 19:09:03.290][debug][command:null][tid:29][com.facebook.buck.util.environment.MacNetworkConfiguration] Determine active state of media for device
[2018-05-02 19:09:03.290][debug][command:null][tid:29][com.facebook.buck.util.ListeningProcessExecutor] Launching process with params ProcessExecutorParams{command=[networksetup, -getMedia, lpss-serial1]}
[2018-05-02 19:09:03.290][debug][command:null][tid:29][com.facebook.buck.util.ListeningProcessExecutor] Launching process with params ProcessExecutorParams{command=[networksetup, -getMedia, lpss-serial1]}
[2018-05-02 19:09:03.294][debug][command:null][tid:29][com.facebook.buck.util.ListeningProcessExecutor] Successfully launched process com.zaxxer.nuprocess.osx.OsxProcess@6b5ec9a1
[2018-05-02 19:09:03.294][debug][command:null][tid:29][com.facebook.buck.util.ListeningProcessExecutor] Successfully launched process com.zaxxer.nuprocess.osx.OsxProcess@6b5ec9a1
[2018-05-02 19:09:03.295][debug][command:null][tid:29][com.facebook.buck.util.ListeningProcessExecutor] Waiting for process com.facebook.buck.util.ListeningProcessExecutor$LaunchedProcessImpl@7444bfd7 timeout 1000 MILLISECONDS
[2018-05-02 19:09:03.295][debug][command:null][tid:29][com.facebook.buck.util.ListeningProcessExecutor] Waiting for process com.facebook.buck.util.ListeningProcessExecutor$LaunchedProcessImpl@7444bfd7 timeout 1000 MILLISECONDS
[2018-05-02 19:09:03.324][debug][command:null][tid:29][com.facebook.buck.util.ListeningProcessExecutor] Wait for process returned 4
[2018-05-02 19:09:03.324][debug][command:null][tid:29][com.facebook.buck.util.ListeningProcessExecutor] Wait for process returned 4
[2018-05-02 19:09:03.325][debug][command:null][tid:29][com.facebook.buck.util.ListeningProcessExecutor] Destroying process com.facebook.buck.util.ListeningProcessExecutor$LaunchedProcessImpl@7444bfd7 (force true)
[2018-05-02 19:09:03.325][debug][command:null][tid:29][com.facebook.buck.util.ListeningProcessExecutor] Destroying process com.facebook.buck.util.ListeningProcessExecutor$LaunchedProcessImpl@7444bfd7 (force true)
[2018-05-02 19:09:03.325][debug][command:null][tid:29][com.facebook.buck.util.environment.MacNetworkConfiguration] Determine active state of media for device
[2018-05-02 19:09:03.325][debug][command:null][tid:29][com.facebook.buck.util.environment.MacNetworkConfiguration] Determine active state of media for device
[2018-05-02 19:09:03.325][debug][command:null][tid:29][com.facebook.buck.util.ListeningProcessExecutor] Launching process with params ProcessExecutorParams{command=[networksetup, -getMedia, lpss-serial2]}
[2018-05-02 19:09:03.325][debug][command:null][tid:29][com.facebook.buck.util.ListeningProcessExecutor] Launching process with params ProcessExecutorParams{command=[networksetup, -getMedia, lpss-serial2]}
[2018-05-02 19:09:03.327][debug][command:null][tid:29][com.facebook.buck.util.ListeningProcessExecutor] Successfully launched process com.zaxxer.nuprocess.osx.OsxProcess@3aafd647
[2018-05-02 19:09:03.327][debug][command:null][tid:29][com.facebook.buck.util.ListeningProcessExecutor] Successfully launched process com.zaxxer.nuprocess.osx.OsxProcess@3aafd647
[2018-05-02 19:09:03.328][debug][command:null][tid:29][com.facebook.buck.util.ListeningProcessExecutor] Waiting for process com.facebook.buck.util.ListeningProcessExecutor$LaunchedProcessImpl@2901f525 timeout 1000 MILLISECONDS
[2018-05-02 19:09:03.328][debug][command:null][tid:29][com.facebook.buck.util.ListeningProcessExecutor] Waiting for process com.facebook.buck.util.ListeningProcessExecutor$LaunchedProcessImpl@2901f525 timeout 1000 MILLISECONDS
[2018-05-02 19:09:03.357][debug][command:null][tid:29][com.facebook.buck.util.ListeningProcessExecutor] Wait for process returned 4
[2018-05-02 19:09:03.357][debug][command:null][tid:29][com.facebook.buck.util.ListeningProcessExecutor] Wait for process returned 4
[2018-05-02 19:09:03.357][debug][command:null][tid:29][com.facebook.buck.util.ListeningProcessExecutor] Destroying process com.facebook.buck.util.ListeningProcessExecutor$LaunchedProcessImpl@2901f525 (force true)
[2018-05-02 19:09:03.357][debug][command:null][tid:29][com.facebook.buck.util.ListeningProcessExecutor] Destroying process com.facebook.buck.util.ListeningProcessExecutor$LaunchedProcessImpl@2901f525 (force true)
[2018-05-02 19:09:03.357][debug][command:null][tid:29][com.facebook.buck.util.environment.MacNetworkConfiguration] Determine active state of media for device
[2018-05-02 19:09:03.357][debug][command:null][tid:29][com.facebook.buck.util.environment.MacNetworkConfiguration] Determine active state of media for device
[2018-05-02 19:09:03.357][debug][command:null][tid:29][com.facebook.buck.util.ListeningProcessExecutor] Launching process with params ProcessExecutorParams{command=[networksetup, -getMedia, en26]}
[2018-05-02 19:09:03.357][debug][command:null][tid:29][com.facebook.buck.util.ListeningProcessExecutor] Launching process with params ProcessExecutorParams{command=[networksetup, -getMedia, en26]}
[2018-05-02 19:09:03.360][debug][command:null][tid:29][com.facebook.buck.util.ListeningProcessExecutor] Successfully launched process com.zaxxer.nuprocess.osx.OsxProcess@340f2265
[2018-05-02 19:09:03.360][debug][command:null][tid:29][com.facebook.buck.util.ListeningProcessExecutor] Successfully launched process com.zaxxer.nuprocess.osx.OsxProcess@340f2265
[2018-05-02 19:09:03.361][debug][command:null][tid:29][com.facebook.buck.util.ListeningProcessExecutor] Waiting for process com.facebook.buck.util.ListeningProcessExecutor$LaunchedProcessImpl@65649934 timeout 1000 MILLISECONDS
[2018-05-02 19:09:03.361][debug][command:null][tid:29][com.facebook.buck.util.ListeningProcessExecutor] Waiting for process com.facebook.buck.util.ListeningProcessExecutor$LaunchedProcessImpl@65649934 timeout 1000 MILLISECONDS
[2018-05-02 19:09:03.363][debug][command:809cff97-4ca7-44c0-97cd-b92732545764][tid:13][com.facebook.buck.parser.Parser] com.facebook.buck.event.DefaultBuckEventBus@3485655e
[2018-05-02 19:09:03.367][debug][command:null][tid:32][com.facebook.buck.io.WatchmanTransportClient] Sending query: [query, /Users/scottjones/BuckExample, {since=c:1525269255:464:2:879, expression=[not, [anyof, [type, d], [dirname, .idea], [dirname, .buckd], [dirname, buck-out/cache], [dirname, buck-out/.trash], [dirname, buck-out], [match, **/*.pbxproj, wholename, {includedotfiles=true}], [match, **/*.xcscheme, wholename, {includedotfiles=true}], [match, **/*.xcworkspacedata, wholename, {includedotfiles=true}], [match, **/*~, wholename, {includedotfiles=true}], [match, **/#*#, wholename, {includedotfiles=true}], [match, **/.#*, wholename, {includedotfiles=true}], [match, **/*.swo, wholename, {includedotfiles=true}], [match, **/*.swp, wholename, {includedotfiles=true}], [match, **/*.swpx, wholename, {includedotfiles=true}], [match, **/*.un~, wholename, {includedotfiles=true}], [match, **/.netrhwist, wholename, {includedotfiles=true}], [match, .idea, wholename, {includedotfiles=true}], [match, .iml, wholename, {includedotfiles=true}], [match, **/*.pydevproject, wholename, {includedotfiles=true}], [match, .project, wholename, {includedotfiles=true}], [match, .metadata, wholename, {includedotfiles=true}], [match, **/*.tmp, wholename, {includedotfiles=true}], [match, **/*.bak, wholename, {includedotfiles=true}], [match, **/*~.nib, wholename, {includedotfiles=true}], [match, .classpath, wholename, {includedotfiles=true}], [match, .settings, wholename, {includedotfiles=true}], [match, .loadpath, wholename, {includedotfiles=true}], [match, .externalToolBuilders, wholename, {includedotfiles=true}], [match, .cproject, wholename, {includedotfiles=true}], [match, .buildpath, wholename, {includedotfiles=true}], [match, .DS_Store, wholename, {includedotfiles=true}], [match, .AppleDouble, wholename, {includedotfiles=true}], [match, .LSOverride, wholename, {includedotfiles=true}], [match, .Spotlight-V100, wholename, {includedotfiles=true}], [match, .Trashes, wholename, {includedotfiles=true}], [match, $RECYCLE.BIN, wholename, {includedotfiles=true}], [match, .*.sublime-workspace, wholename, {includedotfiles=true}]]], empty_on_fresh_instance=true, fields=[name, exists, new], relative_root=StashUI/UI}]
[2018-05-02 19:09:03.367][debug][command:null][tid:32][com.facebook.buck.io.WatchmanTransportClient] Sending query: [query, /Users/scottjones/BuckExample, {since=c:1525269255:464:2:879, expression=[not, [anyof, [type, d], [dirname, .idea], [dirname, .buckd], [dirname, buck-out/cache], [dirname, buck-out/.trash], [dirname, buck-out], [match, **/*.pbxproj, wholename, {includedotfiles=true}], [match, **/*.xcscheme, wholename, {includedotfiles=true}], [match, **/*.xcworkspacedata, wholename, {includedotfiles=true}], [match, **/*~, wholename, {includedotfiles=true}], [match, **/#*#, wholename, {includedotfiles=true}], [match, **/.#*, wholename, {includedotfiles=true}], [match, **/*.swo, wholename, {includedotfiles=true}], [match, **/*.swp, wholename, {includedotfiles=true}], [match, **/*.swpx, wholename, {includedotfiles=true}], [match, **/*.un~, wholename, {includedotfiles=true}], [match, **/.netrhwist, wholename, {includedotfiles=true}], [match, .idea, wholename, {includedotfiles=true}], [match, .iml, wholename, {includedotfiles=true}], [match, **/*.pydevproject, wholename, {includedotfiles=true}], [match, .project, wholename, {includedotfiles=true}], [match, .metadata, wholename, {includedotfiles=true}], [match, **/*.tmp, wholename, {includedotfiles=true}], [match, **/*.bak, wholename, {includedotfiles=true}], [match, **/*~.nib, wholename, {includedotfiles=true}], [match, .classpath, wholename, {includedotfiles=true}], [match, .settings, wholename, {includedotfiles=true}], [match, .loadpath, wholename, {includedotfiles=true}], [match, .externalToolBuilders, wholename, {includedotfiles=true}], [match, .cproject, wholename, {includedotfiles=true}], [match, .buildpath, wholename, {includedotfiles=true}], [match, .DS_Store, wholename, {includedotfiles=true}], [match, .AppleDouble, wholename, {includedotfiles=true}], [match, .LSOverride, wholename, {includedotfiles=true}], [match, .Spotlight-V100, wholename, {includedotfiles=true}], [match, .Trashes, wholename, {includedotfiles=true}], [match, $RECYCLE.BIN, wholename, {includedotfiles=true}], [match, .*.sublime-workspace, wholename, {includedotfiles=true}]]], empty_on_fresh_instance=true, fields=[name, exists, new], relative_root=StashUI/UI}]
[2018-05-02 19:09:03.380][debug][command:null][tid:31][com.facebook.buck.io.WatchmanTransportClient] Query [query, /Users/scottjones/BuckExample, {since=c:1525269255:464:2:879, expression=[not, [anyof, [type, d], [dirname, .idea], [dirname, .buckd], [dirname, buck-out/cache], [dirname, buck-out/.trash], [dirname, buck-out], [match, **/*.pbxproj, wholename, {includedotfiles=true}], [match, **/*.xcscheme, wholename, {includedotfiles=true}], [match, **/*.xcworkspacedata, wholename, {includedotfiles=true}], [match, **/*~, wholename, {includedotfiles=true}], [match, **/#*#, wholename, {includedotfiles=true}], [match, **/.#*, wholename, {includedotfiles=true}], [match, **/*.swo, wholename, {includedotfiles=true}], [match, **/*.swp, wholename, {includedotfiles=true}], [match, **/*.swpx, wholename, {includedotfiles=true}], [match, **/*.un~, wholename, {includedotfiles=true}], [match, **/.netrhwist, wholename, {includedotfiles=true}], [match, .idea, wholename, {includedotfiles=true}], [match, .iml, wholename, {includedotfiles=true}], [match, **/*.pydevproject, wholename, {includedotfiles=true}], [match, .project, wholename, {includedotfiles=true}], [match, .metadata, wholename, {includedotfiles=true}], [match, **/*.tmp, wholename, {includedotfiles=true}], [match, **/*.bak, wholename, {includedotfiles=true}], [match, **/*~.nib, wholename, {includedotfiles=true}], [match, .classpath, wholename, {includedotfiles=true}], [match, .settings, wholename, {includedotfiles=true}], [match, .loadpath, wholename, {includedotfiles=true}], [match, .externalToolBuilders, wholename, {includedotfiles=true}], [match, .cproject, wholename, {includedotfiles=true}], [match, .buildpath, wholename, {includedotfiles=true}], [match, .DS_Store, wholename, {includedotfiles=true}], [match, .AppleDouble, wholename, {includedotfiles=true}], [match, .LSOverride, wholename, {includedotfiles=true}], [match, .Spotlight-V100, wholename, {includedotfiles=true}], [match, .Trashes, wholename, {includedotfiles=true}], [match, $RECYCLE.BIN, wholename, {includedotfiles=true}], [match, .*.sublime-workspace, wholename, {includedotfiles=true}]]], empty_on_fresh_instance=true, fields=[name, exists, new], relative_root=StashUI/UI}] returned in 13 ms
[2018-05-02 19:09:03.380][debug][command:null][tid:31][com.facebook.buck.io.WatchmanTransportClient] Query [query, /Users/scottjones/BuckExample, {since=c:1525269255:464:2:879, expression=[not, [anyof, [type, d], [dirname, .idea], [dirname, .buckd], [dirname, buck-out/cache], [dirname, buck-out/.trash], [dirname, buck-out], [match, **/*.pbxproj, wholename, {includedotfiles=true}], [match, **/*.xcscheme, wholename, {includedotfiles=true}], [match, **/*.xcworkspacedata, wholename, {includedotfiles=true}], [match, **/*~, wholename, {includedotfiles=true}], [match, **/#*#, wholename, {includedotfiles=true}], [match, **/.#*, wholename, {includedotfiles=true}], [match, **/*.swo, wholename, {includedotfiles=true}], [match, **/*.swp, wholename, {includedotfiles=true}], [match, **/*.swpx, wholename, {includedotfiles=true}], [match, **/*.un~, wholename, {includedotfiles=true}], [match, **/.netrhwist, wholename, {includedotfiles=true}], [match, .idea, wholename, {includedotfiles=true}], [match, .iml, wholename, {includedotfiles=true}], [match, **/*.pydevproject, wholename, {includedotfiles=true}], [match, .project, wholename, {includedotfiles=true}], [match, .metadata, wholename, {includedotfiles=true}], [match, **/*.tmp, wholename, {includedotfiles=true}], [match, **/*.bak, wholename, {includedotfiles=true}], [match, **/*~.nib, wholename, {includedotfiles=true}], [match, .classpath, wholename, {includedotfiles=true}], [match, .settings, wholename, {includedotfiles=true}], [match, .loadpath, wholename, {includedotfiles=true}], [match, .externalToolBuilders, wholename, {includedotfiles=true}], [match, .cproject, wholename, {includedotfiles=true}], [match, .buildpath, wholename, {includedotfiles=true}], [match, .DS_Store, wholename, {includedotfiles=true}], [match, .AppleDouble, wholename, {includedotfiles=true}], [match, .LSOverride, wholename, {includedotfiles=true}], [match, .Spotlight-V100, wholename, {includedotfiles=true}], [match, .Trashes, wholename, {includedotfiles=true}], [match, $RECYCLE.BIN, wholename, {includedotfiles=true}], [match, .*.sublime-workspace, wholename, {includedotfiles=true}]]], empty_on_fresh_instance=true, fields=[name, exists, new], relative_root=StashUI/UI}] returned in 13 ms
[2018-05-02 19:09:03.381][debug][command:null][tid:31][com.facebook.buck.io.WatchmanWatcher] Updating Watchman Cursor from c:1525269255:464:2:879 to c:1525269255:464:2:885
[2018-05-02 19:09:03.381][debug][command:null][tid:31][com.facebook.buck.io.WatchmanWatcher] Updating Watchman Cursor from c:1525269255:464:2:879 to c:1525269255:464:2:885
[2018-05-02 19:09:03.381][debug][command:null][tid:31][com.facebook.buck.io.WatchmanWatcher] Posted 0 Watchman events.
[2018-05-02 19:09:03.381][debug][command:null][tid:31][com.facebook.buck.io.WatchmanWatcher] Posted 0 Watchman events.
[2018-05-02 19:09:03.381][debug][command:null][tid:31][com.facebook.buck.io.WatchmanTransportClient] Closing Watchman transport.
[2018-05-02 19:09:03.381][debug][command:null][tid:31][com.facebook.buck.io.WatchmanTransportClient] Closing Watchman transport.
[2018-05-02 19:09:03.393][debug][command:null][tid:29][com.facebook.buck.util.ListeningProcessExecutor] Wait for process returned 4
[2018-05-02 19:09:03.393][debug][command:null][tid:29][com.facebook.buck.util.ListeningProcessExecutor] Wait for process returned 4
[2018-05-02 19:09:03.393][debug][command:null][tid:29][com.facebook.buck.util.ListeningProcessExecutor] Destroying process com.facebook.buck.util.ListeningProcessExecutor$LaunchedProcessImpl@65649934 (force true)
[2018-05-02 19:09:03.393][debug][command:null][tid:29][com.facebook.buck.util.ListeningProcessExecutor] Destroying process com.facebook.buck.util.ListeningProcessExecutor$LaunchedProcessImpl@65649934 (force true)
[2018-05-02 19:09:03.393][debug][command:null][tid:29][com.facebook.buck.util.environment.MacNetworkConfiguration] Determine active state of media for device
[2018-05-02 19:09:03.393][debug][command:null][tid:29][com.facebook.buck.util.environment.MacNetworkConfiguration] Determine active state of media for device
[2018-05-02 19:09:03.394][debug][command:null][tid:29][com.facebook.buck.util.ListeningProcessExecutor] Launching process with params ProcessExecutorParams{command=[networksetup, -getMedia, en25]}
[2018-05-02 19:09:03.394][debug][command:null][tid:29][com.facebook.buck.util.ListeningProcessExecutor] Launching process with params ProcessExecutorParams{command=[networksetup, -getMedia, en25]}
[2018-05-02 19:09:03.399][debug][command:null][tid:29][com.facebook.buck.util.ListeningProcessExecutor] Successfully launched process com.zaxxer.nuprocess.osx.OsxProcess@21bd7631
[2018-05-02 19:09:03.399][debug][command:null][tid:29][com.facebook.buck.util.ListeningProcessExecutor] Successfully launched process com.zaxxer.nuprocess.osx.OsxProcess@21bd7631
[2018-05-02 19:09:03.400][debug][command:null][tid:29][com.facebook.buck.util.ListeningProcessExecutor] Waiting for process com.facebook.buck.util.ListeningProcessExecutor$LaunchedProcessImpl@73307fe timeout 1000 MILLISECONDS
[2018-05-02 19:09:03.400][debug][command:null][tid:29][com.facebook.buck.util.ListeningProcessExecutor] Waiting for process com.facebook.buck.util.ListeningProcessExecutor$LaunchedProcessImpl@73307fe timeout 1000 MILLISECONDS
[2018-05-02 19:09:03.431][debug][command:null][tid:29][com.facebook.buck.util.ListeningProcessExecutor] Wait for process returned 4
[2018-05-02 19:09:03.431][debug][command:null][tid:29][com.facebook.buck.util.ListeningProcessExecutor] Wait for process returned 4
[2018-05-02 19:09:03.431][debug][command:null][tid:29][com.facebook.buck.util.ListeningProcessExecutor] Destroying process com.facebook.buck.util.ListeningProcessExecutor$LaunchedProcessImpl@73307fe (force true)
[2018-05-02 19:09:03.431][debug][command:null][tid:29][com.facebook.buck.util.ListeningProcessExecutor] Destroying process com.facebook.buck.util.ListeningProcessExecutor$LaunchedProcessImpl@73307fe (force true)
[2018-05-02 19:09:03.431][debug][command:null][tid:29][com.facebook.buck.util.environment.MacNetworkConfiguration] Determine active state of media for device
[2018-05-02 19:09:03.431][debug][command:null][tid:29][com.facebook.buck.util.environment.MacNetworkConfiguration] Determine active state of media for device
[2018-05-02 19:09:03.431][debug][command:null][tid:29][com.facebook.buck.util.ListeningProcessExecutor] Launching process with params ProcessExecutorParams{command=[networksetup, -getMedia, en24]}
[2018-05-02 19:09:03.431][debug][command:null][tid:29][com.facebook.buck.util.ListeningProcessExecutor] Launching process with params ProcessExecutorParams{command=[networksetup, -getMedia, en24]}
[2018-05-02 19:09:03.439][debug][command:null][tid:29][com.facebook.buck.util.ListeningProcessExecutor] Successfully launched process com.zaxxer.nuprocess.osx.OsxProcess@4a621177
[2018-05-02 19:09:03.439][debug][command:null][tid:29][com.facebook.buck.util.ListeningProcessExecutor] Successfully launched process com.zaxxer.nuprocess.osx.OsxProcess@4a621177
[2018-05-02 19:09:03.440][debug][command:null][tid:29][com.facebook.buck.util.ListeningProcessExecutor] Waiting for process com.facebook.buck.util.ListeningProcessExecutor$LaunchedProcessImpl@41c86f98 timeout 1000 MILLISECONDS
[2018-05-02 19:09:03.440][debug][command:null][tid:29][com.facebook.buck.util.ListeningProcessExecutor] Waiting for process com.facebook.buck.util.ListeningProcessExecutor$LaunchedProcessImpl@41c86f98 timeout 1000 MILLISECONDS
[2018-05-02 19:09:03.445][info ][command:null][tid:28][com.facebook.buck.event.listener.LoggingBuildListener] Build started at 2018-05-02 19:09:03.444
[2018-05-02 19:09:03.445][info ][command:null][tid:28][com.facebook.buck.event.listener.LoggingBuildListener] Build started at 2018-05-02 19:09:03.444
[2018-05-02 19:09:03.469][debug][command:null][tid:29][com.facebook.buck.util.ListeningProcessExecutor] Wait for process returned 4
[2018-05-02 19:09:03.469][debug][command:null][tid:29][com.facebook.buck.util.ListeningProcessExecutor] Wait for process returned 4
[2018-05-02 19:09:03.470][debug][command:null][tid:29][com.facebook.buck.util.ListeningProcessExecutor] Destroying process com.facebook.buck.util.ListeningProcessExecutor$LaunchedProcessImpl@41c86f98 (force true)
[2018-05-02 19:09:03.470][debug][command:null][tid:29][com.facebook.buck.util.ListeningProcessExecutor] Destroying process com.facebook.buck.util.ListeningProcessExecutor$LaunchedProcessImpl@41c86f98 (force true)
[2018-05-02 19:09:03.470][debug][command:null][tid:29][com.facebook.buck.util.environment.MacNetworkConfiguration] Determine active state of media for device
[2018-05-02 19:09:03.470][debug][command:null][tid:29][com.facebook.buck.util.environment.MacNetworkConfiguration] Determine active state of media for device
[2018-05-02 19:09:03.470][debug][command:null][tid:29][com.facebook.buck.util.ListeningProcessExecutor] Launching process with params ProcessExecutorParams{command=[networksetup, -getMedia, en23]}
[2018-05-02 19:09:03.470][debug][command:null][tid:29][com.facebook.buck.util.ListeningProcessExecutor] Launching process with params ProcessExecutorParams{command=[networksetup, -getMedia, en23]}
[2018-05-02 19:09:03.472][debug][command:null][tid:29][com.facebook.buck.util.ListeningProcessExecutor] Successfully launched process com.zaxxer.nuprocess.osx.OsxProcess@5e5b9ca8
[2018-05-02 19:09:03.472][debug][command:null][tid:29][com.facebook.buck.util.ListeningProcessExecutor] Successfully launched process com.zaxxer.nuprocess.osx.OsxProcess@5e5b9ca8
[2018-05-02 19:09:03.473][debug][command:null][tid:29][com.facebook.buck.util.ListeningProcessExecutor] Waiting for process com.facebook.buck.util.ListeningProcessExecutor$LaunchedProcessImpl@4e8c7bd timeout 1000 MILLISECONDS
[2018-05-02 19:09:03.473][debug][command:null][tid:29][com.facebook.buck.util.ListeningProcessExecutor] Waiting for process com.facebook.buck.util.ListeningProcessExecutor$LaunchedProcessImpl@4e8c7bd timeout 1000 MILLISECONDS
[2018-05-02 19:09:03.502][debug][command:null][tid:29][com.facebook.buck.util.ListeningProcessExecutor] Wait for process returned 4
[2018-05-02 19:09:03.502][debug][command:null][tid:29][com.facebook.buck.util.ListeningProcessExecutor] Wait for process returned 4
[2018-05-02 19:09:03.503][debug][command:null][tid:29][com.facebook.buck.util.ListeningProcessExecutor] Destroying process com.facebook.buck.util.ListeningProcessExecutor$LaunchedProcessImpl@4e8c7bd (force true)
[2018-05-02 19:09:03.503][debug][command:null][tid:29][com.facebook.buck.util.ListeningProcessExecutor] Destroying process com.facebook.buck.util.ListeningProcessExecutor$LaunchedProcessImpl@4e8c7bd (force true)
[2018-05-02 19:09:03.503][debug][command:null][tid:29][com.facebook.buck.util.environment.MacNetworkConfiguration] Determine active state of media for device
[2018-05-02 19:09:03.503][debug][command:null][tid:29][com.facebook.buck.util.environment.MacNetworkConfiguration] Determine active state of media for device
[2018-05-02 19:09:03.503][debug][command:null][tid:29][com.facebook.buck.util.ListeningProcessExecutor] Launching process with params ProcessExecutorParams{command=[networksetup, -getMedia, en21]}
[2018-05-02 19:09:03.503][debug][command:null][tid:29][com.facebook.buck.util.ListeningProcessExecutor] Launching process with params ProcessExecutorParams{command=[networksetup, -getMedia, en21]}
[2018-05-02 19:09:03.504][debug][command:null][tid:29][com.facebook.buck.util.ListeningProcessExecutor] Successfully launched process com.zaxxer.nuprocess.osx.OsxProcess@7b78842a
[2018-05-02 19:09:03.504][debug][command:null][tid:29][com.facebook.buck.util.ListeningProcessExecutor] Successfully launched process com.zaxxer.nuprocess.osx.OsxProcess@7b78842a
[2018-05-02 19:09:03.505][debug][command:null][tid:29][com.facebook.buck.util.ListeningProcessExecutor] Waiting for process com.facebook.buck.util.ListeningProcessExecutor$LaunchedProcessImpl@79ce9072 timeout 1000 MILLISECONDS
[2018-05-02 19:09:03.505][debug][command:null][tid:29][com.facebook.buck.util.ListeningProcessExecutor] Waiting for process com.facebook.buck.util.ListeningProcessExecutor$LaunchedProcessImpl@79ce9072 timeout 1000 MILLISECONDS
[2018-05-02 19:09:03.538][debug][command:null][tid:29][com.facebook.buck.util.ListeningProcessExecutor] Wait for process returned 4
[2018-05-02 19:09:03.538][debug][command:null][tid:29][com.facebook.buck.util.ListeningProcessExecutor] Wait for process returned 4
[2018-05-02 19:09:03.538][debug][command:null][tid:29][com.facebook.buck.util.ListeningProcessExecutor] Destroying process com.facebook.buck.util.ListeningProcessExecutor$LaunchedProcessImpl@79ce9072 (force true)
[2018-05-02 19:09:03.538][debug][command:null][tid:29][com.facebook.buck.util.ListeningProcessExecutor] Destroying process com.facebook.buck.util.ListeningProcessExecutor$LaunchedProcessImpl@79ce9072 (force true)
[2018-05-02 19:09:03.538][debug][command:null][tid:29][com.facebook.buck.util.environment.MacNetworkConfiguration] Determine active state of media for device
[2018-05-02 19:09:03.538][debug][command:null][tid:29][com.facebook.buck.util.environment.MacNetworkConfiguration] Determine active state of media for device
[2018-05-02 19:09:03.538][debug][command:null][tid:29][com.facebook.buck.util.ListeningProcessExecutor] Launching process with params ProcessExecutorParams{command=[networksetup, -getMedia, en20]}
[2018-05-02 19:09:03.538][debug][command:null][tid:29][com.facebook.buck.util.ListeningProcessExecutor] Launching process with params ProcessExecutorParams{command=[networksetup, -getMedia, en20]}
[2018-05-02 19:09:03.540][debug][command:null][tid:29][com.facebook.buck.util.ListeningProcessExecutor] Successfully launched process com.zaxxer.nuprocess.osx.OsxProcess@7b72fd3f
[2018-05-02 19:09:03.540][debug][command:null][tid:29][com.facebook.buck.util.ListeningProcessExecutor] Successfully launched process com.zaxxer.nuprocess.osx.OsxProcess@7b72fd3f
[2018-05-02 19:09:03.541][debug][command:null][tid:29][com.facebook.buck.util.ListeningProcessExecutor] Waiting for process com.facebook.buck.util.ListeningProcessExecutor$LaunchedProcessImpl@396508c3 timeout 1000 MILLISECONDS
[2018-05-02 19:09:03.541][debug][command:null][tid:29][com.facebook.buck.util.ListeningProcessExecutor] Waiting for process com.facebook.buck.util.ListeningProcessExecutor$LaunchedProcessImpl@396508c3 timeout 1000 MILLISECONDS
[2018-05-02 19:09:03.570][debug][command:null][tid:29][com.facebook.buck.util.ListeningProcessExecutor] Wait for process returned 4
[2018-05-02 19:09:03.570][debug][command:null][tid:29][com.facebook.buck.util.ListeningProcessExecutor] Wait for process returned 4
[2018-05-02 19:09:03.570][debug][command:null][tid:29][com.facebook.buck.util.ListeningProcessExecutor] Destroying process com.facebook.buck.util.ListeningProcessExecutor$LaunchedProcessImpl@396508c3 (force true)
[2018-05-02 19:09:03.570][debug][command:null][tid:29][com.facebook.buck.util.ListeningProcessExecutor] Destroying process com.facebook.buck.util.ListeningProcessExecutor$LaunchedProcessImpl@396508c3 (force true)
[2018-05-02 19:09:03.570][debug][command:null][tid:29][com.facebook.buck.util.environment.MacNetworkConfiguration] Determine active state of media for device
[2018-05-02 19:09:03.570][debug][command:null][tid:29][com.facebook.buck.util.environment.MacNetworkConfiguration] Determine active state of media for device
[2018-05-02 19:09:03.570][debug][command:null][tid:29][com.facebook.buck.util.ListeningProcessExecutor] Launching process with params ProcessExecutorParams{command=[networksetup, -getMedia, en19]}
[2018-05-02 19:09:03.570][debug][command:null][tid:29][com.facebook.buck.util.ListeningProcessExecutor] Launching process with params ProcessExecutorParams{command=[networksetup, -getMedia, en19]}
[2018-05-02 19:09:03.578][debug][command:null][tid:29][com.facebook.buck.util.ListeningProcessExecutor] Successfully launched process com.zaxxer.nuprocess.osx.OsxProcess@6839211
[2018-05-02 19:09:03.578][debug][command:null][tid:29][com.facebook.buck.util.ListeningProcessExecutor] Successfully launched process com.zaxxer.nuprocess.osx.OsxProcess@6839211
[2018-05-02 19:09:03.580][debug][command:null][tid:29][com.facebook.buck.util.ListeningProcessExecutor] Waiting for process com.facebook.buck.util.ListeningProcessExecutor$LaunchedProcessImpl@bc3dfb3 timeout 1000 MILLISECONDS
[2018-05-02 19:09:03.580][debug][command:null][tid:29][com.facebook.buck.util.ListeningProcessExecutor] Waiting for process com.facebook.buck.util.ListeningProcessExecutor$LaunchedProcessImpl@bc3dfb3 timeout 1000 MILLISECONDS
[2018-05-02 19:09:03.616][debug][command:null][tid:29][com.facebook.buck.util.ListeningProcessExecutor] Wait for process returned 4
[2018-05-02 19:09:03.616][debug][command:null][tid:29][com.facebook.buck.util.ListeningProcessExecutor] Wait for process returned 4
[2018-05-02 19:09:03.617][debug][command:null][tid:29][com.facebook.buck.util.ListeningProcessExecutor] Destroying process com.facebook.buck.util.ListeningProcessExecutor$LaunchedProcessImpl@bc3dfb3 (force true)
[2018-05-02 19:09:03.617][debug][command:null][tid:29][com.facebook.buck.util.ListeningProcessExecutor] Destroying process com.facebook.buck.util.ListeningProcessExecutor$LaunchedProcessImpl@bc3dfb3 (force true)
[2018-05-02 19:09:03.617][debug][command:null][tid:29][com.facebook.buck.util.environment.MacNetworkConfiguration] Determine active state of media for device
[2018-05-02 19:09:03.617][debug][command:null][tid:29][com.facebook.buck.util.environment.MacNetworkConfiguration] Determine active state of media for device
[2018-05-02 19:09:03.617][debug][command:null][tid:29][com.facebook.buck.util.ListeningProcessExecutor] Launching process with params ProcessExecutorParams{command=[networksetup, -getMedia, en18]}
[2018-05-02 19:09:03.617][debug][command:null][tid:29][com.facebook.buck.util.ListeningProcessExecutor] Launching process with params ProcessExecutorParams{command=[networksetup, -getMedia, en18]}
[2018-05-02 19:09:03.621][debug][command:null][tid:29][com.facebook.buck.util.ListeningProcessExecutor] Successfully launched process com.zaxxer.nuprocess.osx.OsxProcess@67b440f1
[2018-05-02 19:09:03.621][debug][command:null][tid:29][com.facebook.buck.util.ListeningProcessExecutor] Successfully launched process com.zaxxer.nuprocess.osx.OsxProcess@67b440f1
[2018-05-02 19:09:03.622][debug][command:null][tid:29][com.facebook.buck.util.ListeningProcessExecutor] Waiting for process com.facebook.buck.util.ListeningProcessExecutor$LaunchedProcessImpl@76066fd4 timeout 1000 MILLISECONDS
[2018-05-02 19:09:03.622][debug][command:null][tid:29][com.facebook.buck.util.ListeningProcessExecutor] Waiting for process com.facebook.buck.util.ListeningProcessExecutor$LaunchedProcessImpl@76066fd4 timeout 1000 MILLISECONDS
[2018-05-02 19:09:03.659][debug][command:null][tid:29][com.facebook.buck.util.ListeningProcessExecutor] Wait for process returned 4
[2018-05-02 19:09:03.659][debug][command:null][tid:29][com.facebook.buck.util.ListeningProcessExecutor] Wait for process returned 4
[2018-05-02 19:09:03.659][debug][command:null][tid:29][com.facebook.buck.util.ListeningProcessExecutor] Destroying process com.facebook.buck.util.ListeningProcessExecutor$LaunchedProcessImpl@76066fd4 (force true)
[2018-05-02 19:09:03.659][debug][command:null][tid:29][com.facebook.buck.util.ListeningProcessExecutor] Destroying process com.facebook.buck.util.ListeningProcessExecutor$LaunchedProcessImpl@76066fd4 (force true)
[2018-05-02 19:09:03.659][debug][command:null][tid:29][com.facebook.buck.util.environment.MacNetworkConfiguration] Determine active state of media for device
[2018-05-02 19:09:03.659][debug][command:null][tid:29][com.facebook.buck.util.environment.MacNetworkConfiguration] Determine active state of media for device
[2018-05-02 19:09:03.659][debug][command:null][tid:29][com.facebook.buck.util.ListeningProcessExecutor] Launching process with params ProcessExecutorParams{command=[networksetup, -getMedia, en17]}
[2018-05-02 19:09:03.659][debug][command:null][tid:29][com.facebook.buck.util.ListeningProcessExecutor] Launching process with params ProcessExecutorParams{command=[networksetup, -getMedia, en17]}
[2018-05-02 19:09:03.666][debug][command:null][tid:29][com.facebook.buck.util.ListeningProcessExecutor] Successfully launched process com.zaxxer.nuprocess.osx.OsxProcess@6c0f681f
[2018-05-02 19:09:03.666][debug][command:null][tid:29][com.facebook.buck.util.ListeningProcessExecutor] Successfully launched process com.zaxxer.nuprocess.osx.OsxProcess@6c0f681f
[2018-05-02 19:09:03.667][debug][command:null][tid:29][com.facebook.buck.util.ListeningProcessExecutor] Waiting for process com.facebook.buck.util.ListeningProcessExecutor$LaunchedProcessImpl@79241c6a timeout 1000 MILLISECONDS
[2018-05-02 19:09:03.667][debug][command:null][tid:29][com.facebook.buck.util.ListeningProcessExecutor] Waiting for process com.facebook.buck.util.ListeningProcessExecutor$LaunchedProcessImpl@79241c6a timeout 1000 MILLISECONDS
[2018-05-02 19:09:03.711][debug][command:null][tid:29][com.facebook.buck.util.ListeningProcessExecutor] Wait for process returned 4
[2018-05-02 19:09:03.711][debug][command:null][tid:29][com.facebook.buck.util.ListeningProcessExecutor] Wait for process returned 4
[2018-05-02 19:09:03.711][debug][command:null][tid:29][com.facebook.buck.util.ListeningProcessExecutor] Destroying process com.facebook.buck.util.ListeningProcessExecutor$LaunchedProcessImpl@79241c6a (force true)
[2018-05-02 19:09:03.711][debug][command:null][tid:29][com.facebook.buck.util.ListeningProcessExecutor] Destroying process com.facebook.buck.util.ListeningProcessExecutor$LaunchedProcessImpl@79241c6a (force true)
[2018-05-02 19:09:03.711][debug][command:null][tid:29][com.facebook.buck.util.environment.MacNetworkConfiguration] Determine active state of media for device
[2018-05-02 19:09:03.711][debug][command:null][tid:29][com.facebook.buck.util.environment.MacNetworkConfiguration] Determine active state of media for device
[2018-05-02 19:09:03.712][debug][command:null][tid:29][com.facebook.buck.util.ListeningProcessExecutor] Launching process with params ProcessExecutorParams{command=[networksetup, -getMedia, en16]}
[2018-05-02 19:09:03.712][debug][command:null][tid:29][com.facebook.buck.util.ListeningProcessExecutor] Launching process with params ProcessExecutorParams{command=[networksetup, -getMedia, en16]}
[2018-05-02 19:09:03.714][debug][command:null][tid:29][com.facebook.buck.util.ListeningProcessExecutor] Successfully launched process com.zaxxer.nuprocess.osx.OsxProcess@3cd26877
[2018-05-02 19:09:03.714][debug][command:null][tid:29][com.facebook.buck.util.ListeningProcessExecutor] Successfully launched process com.zaxxer.nuprocess.osx.OsxProcess@3cd26877
[2018-05-02 19:09:03.715][debug][command:null][tid:29][com.facebook.buck.util.ListeningProcessExecutor] Waiting for process com.facebook.buck.util.ListeningProcessExecutor$LaunchedProcessImpl@6eb70844 timeout 1000 MILLISECONDS
[2018-05-02 19:09:03.715][debug][command:null][tid:29][com.facebook.buck.util.ListeningProcessExecutor] Waiting for process com.facebook.buck.util.ListeningProcessExecutor$LaunchedProcessImpl@6eb70844 timeout 1000 MILLISECONDS
[2018-05-02 19:09:03.754][debug][command:null][tid:29][com.facebook.buck.util.ListeningProcessExecutor] Wait for process returned 4
[2018-05-02 19:09:03.754][debug][command:null][tid:29][com.facebook.buck.util.ListeningProcessExecutor] Wait for process returned 4
[2018-05-02 19:09:03.754][debug][command:null][tid:29][com.facebook.buck.util.ListeningProcessExecutor] Destroying process com.facebook.buck.util.ListeningProcessExecutor$LaunchedProcessImpl@6eb70844 (force true)
[2018-05-02 19:09:03.754][debug][command:null][tid:29][com.facebook.buck.util.ListeningProcessExecutor] Destroying process com.facebook.buck.util.ListeningProcessExecutor$LaunchedProcessImpl@6eb70844 (force true)
[2018-05-02 19:09:03.754][debug][command:null][tid:29][com.facebook.buck.util.environment.MacNetworkConfiguration] Determine active state of media for device
[2018-05-02 19:09:03.754][debug][command:null][tid:29][com.facebook.buck.util.environment.MacNetworkConfiguration] Determine active state of media for device
[2018-05-02 19:09:03.754][debug][command:null][tid:29][com.facebook.buck.util.ListeningProcessExecutor] Launching process with params ProcessExecutorParams{command=[networksetup, -getMedia, en15]}
[2018-05-02 19:09:03.754][debug][command:null][tid:29][com.facebook.buck.util.ListeningProcessExecutor] Launching process with params ProcessExecutorParams{command=[networksetup, -getMedia, en15]}
[2018-05-02 19:09:03.761][debug][command:null][tid:29][com.facebook.buck.util.ListeningProcessExecutor] Successfully launched process com.zaxxer.nuprocess.osx.OsxProcess@37298eb4
[2018-05-02 19:09:03.761][debug][command:null][tid:29][com.facebook.buck.util.ListeningProcessExecutor] Successfully launched process com.zaxxer.nuprocess.osx.OsxProcess@37298eb4
[2018-05-02 19:09:03.762][debug][command:null][tid:29][com.facebook.buck.util.ListeningProcessExecutor] Waiting for process com.facebook.buck.util.ListeningProcessExecutor$LaunchedProcessImpl@1817c9f6 timeout 1000 MILLISECONDS
[2018-05-02 19:09:03.762][debug][command:null][tid:29][com.facebook.buck.util.ListeningProcessExecutor] Waiting for process com.facebook.buck.util.ListeningProcessExecutor$LaunchedProcessImpl@1817c9f6 timeout 1000 MILLISECONDS
[2018-05-02 19:09:03.795][debug][command:null][tid:29][com.facebook.buck.util.ListeningProcessExecutor] Wait for process returned 4
[2018-05-02 19:09:03.795][debug][command:null][tid:29][com.facebook.buck.util.ListeningProcessExecutor] Wait for process returned 4
[2018-05-02 19:09:03.795][debug][command:null][tid:29][com.facebook.buck.util.ListeningProcessExecutor] Destroying process com.facebook.buck.util.ListeningProcessExecutor$LaunchedProcessImpl@1817c9f6 (force true)
[2018-05-02 19:09:03.795][debug][command:null][tid:29][com.facebook.buck.util.ListeningProcessExecutor] Destroying process com.facebook.buck.util.ListeningProcessExecutor$LaunchedProcessImpl@1817c9f6 (force true)
[2018-05-02 19:09:03.795][debug][command:null][tid:29][com.facebook.buck.util.environment.MacNetworkConfiguration] Determine active state of media for device
[2018-05-02 19:09:03.795][debug][command:null][tid:29][com.facebook.buck.util.environment.MacNetworkConfiguration] Determine active state of media for device
[2018-05-02 19:09:03.795][debug][command:null][tid:29][com.facebook.buck.util.ListeningProcessExecutor] Launching process with params ProcessExecutorParams{command=[networksetup, -getMedia, en14]}
[2018-05-02 19:09:03.795][debug][command:null][tid:29][com.facebook.buck.util.ListeningProcessExecutor] Launching process with params ProcessExecutorParams{command=[networksetup, -getMedia, en14]}
[2018-05-02 19:09:03.803][debug][command:null][tid:29][com.facebook.buck.util.ListeningProcessExecutor] Successfully launched process com.zaxxer.nuprocess.osx.OsxProcess@1f389a6a
[2018-05-02 19:09:03.803][debug][command:null][tid:29][com.facebook.buck.util.ListeningProcessExecutor] Successfully launched process com.zaxxer.nuprocess.osx.OsxProcess@1f389a6a
[2018-05-02 19:09:03.805][debug][command:null][tid:29][com.facebook.buck.util.ListeningProcessExecutor] Waiting for process com.facebook.buck.util.ListeningProcessExecutor$LaunchedProcessImpl@491b54e1 timeout 1000 MILLISECONDS
[2018-05-02 19:09:03.805][debug][command:null][tid:29][com.facebook.buck.util.ListeningProcessExecutor] Waiting for process com.facebook.buck.util.ListeningProcessExecutor$LaunchedProcessImpl@491b54e1 timeout 1000 MILLISECONDS
[2018-05-02 19:09:03.841][debug][command:null][tid:29][com.facebook.buck.util.ListeningProcessExecutor] Wait for process returned 4
[2018-05-02 19:09:03.841][debug][command:null][tid:29][com.facebook.buck.util.ListeningProcessExecutor] Wait for process returned 4
[2018-05-02 19:09:03.841][debug][command:null][tid:29][com.facebook.buck.util.ListeningProcessExecutor] Destroying process com.facebook.buck.util.ListeningProcessExecutor$LaunchedProcessImpl@491b54e1 (force true)
[2018-05-02 19:09:03.841][debug][command:null][tid:29][com.facebook.buck.util.ListeningProcessExecutor] Destroying process com.facebook.buck.util.ListeningProcessExecutor$LaunchedProcessImpl@491b54e1 (force true)
[2018-05-02 19:09:03.842][debug][command:null][tid:29][com.facebook.buck.util.environment.MacNetworkConfiguration] Determine active state of media for device
[2018-05-02 19:09:03.842][debug][command:null][tid:29][com.facebook.buck.util.environment.MacNetworkConfiguration] Determine active state of media for device
[2018-05-02 19:09:03.842][debug][command:null][tid:29][com.facebook.buck.util.ListeningProcessExecutor] Launching process with params ProcessExecutorParams{command=[networksetup, -getMedia, en12]}
[2018-05-02 19:09:03.842][debug][command:null][tid:29][com.facebook.buck.util.ListeningProcessExecutor] Launching process with params ProcessExecutorParams{command=[networksetup, -getMedia, en12]}
[2018-05-02 19:09:03.845][debug][command:null][tid:29][com.facebook.buck.util.ListeningProcessExecutor] Successfully launched process com.zaxxer.nuprocess.osx.OsxProcess@323c2f58
[2018-05-02 19:09:03.845][debug][command:null][tid:29][com.facebook.buck.util.ListeningProcessExecutor] Successfully launched process com.zaxxer.nuprocess.osx.OsxProcess@323c2f58
[2018-05-02 19:09:03.846][debug][command:null][tid:29][com.facebook.buck.util.ListeningProcessExecutor] Waiting for process com.facebook.buck.util.ListeningProcessExecutor$LaunchedProcessImpl@14420890 timeout 1000 MILLISECONDS
[2018-05-02 19:09:03.846][debug][command:null][tid:29][com.facebook.buck.util.ListeningProcessExecutor] Waiting for process com.facebook.buck.util.ListeningProcessExecutor$LaunchedProcessImpl@14420890 timeout 1000 MILLISECONDS
[2018-05-02 19:09:03.888][debug][command:null][tid:29][com.facebook.buck.util.ListeningProcessExecutor] Wait for process returned 4
[2018-05-02 19:09:03.888][debug][command:null][tid:29][com.facebook.buck.util.ListeningProcessExecutor] Wait for process returned 4
[2018-05-02 19:09:03.888][debug][command:null][tid:29][com.facebook.buck.util.ListeningProcessExecutor] Destroying process com.facebook.buck.util.ListeningProcessExecutor$LaunchedProcessImpl@14420890 (force true)
[2018-05-02 19:09:03.888][debug][command:null][tid:29][com.facebook.buck.util.ListeningProcessExecutor] Destroying process com.facebook.buck.util.ListeningProcessExecutor$LaunchedProcessImpl@14420890 (force true)
[2018-05-02 19:09:03.888][debug][command:null][tid:29][com.facebook.buck.util.environment.MacNetworkConfiguration] Determine active state of media for device
[2018-05-02 19:09:03.888][debug][command:null][tid:29][com.facebook.buck.util.environment.MacNetworkConfiguration] Determine active state of media for device
[2018-05-02 19:09:03.888][debug][command:null][tid:29][com.facebook.buck.util.ListeningProcessExecutor] Launching process with params ProcessExecutorParams{command=[networksetup, -getMedia, en10]}
[2018-05-02 19:09:03.888][debug][command:null][tid:29][com.facebook.buck.util.ListeningProcessExecutor] Launching process with params ProcessExecutorParams{command=[networksetup, -getMedia, en10]}
[2018-05-02 19:09:03.891][debug][command:null][tid:29][com.facebook.buck.util.ListeningProcessExecutor] Successfully launched process com.zaxxer.nuprocess.osx.OsxProcess@4ff22bb8
[2018-05-02 19:09:03.891][debug][command:null][tid:29][com.facebook.buck.util.ListeningProcessExecutor] Successfully launched process com.zaxxer.nuprocess.osx.OsxProcess@4ff22bb8
[2018-05-02 19:09:03.892][debug][command:null][tid:29][com.facebook.buck.util.ListeningProcessExecutor] Waiting for process com.facebook.buck.util.ListeningProcessExecutor$LaunchedProcessImpl@5cddc2fb timeout 1000 MILLISECONDS
[2018-05-02 19:09:03.892][debug][command:null][tid:29][com.facebook.buck.util.ListeningProcessExecutor] Waiting for process com.facebook.buck.util.ListeningProcessExecutor$LaunchedProcessImpl@5cddc2fb timeout 1000 MILLISECONDS
[2018-05-02 19:09:03.930][debug][command:null][tid:29][com.facebook.buck.util.ListeningProcessExecutor] Wait for process returned 4
[2018-05-02 19:09:03.930][debug][command:null][tid:29][com.facebook.buck.util.ListeningProcessExecutor] Wait for process returned 4
[2018-05-02 19:09:03.930][debug][command:null][tid:29][com.facebook.buck.util.ListeningProcessExecutor] Destroying process com.facebook.buck.util.ListeningProcessExecutor$LaunchedProcessImpl@5cddc2fb (force true)
[2018-05-02 19:09:03.930][debug][command:null][tid:29][com.facebook.buck.util.ListeningProcessExecutor] Destroying process com.facebook.buck.util.ListeningProcessExecutor$LaunchedProcessImpl@5cddc2fb (force true)
[2018-05-02 19:09:03.930][debug][command:null][tid:29][com.facebook.buck.util.environment.MacNetworkConfiguration] Determine active state of media for device
[2018-05-02 19:09:03.930][debug][command:null][tid:29][com.facebook.buck.util.environment.MacNetworkConfiguration] Determine active state of media for device
[2018-05-02 19:09:03.930][debug][command:null][tid:29][com.facebook.buck.util.ListeningProcessExecutor] Launching process with params ProcessExecutorParams{command=[networksetup, -getMedia, en8]}
[2018-05-02 19:09:03.930][debug][command:null][tid:29][com.facebook.buck.util.ListeningProcessExecutor] Launching process with params ProcessExecutorParams{command=[networksetup, -getMedia, en8]}
[2018-05-02 19:09:03.937][debug][command:null][tid:29][com.facebook.buck.util.ListeningProcessExecutor] Successfully launched process com.zaxxer.nuprocess.osx.OsxProcess@f4870d7
[2018-05-02 19:09:03.937][debug][command:null][tid:29][com.facebook.buck.util.ListeningProcessExecutor] Successfully launched process com.zaxxer.nuprocess.osx.OsxProcess@f4870d7
[2018-05-02 19:09:03.938][debug][command:null][tid:29][com.facebook.buck.util.ListeningProcessExecutor] Waiting for process com.facebook.buck.util.ListeningProcessExecutor$LaunchedProcessImpl@b4aff26 timeout 1000 MILLISECONDS
[2018-05-02 19:09:03.938][debug][command:null][tid:29][com.facebook.buck.util.ListeningProcessExecutor] Waiting for process com.facebook.buck.util.ListeningProcessExecutor$LaunchedProcessImpl@b4aff26 timeout 1000 MILLISECONDS
[2018-05-02 19:09:03.977][debug][command:null][tid:29][com.facebook.buck.util.ListeningProcessExecutor] Wait for process returned 4
[2018-05-02 19:09:03.977][debug][command:null][tid:29][com.facebook.buck.util.ListeningProcessExecutor] Wait for process returned 4
[2018-05-02 19:09:03.977][debug][command:null][tid:29][com.facebook.buck.util.ListeningProcessExecutor] Destroying process com.facebook.buck.util.ListeningProcessExecutor$LaunchedProcessImpl@b4aff26 (force true)
[2018-05-02 19:09:03.977][debug][command:null][tid:29][com.facebook.buck.util.ListeningProcessExecutor] Destroying process com.facebook.buck.util.ListeningProcessExecutor$LaunchedProcessImpl@b4aff26 (force true)
[2018-05-02 19:09:03.977][debug][command:null][tid:29][com.facebook.buck.util.environment.MacNetworkConfiguration] Determine active state of media for device
[2018-05-02 19:09:03.977][debug][command:null][tid:29][com.facebook.buck.util.environment.MacNetworkConfiguration] Determine active state of media for device
[2018-05-02 19:09:03.977][debug][command:null][tid:29][com.facebook.buck.util.ListeningProcessExecutor] Launching process with params ProcessExecutorParams{command=[networksetup, -getMedia, en0]}
[2018-05-02 19:09:03.977][debug][command:null][tid:29][com.facebook.buck.util.ListeningProcessExecutor] Launching process with params ProcessExecutorParams{command=[networksetup, -getMedia, en0]}
[2018-05-02 19:09:03.980][debug][command:null][tid:29][com.facebook.buck.util.ListeningProcessExecutor] Successfully launched process com.zaxxer.nuprocess.osx.OsxProcess@553bba1c
[2018-05-02 19:09:03.980][debug][command:null][tid:29][com.facebook.buck.util.ListeningProcessExecutor] Successfully launched process com.zaxxer.nuprocess.osx.OsxProcess@553bba1c
[2018-05-02 19:09:03.981][debug][command:null][tid:29][com.facebook.buck.util.ListeningProcessExecutor] Waiting for process com.facebook.buck.util.ListeningProcessExecutor$LaunchedProcessImpl@67c3705a timeout 1000 MILLISECONDS
[2018-05-02 19:09:03.981][debug][command:null][tid:29][com.facebook.buck.util.ListeningProcessExecutor] Waiting for process com.facebook.buck.util.ListeningProcessExecutor$LaunchedProcessImpl@67c3705a timeout 1000 MILLISECONDS
[2018-05-02 19:09:04.020][debug][command:null][tid:29][com.facebook.buck.util.ListeningProcessExecutor] Wait for process returned 0
[2018-05-02 19:09:04.020][debug][command:null][tid:29][com.facebook.buck.util.ListeningProcessExecutor] Wait for process returned 0
[2018-05-02 19:09:04.020][debug][command:null][tid:29][com.facebook.buck.util.ListeningProcessExecutor] Destroying process com.facebook.buck.util.ListeningProcessExecutor$LaunchedProcessImpl@67c3705a (force true)
[2018-05-02 19:09:04.020][debug][command:null][tid:29][com.facebook.buck.util.ListeningProcessExecutor] Destroying process com.facebook.buck.util.ListeningProcessExecutor$LaunchedProcessImpl@67c3705a (force true)
[2018-05-02 19:09:04.020][debug][command:null][tid:29][com.facebook.buck.util.environment.MacNetworkConfiguration] Determine WiFi SSID of device
[2018-05-02 19:09:04.020][debug][command:null][tid:29][com.facebook.buck.util.environment.MacNetworkConfiguration] Determine WiFi SSID of device
[2018-05-02 19:09:04.020][debug][command:null][tid:29][com.facebook.buck.util.ListeningProcessExecutor] Launching process with params ProcessExecutorParams{command=[networksetup, -getairportnetwork, en0]}
[2018-05-02 19:09:04.020][debug][command:null][tid:29][com.facebook.buck.util.ListeningProcessExecutor] Launching process with params ProcessExecutorParams{command=[networksetup, -getairportnetwork, en0]}
[2018-05-02 19:09:04.024][debug][command:null][tid:29][com.facebook.buck.util.ListeningProcessExecutor] Successfully launched process com.zaxxer.nuprocess.osx.OsxProcess@2b416abd
[2018-05-02 19:09:04.024][debug][command:null][tid:29][com.facebook.buck.util.ListeningProcessExecutor] Successfully launched process com.zaxxer.nuprocess.osx.OsxProcess@2b416abd
[2018-05-02 19:09:04.025][debug][command:null][tid:29][com.facebook.buck.util.ListeningProcessExecutor] Waiting for process com.facebook.buck.util.ListeningProcessExecutor$LaunchedProcessImpl@77ae033c timeout 1000 MILLISECONDS
[2018-05-02 19:09:04.025][debug][command:null][tid:29][com.facebook.buck.util.ListeningProcessExecutor] Waiting for process com.facebook.buck.util.ListeningProcessExecutor$LaunchedProcessImpl@77ae033c timeout 1000 MILLISECONDS
[2018-05-02 19:09:04.066][debug][command:null][tid:29][com.facebook.buck.util.ListeningProcessExecutor] Wait for process returned 0
[2018-05-02 19:09:04.066][debug][command:null][tid:29][com.facebook.buck.util.ListeningProcessExecutor] Wait for process returned 0
[2018-05-02 19:09:04.066][debug][command:null][tid:29][com.facebook.buck.util.ListeningProcessExecutor] Destroying process com.facebook.buck.util.ListeningProcessExecutor$LaunchedProcessImpl@77ae033c (force true)
[2018-05-02 19:09:04.066][debug][command:null][tid:29][com.facebook.buck.util.ListeningProcessExecutor] Destroying process com.facebook.buck.util.ListeningProcessExecutor$LaunchedProcessImpl@77ae033c (force true)
[2018-05-02 19:09:04.069][info ][command:null][tid:29][com.facebook.buck.util.versioncontrol.VersionControlStatsGenerator] Starting generation of version control stats.
[2018-05-02 19:09:04.069][info ][command:null][tid:29][com.facebook.buck.util.versioncontrol.VersionControlStatsGenerator] Starting generation of version control stats.
[2018-05-02 19:09:04.069][warn ][command:null][tid:29][com.facebook.buck.util.versioncontrol.VersionControlStatsGenerator] Skipping generation of version control stats as unsupported repository type.
[2018-05-02 19:09:04.069][warn ][command:null][tid:29][com.facebook.buck.util.versioncontrol.VersionControlStatsGenerator] Skipping generation of version control stats as unsupported repository type.
[2018-05-02 19:09:04.168][debug][command:809cff97-4ca7-44c0-97cd-b92732545764][tid:13][com.facebook.buck.parser.DaemonicParserState] Starting to invalidate caches for /Users/scottjones/BuckExample/StashUI/UI..
[2018-05-02 19:09:04.168][debug][command:809cff97-4ca7-44c0-97cd-b92732545764][tid:13][com.facebook.buck.parser.DaemonicParserState] Cell caches were empty, no data invalidated.
[2018-05-02 19:09:04.201][debug][command:809cff97-4ca7-44c0-97cd-b92732545764][tid:33][com.facebook.buck.io.ExecutableFinder] Executable 'python2' mapped to 'Optional[/usr/local/bin/python2]'
[2018-05-02 19:09:04.239][debug][command:809cff97-4ca7-44c0-97cd-b92732545764][tid:33][com.facebook.buck.json.BuckPythonProgram] Writing python rules stub to /Users/scottjones/BuckExample/StashUI/UI/.buckd/tmp/buck_run.rl8slT/buck_python_program8186658341013279375.
[2018-05-02 19:09:04.944][debug][command:809cff97-4ca7-44c0-97cd-b92732545764][tid:33][com.facebook.buck.json.BuckPythonProgram] Created temporary buck.py instance at /Users/scottjones/BuckExample/StashUI/UI/.buckd/tmp/buck_run.rl8slT/buck_python_program8186658341013279375.
[2018-05-02 19:09:04.950][debug][command:809cff97-4ca7-44c0-97cd-b92732545764][tid:33][com.facebook.buck.json.PythonDslProjectBuildFileParser] Starting buck.py command: [/usr/local/bin/python2, -u, /Users/scottjones/BuckExample/StashUI/UI/.buckd/tmp/buck_run.rl8slT/buck_python_program8186658341013279375/__main__.py, --allow_empty_globs, --watchman_glob_stat_results, --watchman_use_glob_generator, --watchman_socket_path, /usr/local/var/run/watchman/scottjones-state/sock, --project_root, /Users/scottjones/BuckExample/StashUI/UI, --cell_name, , --build_file_name, BUCK, --quiet, --config, /Users/scottjones/BuckExample/StashUI/UI/.buckd/tmp/buck_run.rl8slT/raw_config8841759313934209626.json, --ignore_paths, /Users/scottjones/BuckExample/StashUI/UI/.buckd/tmp/buck_run.rl8slT/ignore_paths9128966519101928283.json, --warn_about_deprecated_syntax] environment: Optional[{MATCH_GITHUB_URL=git@github.com:StashInvest/stash-ios-match.git, BUCK_CLASSPATH=/Users/scottjones/BuckExample/StashUI/UI/.buckd/resources/v2018.03.26.01/buck_server, PWD=/Users/scottjones/BuckExample/StashUI/UI, STORE_APP_IDENTIFIER=com.stash.stash-invest, PROD_GOOGLEPLACES=-----, STAGING_mPARTICLE_KEY=de0cb4957d81674880351dd08c823104, ENTERPRISE_IDENTIFIER=com.stash.stashinvest, PATH=/usr/local/bin:/usr/bin:/bin:/usr/sbin:/sbin, LSCOLORS=Gxfxcxdxbxegedabagacad, STAGING_TWITTER_CONSUMERKEY=8pXnSDsSznKPIK4i97jUopySO, STORE_TEAM_ID=3YTGRA6MV9, TERM_PROGRAM=iTerm.app, TERM_SESSION_ID=w0t0p0:AC2F1E72-9438-4D8B-8BA5-BD8E8AA2DCD1, COLORFGBG=15;0, PROD_SMARTYSTREETS_AUTHID=-----, EDGE_MIXPANEL=52a160803f20554accb9a0ddb9fb06eb, STAGING_mPARTICLE_SECRET=mmmkcpGFvu7FLC0tkN4bt9iJHCcVZiDDUHbx3MNfefqAtRvwctRC07nUVsP0vnum, EDGE_APPTIMIZE_APPKEY=CXP3C2uTUhfgfKurdvLRvPBgEGYJYkA, EDGE_ONESIGNAL=2bf7baa7-eb0b-4369-a5a3-30b46b850ada, NAILGUN_PATHSEPARATOR=:, SECURITYSESSIONID=186a9, CRASHLYTICS_API_TOKEN=6bc9689a7993b7dd77bce4203e7c4630f4bb9d22, NAILGUN_FILESEPARATOR=/, PROD_mPARTICLE_KEY=-----, COMMAND_MODE=unix2003, PROD_BRANCH_APPKEY=key_live_khjO8udET5Lp36DkH5uC5jbkrFkjXRq9, TMPDIR=/var/folders/fw/zyv2zg_j0mq7qq4kf27djzsr0000gn/T/, EDGE_SMARTYSTREETS_AUTHID=f81ee738-aa37-de40-affc-b1dc56ab829d, PROD_GOOGLESERVICE=-----, XPC_FLAGS=0x0, EDGE_mPARTICLE_SECRET=mmmkcpGFvu7FLC0tkN4bt9iJHCcVZiDDUHbx3MNfefqAtRvwctRC07nUVsP0vnum, PROD_SMARTYSTREETS_TOKEN=-----, TERM=xterm-256color, ZSH=/Users/scottjones/.oh-my-zsh, PROD_APPSFLYER_DEVKEY=------, STAGING_GOOGLEPLACES=AIzaSyDC6D1Bp04-TXkNTt1_824Z8NSD4NltFS8, SHELL=/bin/zsh, BUCK_PYTHON_SPACE_INIT_TIME=2266, APPSFLYER_APPLEAAPP_ID=1017148055-, APPLE_USER=starwars@stashinvest.com, CRASHLYTICS_SECRET=6b894aa019243f8e664aa1803fd12c8843413494546229bb668a182330883eab, STAGING_FACEBOOK_APPID=986936258015773-, EDGE_SMARTYSTREETS_TOKEN=9yis5iKGnK3ZcuWScvj8, SHLVL=1, _=/usr/local/bin/buck, STORE_TEAM_NAME=Collective Returns, INC, PROD_ONESIGNAL=-----, PROD_APPTIMIZE_APPKEY=BcGVxHCfEGbe7hFfghKYrEnxjp8hUVg, LOGNAME=scottjones, STAGING_MIXPANEL=52a160803f20554accb9a0ddb9fb06eb, EDGE_APPBOY=ba037c09-dac9-476f-bdbf-278bd420adee, HOME=/Users/scottjones, PROD_TWITTER_CONSUMERKEY=-----, ENTERPRISE_TEAM_ID=XMUEV5XX66, STAGING_ONESIGNAL=2bf7baa7-eb0b-4369-a5a3-30b46b850ada, MATCH_PASSWORD=StashOctpus!1, PROD_APPBOY=-----, EDGE_BRANCH_APPKEY=key_live_bdCVWm5JP00vDPc9ceeUlkdbxDmwOs22, EDGE_mPARTICLE_KEY=de0cb4957d81674880351dd08c823104, XPC_SERVICE_NAME=0, EDGE_FACEBOOK_APPID=986936258015773-, CLASSPATH=/Users/scottjones/BuckExample/StashUI/UI/.buckd/resources/v2018.03.26.01/bootstrapper_jar, PROD_MIXPANEL=-----, BUCK_BUILD_ID=809cff97-4ca7-44c0-97cd-b92732545764, EDGE_GOOGLESERVICE=AIzaSyASQo4yjid2yc3_gaJHLZC3oY_MVdrTVZg, NAILGUN_TTY_2=1, Apple_PubSub_Socket_Render=/private/tmp/com.apple.launchd.Zmnw3aSsGd/Render, NAILGUN_TTY_1=1, NAILGUN_TTY_0=1, STAGING_TWITTER_CONSUMERSECRET=Wqt0rvLusK0lcJEk1GWOae29jKZGnFtCrasesAAm2I1OZNGKbS, PROD_mPARTICLE_SECRET=-----, BUCK_TERM_COLUMNS=204, STAGING_SMARTYSTREETS_TOKEN=9yis5iKGnK3ZcuWScvj8, BUCK_TTY=1, EDGE_TWITTER_CONSUMERKEY=8pXnSDsSznKPIK4i97jUopySO, EDGE_GOOGLEPLACES=AIzaSyDC6D1Bp04-TXkNTt1_824Z8NSD4NltFS8, OLDPWD=/Users/scottjones/BuckExample, ENTERPRISE_TEAM_NAME=Collective Returns, Inc., PAGER=less, ITERM_PROFILE=Default, SSH_AUTH_SOCK=/private/tmp/com.apple.launchd.OX3FEr3CCQ/Listeners, STAGING_APPSFLYER_DEVKEY=VKXZe6T2rK7T9ReG8F8KBm, LC_CTYPE=en_US.UTF-8, __CF_USER_TEXT_ENCODING=0x1F5:0x0:0x0, STAGING_APPBOY=bc0383b9-e2ec-476a-9b7c-ffaf97cfd251, EDGE_TWITTER_CONSUMERSECRET=Wqt0rvLusK0lcJEk1GWOae29jKZGnFtCrasesAAm2I1OZNGKbS, TERM_PROGRAM_VERSION=3.1.6, PROD_FACEBOOK_APPID=-----, COLORTERM=truecolor, ITERM_SESSION_ID=w0t0p0:AC2F1E72-9438-4D8B-8BA5-BD8E8AA2DCD1, STAGING_BRANCH_APPKEY=key_live_fprN9c9S8ffISZNl43s6ZfkdytpXnyw4, LANG=en_US.UTF-8, LESS=-R, STAGING_SMARTYSTREETS_AUTHID=f81ee738-aa37-de40-affc-b1dc56ab829d, EDGE_APPSFLYER_DEVKEY=VKXZe6T2rK7T9ReG8F8KBm, STAGING_GOOGLESERVICE=AIzaSyASQo4yjid2yc3_gaJHLZC3oY_MVdrTVZg, PROD_TWITTER_CONSUMERSECRET=-, STAGING_APPTIMIZE_APPKEY=CXP3C2uTUhfgfKurdvLRvPBgEGYJYkA, USER=scottjones}]
[2018-05-02 19:09:04.961][debug][command:809cff97-4ca7-44c0-97cd-b92732545764][tid:33][com.facebook.buck.json.PythonDslProjectBuildFileParser] Started process com.facebook.buck.util.ProcessExecutor$LaunchedProcessImpl@2940df75 successfully
[2018-05-02 19:09:05.280][debug][command:null][tid:38][com.facebook.buck.json.PythonDslProjectBuildFileParser] Closing buck.py process stdin
[2018-05-02 19:09:05.280][debug][command:null][tid:38][com.facebook.buck.json.PythonDslProjectBuildFileParser] Closing buck.py process stdin
[2018-05-02 19:09:05.281][warn ][command:809cff97-4ca7-44c0-97cd-b92732545764][tid:13][com.facebook.buck.util.Console] Build failure: The rule //:Dwift could not be found.
Please check the spelling and whether it exists in /Users/scottjones/BuckExample/StashUI/UI/BUCK.
[2018-05-02 19:09:05.283][info ][command:null][tid:28][com.facebook.buck.event.listener.LoggingBuildListener] Build finished at 2018-05-02 19:09:05.282
[2018-05-02 19:09:05.283][info ][command:null][tid:28][com.facebook.buck.event.listener.LoggingBuildListener] Build finished at 2018-05-02 19:09:05.282
[2018-05-02 19:09:05.293][debug][command:809cff97-4ca7-44c0-97cd-b92732545764][tid:24][com.facebook.buck.util.perf.ProcessTracker] shutDown
[2018-05-02 19:09:05.293][debug][command:809cff97-4ca7-44c0-97cd-b92732545764][tid:23][com.google.common.util.concurrent.ServiceManager] Service PerfStatsTracking [TERMINATED] has terminated. Previous state was: STOPPING
[2018-05-02 19:09:05.294][debug][command:809cff97-4ca7-44c0-97cd-b92732545764][tid:24][com.google.common.util.concurrent.ServiceManager] Service ProcessTracker [TERMINATED] has terminated. Previous state was: STOPPING
[2018-05-02 19:09:05.296][debug][command:809cff97-4ca7-44c0-97cd-b92732545764][tid:13][com.facebook.buck.event.listener.SuperConsoleEventBusListener] Stopping render scheduler
[2018-05-02 19:09:05.296][debug][command:809cff97-4ca7-44c0-97cd-b92732545764][tid:13][com.facebook.buck.event.listener.SuperConsoleEventBusListener] Stopping render scheduler
[2018-05-02 19:09:05.296][debug][command:809cff97-4ca7-44c0-97cd-b92732545764][tid:13][com.facebook.buck.event.listener.SuperConsoleEventBusListener] Stopping console output (stderr was dirty).
[2018-05-02 19:09:05.297][info ][command:809cff97-4ca7-44c0-97cd-b92732545764][tid:13][com.facebook.buck.cli.Main] Awaiting termination of PROJECT executor service. Waiting for all jobs to complete, or up to maximum of 60 seconds...
[2018-05-02 19:09:05.297][info ][command:809cff97-4ca7-44c0-97cd-b92732545764][tid:13][com.facebook.buck.cli.Main] Successfully terminated PROJECT executor service.
[2018-05-02 19:09:05.297][info ][command:809cff97-4ca7-44c0-97cd-b92732545764][tid:13][com.facebook.buck.cli.Main] Awaiting termination of NETWORK executor service. Waiting for all jobs to complete, or up to maximum of 60 seconds...
[2018-05-02 19:09:05.297][info ][command:809cff97-4ca7-44c0-97cd-b92732545764][tid:13][com.facebook.buck.cli.Main] Successfully terminated NETWORK executor service.
[2018-05-02 19:09:05.298][info ][command:809cff97-4ca7-44c0-97cd-b92732545764][tid:13][com.facebook.buck.cli.Main] Awaiting termination of CPU executor service. Waiting for all jobs to complete, or up to maximum of 60 seconds...
[2018-05-02 19:09:05.298][info ][command:809cff97-4ca7-44c0-97cd-b92732545764][tid:13][com.facebook.buck.cli.Main] Successfully terminated CPU executor service.
[2018-05-02 19:09:05.298][info ][command:809cff97-4ca7-44c0-97cd-b92732545764][tid:13][com.facebook.buck.cli.Main] Awaiting termination of ScheduledExecutorService executor service. Waiting for all jobs to complete, or up to maximum of 60 seconds...
[2018-05-02 19:09:05.298][info ][command:809cff97-4ca7-44c0-97cd-b92732545764][tid:13][com.facebook.buck.cli.Main] Successfully terminated ScheduledExecutorService executor service.
[2018-05-02 19:09:05.298][info ][command:809cff97-4ca7-44c0-97cd-b92732545764][tid:13][com.facebook.buck.cli.Main] Awaiting termination of CounterAggregatorExecutor executor service. Waiting for all jobs to complete, or up to maximum of 20 seconds...
[2018-05-02 19:09:05.298][info ][command:809cff97-4ca7-44c0-97cd-b92732545764][tid:13][com.facebook.buck.cli.Main] Successfully terminated CounterAggregatorExecutor executor service.
[2018-05-02 19:09:05.298][info ][command:809cff97-4ca7-44c0-97cd-b92732545764][tid:13][com.facebook.buck.cli.Main] Awaiting termination of HTTP Read executor service. Waiting for all jobs to complete, or up to maximum of 1800 seconds...
[2018-05-02 19:09:05.298][info ][command:809cff97-4ca7-44c0-97cd-b92732545764][tid:13][com.facebook.buck.cli.Main] Successfully terminated HTTP Read executor service.
[2018-05-02 19:09:05.298][info ][command:809cff97-4ca7-44c0-97cd-b92732545764][tid:13][com.facebook.buck.cli.Main] Awaiting termination of Download Heavy Build HTTP Read executor service. Waiting for all jobs to complete, or up to maximum of 1800 seconds...
[2018-05-02 19:09:05.298][info ][command:809cff97-4ca7-44c0-97cd-b92732545764][tid:13][com.facebook.buck.cli.Main] Successfully terminated Download Heavy Build HTTP Read executor service.
[2018-05-02 19:09:05.298][info ][command:809cff97-4ca7-44c0-97cd-b92732545764][tid:13][com.facebook.buck.cli.Main] Awaiting termination of HTTP Write executor service. Waiting for all jobs to complete, or up to maximum of 1800 seconds...
[2018-05-02 19:09:05.298][info ][command:809cff97-4ca7-44c0-97cd-b92732545764][tid:13][com.facebook.buck.cli.Main] Successfully terminated HTTP Write executor service.
[2018-05-02 19:09:05.298][info ][command:809cff97-4ca7-44c0-97cd-b92732545764][tid:13][com.facebook.buck.cli.Main] Awaiting termination of Disk IO executor service. Waiting for all jobs to complete, or up to maximum of 10 seconds...
[2018-05-02 19:09:05.299][info ][command:809cff97-4ca7-44c0-97cd-b92732545764][tid:13][com.facebook.buck.cli.Main] Successfully terminated Disk IO executor service.
[2018-05-02 19:09:05.299][debug][command:null][tid:38][com.facebook.buck.json.PythonDslProjectBuildFileParser] Waiting for process com.facebook.buck.util.ProcessExecutor$LaunchedProcessImpl@2940df75 to exit...
[2018-05-02 19:09:05.301][debug][command:null][tid:38][com.facebook.buck.json.PythonDslProjectBuildFileParser] Process com.facebook.buck.util.ProcessExecutor$LaunchedProcessImpl@2940df75 exited cleanly.
[2018-05-02 19:09:05.312][debug][command:null][tid:39][com.facebook.buck.io.AsynchronousDirectoryContentsCleaner] Starting to clean buck-out/.trash
[2018-05-02 19:09:05.311][debug][command:null][tid:13][com.facebook.buck.event.listener.SuperConsoleEventBusListener] Stopping render scheduler
[2018-05-02 19:09:05.313][debug][command:null][tid:39][com.facebook.buck.io.AsynchronousDirectoryContentsCleaner] Done cleaning buck-out/.trash
[2018-05-02 19:09:05.313][debug][command:null][tid:13][com.facebook.buck.event.listener.SuperConsoleEventBusListener] Stopping render scheduler
[2018-05-02 19:09:05.314][debug][command:null][tid:13][com.facebook.buck.event.listener.SuperConsoleEventBusListener] Stopping console output (stderr was dirty).
[2018-05-02 19:09:05.314][debug][command:null][tid:13][com.facebook.buck.event.listener.ChromeTraceBuildListener] Writing Chrome trace to buck-out/log/2018-05-02_23h09m02s_buildcommand_809cff97-4ca7-44c0-97cd-b92732545764/build.2018-05-02.19-09-02.809cff97-4ca7-44c0-97cd-b92732545764.trace
[2018-05-02 19:09:05.340][debug][command:null][tid:13][com.facebook.buck.cli.Main] Done.
[2018-05-02 19:09:05.342][info ][command:null][tid:13][com.martiansoftware.nailgun.NGSession] Server cleanly exited with status 5
[2018-05-02 19:09:05.342][debug][command:null][tid:13][com.martiansoftware.nailgun.NGCommunicator] Shutting down read ExecutorService
[2018-05-02 19:09:05.381][debug][command:null][tid:13][com.martiansoftware.nailgun.NGCommunicator] Shutting down orchestrator ExecutorService
[2018-05-02 19:09:05.382][debug][command:null][tid:15][com.martiansoftware.nailgun.NGCommunicator] Socket is disconnected
[2018-05-02 19:09:05.383][debug][command:null][tid:15][com.martiansoftware.nailgun.NGCommunicator] Nailgun client disconnected
[2018-05-02 19:09:05.383][debug][command:null][tid:15][com.martiansoftware.nailgun.NGCommunicator] Orchestrator thread finished
[2018-05-02 19:09:05.383][debug][command:null][tid:13][com.martiansoftware.nailgun.NGSession] Closing client socket
[2018-05-02 19:09:05.385][debug][command:null][tid:13][com.martiansoftware.nailgun.NGSession] Waiting for next client to connect
[2018-05-02 19:09:05.385][info ][command:null][tid:13][com.martiansoftware.nailgun.NGSession] NGSession shutting down
[2018-05-02 19:09:26.953][debug][command:null][tid:14][com.martiansoftware.nailgun.NGSession] Client connected
[2018-05-02 19:09:26.953][debug][command:null][tid:41][com.martiansoftware.nailgun.NGSession] Waiting for first client to connect
[2018-05-02 19:09:26.958][debug][command:null][tid:42][com.martiansoftware.nailgun.NGCommunicator] Orchestrator thread started
[2018-05-02 19:09:26.958][debug][command:null][tid:14][com.martiansoftware.nailgun.NGCommunicator] Shutting down read ExecutorService
[2018-05-02 19:09:26.960][debug][command:null][tid:42][com.martiansoftware.nailgun.NGCommunicator] Socket is disconnected
[2018-05-02 19:09:26.960][debug][command:null][tid:14][com.martiansoftware.nailgun.NGCommunicator] Shutting down orchestrator ExecutorService
[2018-05-02 19:09:26.961][debug][command:null][tid:42][com.martiansoftware.nailgun.NGCommunicator] Nailgun client disconnected
[2018-05-02 19:09:26.961][debug][command:null][tid:42][com.martiansoftware.nailgun.NGCommunicator] Orchestrator thread finished
[2018-05-02 19:09:26.961][debug][command:null][tid:14][com.martiansoftware.nailgun.NGSession] Closing client socket
[2018-05-02 19:09:26.962][debug][command:null][tid:14][com.martiansoftware.nailgun.NGSession] Waiting for next client to connect
[2018-05-02 19:09:26.962][info ][command:null][tid:14][com.martiansoftware.nailgun.NGSession] NGSession shutting down
[2018-05-02 19:09:26.968][debug][command:null][tid:41][com.martiansoftware.nailgun.NGSession] Client connected
[2018-05-02 19:09:26.969][debug][command:null][tid:44][com.martiansoftware.nailgun.NGSession] Waiting for first client to connect
[2018-05-02 19:09:26.973][debug][command:null][tid:45][com.martiansoftware.nailgun.NGCommunicator] Orchestrator thread started
[2018-05-02 19:09:26.974][debug][command:null][tid:41][com.facebook.buck.util.config.Configs] Loading configuration for /Users/scottjones/BuckExample/StashUI/UI
[2018-05-02 19:09:26.975][debug][command:null][tid:41][com.facebook.buck.util.config.Configs] Loaded project configuration file /Users/scottjones/BuckExample/StashUI/UI/.buckconfig
[2018-05-02 19:09:26.975][debug][command:null][tid:41][com.facebook.buck.util.config.Configs] Adding configuration overrides RawConfig{values={}}
[2018-05-02 19:09:26.979][debug][command:null][tid:41][com.facebook.buck.cli.Main] Rotating log.
[2018-05-02 19:09:26.984][debug][command:null][tid:41][com.facebook.buck.cli.Main] Starting up (build date 2018-03-26 17:19:01 -0400, rev v2018.03.26.01), args: [build, //Pod:SnapKit]
[2018-05-02 19:09:26.986][debug][command:null][tid:41][com.facebook.buck.cli.Main] System properties: {java.vendor=Oracle Corporation, sun.java.launcher=SUN_STANDARD, sun.management.compiler=HotSpot 64-Bit Tiered Compilers, jnidispatch.path=/Users/scottjones/BuckExample/StashUI/UI/.buckd/tmp/buck_run.rl8slT/jna--496628040/jna8380054251408692703.tmp, os.name=Mac OS X, buck.enable_objc=true, sun.boot.class.path=/Library/Java/JavaVirtualMachines/jdk1.8.0_162.jdk/Contents/Home/jre/lib/resources.jar:/Library/Java/JavaVirtualMachines/jdk1.8.0_162.jdk/Contents/Home/jre/lib/rt.jar:/Library/Java/JavaVirtualMachines/jdk1.8.0_162.jdk/Contents/Home/jre/lib/sunrsasign.jar:/Library/Java/JavaVirtualMachines/jdk1.8.0_162.jdk/Contents/Home/jre/lib/jsse.jar:/Library/Java/JavaVirtualMachines/jdk1.8.0_162.jdk/Contents/Home/jre/lib/jce.jar:/Library/Java/JavaVirtualMachines/jdk1.8.0_162.jdk/Contents/Home/jre/lib/charsets.jar:/Library/Java/JavaVirtualMachines/jdk1.8.0_162.jdk/Contents/Home/jre/lib/jfr.jar:/Library/Java/JavaVirtualMachines/jdk1.8.0_162.jdk/Contents/Home/jre/classes, pf4j.pluginsDir=/Users/scottjones/BuckExample/StashUI/UI/.buckd/resources/v2018.03.26.01/buck-modules, buck.resource_lock_path=/Users/scottjones/BuckExample/StashUI/UI/.buckd/resources/v2018.03.26.01/.buck_lock, java.vm.specification.vendor=Oracle Corporation, java.runtime.version=1.8.0_162-b12, jna.loaded=true, buck.testrunner_classes=/Users/scottjones/BuckExample/StashUI/UI/.buckd/resources/v2018.03.26.01/testrunner_classes, buck.logging_config_file=/Users/scottjones/BuckExample/StashUI/UI/.buckd/resources/v2018.03.26.01/logging_config_file, buck.path_to_sh_binary_template=/Users/scottjones/BuckExample/StashUI/UI/.buckd/resources/v2018.03.26.01/path_to_sh_binary_template, user.name=scottjones, buck.path_to_pywatchman=/Users/scottjones/BuckExample/StashUI/UI/.buckd/resources/v2018.03.26.01/path_to_pywatchman, buck.report_generator_jar=/Users/scottjones/BuckExample/StashUI/UI/.buckd/resources/v2018.03.26.01/report_generator_jar, buck.git_commit=v2018.03.26.01, user.language=en, sun.boot.library.path=/Library/Java/JavaVirtualMachines/jdk1.8.0_162.jdk/Contents/Home/jre/lib, jna.nosys=true, java.version=1.8.0_162, user.timezone=America/New_York, buck.test_util_no_tests_dir=true, sun.arch.data.model=64, http.nonProxyHosts=local|*.local|169.254/16|*.169.254/16, java.endorsed.dirs=/Library/Java/JavaVirtualMachines/jdk1.8.0_162.jdk/Contents/Home/jre/lib/endorsed, sun.cpu.isalist=, sun.jnu.encoding=UTF-8, file.encoding.pkg=sun.io, file.separator=/, java.specification.name=Java Platform API Specification, buck.jacoco_agent_jar=/Users/scottjones/BuckExample/StashUI/UI/.buckd/resources/v2018.03.26.01/jacoco_agent_jar, java.class.version=52.0, user.country=US, buck.binary_hash=18882a498323745e828e70f1ac69fa39, java.home=/Library/Java/JavaVirtualMachines/jdk1.8.0_162.jdk/Contents/Home/jre, buck.fix_script=/Users/scottjones/BuckExample/StashUI/UI/.buckd/resources/v2018.03.26.01/fix_script, java.vm.info=mixed mode, os.version=10.13.4, buck.external_executor_jar=/Users/scottjones/BuckExample/StashUI/UI/.buckd/resources/v2018.03.26.01/external_executor_jar, buck.version_uid=v2018.03.26.01, org.eclipse.jetty.util.log.class=org.eclipse.jetty.util.log.JavaUtilLog, path.separator=:, java.vm.version=25.162-b12, java.awt.printerjob=sun.lwawt.macosx.CPrinterJob, sun.io.unicode.encoding=UnicodeBig, awt.toolkit=sun.lwawt.macosx.LWCToolkit, socksNonProxyHosts=local|*.local|169.254/16|*.169.254/16, buck.buck_build_type_info=/Users/scottjones/BuckExample/StashUI/UI/.buckd/resources/v2018.03.26.01/buck_build_type_info, ftp.nonProxyHosts=local|*.local|169.254/16|*.169.254/16, buck.dx=/Users/scottjones/BuckExample/StashUI/UI/.buckd/resources/v2018.03.26.01/dx, buck.git_commit_timestamp=1522099141, user.home=/Users/scottjones, java.specification.vendor=Oracle Corporation, buck.git_dirty=0, java.library.path=/Users/scottjones/BuckExample/StashUI/UI/.buckd/resources/v2018.03.26.01, java.vendor.url=http://java.oracle.com/, java.vm.vendor=Oracle Corporation, gopherProxySet=false, java.runtime.name=Java(TM) SE Runtime Environment, sun.java.command=com.facebook.buck.cli.bootstrapper.ClassLoaderBootstrapper com.facebook.buck.cli.Main$DaemonBootstrap local:.buckd/sock 120000, java.class.path=/Users/scottjones/BuckExample/StashUI/UI/.buckd/resources/v2018.03.26.01/bootstrapper_jar, buck.buckd_dir=/Users/scottjones/BuckExample/StashUI/UI/.buckd, buck.path_to_pathlib_py=/Users/scottjones/BuckExample/StashUI/UI/.buckd/resources/v2018.03.26.01/pathlib.py, buck.buckd_launch_time_nanos=23432505348890, java.vm.specification.name=Java Virtual Machine Specification, com.martiansoftware.nailgun.NGServer.outputPath=/Users/scottjones/BuckExample/StashUI/UI/.buckd/tmp/buck_run.rl8slT/ngserver-out, java.vm.specification.version=1.8, sun.cpu.endian=little, sun.os.patch.level=unknown, java.awt.headless=true, java.io.tmpdir=/Users/scottjones/BuckExample/StashUI/UI/.buckd/tmp/buck_run.rl8slT, buck.android_agent_path=/Users/scottjones/BuckExample/StashUI/UI/.buckd/resources/v2018.03.26.01/android_agent_path, java.vendor.url.bug=http://bugreport.sun.com/bugreport/, buck.path_to_python_dsl=, jna.platform.library.path=/usr/lib:/usr/lib, os.arch=x86_64, java.awt.graphicsenv=sun.awt.CGraphicsEnvironment, buck.path_to_pex=/Users/scottjones/BuckExample/StashUI/UI/.buckd/resources/v2018.03.26.01/path_to_pex, java.ext.dirs=/Users/scottjones/Library/Java/Extensions:/Library/Java/JavaVirtualMachines/jdk1.8.0_162.jdk/Contents/Home/jre/lib/ext:/Library/Java/Extensions:/Network/Library/Java/Extensions:/System/Library/Java/Extensions:/usr/lib/java, java.util.logging.config.class=com.facebook.buck.cli.bootstrapper.LogConfig, user.dir=/Users/scottjones/BuckExample/StashUI/UI, line.separator=
, java.vm.name=Java HotSpot(TM) 64-Bit Server VM, buck.path_to_typing=/Users/scottjones/BuckExample/StashUI/UI/.buckd/resources/v2018.03.26.01/path_to_typing, buck.native_exopackage_fake_path=/Users/scottjones/BuckExample/StashUI/UI/.buckd/resources/v2018.03.26.01/native_exopackage_fake_path, file.encoding=UTF-8, java.specification.version=1.8}
[2018-05-02 19:09:26.987][debug][command:null][tid:41][com.facebook.buck.util.config.Configs] Loading configuration for /Users/scottjones/BuckExample/StashUI/UI
[2018-05-02 19:09:26.988][debug][command:null][tid:41][com.facebook.buck.util.config.Configs] Loaded project configuration file /Users/scottjones/BuckExample/StashUI/UI/.buckconfig
[2018-05-02 19:09:26.988][debug][command:null][tid:41][com.facebook.buck.util.config.Configs] Adding configuration overrides RawConfig{values={}}
[2018-05-02 19:09:26.992][info ][command:null][tid:41][com.facebook.buck.io.WatchmanFactory] Creating for: [/Users/scottjones/BuckExample/StashUI/UI]
[2018-05-02 19:09:26.993][debug][command:null][tid:41][com.facebook.buck.io.ExecutableFinder] Executable 'watchman' mapped to 'Optional[/usr/local/bin/watchman]'
[2018-05-02 19:09:26.993][debug][command:null][tid:41][com.facebook.buck.util.ListeningProcessExecutor] Launching process with params ProcessExecutorParams{command=[/usr/local/bin/watchman, --output-encoding=bser, get-sockname]}
[2018-05-02 19:09:27.001][debug][command:null][tid:41][com.facebook.buck.util.ListeningProcessExecutor] Successfully launched process com.zaxxer.nuprocess.osx.OsxProcess@61f19d75
[2018-05-02 19:09:27.001][debug][command:null][tid:41][com.facebook.buck.util.ListeningProcessExecutor] Waiting for process com.facebook.buck.util.ListeningProcessExecutor$LaunchedProcessImpl@3a6bedeb timeout 1000000000 NANOSECONDS
[2018-05-02 19:09:27.014][debug][command:null][tid:41][com.facebook.buck.util.ListeningProcessExecutor] Wait for process returned 0
[2018-05-02 19:09:27.014][debug][command:null][tid:41][com.facebook.buck.io.WatchmanFactory] Waited 13 ms for Watchman command get-sockname, exit code 0
[2018-05-02 19:09:27.015][debug][command:null][tid:41][com.facebook.buck.io.WatchmanFactory] stdout of command: {sockname=/usr/local/var/run/watchman/scottjones-state/sock, version=4.9.0}
[2018-05-02 19:09:27.015][info ][command:null][tid:41][com.facebook.buck.io.WatchmanFactory] Connecting to Watchman version 4.9.0 at /usr/local/var/run/watchman/scottjones-state/sock
[2018-05-02 19:09:27.015][debug][command:null][tid:48][com.facebook.buck.io.WatchmanTransportClient] Sending query: [version, {required=[cmd-watch-project], optional=[term-dirname, cmd-watch-project, wildmatch, wildmatch_multislash, glob_generator, clock-sync-timeout]}]
[2018-05-02 19:09:27.016][debug][command:null][tid:41][com.facebook.buck.io.WatchmanTransportClient] Query [version, {required=[cmd-watch-project], optional=[term-dirname, cmd-watch-project, wildmatch, wildmatch_multislash, glob_generator, clock-sync-timeout]}] returned in 0 ms
[2018-05-02 19:09:27.017][info ][command:null][tid:41][com.facebook.buck.io.WatchmanFactory] Took 1 ms to query capabilities {term-dirname=DIRNAME, cmd-watch-project=SUPPORTS_PROJECT_WATCH, wildmatch=WILDMATCH_GLOB, wildmatch_multislash=WILDMATCH_MULTISLASH, glob_generator=GLOB_GENERATOR, clock-sync-timeout=CLOCK_SYNC_TIMEOUT}
[2018-05-02 19:09:27.017][debug][command:null][tid:41][com.facebook.buck.io.WatchmanFactory] Got capabilities response: {clock-sync-timeout=true, glob_generator=true, wildmatch_multislash=false, cmd-watch-project=true, wildmatch=true, term-dirname=true}
[2018-05-02 19:09:27.017][debug][command:null][tid:41][com.facebook.buck.io.WatchmanFactory] Got Watchman capabilities: [CLOCK_SYNC_TIMEOUT, GLOB_GENERATOR, SUPPORTS_PROJECT_WATCH, WILDMATCH_GLOB, DIRNAME]
[2018-05-02 19:09:27.017][info ][command:null][tid:41][com.facebook.buck.io.WatchmanFactory] Adding watchman root: /Users/scottjones/BuckExample/StashUI/UI
[2018-05-02 19:09:27.017][debug][command:null][tid:48][com.facebook.buck.io.WatchmanTransportClient] Sending query: [watch-project, /Users/scottjones/BuckExample/StashUI/UI]
[2018-05-02 19:09:27.018][debug][command:null][tid:41][com.facebook.buck.io.WatchmanTransportClient] Query [watch-project, /Users/scottjones/BuckExample/StashUI/UI] returned in 0 ms
[2018-05-02 19:09:27.018][debug][command:null][tid:48][com.facebook.buck.io.WatchmanTransportClient] Sending query: [watch-project, /Users/scottjones/BuckExample/StashUI/UI]
[2018-05-02 19:09:27.018][debug][command:null][tid:41][com.facebook.buck.io.WatchmanTransportClient] Query [watch-project, /Users/scottjones/BuckExample/StashUI/UI] returned in 0 ms
[2018-05-02 19:09:27.018][info ][command:null][tid:41][com.facebook.buck.io.WatchmanFactory] Took 1 ms to add root /Users/scottjones/BuckExample/StashUI/UI
[2018-05-02 19:09:27.019][debug][command:null][tid:48][com.facebook.buck.io.WatchmanTransportClient] Sending query: [clock, /Users/scottjones/BuckExample, {sync_timeout=100}]
[2018-05-02 19:09:27.025][debug][command:null][tid:41][com.facebook.buck.io.WatchmanTransportClient] Query [clock, /Users/scottjones/BuckExample, {sync_timeout=100}] returned in 5 ms
[2018-05-02 19:09:27.025][info ][command:null][tid:41][com.facebook.buck.io.WatchmanFactory] Took 6 ms to query for initial clock id Optional[c:1525269255:464:2:901]
[2018-05-02 19:09:27.025][debug][command:null][tid:41][com.facebook.buck.io.WatchmanFactory] Connected to Watchman
[2018-05-02 19:09:27.025][debug][command:null][tid:41][com.facebook.buck.io.WatchmanTransportClient] Closing Watchman transport.
[2018-05-02 19:09:27.025][debug][command:null][tid:41][com.facebook.buck.cli.Main] Watchman capabilities: [CLOCK_SYNC_TIMEOUT, GLOB_GENERATOR, SUPPORTS_PROJECT_WATCH, WILDMATCH_GLOB, DIRNAME] Project watches: {/Users/scottjones/BuckExample/StashUI/UI=ProjectWatch{watchRoot=/Users/scottjones/BuckExample, projectPrefix=StashUI/UI}} Glob handler config: PYTHON Query timeout ms config: Optional.empty
