[2018-05-03 09:39:30.001][debug][command:null][tid:01][com.sun.jna.Platform] null
java.io.FileNotFoundException: /proc/self/exe (No such file or directory)
	at java.io.RandomAccessFile.open0(Native Method)
	at java.io.RandomAccessFile.open(RandomAccessFile.java:316)
	at java.io.RandomAccessFile.<init>(RandomAccessFile.java:243)
	at java.io.RandomAccessFile.<init>(RandomAccessFile.java:124)
	at com.sun.jna.ELFAnalyser.runDetection(ELFAnalyser.java:109)
	at com.sun.jna.ELFAnalyser.analyse(ELFAnalyser.java:36)
	at com.sun.jna.Platform.isSoftFloat(Platform.java:259)
	at com.sun.jna.Platform.<clinit>(Platform.java:133)
	at com.sun.jna.Native.loadNativeDispatchLibraryFromClasspath(Native.java:936)
	at com.sun.jna.Native.loadNativeDispatchLibrary(Native.java:922)
	at com.sun.jna.Native.<clinit>(Native.java:190)
	at com.sun.jna.Pointer.<clinit>(Pointer.java:54)
	at com.facebook.buck.cli.Main.<clinit>(Main.java:232)
	at com.facebook.buck.cli.Main$DaemonBootstrap.main(Main.java:1912)
	at sun.reflect.NativeMethodAccessorImpl.invoke0(Native Method)
	at sun.reflect.NativeMethodAccessorImpl.invoke(NativeMethodAccessorImpl.java:62)
	at sun.reflect.DelegatingMethodAccessorImpl.invoke(DelegatingMethodAccessorImpl.java:43)
	at java.lang.reflect.Method.invoke(Method.java:498)
	at com.facebook.buck.cli.bootstrapper.ClassLoaderBootstrapper.main(ClassLoaderBootstrapper.java:55)

[2018-05-03 09:39:30.096][debug][command:null][tid:01][com.sun.jna.Platform] null
java.io.FileNotFoundException: /proc/self/exe (No such file or directory)
	at java.io.RandomAccessFile.open0(Native Method)
	at java.io.RandomAccessFile.open(RandomAccessFile.java:316)
	at java.io.RandomAccessFile.<init>(RandomAccessFile.java:243)
	at java.io.RandomAccessFile.<init>(RandomAccessFile.java:124)
	at com.sun.jna.ELFAnalyser.runDetection(ELFAnalyser.java:109)
	at com.sun.jna.ELFAnalyser.analyse(ELFAnalyser.java:36)
	at com.sun.jna.Platform.isSoftFloat(Platform.java:259)
	at com.sun.jna.Platform.getNativeLibraryResourcePrefix(Platform.java:287)
	at com.sun.jna.Platform.getNativeLibraryResourcePrefix(Platform.java:276)
	at com.sun.jna.Platform.<clinit>(Platform.java:134)
	at com.sun.jna.Native.loadNativeDispatchLibraryFromClasspath(Native.java:936)
	at com.sun.jna.Native.loadNativeDispatchLibrary(Native.java:922)
	at com.sun.jna.Native.<clinit>(Native.java:190)
	at com.sun.jna.Pointer.<clinit>(Pointer.java:54)
	at com.facebook.buck.cli.Main.<clinit>(Main.java:232)
	at com.facebook.buck.cli.Main$DaemonBootstrap.main(Main.java:1912)
	at sun.reflect.NativeMethodAccessorImpl.invoke0(Native Method)
	at sun.reflect.NativeMethodAccessorImpl.invoke(NativeMethodAccessorImpl.java:62)
	at sun.reflect.DelegatingMethodAccessorImpl.invoke(DelegatingMethodAccessorImpl.java:43)
	at java.lang.reflect.Method.invoke(Method.java:498)
	at com.facebook.buck.cli.bootstrapper.ClassLoaderBootstrapper.main(ClassLoaderBootstrapper.java:55)

[2018-05-03 09:39:30.208][info ][command:null][tid:01][com.facebook.buck.cli.HangMonitor] HangMonitorAutoStart
[2018-05-03 09:39:30.395][debug][command:null][tid:01][com.google.common.util.concurrent.ServiceManager] Starting HangMonitor [RUNNING].
[2018-05-03 09:39:30.396][debug][command:null][tid:01][com.google.common.util.concurrent.ServiceManager] Started HangMonitor [RUNNING] in 38.36 ms.
[2018-05-03 09:39:30.446][info ][command:null][tid:01][com.facebook.buck.cli.Main] enabling background process killing for buckd
[2018-05-03 09:39:30.452][info ][command:null][tid:01][com.facebook.buck.cli.Main] enabled background process killing for buckd
[2018-05-03 09:39:30.453][info ][command:null][tid:01][com.facebook.buck.cli.Main] initialized bg session killer
[2018-05-03 09:39:30.532][debug][command:null][tid:13][com.martiansoftware.nailgun.NGSession] Waiting for first client to connect
[2018-05-03 09:39:30.580][debug][command:null][tid:14][com.martiansoftware.nailgun.NGSession] Waiting for first client to connect
[2018-05-03 09:39:30.580][debug][command:null][tid:13][com.martiansoftware.nailgun.NGSession] Client connected
[2018-05-03 09:39:30.592][debug][command:null][tid:15][com.martiansoftware.nailgun.NGCommunicator] Orchestrator thread started
[2018-05-03 09:39:30.649][debug][command:null][tid:13][com.facebook.buck.util.config.Configs] Loading configuration for /Users/scottjones/BuckExample
[2018-05-03 09:39:30.709][debug][command:null][tid:13][com.facebook.buck.util.config.Configs] Loaded project configuration file /Users/scottjones/BuckExample/.buckconfig
[2018-05-03 09:39:30.709][debug][command:null][tid:13][com.facebook.buck.util.config.Configs] Adding configuration overrides RawConfig{values={}}
[2018-05-03 09:39:30.923][debug][command:null][tid:13][com.facebook.buck.cli.Main] Rotating log.
[2018-05-03 09:39:30.930][debug][command:null][tid:13][com.facebook.buck.cli.Main] Starting up (build date 2018-03-26 17:19:01 -0400, rev v2018.03.26.01), args: [clean]
[2018-05-03 09:39:30.944][debug][command:null][tid:13][com.facebook.buck.cli.Main] System properties: {java.vendor=Oracle Corporation, sun.java.launcher=SUN_STANDARD, sun.management.compiler=HotSpot 64-Bit Tiered Compilers, jnidispatch.path=/Users/scottjones/BuckExample/.buckd/tmp/buck_run.8xX8Dw/jna--496628040/jna8374277407104147943.tmp, os.name=Mac OS X, buck.enable_objc=true, sun.boot.class.path=/Library/Java/JavaVirtualMachines/jdk1.8.0_162.jdk/Contents/Home/jre/lib/resources.jar:/Library/Java/JavaVirtualMachines/jdk1.8.0_162.jdk/Contents/Home/jre/lib/rt.jar:/Library/Java/JavaVirtualMachines/jdk1.8.0_162.jdk/Contents/Home/jre/lib/sunrsasign.jar:/Library/Java/JavaVirtualMachines/jdk1.8.0_162.jdk/Contents/Home/jre/lib/jsse.jar:/Library/Java/JavaVirtualMachines/jdk1.8.0_162.jdk/Contents/Home/jre/lib/jce.jar:/Library/Java/JavaVirtualMachines/jdk1.8.0_162.jdk/Contents/Home/jre/lib/charsets.jar:/Library/Java/JavaVirtualMachines/jdk1.8.0_162.jdk/Contents/Home/jre/lib/jfr.jar:/Library/Java/JavaVirtualMachines/jdk1.8.0_162.jdk/Contents/Home/jre/classes, pf4j.pluginsDir=/Users/scottjones/BuckExample/.buckd/resources/v2018.03.26.01/buck-modules, buck.resource_lock_path=/Users/scottjones/BuckExample/.buckd/resources/v2018.03.26.01/.buck_lock, java.vm.specification.vendor=Oracle Corporation, java.runtime.version=1.8.0_162-b12, jna.loaded=true, buck.testrunner_classes=/Users/scottjones/BuckExample/.buckd/resources/v2018.03.26.01/testrunner_classes, buck.logging_config_file=/Users/scottjones/BuckExample/.buckd/resources/v2018.03.26.01/logging_config_file, buck.path_to_sh_binary_template=/Users/scottjones/BuckExample/.buckd/resources/v2018.03.26.01/path_to_sh_binary_template, user.name=scottjones, buck.path_to_pywatchman=/Users/scottjones/BuckExample/.buckd/resources/v2018.03.26.01/path_to_pywatchman, buck.report_generator_jar=/Users/scottjones/BuckExample/.buckd/resources/v2018.03.26.01/report_generator_jar, buck.git_commit=v2018.03.26.01, user.language=en, sun.boot.library.path=/Library/Java/JavaVirtualMachines/jdk1.8.0_162.jdk/Contents/Home/jre/lib, jna.nosys=true, java.version=1.8.0_162, user.timezone=America/New_York, buck.test_util_no_tests_dir=true, sun.arch.data.model=64, http.nonProxyHosts=local|*.local|169.254/16|*.169.254/16, java.endorsed.dirs=/Library/Java/JavaVirtualMachines/jdk1.8.0_162.jdk/Contents/Home/jre/lib/endorsed, sun.cpu.isalist=, sun.jnu.encoding=UTF-8, file.encoding.pkg=sun.io, file.separator=/, java.specification.name=Java Platform API Specification, buck.jacoco_agent_jar=/Users/scottjones/BuckExample/.buckd/resources/v2018.03.26.01/jacoco_agent_jar, java.class.version=52.0, user.country=US, buck.binary_hash=18882a498323745e828e70f1ac69fa39, java.home=/Library/Java/JavaVirtualMachines/jdk1.8.0_162.jdk/Contents/Home/jre, buck.fix_script=/Users/scottjones/BuckExample/.buckd/resources/v2018.03.26.01/fix_script, java.vm.info=mixed mode, os.version=10.13.4, buck.external_executor_jar=/Users/scottjones/BuckExample/.buckd/resources/v2018.03.26.01/external_executor_jar, buck.version_uid=v2018.03.26.01, org.eclipse.jetty.util.log.class=org.eclipse.jetty.util.log.JavaUtilLog, path.separator=:, java.vm.version=25.162-b12, java.awt.printerjob=sun.lwawt.macosx.CPrinterJob, sun.io.unicode.encoding=UnicodeBig, awt.toolkit=sun.lwawt.macosx.LWCToolkit, socksNonProxyHosts=local|*.local|169.254/16|*.169.254/16, buck.buck_build_type_info=/Users/scottjones/BuckExample/.buckd/resources/v2018.03.26.01/buck_build_type_info, ftp.nonProxyHosts=local|*.local|169.254/16|*.169.254/16, buck.dx=/Users/scottjones/BuckExample/.buckd/resources/v2018.03.26.01/dx, buck.git_commit_timestamp=1522099141, user.home=/Users/scottjones, java.specification.vendor=Oracle Corporation, buck.git_dirty=0, java.library.path=/Users/scottjones/BuckExample/.buckd/resources/v2018.03.26.01, java.vendor.url=http://java.oracle.com/, java.vm.vendor=Oracle Corporation, gopherProxySet=false, java.runtime.name=Java(TM) SE Runtime Environment, sun.java.command=com.facebook.buck.cli.bootstrapper.ClassLoaderBootstrapper com.facebook.buck.cli.Main$DaemonBootstrap local:.buckd/sock 120000, java.class.path=/Users/scottjones/BuckExample/.buckd/resources/v2018.03.26.01/bootstrapper_jar, buck.buckd_dir=/Users/scottjones/BuckExample/.buckd, buck.path_to_pathlib_py=/Users/scottjones/BuckExample/.buckd/resources/v2018.03.26.01/pathlib.py, buck.buckd_launch_time_nanos=30622891581964, java.vm.specification.name=Java Virtual Machine Specification, com.martiansoftware.nailgun.NGServer.outputPath=/Users/scottjones/BuckExample/.buckd/tmp/buck_run.8xX8Dw/ngserver-out, java.vm.specification.version=1.8, sun.cpu.endian=little, sun.os.patch.level=unknown, java.awt.headless=true, java.io.tmpdir=/Users/scottjones/BuckExample/.buckd/tmp/buck_run.8xX8Dw, buck.android_agent_path=/Users/scottjones/BuckExample/.buckd/resources/v2018.03.26.01/android_agent_path, java.vendor.url.bug=http://bugreport.sun.com/bugreport/, buck.path_to_python_dsl=, jna.platform.library.path=/usr/lib:/usr/lib, os.arch=x86_64, java.awt.graphicsenv=sun.awt.CGraphicsEnvironment, buck.path_to_pex=/Users/scottjones/BuckExample/.buckd/resources/v2018.03.26.01/path_to_pex, java.ext.dirs=/Users/scottjones/Library/Java/Extensions:/Library/Java/JavaVirtualMachines/jdk1.8.0_162.jdk/Contents/Home/jre/lib/ext:/Library/Java/Extensions:/Network/Library/Java/Extensions:/System/Library/Java/Extensions:/usr/lib/java, java.util.logging.config.class=com.facebook.buck.cli.bootstrapper.LogConfig, user.dir=/Users/scottjones/BuckExample, line.separator=
, java.vm.name=Java HotSpot(TM) 64-Bit Server VM, buck.path_to_typing=/Users/scottjones/BuckExample/.buckd/resources/v2018.03.26.01/path_to_typing, buck.native_exopackage_fake_path=/Users/scottjones/BuckExample/.buckd/resources/v2018.03.26.01/native_exopackage_fake_path, file.encoding=UTF-8, java.specification.version=1.8}
[2018-05-03 09:39:31.014][info ][command:null][tid:13][org.pf4j.DefaultPluginStatusProvider] Enabled plugins: []
[2018-05-03 09:39:31.015][info ][command:null][tid:13][org.pf4j.DefaultPluginStatusProvider] Disabled plugins: []
[2018-05-03 09:39:31.021][info ][command:null][tid:13][org.pf4j.DefaultPluginManager] PF4J version 0.0.0 in 'deployment' mode
[2018-05-03 09:39:31.022][debug][command:null][tid:13][org.pf4j.AbstractPluginManager] Lookup plugins in '/Users/scottjones/BuckExample/.buckd/resources/v2018.03.26.01/buck-modules'
[2018-05-03 09:39:31.026][debug][command:null][tid:13][org.pf4j.AbstractPluginManager] Found 9 possible plugins: [/Users/scottjones/BuckExample/.buckd/resources/v2018.03.26.01/buck-modules/ziprules.jar, /Users/scottjones/BuckExample/.buckd/resources/v2018.03.26.01/buck-modules/lua.jar, /Users/scottjones/BuckExample/.buckd/resources/v2018.03.26.01/buck-modules/filegroup.jar, /Users/scottjones/BuckExample/.buckd/resources/v2018.03.26.01/buck-modules/haskell.jar, /Users/scottjones/BuckExample/.buckd/resources/v2018.03.26.01/buck-modules/rust.jar, /Users/scottjones/BuckExample/.buckd/resources/v2018.03.26.01/buck-modules/go.jar, /Users/scottjones/BuckExample/.buckd/resources/v2018.03.26.01/buck-modules/zipbundler.jar, /Users/scottjones/BuckExample/.buckd/resources/v2018.03.26.01/buck-modules/d.jar, /Users/scottjones/BuckExample/.buckd/resources/v2018.03.26.01/buck-modules/dotnet.jar]
[2018-05-03 09:39:31.026][debug][command:null][tid:13][org.pf4j.AbstractPluginManager] Use 'org.pf4j.CompoundPluginDescriptorFinder@5a48d99' to find plugins descriptors
[2018-05-03 09:39:31.026][debug][command:null][tid:13][org.pf4j.AbstractPluginManager] Finding plugin descriptor for plugin '/Users/scottjones/BuckExample/.buckd/resources/v2018.03.26.01/buck-modules/ziprules.jar'
[2018-05-03 09:39:31.026][debug][command:null][tid:13][org.pf4j.CompoundPluginDescriptorFinder] 'org.pf4j.ManifestPluginDescriptorFinder@21fe3080' is applicable for plugin '/Users/scottjones/BuckExample/.buckd/resources/v2018.03.26.01/buck-modules/ziprules.jar'
[2018-05-03 09:39:31.031][debug][command:null][tid:13][org.pf4j.AbstractPluginManager] Found descriptor PluginDescriptor [pluginId=com.facebook.buck.zip.ziprules, pluginClass=com.facebook.buck.zip.rules.ZipRulesModuleAdapterPlugin, version=0.0.1, provider=null, dependencies=[PluginDependency [pluginId=com.facebook.buck.zip.bundler, pluginVersionSupport=*]], description=, requires=*, license=null]
[2018-05-03 09:39:31.031][debug][command:null][tid:13][org.pf4j.AbstractPluginManager] Class 'com.facebook.buck.zip.rules.ZipRulesModuleAdapterPlugin' for plugin '/Users/scottjones/BuckExample/.buckd/resources/v2018.03.26.01/buck-modules/ziprules.jar'
[2018-05-03 09:39:31.031][debug][command:null][tid:13][org.pf4j.AbstractPluginManager] Loading plugin '/Users/scottjones/BuckExample/.buckd/resources/v2018.03.26.01/buck-modules/ziprules.jar'
[2018-05-03 09:39:31.032][debug][command:null][tid:13][org.pf4j.PluginClassLoader] Add 'file:/Users/scottjones/BuckExample/.buckd/resources/v2018.03.26.01/buck-modules/ziprules.jar'
[2018-05-03 09:39:31.032][debug][command:null][tid:13][org.pf4j.AbstractPluginManager] Loaded plugin '/Users/scottjones/BuckExample/.buckd/resources/v2018.03.26.01/buck-modules/ziprules.jar' with class loader 'org.pf4j.PluginClassLoader@360a14dd'
[2018-05-03 09:39:31.032][debug][command:null][tid:13][org.pf4j.AbstractPluginManager] Creating wrapper for plugin '/Users/scottjones/BuckExample/.buckd/resources/v2018.03.26.01/buck-modules/ziprules.jar'
[2018-05-03 09:39:31.039][debug][command:null][tid:13][org.pf4j.AbstractPluginManager] Created wrapper 'PluginWrapper [descriptor=PluginDescriptor [pluginId=com.facebook.buck.zip.ziprules, pluginClass=com.facebook.buck.zip.rules.ZipRulesModuleAdapterPlugin, version=0.0.1, provider=null, dependencies=[PluginDependency [pluginId=com.facebook.buck.zip.bundler, pluginVersionSupport=*]], description=, requires=*, license=null], pluginPath=/Users/scottjones/BuckExample/.buckd/resources/v2018.03.26.01/buck-modules/ziprules.jar]' for plugin '/Users/scottjones/BuckExample/.buckd/resources/v2018.03.26.01/buck-modules/ziprules.jar'
[2018-05-03 09:39:31.039][debug][command:null][tid:13][org.pf4j.AbstractPluginManager] Use 'org.pf4j.CompoundPluginDescriptorFinder@5a48d99' to find plugins descriptors
[2018-05-03 09:39:31.039][debug][command:null][tid:13][org.pf4j.AbstractPluginManager] Finding plugin descriptor for plugin '/Users/scottjones/BuckExample/.buckd/resources/v2018.03.26.01/buck-modules/lua.jar'
[2018-05-03 09:39:31.039][debug][command:null][tid:13][org.pf4j.CompoundPluginDescriptorFinder] 'org.pf4j.ManifestPluginDescriptorFinder@21fe3080' is applicable for plugin '/Users/scottjones/BuckExample/.buckd/resources/v2018.03.26.01/buck-modules/lua.jar'
[2018-05-03 09:39:31.040][debug][command:null][tid:13][org.pf4j.AbstractPluginManager] Found descriptor PluginDescriptor [pluginId=com.facebook.buck.lua, pluginClass=com.facebook.buck.lua.LuaModuleAdapterPlugin, version=0.0.1, provider=null, dependencies=[], description=, requires=*, license=null]
[2018-05-03 09:39:31.040][debug][command:null][tid:13][org.pf4j.AbstractPluginManager] Class 'com.facebook.buck.lua.LuaModuleAdapterPlugin' for plugin '/Users/scottjones/BuckExample/.buckd/resources/v2018.03.26.01/buck-modules/lua.jar'
[2018-05-03 09:39:31.040][debug][command:null][tid:13][org.pf4j.AbstractPluginManager] Loading plugin '/Users/scottjones/BuckExample/.buckd/resources/v2018.03.26.01/buck-modules/lua.jar'
[2018-05-03 09:39:31.040][debug][command:null][tid:13][org.pf4j.PluginClassLoader] Add 'file:/Users/scottjones/BuckExample/.buckd/resources/v2018.03.26.01/buck-modules/lua.jar'
[2018-05-03 09:39:31.041][debug][command:null][tid:13][org.pf4j.AbstractPluginManager] Loaded plugin '/Users/scottjones/BuckExample/.buckd/resources/v2018.03.26.01/buck-modules/lua.jar' with class loader 'org.pf4j.PluginClassLoader@63eb14d6'
[2018-05-03 09:39:31.041][debug][command:null][tid:13][org.pf4j.AbstractPluginManager] Creating wrapper for plugin '/Users/scottjones/BuckExample/.buckd/resources/v2018.03.26.01/buck-modules/lua.jar'
[2018-05-03 09:39:31.041][debug][command:null][tid:13][org.pf4j.AbstractPluginManager] Created wrapper 'PluginWrapper [descriptor=PluginDescriptor [pluginId=com.facebook.buck.lua, pluginClass=com.facebook.buck.lua.LuaModuleAdapterPlugin, version=0.0.1, provider=null, dependencies=[], description=, requires=*, license=null], pluginPath=/Users/scottjones/BuckExample/.buckd/resources/v2018.03.26.01/buck-modules/lua.jar]' for plugin '/Users/scottjones/BuckExample/.buckd/resources/v2018.03.26.01/buck-modules/lua.jar'
[2018-05-03 09:39:31.041][debug][command:null][tid:13][org.pf4j.AbstractPluginManager] Use 'org.pf4j.CompoundPluginDescriptorFinder@5a48d99' to find plugins descriptors
[2018-05-03 09:39:31.041][debug][command:null][tid:13][org.pf4j.AbstractPluginManager] Finding plugin descriptor for plugin '/Users/scottjones/BuckExample/.buckd/resources/v2018.03.26.01/buck-modules/filegroup.jar'
[2018-05-03 09:39:31.042][debug][command:null][tid:13][org.pf4j.CompoundPluginDescriptorFinder] 'org.pf4j.ManifestPluginDescriptorFinder@21fe3080' is applicable for plugin '/Users/scottjones/BuckExample/.buckd/resources/v2018.03.26.01/buck-modules/filegroup.jar'
[2018-05-03 09:39:31.042][debug][command:null][tid:13][org.pf4j.AbstractPluginManager] Found descriptor PluginDescriptor [pluginId=com.facebook.buck.shell.filegroup, pluginClass=com.facebook.buck.shell.filegroup.FilegroupModuleAdapterPlugin, version=0.0.1, provider=null, dependencies=[PluginDependency [pluginId=com.facebook.buck.zip.bundler, pluginVersionSupport=*]], description=, requires=*, license=null]
[2018-05-03 09:39:31.042][debug][command:null][tid:13][org.pf4j.AbstractPluginManager] Class 'com.facebook.buck.shell.filegroup.FilegroupModuleAdapterPlugin' for plugin '/Users/scottjones/BuckExample/.buckd/resources/v2018.03.26.01/buck-modules/filegroup.jar'
[2018-05-03 09:39:31.042][debug][command:null][tid:13][org.pf4j.AbstractPluginManager] Loading plugin '/Users/scottjones/BuckExample/.buckd/resources/v2018.03.26.01/buck-modules/filegroup.jar'
[2018-05-03 09:39:31.042][debug][command:null][tid:13][org.pf4j.PluginClassLoader] Add 'file:/Users/scottjones/BuckExample/.buckd/resources/v2018.03.26.01/buck-modules/filegroup.jar'
[2018-05-03 09:39:31.043][debug][command:null][tid:13][org.pf4j.AbstractPluginManager] Loaded plugin '/Users/scottjones/BuckExample/.buckd/resources/v2018.03.26.01/buck-modules/filegroup.jar' with class loader 'org.pf4j.PluginClassLoader@54759786'
[2018-05-03 09:39:31.043][debug][command:null][tid:13][org.pf4j.AbstractPluginManager] Creating wrapper for plugin '/Users/scottjones/BuckExample/.buckd/resources/v2018.03.26.01/buck-modules/filegroup.jar'
[2018-05-03 09:39:31.043][debug][command:null][tid:13][org.pf4j.AbstractPluginManager] Created wrapper 'PluginWrapper [descriptor=PluginDescriptor [pluginId=com.facebook.buck.shell.filegroup, pluginClass=com.facebook.buck.shell.filegroup.FilegroupModuleAdapterPlugin, version=0.0.1, provider=null, dependencies=[PluginDependency [pluginId=com.facebook.buck.zip.bundler, pluginVersionSupport=*]], description=, requires=*, license=null], pluginPath=/Users/scottjones/BuckExample/.buckd/resources/v2018.03.26.01/buck-modules/filegroup.jar]' for plugin '/Users/scottjones/BuckExample/.buckd/resources/v2018.03.26.01/buck-modules/filegroup.jar'
[2018-05-03 09:39:31.043][debug][command:null][tid:13][org.pf4j.AbstractPluginManager] Use 'org.pf4j.CompoundPluginDescriptorFinder@5a48d99' to find plugins descriptors
[2018-05-03 09:39:31.043][debug][command:null][tid:13][org.pf4j.AbstractPluginManager] Finding plugin descriptor for plugin '/Users/scottjones/BuckExample/.buckd/resources/v2018.03.26.01/buck-modules/haskell.jar'
[2018-05-03 09:39:31.043][debug][command:null][tid:13][org.pf4j.CompoundPluginDescriptorFinder] 'org.pf4j.ManifestPluginDescriptorFinder@21fe3080' is applicable for plugin '/Users/scottjones/BuckExample/.buckd/resources/v2018.03.26.01/buck-modules/haskell.jar'
[2018-05-03 09:39:31.044][debug][command:null][tid:13][org.pf4j.AbstractPluginManager] Found descriptor PluginDescriptor [pluginId=com.facebook.buck.haskell, pluginClass=com.facebook.buck.haskell.HaskellModuleAdapterPlugin, version=0.0.1, provider=null, dependencies=[], description=, requires=*, license=null]
[2018-05-03 09:39:31.044][debug][command:null][tid:13][org.pf4j.AbstractPluginManager] Class 'com.facebook.buck.haskell.HaskellModuleAdapterPlugin' for plugin '/Users/scottjones/BuckExample/.buckd/resources/v2018.03.26.01/buck-modules/haskell.jar'
[2018-05-03 09:39:31.044][debug][command:null][tid:13][org.pf4j.AbstractPluginManager] Loading plugin '/Users/scottjones/BuckExample/.buckd/resources/v2018.03.26.01/buck-modules/haskell.jar'
[2018-05-03 09:39:31.045][debug][command:null][tid:13][org.pf4j.PluginClassLoader] Add 'file:/Users/scottjones/BuckExample/.buckd/resources/v2018.03.26.01/buck-modules/haskell.jar'
[2018-05-03 09:39:31.045][debug][command:null][tid:13][org.pf4j.AbstractPluginManager] Loaded plugin '/Users/scottjones/BuckExample/.buckd/resources/v2018.03.26.01/buck-modules/haskell.jar' with class loader 'org.pf4j.PluginClassLoader@1c0f95a1'
[2018-05-03 09:39:31.045][debug][command:null][tid:13][org.pf4j.AbstractPluginManager] Creating wrapper for plugin '/Users/scottjones/BuckExample/.buckd/resources/v2018.03.26.01/buck-modules/haskell.jar'
[2018-05-03 09:39:31.045][debug][command:null][tid:13][org.pf4j.AbstractPluginManager] Created wrapper 'PluginWrapper [descriptor=PluginDescriptor [pluginId=com.facebook.buck.haskell, pluginClass=com.facebook.buck.haskell.HaskellModuleAdapterPlugin, version=0.0.1, provider=null, dependencies=[], description=, requires=*, license=null], pluginPath=/Users/scottjones/BuckExample/.buckd/resources/v2018.03.26.01/buck-modules/haskell.jar]' for plugin '/Users/scottjones/BuckExample/.buckd/resources/v2018.03.26.01/buck-modules/haskell.jar'
[2018-05-03 09:39:31.046][debug][command:null][tid:13][org.pf4j.AbstractPluginManager] Use 'org.pf4j.CompoundPluginDescriptorFinder@5a48d99' to find plugins descriptors
[2018-05-03 09:39:31.046][debug][command:null][tid:13][org.pf4j.AbstractPluginManager] Finding plugin descriptor for plugin '/Users/scottjones/BuckExample/.buckd/resources/v2018.03.26.01/buck-modules/rust.jar'
[2018-05-03 09:39:31.046][debug][command:null][tid:13][org.pf4j.CompoundPluginDescriptorFinder] 'org.pf4j.ManifestPluginDescriptorFinder@21fe3080' is applicable for plugin '/Users/scottjones/BuckExample/.buckd/resources/v2018.03.26.01/buck-modules/rust.jar'
[2018-05-03 09:39:31.046][debug][command:null][tid:13][org.pf4j.AbstractPluginManager] Found descriptor PluginDescriptor [pluginId=com.facebook.buck.rust, pluginClass=com.facebook.buck.rust.RustModuleAdapterPlugin, version=0.0.1, provider=null, dependencies=[], description=, requires=*, license=null]
[2018-05-03 09:39:31.047][debug][command:null][tid:13][org.pf4j.AbstractPluginManager] Class 'com.facebook.buck.rust.RustModuleAdapterPlugin' for plugin '/Users/scottjones/BuckExample/.buckd/resources/v2018.03.26.01/buck-modules/rust.jar'
[2018-05-03 09:39:31.047][debug][command:null][tid:13][org.pf4j.AbstractPluginManager] Loading plugin '/Users/scottjones/BuckExample/.buckd/resources/v2018.03.26.01/buck-modules/rust.jar'
[2018-05-03 09:39:31.047][debug][command:null][tid:13][org.pf4j.PluginClassLoader] Add 'file:/Users/scottjones/BuckExample/.buckd/resources/v2018.03.26.01/buck-modules/rust.jar'
[2018-05-03 09:39:31.047][debug][command:null][tid:13][org.pf4j.AbstractPluginManager] Loaded plugin '/Users/scottjones/BuckExample/.buckd/resources/v2018.03.26.01/buck-modules/rust.jar' with class loader 'org.pf4j.PluginClassLoader@2fc9748'
[2018-05-03 09:39:31.047][debug][command:null][tid:13][org.pf4j.AbstractPluginManager] Creating wrapper for plugin '/Users/scottjones/BuckExample/.buckd/resources/v2018.03.26.01/buck-modules/rust.jar'
[2018-05-03 09:39:31.047][debug][command:null][tid:13][org.pf4j.AbstractPluginManager] Created wrapper 'PluginWrapper [descriptor=PluginDescriptor [pluginId=com.facebook.buck.rust, pluginClass=com.facebook.buck.rust.RustModuleAdapterPlugin, version=0.0.1, provider=null, dependencies=[], description=, requires=*, license=null], pluginPath=/Users/scottjones/BuckExample/.buckd/resources/v2018.03.26.01/buck-modules/rust.jar]' for plugin '/Users/scottjones/BuckExample/.buckd/resources/v2018.03.26.01/buck-modules/rust.jar'
[2018-05-03 09:39:31.048][debug][command:null][tid:13][org.pf4j.AbstractPluginManager] Use 'org.pf4j.CompoundPluginDescriptorFinder@5a48d99' to find plugins descriptors
[2018-05-03 09:39:31.048][debug][command:null][tid:13][org.pf4j.AbstractPluginManager] Finding plugin descriptor for plugin '/Users/scottjones/BuckExample/.buckd/resources/v2018.03.26.01/buck-modules/go.jar'
[2018-05-03 09:39:31.048][debug][command:null][tid:13][org.pf4j.CompoundPluginDescriptorFinder] 'org.pf4j.ManifestPluginDescriptorFinder@21fe3080' is applicable for plugin '/Users/scottjones/BuckExample/.buckd/resources/v2018.03.26.01/buck-modules/go.jar'
[2018-05-03 09:39:31.048][debug][command:null][tid:13][org.pf4j.AbstractPluginManager] Found descriptor PluginDescriptor [pluginId=com.facebook.buck.go, pluginClass=com.facebook.buck.go.GoModuleAdapterPlugin, version=0.0.1, provider=null, dependencies=[], description=, requires=*, license=null]
[2018-05-03 09:39:31.049][debug][command:null][tid:13][org.pf4j.AbstractPluginManager] Class 'com.facebook.buck.go.GoModuleAdapterPlugin' for plugin '/Users/scottjones/BuckExample/.buckd/resources/v2018.03.26.01/buck-modules/go.jar'
[2018-05-03 09:39:31.049][debug][command:null][tid:13][org.pf4j.AbstractPluginManager] Loading plugin '/Users/scottjones/BuckExample/.buckd/resources/v2018.03.26.01/buck-modules/go.jar'
[2018-05-03 09:39:31.049][debug][command:null][tid:13][org.pf4j.PluginClassLoader] Add 'file:/Users/scottjones/BuckExample/.buckd/resources/v2018.03.26.01/buck-modules/go.jar'
[2018-05-03 09:39:31.050][debug][command:null][tid:13][org.pf4j.AbstractPluginManager] Loaded plugin '/Users/scottjones/BuckExample/.buckd/resources/v2018.03.26.01/buck-modules/go.jar' with class loader 'org.pf4j.PluginClassLoader@36fcfccf'
[2018-05-03 09:39:31.050][debug][command:null][tid:13][org.pf4j.AbstractPluginManager] Creating wrapper for plugin '/Users/scottjones/BuckExample/.buckd/resources/v2018.03.26.01/buck-modules/go.jar'
[2018-05-03 09:39:31.050][debug][command:null][tid:13][org.pf4j.AbstractPluginManager] Created wrapper 'PluginWrapper [descriptor=PluginDescriptor [pluginId=com.facebook.buck.go, pluginClass=com.facebook.buck.go.GoModuleAdapterPlugin, version=0.0.1, provider=null, dependencies=[], description=, requires=*, license=null], pluginPath=/Users/scottjones/BuckExample/.buckd/resources/v2018.03.26.01/buck-modules/go.jar]' for plugin '/Users/scottjones/BuckExample/.buckd/resources/v2018.03.26.01/buck-modules/go.jar'
[2018-05-03 09:39:31.050][debug][command:null][tid:13][org.pf4j.AbstractPluginManager] Use 'org.pf4j.CompoundPluginDescriptorFinder@5a48d99' to find plugins descriptors
[2018-05-03 09:39:31.050][debug][command:null][tid:13][org.pf4j.AbstractPluginManager] Finding plugin descriptor for plugin '/Users/scottjones/BuckExample/.buckd/resources/v2018.03.26.01/buck-modules/zipbundler.jar'
[2018-05-03 09:39:31.051][debug][command:null][tid:13][org.pf4j.CompoundPluginDescriptorFinder] 'org.pf4j.ManifestPluginDescriptorFinder@21fe3080' is applicable for plugin '/Users/scottjones/BuckExample/.buckd/resources/v2018.03.26.01/buck-modules/zipbundler.jar'
[2018-05-03 09:39:31.051][debug][command:null][tid:13][org.pf4j.AbstractPluginManager] Found descriptor PluginDescriptor [pluginId=com.facebook.buck.zip.bundler, pluginClass=com.facebook.buck.zip.bundler.ZipBundlerModuleAdapterPlugin, version=0.0.1, provider=null, dependencies=[], description=, requires=*, license=null]
[2018-05-03 09:39:31.051][debug][command:null][tid:13][org.pf4j.AbstractPluginManager] Class 'com.facebook.buck.zip.bundler.ZipBundlerModuleAdapterPlugin' for plugin '/Users/scottjones/BuckExample/.buckd/resources/v2018.03.26.01/buck-modules/zipbundler.jar'
[2018-05-03 09:39:31.051][debug][command:null][tid:13][org.pf4j.AbstractPluginManager] Loading plugin '/Users/scottjones/BuckExample/.buckd/resources/v2018.03.26.01/buck-modules/zipbundler.jar'
[2018-05-03 09:39:31.054][debug][command:null][tid:13][org.pf4j.PluginClassLoader] Add 'file:/Users/scottjones/BuckExample/.buckd/resources/v2018.03.26.01/buck-modules/zipbundler.jar'
[2018-05-03 09:39:31.054][debug][command:null][tid:13][org.pf4j.AbstractPluginManager] Loaded plugin '/Users/scottjones/BuckExample/.buckd/resources/v2018.03.26.01/buck-modules/zipbundler.jar' with class loader 'org.pf4j.PluginClassLoader@2bdf2376'
[2018-05-03 09:39:31.054][debug][command:null][tid:13][org.pf4j.AbstractPluginManager] Creating wrapper for plugin '/Users/scottjones/BuckExample/.buckd/resources/v2018.03.26.01/buck-modules/zipbundler.jar'
[2018-05-03 09:39:31.054][debug][command:null][tid:13][org.pf4j.AbstractPluginManager] Created wrapper 'PluginWrapper [descriptor=PluginDescriptor [pluginId=com.facebook.buck.zip.bundler, pluginClass=com.facebook.buck.zip.bundler.ZipBundlerModuleAdapterPlugin, version=0.0.1, provider=null, dependencies=[], description=, requires=*, license=null], pluginPath=/Users/scottjones/BuckExample/.buckd/resources/v2018.03.26.01/buck-modules/zipbundler.jar]' for plugin '/Users/scottjones/BuckExample/.buckd/resources/v2018.03.26.01/buck-modules/zipbundler.jar'
[2018-05-03 09:39:31.055][debug][command:null][tid:13][org.pf4j.AbstractPluginManager] Use 'org.pf4j.CompoundPluginDescriptorFinder@5a48d99' to find plugins descriptors
[2018-05-03 09:39:31.055][debug][command:null][tid:13][org.pf4j.AbstractPluginManager] Finding plugin descriptor for plugin '/Users/scottjones/BuckExample/.buckd/resources/v2018.03.26.01/buck-modules/d.jar'
[2018-05-03 09:39:31.055][debug][command:null][tid:13][org.pf4j.CompoundPluginDescriptorFinder] 'org.pf4j.ManifestPluginDescriptorFinder@21fe3080' is applicable for plugin '/Users/scottjones/BuckExample/.buckd/resources/v2018.03.26.01/buck-modules/d.jar'
[2018-05-03 09:39:31.055][debug][command:null][tid:13][org.pf4j.AbstractPluginManager] Found descriptor PluginDescriptor [pluginId=com.facebook.buck.d, pluginClass=com.facebook.buck.d.DModuleAdapterPlugin, version=0.0.1, provider=null, dependencies=[], description=, requires=*, license=null]
[2018-05-03 09:39:31.056][debug][command:null][tid:13][org.pf4j.AbstractPluginManager] Class 'com.facebook.buck.d.DModuleAdapterPlugin' for plugin '/Users/scottjones/BuckExample/.buckd/resources/v2018.03.26.01/buck-modules/d.jar'
[2018-05-03 09:39:31.056][debug][command:null][tid:13][org.pf4j.AbstractPluginManager] Loading plugin '/Users/scottjones/BuckExample/.buckd/resources/v2018.03.26.01/buck-modules/d.jar'
[2018-05-03 09:39:31.056][debug][command:null][tid:13][org.pf4j.PluginClassLoader] Add 'file:/Users/scottjones/BuckExample/.buckd/resources/v2018.03.26.01/buck-modules/d.jar'
[2018-05-03 09:39:31.056][debug][command:null][tid:13][org.pf4j.AbstractPluginManager] Loaded plugin '/Users/scottjones/BuckExample/.buckd/resources/v2018.03.26.01/buck-modules/d.jar' with class loader 'org.pf4j.PluginClassLoader@2d057d65'
[2018-05-03 09:39:31.056][debug][command:null][tid:13][org.pf4j.AbstractPluginManager] Creating wrapper for plugin '/Users/scottjones/BuckExample/.buckd/resources/v2018.03.26.01/buck-modules/d.jar'
[2018-05-03 09:39:31.056][debug][command:null][tid:13][org.pf4j.AbstractPluginManager] Created wrapper 'PluginWrapper [descriptor=PluginDescriptor [pluginId=com.facebook.buck.d, pluginClass=com.facebook.buck.d.DModuleAdapterPlugin, version=0.0.1, provider=null, dependencies=[], description=, requires=*, license=null], pluginPath=/Users/scottjones/BuckExample/.buckd/resources/v2018.03.26.01/buck-modules/d.jar]' for plugin '/Users/scottjones/BuckExample/.buckd/resources/v2018.03.26.01/buck-modules/d.jar'
[2018-05-03 09:39:31.057][debug][command:null][tid:13][org.pf4j.AbstractPluginManager] Use 'org.pf4j.CompoundPluginDescriptorFinder@5a48d99' to find plugins descriptors
[2018-05-03 09:39:31.057][debug][command:null][tid:13][org.pf4j.AbstractPluginManager] Finding plugin descriptor for plugin '/Users/scottjones/BuckExample/.buckd/resources/v2018.03.26.01/buck-modules/dotnet.jar'
[2018-05-03 09:39:31.057][debug][command:null][tid:13][org.pf4j.CompoundPluginDescriptorFinder] 'org.pf4j.ManifestPluginDescriptorFinder@21fe3080' is applicable for plugin '/Users/scottjones/BuckExample/.buckd/resources/v2018.03.26.01/buck-modules/dotnet.jar'
[2018-05-03 09:39:31.057][debug][command:null][tid:13][org.pf4j.AbstractPluginManager] Found descriptor PluginDescriptor [pluginId=com.facebook.buck.dotnet, pluginClass=com.facebook.buck.dotnet.DotnetModuleAdapterPlugin, version=0.0.1, provider=null, dependencies=[], description=, requires=*, license=null]
[2018-05-03 09:39:31.058][debug][command:null][tid:13][org.pf4j.AbstractPluginManager] Class 'com.facebook.buck.dotnet.DotnetModuleAdapterPlugin' for plugin '/Users/scottjones/BuckExample/.buckd/resources/v2018.03.26.01/buck-modules/dotnet.jar'
[2018-05-03 09:39:31.058][debug][command:null][tid:13][org.pf4j.AbstractPluginManager] Loading plugin '/Users/scottjones/BuckExample/.buckd/resources/v2018.03.26.01/buck-modules/dotnet.jar'
[2018-05-03 09:39:31.058][debug][command:null][tid:13][org.pf4j.PluginClassLoader] Add 'file:/Users/scottjones/BuckExample/.buckd/resources/v2018.03.26.01/buck-modules/dotnet.jar'
[2018-05-03 09:39:31.058][debug][command:null][tid:13][org.pf4j.AbstractPluginManager] Loaded plugin '/Users/scottjones/BuckExample/.buckd/resources/v2018.03.26.01/buck-modules/dotnet.jar' with class loader 'org.pf4j.PluginClassLoader@54ed0de3'
[2018-05-03 09:39:31.058][debug][command:null][tid:13][org.pf4j.AbstractPluginManager] Creating wrapper for plugin '/Users/scottjones/BuckExample/.buckd/resources/v2018.03.26.01/buck-modules/dotnet.jar'
[2018-05-03 09:39:31.058][debug][command:null][tid:13][org.pf4j.AbstractPluginManager] Created wrapper 'PluginWrapper [descriptor=PluginDescriptor [pluginId=com.facebook.buck.dotnet, pluginClass=com.facebook.buck.dotnet.DotnetModuleAdapterPlugin, version=0.0.1, provider=null, dependencies=[], description=, requires=*, license=null], pluginPath=/Users/scottjones/BuckExample/.buckd/resources/v2018.03.26.01/buck-modules/dotnet.jar]' for plugin '/Users/scottjones/BuckExample/.buckd/resources/v2018.03.26.01/buck-modules/dotnet.jar'
[2018-05-03 09:39:31.060][debug][command:null][tid:13][org.pf4j.DependencyResolver] Graph: 
   com.facebook.buck.lua -> []
   com.facebook.buck.d -> []
   com.facebook.buck.dotnet -> []
   com.facebook.buck.go -> []
   com.facebook.buck.shell.filegroup -> [com.facebook.buck.zip.bundler]
   com.facebook.buck.rust -> []
   com.facebook.buck.zip.ziprules -> [com.facebook.buck.zip.bundler]
   com.facebook.buck.zip.bundler -> []
   com.facebook.buck.haskell -> []
[2018-05-03 09:39:31.060][debug][command:null][tid:13][org.pf4j.DependencyResolver] Plugins order: [com.facebook.buck.lua, com.facebook.buck.d, com.facebook.buck.dotnet, com.facebook.buck.go, com.facebook.buck.zip.bundler, com.facebook.buck.shell.filegroup, com.facebook.buck.rust, com.facebook.buck.zip.ziprules, com.facebook.buck.haskell]
[2018-05-03 09:39:31.062][info ][command:null][tid:13][org.pf4j.AbstractPluginManager] Plugin 'com.facebook.buck.lua@0.0.1' resolved
[2018-05-03 09:39:31.062][info ][command:null][tid:13][org.pf4j.AbstractPluginManager] Plugin 'com.facebook.buck.d@0.0.1' resolved
[2018-05-03 09:39:31.062][info ][command:null][tid:13][org.pf4j.AbstractPluginManager] Plugin 'com.facebook.buck.dotnet@0.0.1' resolved
[2018-05-03 09:39:31.062][info ][command:null][tid:13][org.pf4j.AbstractPluginManager] Plugin 'com.facebook.buck.go@0.0.1' resolved
[2018-05-03 09:39:31.062][info ][command:null][tid:13][org.pf4j.AbstractPluginManager] Plugin 'com.facebook.buck.zip.bundler@0.0.1' resolved
[2018-05-03 09:39:31.062][info ][command:null][tid:13][org.pf4j.AbstractPluginManager] Plugin 'com.facebook.buck.shell.filegroup@0.0.1' resolved
[2018-05-03 09:39:31.063][info ][command:null][tid:13][org.pf4j.AbstractPluginManager] Plugin 'com.facebook.buck.rust@0.0.1' resolved
[2018-05-03 09:39:31.063][info ][command:null][tid:13][org.pf4j.AbstractPluginManager] Plugin 'com.facebook.buck.zip.ziprules@0.0.1' resolved
[2018-05-03 09:39:31.063][info ][command:null][tid:13][org.pf4j.AbstractPluginManager] Plugin 'com.facebook.buck.haskell@0.0.1' resolved
[2018-05-03 09:39:31.063][info ][command:null][tid:13][org.pf4j.AbstractPluginManager] Start plugin 'com.facebook.buck.lua@0.0.1'
[2018-05-03 09:39:31.063][debug][command:null][tid:13][org.pf4j.DefaultExtensionFactory] Create instance for plugin 'com.facebook.buck.lua.LuaModuleAdapterPlugin'
[2018-05-03 09:39:31.067][info ][command:null][tid:13][org.pf4j.AbstractPluginManager] Start plugin 'com.facebook.buck.d@0.0.1'
[2018-05-03 09:39:31.067][debug][command:null][tid:13][org.pf4j.DefaultExtensionFactory] Create instance for plugin 'com.facebook.buck.d.DModuleAdapterPlugin'
[2018-05-03 09:39:31.068][info ][command:null][tid:13][org.pf4j.AbstractPluginManager] Start plugin 'com.facebook.buck.dotnet@0.0.1'
[2018-05-03 09:39:31.068][debug][command:null][tid:13][org.pf4j.DefaultExtensionFactory] Create instance for plugin 'com.facebook.buck.dotnet.DotnetModuleAdapterPlugin'
[2018-05-03 09:39:31.069][info ][command:null][tid:13][org.pf4j.AbstractPluginManager] Start plugin 'com.facebook.buck.go@0.0.1'
[2018-05-03 09:39:31.069][debug][command:null][tid:13][org.pf4j.DefaultExtensionFactory] Create instance for plugin 'com.facebook.buck.go.GoModuleAdapterPlugin'
[2018-05-03 09:39:31.070][info ][command:null][tid:13][org.pf4j.AbstractPluginManager] Start plugin 'com.facebook.buck.zip.bundler@0.0.1'
[2018-05-03 09:39:31.070][debug][command:null][tid:13][org.pf4j.DefaultExtensionFactory] Create instance for plugin 'com.facebook.buck.zip.bundler.ZipBundlerModuleAdapterPlugin'
[2018-05-03 09:39:31.070][info ][command:null][tid:13][org.pf4j.AbstractPluginManager] Start plugin 'com.facebook.buck.shell.filegroup@0.0.1'
[2018-05-03 09:39:31.071][debug][command:null][tid:13][org.pf4j.DefaultExtensionFactory] Create instance for plugin 'com.facebook.buck.shell.filegroup.FilegroupModuleAdapterPlugin'
[2018-05-03 09:39:31.071][info ][command:null][tid:13][org.pf4j.AbstractPluginManager] Start plugin 'com.facebook.buck.rust@0.0.1'
[2018-05-03 09:39:31.071][debug][command:null][tid:13][org.pf4j.DefaultExtensionFactory] Create instance for plugin 'com.facebook.buck.rust.RustModuleAdapterPlugin'
[2018-05-03 09:39:31.072][info ][command:null][tid:13][org.pf4j.AbstractPluginManager] Start plugin 'com.facebook.buck.zip.ziprules@0.0.1'
[2018-05-03 09:39:31.072][debug][command:null][tid:13][org.pf4j.DefaultExtensionFactory] Create instance for plugin 'com.facebook.buck.zip.rules.ZipRulesModuleAdapterPlugin'
[2018-05-03 09:39:31.073][info ][command:null][tid:13][org.pf4j.AbstractPluginManager] Start plugin 'com.facebook.buck.haskell@0.0.1'
[2018-05-03 09:39:31.073][debug][command:null][tid:13][org.pf4j.DefaultExtensionFactory] Create instance for plugin 'com.facebook.buck.haskell.HaskellModuleAdapterPlugin'
[2018-05-03 09:39:31.263][debug][command:null][tid:13][com.facebook.buck.util.config.Configs] Loading configuration for /Users/scottjones/BuckExample
[2018-05-03 09:39:31.265][debug][command:null][tid:13][com.facebook.buck.util.config.Configs] Loaded project configuration file /Users/scottjones/BuckExample/.buckconfig
[2018-05-03 09:39:31.265][debug][command:null][tid:13][com.facebook.buck.util.config.Configs] Adding configuration overrides RawConfig{values={}}
[2018-05-03 09:39:31.562][info ][command:null][tid:13][com.facebook.buck.io.WatchmanFactory] Creating for: [/Users/scottjones/BuckExample]
[2018-05-03 09:39:31.572][debug][command:null][tid:13][com.facebook.buck.io.ExecutableFinder] Executable 'watchman' mapped to 'Optional[/usr/local/bin/watchman]'
[2018-05-03 09:39:31.576][debug][command:null][tid:13][com.facebook.buck.util.ListeningProcessExecutor] Launching process with params ProcessExecutorParams{command=[/usr/local/bin/watchman, --output-encoding=bser, get-sockname]}
[2018-05-03 09:39:31.640][debug][command:null][tid:13][com.facebook.buck.util.ListeningProcessExecutor] Successfully launched process com.zaxxer.nuprocess.osx.OsxProcess@2afa00a
[2018-05-03 09:39:31.641][debug][command:null][tid:13][com.facebook.buck.util.ListeningProcessExecutor] Waiting for process com.facebook.buck.util.ListeningProcessExecutor$LaunchedProcessImpl@22b5ba9a timeout 1000000000 NANOSECONDS
[2018-05-03 09:39:31.654][debug][command:null][tid:13][com.facebook.buck.util.ListeningProcessExecutor] Wait for process returned 0
[2018-05-03 09:39:31.657][debug][command:null][tid:13][com.facebook.buck.io.WatchmanFactory] Waited 13 ms for Watchman command get-sockname, exit code 0
[2018-05-03 09:39:31.665][debug][command:null][tid:13][com.facebook.buck.io.WatchmanFactory] stdout of command: {sockname=/usr/local/var/run/watchman/scottjones-state/sock, version=4.9.0}
[2018-05-03 09:39:31.665][info ][command:null][tid:13][com.facebook.buck.io.WatchmanFactory] Connecting to Watchman version 4.9.0 at /usr/local/var/run/watchman/scottjones-state/sock
[2018-05-03 09:39:31.703][debug][command:null][tid:20][com.facebook.buck.io.WatchmanTransportClient] Sending query: [version, {required=[cmd-watch-project], optional=[term-dirname, cmd-watch-project, wildmatch, wildmatch_multislash, glob_generator, clock-sync-timeout]}]
[2018-05-03 09:39:31.706][debug][command:null][tid:13][com.facebook.buck.io.WatchmanTransportClient] Query [version, {required=[cmd-watch-project], optional=[term-dirname, cmd-watch-project, wildmatch, wildmatch_multislash, glob_generator, clock-sync-timeout]}] returned in 3 ms
[2018-05-03 09:39:31.706][info ][command:null][tid:13][com.facebook.buck.io.WatchmanFactory] Took 8 ms to query capabilities {term-dirname=DIRNAME, cmd-watch-project=SUPPORTS_PROJECT_WATCH, wildmatch=WILDMATCH_GLOB, wildmatch_multislash=WILDMATCH_MULTISLASH, glob_generator=GLOB_GENERATOR, clock-sync-timeout=CLOCK_SYNC_TIMEOUT}
[2018-05-03 09:39:31.708][debug][command:null][tid:13][com.facebook.buck.io.WatchmanFactory] Got capabilities response: {clock-sync-timeout=true, glob_generator=true, wildmatch_multislash=false, cmd-watch-project=true, wildmatch=true, term-dirname=true}
[2018-05-03 09:39:31.709][debug][command:null][tid:13][com.facebook.buck.io.WatchmanFactory] Got Watchman capabilities: [CLOCK_SYNC_TIMEOUT, GLOB_GENERATOR, SUPPORTS_PROJECT_WATCH, WILDMATCH_GLOB, DIRNAME]
[2018-05-03 09:39:31.709][info ][command:null][tid:13][com.facebook.buck.io.WatchmanFactory] Adding watchman root: /Users/scottjones/BuckExample
[2018-05-03 09:39:31.709][debug][command:null][tid:20][com.facebook.buck.io.WatchmanTransportClient] Sending query: [watch-project, /Users/scottjones/BuckExample]
[2018-05-03 09:39:31.710][debug][command:null][tid:13][com.facebook.buck.io.WatchmanTransportClient] Query [watch-project, /Users/scottjones/BuckExample] returned in 0 ms
[2018-05-03 09:39:31.710][debug][command:null][tid:20][com.facebook.buck.io.WatchmanTransportClient] Sending query: [watch-project, /Users/scottjones/BuckExample]
[2018-05-03 09:39:31.710][debug][command:null][tid:13][com.facebook.buck.io.WatchmanTransportClient] Query [watch-project, /Users/scottjones/BuckExample] returned in 0 ms
[2018-05-03 09:39:31.710][info ][command:null][tid:13][com.facebook.buck.io.WatchmanFactory] Took 1 ms to add root /Users/scottjones/BuckExample
[2018-05-03 09:39:31.714][debug][command:null][tid:20][com.facebook.buck.io.WatchmanTransportClient] Sending query: [clock, /Users/scottjones/BuckExample, {sync_timeout=100}]
[2018-05-03 09:39:31.726][debug][command:null][tid:13][com.facebook.buck.io.WatchmanTransportClient] Query [clock, /Users/scottjones/BuckExample, {sync_timeout=100}] returned in 12 ms
[2018-05-03 09:39:31.727][info ][command:null][tid:13][com.facebook.buck.io.WatchmanFactory] Took 12 ms to query for initial clock id Optional[c:1525269255:464:4:3388]
[2018-05-03 09:39:31.727][debug][command:null][tid:13][com.facebook.buck.io.WatchmanFactory] Connected to Watchman
[2018-05-03 09:39:31.727][debug][command:null][tid:13][com.facebook.buck.io.WatchmanTransportClient] Closing Watchman transport.
[2018-05-03 09:39:31.728][debug][command:null][tid:13][com.facebook.buck.cli.Main] Watchman capabilities: [CLOCK_SYNC_TIMEOUT, GLOB_GENERATOR, SUPPORTS_PROJECT_WATCH, WILDMATCH_GLOB, DIRNAME] Project watches: {/Users/scottjones/BuckExample=ProjectWatch{watchRoot=/Users/scottjones/BuckExample}} Glob handler config: PYTHON Query timeout ms config: Optional.empty
[2018-05-03 09:39:31.855][debug][command:null][tid:13][com.facebook.buck.cli.DaemonLifecycleManager] Starting up daemon for project root [/Users/scottjones/BuckExample]
[2018-05-03 09:39:32.488][warn ][command:null][tid:13][com.facebook.buck.cli.Daemon] Can't start web server
[2018-05-03 09:39:32.489][debug][command:null][tid:13][com.facebook.buck.cli.Daemon] Using Watchman Cursor: {/Users/scottjones/BuckExample=c:1525269255:464:4:3388}
