[2018-05-02 19:10:19.619][debug][command:06198a10-bf31-4c7d-891e-5aad2e2eefa3][tid:104][com.facebook.buck.event.listener.SuperConsoleEventBusListener] Starting render scheduler (interval 100 ms)
[2018-05-02 19:10:19.620][debug][command:06198a10-bf31-4c7d-891e-5aad2e2eefa3][tid:104][com.google.common.util.concurrent.ServiceManager] Starting PerfStatsTracking [STARTING].
[2018-05-02 19:10:19.620][debug][command:06198a10-bf31-4c7d-891e-5aad2e2eefa3][tid:104][com.google.common.util.concurrent.ServiceManager] Starting ProcessTracker [STARTING].
[2018-05-02 19:10:19.621][debug][command:06198a10-bf31-4c7d-891e-5aad2e2eefa3][tid:104][com.facebook.buck.util.environment.MacWifiSsidFinder] Getting current SSID..
[2018-05-02 19:10:19.620][debug][command:null][tid:114][com.google.common.util.concurrent.ServiceManager] Started PerfStatsTracking [RUNNING] in 816.3 μs.
[2018-05-02 19:10:19.620][debug][command:null][tid:114][com.google.common.util.concurrent.ServiceManager] Started PerfStatsTracking [RUNNING] in 816.3 μs.
[2018-05-02 19:10:19.621][debug][command:null][tid:115][com.facebook.buck.util.perf.ProcessTracker] startUp
[2018-05-02 19:10:19.621][debug][command:null][tid:115][com.facebook.buck.util.perf.ProcessTracker] startUp
[2018-05-02 19:10:19.622][debug][command:06198a10-bf31-4c7d-891e-5aad2e2eefa3][tid:104][com.facebook.buck.util.environment.MacWifiSsidFinder] Getting SSID from Wi-Fi interface: <CWInterface: 0x7f96fdfa3710> [interfaceName=en0]
[2018-05-02 19:10:19.622][debug][command:06198a10-bf31-4c7d-891e-5aad2e2eefa3][tid:104][com.facebook.buck.util.environment.MacWifiSsidFinder] No SSID found for interface <CWInterface: 0x7f96fdfa3710> [interfaceName=en0].
[2018-05-02 19:10:19.623][debug][command:06198a10-bf31-4c7d-891e-5aad2e2eefa3][tid:104][com.facebook.buck.cli.Main] InvocationInfo BuildId=[06198a10-bf31-4c7d-891e-5aad2e2eefa3] Args=[build, :SnapKit]
[2018-05-02 19:10:19.638][debug][command:null][tid:115][com.google.common.util.concurrent.ServiceManager] Started ProcessTracker [RUNNING] in 17.41 ms.
[2018-05-02 19:10:19.638][debug][command:null][tid:115][com.google.common.util.concurrent.ServiceManager] Started ProcessTracker [RUNNING] in 17.41 ms.
[2018-05-02 19:10:19.641][info ][command:null][tid:119][com.facebook.buck.util.versioncontrol.VersionControlStatsGenerator] Starting generation of version control stats.
[2018-05-02 19:10:19.641][info ][command:null][tid:119][com.facebook.buck.util.versioncontrol.VersionControlStatsGenerator] Starting generation of version control stats.
[2018-05-02 19:10:19.641][debug][command:null][tid:119][com.facebook.buck.util.versioncontrol.VersionControlCmdLineInterface] Executing command: hg log -l 1 --template {node|short}
[2018-05-02 19:10:19.641][debug][command:null][tid:119][com.facebook.buck.util.versioncontrol.VersionControlCmdLineInterface] Executing command: hg log -l 1 --template {node|short}
[2018-05-02 19:10:19.642][warn ][command:null][tid:118][com.facebook.buck.event.listener.PublicAnnouncementManager] Failed to get public announcements. Reason: Failed to establish connection to server.
[2018-05-02 19:10:19.642][warn ][command:null][tid:118][com.facebook.buck.event.listener.PublicAnnouncementManager] Failed to get public announcements. Reason: Failed to establish connection to server.
[2018-05-02 19:10:19.644][debug][command:06198a10-bf31-4c7d-891e-5aad2e2eefa3][tid:104][com.facebook.buck.parser.Parser] com.facebook.buck.event.DefaultBuckEventBus@4e779bb0
[2018-05-02 19:10:19.652][debug][command:null][tid:122][com.facebook.buck.io.WatchmanTransportClient] Sending query: [query, /Users/scottjones/BuckExample, {since=c:1525269255:464:2:927, expression=[not, [anyof, [type, d], [dirname, .idea], [dirname, .buckd], [dirname, buck-out/cache], [dirname, buck-out/.trash], [dirname, buck-out], [match, **/*.pbxproj, wholename, {includedotfiles=true}], [match, **/*.xcscheme, wholename, {includedotfiles=true}], [match, **/*.xcworkspacedata, wholename, {includedotfiles=true}], [match, **/*~, wholename, {includedotfiles=true}], [match, **/#*#, wholename, {includedotfiles=true}], [match, **/.#*, wholename, {includedotfiles=true}], [match, **/*.swo, wholename, {includedotfiles=true}], [match, **/*.swp, wholename, {includedotfiles=true}], [match, **/*.swpx, wholename, {includedotfiles=true}], [match, **/*.un~, wholename, {includedotfiles=true}], [match, **/.netrhwist, wholename, {includedotfiles=true}], [match, .idea, wholename, {includedotfiles=true}], [match, .iml, wholename, {includedotfiles=true}], [match, **/*.pydevproject, wholename, {includedotfiles=true}], [match, .project, wholename, {includedotfiles=true}], [match, .metadata, wholename, {includedotfiles=true}], [match, **/*.tmp, wholename, {includedotfiles=true}], [match, **/*.bak, wholename, {includedotfiles=true}], [match, **/*~.nib, wholename, {includedotfiles=true}], [match, .classpath, wholename, {includedotfiles=true}], [match, .settings, wholename, {includedotfiles=true}], [match, .loadpath, wholename, {includedotfiles=true}], [match, .externalToolBuilders, wholename, {includedotfiles=true}], [match, .cproject, wholename, {includedotfiles=true}], [match, .buildpath, wholename, {includedotfiles=true}], [match, .DS_Store, wholename, {includedotfiles=true}], [match, .AppleDouble, wholename, {includedotfiles=true}], [match, .LSOverride, wholename, {includedotfiles=true}], [match, .Spotlight-V100, wholename, {includedotfiles=true}], [match, .Trashes, wholename, {includedotfiles=true}], [match, $RECYCLE.BIN, wholename, {includedotfiles=true}], [match, .*.sublime-workspace, wholename, {includedotfiles=true}]]], empty_on_fresh_instance=true, fields=[name, exists, new], relative_root=StashUI/UI}]
[2018-05-02 19:10:19.652][debug][command:null][tid:122][com.facebook.buck.io.WatchmanTransportClient] Sending query: [query, /Users/scottjones/BuckExample, {since=c:1525269255:464:2:927, expression=[not, [anyof, [type, d], [dirname, .idea], [dirname, .buckd], [dirname, buck-out/cache], [dirname, buck-out/.trash], [dirname, buck-out], [match, **/*.pbxproj, wholename, {includedotfiles=true}], [match, **/*.xcscheme, wholename, {includedotfiles=true}], [match, **/*.xcworkspacedata, wholename, {includedotfiles=true}], [match, **/*~, wholename, {includedotfiles=true}], [match, **/#*#, wholename, {includedotfiles=true}], [match, **/.#*, wholename, {includedotfiles=true}], [match, **/*.swo, wholename, {includedotfiles=true}], [match, **/*.swp, wholename, {includedotfiles=true}], [match, **/*.swpx, wholename, {includedotfiles=true}], [match, **/*.un~, wholename, {includedotfiles=true}], [match, **/.netrhwist, wholename, {includedotfiles=true}], [match, .idea, wholename, {includedotfiles=true}], [match, .iml, wholename, {includedotfiles=true}], [match, **/*.pydevproject, wholename, {includedotfiles=true}], [match, .project, wholename, {includedotfiles=true}], [match, .metadata, wholename, {includedotfiles=true}], [match, **/*.tmp, wholename, {includedotfiles=true}], [match, **/*.bak, wholename, {includedotfiles=true}], [match, **/*~.nib, wholename, {includedotfiles=true}], [match, .classpath, wholename, {includedotfiles=true}], [match, .settings, wholename, {includedotfiles=true}], [match, .loadpath, wholename, {includedotfiles=true}], [match, .externalToolBuilders, wholename, {includedotfiles=true}], [match, .cproject, wholename, {includedotfiles=true}], [match, .buildpath, wholename, {includedotfiles=true}], [match, .DS_Store, wholename, {includedotfiles=true}], [match, .AppleDouble, wholename, {includedotfiles=true}], [match, .LSOverride, wholename, {includedotfiles=true}], [match, .Spotlight-V100, wholename, {includedotfiles=true}], [match, .Trashes, wholename, {includedotfiles=true}], [match, $RECYCLE.BIN, wholename, {includedotfiles=true}], [match, .*.sublime-workspace, wholename, {includedotfiles=true}]]], empty_on_fresh_instance=true, fields=[name, exists, new], relative_root=StashUI/UI}]
[2018-05-02 19:10:19.653][warn ][command:null][tid:119][com.facebook.buck.util.versioncontrol.DelegatingVersionControlCmdLineInterface] Mercurial is the only VCS supported for VCS stats generation, however current project (which has enabled VCS stats generation in its .buckconfig) does not appear to be a Mercurial repository: 
com.facebook.buck.util.versioncontrol.VersionControlCommandFailedException: java.io.IOException: Cannot run program "hg" (in directory "/Users/scottjones/BuckExample/StashUI/UI"): error=2, No such file or directory
[2018-05-02 19:10:19.653][warn ][command:null][tid:119][com.facebook.buck.util.versioncontrol.DelegatingVersionControlCmdLineInterface] Mercurial is the only VCS supported for VCS stats generation, however current project (which has enabled VCS stats generation in its .buckconfig) does not appear to be a Mercurial repository: 
com.facebook.buck.util.versioncontrol.VersionControlCommandFailedException: java.io.IOException: Cannot run program "hg" (in directory "/Users/scottjones/BuckExample/StashUI/UI"): error=2, No such file or directory
[2018-05-02 19:10:19.653][debug][command:null][tid:119][com.facebook.buck.util.versioncontrol.DelegatingVersionControlCmdLineInterface] Using NoOpCmdLineInterface.
[2018-05-02 19:10:19.653][debug][command:null][tid:119][com.facebook.buck.util.versioncontrol.DelegatingVersionControlCmdLineInterface] Using NoOpCmdLineInterface.
[2018-05-02 19:10:19.654][warn ][command:null][tid:119][com.facebook.buck.util.versioncontrol.VersionControlStatsGenerator] Skipping generation of version control stats as unsupported repository type.
[2018-05-02 19:10:19.654][warn ][command:null][tid:119][com.facebook.buck.util.versioncontrol.VersionControlStatsGenerator] Skipping generation of version control stats as unsupported repository type.
[2018-05-02 19:10:19.654][debug][command:null][tid:119][com.facebook.buck.util.environment.MacNetworkConfiguration] Determine network service order and extract device names
[2018-05-02 19:10:19.654][debug][command:null][tid:119][com.facebook.buck.util.environment.MacNetworkConfiguration] Determine network service order and extract device names
[2018-05-02 19:10:19.655][debug][command:null][tid:119][com.facebook.buck.util.ListeningProcessExecutor] Launching process with params ProcessExecutorParams{command=[networksetup, -listnetworkserviceorder, ]}
[2018-05-02 19:10:19.655][debug][command:null][tid:119][com.facebook.buck.util.ListeningProcessExecutor] Launching process with params ProcessExecutorParams{command=[networksetup, -listnetworkserviceorder, ]}
[2018-05-02 19:10:19.657][debug][command:null][tid:119][com.facebook.buck.util.ListeningProcessExecutor] Successfully launched process com.zaxxer.nuprocess.osx.OsxProcess@6401c78b
[2018-05-02 19:10:19.657][debug][command:null][tid:119][com.facebook.buck.util.ListeningProcessExecutor] Successfully launched process com.zaxxer.nuprocess.osx.OsxProcess@6401c78b
[2018-05-02 19:10:19.657][debug][command:null][tid:119][com.facebook.buck.util.ListeningProcessExecutor] Waiting for process com.facebook.buck.util.ListeningProcessExecutor$LaunchedProcessImpl@603e4fd3 timeout 1000 MILLISECONDS
[2018-05-02 19:10:19.657][debug][command:null][tid:119][com.facebook.buck.util.ListeningProcessExecutor] Waiting for process com.facebook.buck.util.ListeningProcessExecutor$LaunchedProcessImpl@603e4fd3 timeout 1000 MILLISECONDS
[2018-05-02 19:10:19.664][debug][command:null][tid:121][com.facebook.buck.io.WatchmanTransportClient] Query [query, /Users/scottjones/BuckExample, {since=c:1525269255:464:2:927, expression=[not, [anyof, [type, d], [dirname, .idea], [dirname, .buckd], [dirname, buck-out/cache], [dirname, buck-out/.trash], [dirname, buck-out], [match, **/*.pbxproj, wholename, {includedotfiles=true}], [match, **/*.xcscheme, wholename, {includedotfiles=true}], [match, **/*.xcworkspacedata, wholename, {includedotfiles=true}], [match, **/*~, wholename, {includedotfiles=true}], [match, **/#*#, wholename, {includedotfiles=true}], [match, **/.#*, wholename, {includedotfiles=true}], [match, **/*.swo, wholename, {includedotfiles=true}], [match, **/*.swp, wholename, {includedotfiles=true}], [match, **/*.swpx, wholename, {includedotfiles=true}], [match, **/*.un~, wholename, {includedotfiles=true}], [match, **/.netrhwist, wholename, {includedotfiles=true}], [match, .idea, wholename, {includedotfiles=true}], [match, .iml, wholename, {includedotfiles=true}], [match, **/*.pydevproject, wholename, {includedotfiles=true}], [match, .project, wholename, {includedotfiles=true}], [match, .metadata, wholename, {includedotfiles=true}], [match, **/*.tmp, wholename, {includedotfiles=true}], [match, **/*.bak, wholename, {includedotfiles=true}], [match, **/*~.nib, wholename, {includedotfiles=true}], [match, .classpath, wholename, {includedotfiles=true}], [match, .settings, wholename, {includedotfiles=true}], [match, .loadpath, wholename, {includedotfiles=true}], [match, .externalToolBuilders, wholename, {includedotfiles=true}], [match, .cproject, wholename, {includedotfiles=true}], [match, .buildpath, wholename, {includedotfiles=true}], [match, .DS_Store, wholename, {includedotfiles=true}], [match, .AppleDouble, wholename, {includedotfiles=true}], [match, .LSOverride, wholename, {includedotfiles=true}], [match, .Spotlight-V100, wholename, {includedotfiles=true}], [match, .Trashes, wholename, {includedotfiles=true}], [match, $RECYCLE.BIN, wholename, {includedotfiles=true}], [match, .*.sublime-workspace, wholename, {includedotfiles=true}]]], empty_on_fresh_instance=true, fields=[name, exists, new], relative_root=StashUI/UI}] returned in 13 ms
[2018-05-02 19:10:19.664][debug][command:null][tid:121][com.facebook.buck.io.WatchmanTransportClient] Query [query, /Users/scottjones/BuckExample, {since=c:1525269255:464:2:927, expression=[not, [anyof, [type, d], [dirname, .idea], [dirname, .buckd], [dirname, buck-out/cache], [dirname, buck-out/.trash], [dirname, buck-out], [match, **/*.pbxproj, wholename, {includedotfiles=true}], [match, **/*.xcscheme, wholename, {includedotfiles=true}], [match, **/*.xcworkspacedata, wholename, {includedotfiles=true}], [match, **/*~, wholename, {includedotfiles=true}], [match, **/#*#, wholename, {includedotfiles=true}], [match, **/.#*, wholename, {includedotfiles=true}], [match, **/*.swo, wholename, {includedotfiles=true}], [match, **/*.swp, wholename, {includedotfiles=true}], [match, **/*.swpx, wholename, {includedotfiles=true}], [match, **/*.un~, wholename, {includedotfiles=true}], [match, **/.netrhwist, wholename, {includedotfiles=true}], [match, .idea, wholename, {includedotfiles=true}], [match, .iml, wholename, {includedotfiles=true}], [match, **/*.pydevproject, wholename, {includedotfiles=true}], [match, .project, wholename, {includedotfiles=true}], [match, .metadata, wholename, {includedotfiles=true}], [match, **/*.tmp, wholename, {includedotfiles=true}], [match, **/*.bak, wholename, {includedotfiles=true}], [match, **/*~.nib, wholename, {includedotfiles=true}], [match, .classpath, wholename, {includedotfiles=true}], [match, .settings, wholename, {includedotfiles=true}], [match, .loadpath, wholename, {includedotfiles=true}], [match, .externalToolBuilders, wholename, {includedotfiles=true}], [match, .cproject, wholename, {includedotfiles=true}], [match, .buildpath, wholename, {includedotfiles=true}], [match, .DS_Store, wholename, {includedotfiles=true}], [match, .AppleDouble, wholename, {includedotfiles=true}], [match, .LSOverride, wholename, {includedotfiles=true}], [match, .Spotlight-V100, wholename, {includedotfiles=true}], [match, .Trashes, wholename, {includedotfiles=true}], [match, $RECYCLE.BIN, wholename, {includedotfiles=true}], [match, .*.sublime-workspace, wholename, {includedotfiles=true}]]], empty_on_fresh_instance=true, fields=[name, exists, new], relative_root=StashUI/UI}] returned in 13 ms
[2018-05-02 19:10:19.665][debug][command:null][tid:121][com.facebook.buck.io.WatchmanWatcher] Updating Watchman Cursor from c:1525269255:464:2:927 to c:1525269255:464:2:944
[2018-05-02 19:10:19.665][debug][command:null][tid:121][com.facebook.buck.io.WatchmanWatcher] Updating Watchman Cursor from c:1525269255:464:2:927 to c:1525269255:464:2:944
[2018-05-02 19:10:19.665][warn ][command:null][tid:121][com.facebook.buck.io.WatchmanWatcher] Posting WatchEvent: WatchmanPathEvent{cellPath=/Users/scottjones/BuckExample/StashUI/UI, kind=MODIFY, path=Pods/Dwifft/.DS_Store}
[2018-05-02 19:10:19.665][warn ][command:null][tid:121][com.facebook.buck.io.WatchmanWatcher] Posting WatchEvent: WatchmanPathEvent{cellPath=/Users/scottjones/BuckExample/StashUI/UI, kind=MODIFY, path=Pods/Dwifft/.DS_Store}
[2018-05-02 19:10:19.674][debug][command:null][tid:121][com.facebook.buck.io.WatchmanWatcher] Posted 1 Watchman events.
[2018-05-02 19:10:19.674][debug][command:null][tid:121][com.facebook.buck.io.WatchmanWatcher] Posted 1 Watchman events.
[2018-05-02 19:10:19.674][debug][command:null][tid:121][com.facebook.buck.io.WatchmanTransportClient] Closing Watchman transport.
[2018-05-02 19:10:19.674][debug][command:null][tid:121][com.facebook.buck.io.WatchmanTransportClient] Closing Watchman transport.
[2018-05-02 19:10:19.677][info ][command:null][tid:120][com.facebook.buck.event.listener.LoggingBuildListener] Build started at 2018-05-02 19:10:19.677
[2018-05-02 19:10:19.677][info ][command:null][tid:120][com.facebook.buck.event.listener.LoggingBuildListener] Build started at 2018-05-02 19:10:19.677
[2018-05-02 19:10:19.714][warn ][command:06198a10-bf31-4c7d-891e-5aad2e2eefa3][tid:104][com.facebook.buck.util.Console] Build failure: The rule //:SnapKit could not be found.
Please check the spelling and whether it exists in /Users/scottjones/BuckExample/StashUI/UI/BUCK.
[2018-05-02 19:10:19.715][info ][command:null][tid:120][com.facebook.buck.event.listener.LoggingBuildListener] Build finished at 2018-05-02 19:10:19.715
[2018-05-02 19:10:19.715][info ][command:null][tid:120][com.facebook.buck.event.listener.LoggingBuildListener] Build finished at 2018-05-02 19:10:19.715
[2018-05-02 19:10:19.715][debug][command:06198a10-bf31-4c7d-891e-5aad2e2eefa3][tid:115][com.facebook.buck.util.perf.ProcessTracker] shutDown
[2018-05-02 19:10:19.715][debug][command:null][tid:114][com.google.common.util.concurrent.ServiceManager] Service PerfStatsTracking [TERMINATED] has terminated. Previous state was: STOPPING
[2018-05-02 19:10:19.715][debug][command:null][tid:114][com.google.common.util.concurrent.ServiceManager] Service PerfStatsTracking [TERMINATED] has terminated. Previous state was: STOPPING
[2018-05-02 19:10:19.719][debug][command:06198a10-bf31-4c7d-891e-5aad2e2eefa3][tid:115][com.google.common.util.concurrent.ServiceManager] Service ProcessTracker [TERMINATED] has terminated. Previous state was: STOPPING
[2018-05-02 19:10:19.726][debug][command:null][tid:112][com.facebook.buck.event.listener.SuperConsoleEventBusListener] Stopping render scheduler
[2018-05-02 19:10:19.726][debug][command:null][tid:112][com.facebook.buck.event.listener.SuperConsoleEventBusListener] Stopping render scheduler
[2018-05-02 19:10:19.726][debug][command:null][tid:112][com.facebook.buck.event.listener.SuperConsoleEventBusListener] Stopping console output (stderr was dirty).
[2018-05-02 19:10:19.726][debug][command:null][tid:112][com.facebook.buck.event.listener.SuperConsoleEventBusListener] Stopping console output (stderr was dirty).
[2018-05-02 19:10:19.736][debug][command:06198a10-bf31-4c7d-891e-5aad2e2eefa3][tid:104][com.facebook.buck.event.listener.SuperConsoleEventBusListener] Stopping render scheduler
[2018-05-02 19:10:19.736][debug][command:06198a10-bf31-4c7d-891e-5aad2e2eefa3][tid:104][com.facebook.buck.event.listener.SuperConsoleEventBusListener] Stopping render scheduler
[2018-05-02 19:10:19.736][debug][command:06198a10-bf31-4c7d-891e-5aad2e2eefa3][tid:104][com.facebook.buck.event.listener.SuperConsoleEventBusListener] Stopping console output (stderr was dirty).
[2018-05-02 19:10:19.736][info ][command:06198a10-bf31-4c7d-891e-5aad2e2eefa3][tid:104][com.facebook.buck.cli.Main] Awaiting termination of PROJECT executor service. Waiting for all jobs to complete, or up to maximum of 60 seconds...
[2018-05-02 19:10:19.736][info ][command:06198a10-bf31-4c7d-891e-5aad2e2eefa3][tid:104][com.facebook.buck.cli.Main] Successfully terminated PROJECT executor service.
[2018-05-02 19:10:19.737][info ][command:06198a10-bf31-4c7d-891e-5aad2e2eefa3][tid:104][com.facebook.buck.cli.Main] Awaiting termination of NETWORK executor service. Waiting for all jobs to complete, or up to maximum of 60 seconds...
[2018-05-02 19:10:19.737][info ][command:06198a10-bf31-4c7d-891e-5aad2e2eefa3][tid:104][com.facebook.buck.cli.Main] Successfully terminated NETWORK executor service.
[2018-05-02 19:10:19.737][info ][command:06198a10-bf31-4c7d-891e-5aad2e2eefa3][tid:104][com.facebook.buck.cli.Main] Awaiting termination of CPU executor service. Waiting for all jobs to complete, or up to maximum of 60 seconds...
[2018-05-02 19:10:19.737][info ][command:06198a10-bf31-4c7d-891e-5aad2e2eefa3][tid:104][com.facebook.buck.cli.Main] Successfully terminated CPU executor service.
[2018-05-02 19:10:19.737][info ][command:06198a10-bf31-4c7d-891e-5aad2e2eefa3][tid:104][com.facebook.buck.cli.Main] Awaiting termination of ScheduledExecutorService executor service. Waiting for all jobs to complete, or up to maximum of 60 seconds...
[2018-05-02 19:10:19.737][info ][command:06198a10-bf31-4c7d-891e-5aad2e2eefa3][tid:104][com.facebook.buck.cli.Main] Successfully terminated ScheduledExecutorService executor service.
[2018-05-02 19:10:19.737][info ][command:06198a10-bf31-4c7d-891e-5aad2e2eefa3][tid:104][com.facebook.buck.cli.Main] Awaiting termination of CounterAggregatorExecutor executor service. Waiting for all jobs to complete, or up to maximum of 20 seconds...
[2018-05-02 19:10:19.737][info ][command:06198a10-bf31-4c7d-891e-5aad2e2eefa3][tid:104][com.facebook.buck.cli.Main] Successfully terminated CounterAggregatorExecutor executor service.
[2018-05-02 19:10:19.737][info ][command:06198a10-bf31-4c7d-891e-5aad2e2eefa3][tid:104][com.facebook.buck.cli.Main] Awaiting termination of HTTP Read executor service. Waiting for all jobs to complete, or up to maximum of 1800 seconds...
[2018-05-02 19:10:19.737][info ][command:06198a10-bf31-4c7d-891e-5aad2e2eefa3][tid:104][com.facebook.buck.cli.Main] Successfully terminated HTTP Read executor service.
[2018-05-02 19:10:19.737][info ][command:06198a10-bf31-4c7d-891e-5aad2e2eefa3][tid:104][com.facebook.buck.cli.Main] Awaiting termination of Download Heavy Build HTTP Read executor service. Waiting for all jobs to complete, or up to maximum of 1800 seconds...
[2018-05-02 19:10:19.737][info ][command:06198a10-bf31-4c7d-891e-5aad2e2eefa3][tid:104][com.facebook.buck.cli.Main] Successfully terminated Download Heavy Build HTTP Read executor service.
[2018-05-02 19:10:19.737][info ][command:06198a10-bf31-4c7d-891e-5aad2e2eefa3][tid:104][com.facebook.buck.cli.Main] Awaiting termination of HTTP Write executor service. Waiting for all jobs to complete, or up to maximum of 1800 seconds...
[2018-05-02 19:10:19.738][info ][command:06198a10-bf31-4c7d-891e-5aad2e2eefa3][tid:104][com.facebook.buck.cli.Main] Successfully terminated HTTP Write executor service.
[2018-05-02 19:10:19.738][info ][command:06198a10-bf31-4c7d-891e-5aad2e2eefa3][tid:104][com.facebook.buck.cli.Main] Awaiting termination of Disk IO executor service. Waiting for all jobs to complete, or up to maximum of 10 seconds...
[2018-05-02 19:10:19.752][debug][command:null][tid:119][com.facebook.buck.util.ListeningProcessExecutor] Wait for process returned 0
[2018-05-02 19:10:19.752][debug][command:null][tid:119][com.facebook.buck.util.ListeningProcessExecutor] Wait for process returned 0
[2018-05-02 19:10:19.752][debug][command:null][tid:119][com.facebook.buck.util.ListeningProcessExecutor] Destroying process com.facebook.buck.util.ListeningProcessExecutor$LaunchedProcessImpl@603e4fd3 (force true)
[2018-05-02 19:10:19.752][debug][command:null][tid:119][com.facebook.buck.util.ListeningProcessExecutor] Destroying process com.facebook.buck.util.ListeningProcessExecutor$LaunchedProcessImpl@603e4fd3 (force true)
[2018-05-02 19:10:19.752][debug][command:null][tid:119][com.facebook.buck.util.environment.MacNetworkConfiguration] Determine active state of media for device
[2018-05-02 19:10:19.752][debug][command:null][tid:119][com.facebook.buck.util.environment.MacNetworkConfiguration] Determine active state of media for device
[2018-05-02 19:10:19.753][debug][command:null][tid:119][com.facebook.buck.util.ListeningProcessExecutor] Launching process with params ProcessExecutorParams{command=[networksetup, -getMedia, lpss-serial1]}
[2018-05-02 19:10:19.753][debug][command:null][tid:119][com.facebook.buck.util.ListeningProcessExecutor] Launching process with params ProcessExecutorParams{command=[networksetup, -getMedia, lpss-serial1]}
[2018-05-02 19:10:19.754][debug][command:null][tid:119][com.facebook.buck.util.ListeningProcessExecutor] Successfully launched process com.zaxxer.nuprocess.osx.OsxProcess@253ccdb0
[2018-05-02 19:10:19.754][debug][command:null][tid:119][com.facebook.buck.util.ListeningProcessExecutor] Successfully launched process com.zaxxer.nuprocess.osx.OsxProcess@253ccdb0
[2018-05-02 19:10:19.754][debug][command:null][tid:119][com.facebook.buck.util.ListeningProcessExecutor] Waiting for process com.facebook.buck.util.ListeningProcessExecutor$LaunchedProcessImpl@7e041688 timeout 1000 MILLISECONDS
[2018-05-02 19:10:19.754][debug][command:null][tid:119][com.facebook.buck.util.ListeningProcessExecutor] Waiting for process com.facebook.buck.util.ListeningProcessExecutor$LaunchedProcessImpl@7e041688 timeout 1000 MILLISECONDS
[2018-05-02 19:10:19.785][debug][command:null][tid:119][com.facebook.buck.util.ListeningProcessExecutor] Wait for process returned 4
[2018-05-02 19:10:19.785][debug][command:null][tid:119][com.facebook.buck.util.ListeningProcessExecutor] Wait for process returned 4
[2018-05-02 19:10:19.785][debug][command:null][tid:119][com.facebook.buck.util.ListeningProcessExecutor] Destroying process com.facebook.buck.util.ListeningProcessExecutor$LaunchedProcessImpl@7e041688 (force true)
[2018-05-02 19:10:19.785][debug][command:null][tid:119][com.facebook.buck.util.ListeningProcessExecutor] Destroying process com.facebook.buck.util.ListeningProcessExecutor$LaunchedProcessImpl@7e041688 (force true)
[2018-05-02 19:10:19.785][debug][command:null][tid:119][com.facebook.buck.util.environment.MacNetworkConfiguration] Determine active state of media for device
[2018-05-02 19:10:19.785][debug][command:null][tid:119][com.facebook.buck.util.environment.MacNetworkConfiguration] Determine active state of media for device
[2018-05-02 19:10:19.785][debug][command:null][tid:119][com.facebook.buck.util.ListeningProcessExecutor] Launching process with params ProcessExecutorParams{command=[networksetup, -getMedia, lpss-serial2]}
[2018-05-02 19:10:19.785][debug][command:null][tid:119][com.facebook.buck.util.ListeningProcessExecutor] Launching process with params ProcessExecutorParams{command=[networksetup, -getMedia, lpss-serial2]}
[2018-05-02 19:10:19.786][debug][command:null][tid:119][com.facebook.buck.util.ListeningProcessExecutor] Successfully launched process com.zaxxer.nuprocess.osx.OsxProcess@1453ab5c
[2018-05-02 19:10:19.786][debug][command:null][tid:119][com.facebook.buck.util.ListeningProcessExecutor] Successfully launched process com.zaxxer.nuprocess.osx.OsxProcess@1453ab5c
[2018-05-02 19:10:19.786][debug][command:null][tid:119][com.facebook.buck.util.ListeningProcessExecutor] Waiting for process com.facebook.buck.util.ListeningProcessExecutor$LaunchedProcessImpl@6812ed2 timeout 1000 MILLISECONDS
[2018-05-02 19:10:19.786][debug][command:null][tid:119][com.facebook.buck.util.ListeningProcessExecutor] Waiting for process com.facebook.buck.util.ListeningProcessExecutor$LaunchedProcessImpl@6812ed2 timeout 1000 MILLISECONDS
[2018-05-02 19:10:19.815][debug][command:null][tid:119][com.facebook.buck.util.ListeningProcessExecutor] Wait for process returned 4
[2018-05-02 19:10:19.815][debug][command:null][tid:119][com.facebook.buck.util.ListeningProcessExecutor] Wait for process returned 4
[2018-05-02 19:10:19.815][debug][command:null][tid:119][com.facebook.buck.util.ListeningProcessExecutor] Destroying process com.facebook.buck.util.ListeningProcessExecutor$LaunchedProcessImpl@6812ed2 (force true)
[2018-05-02 19:10:19.815][debug][command:null][tid:119][com.facebook.buck.util.ListeningProcessExecutor] Destroying process com.facebook.buck.util.ListeningProcessExecutor$LaunchedProcessImpl@6812ed2 (force true)
[2018-05-02 19:10:19.815][debug][command:null][tid:119][com.facebook.buck.util.environment.MacNetworkConfiguration] Determine active state of media for device
[2018-05-02 19:10:19.815][debug][command:null][tid:119][com.facebook.buck.util.environment.MacNetworkConfiguration] Determine active state of media for device
[2018-05-02 19:10:19.815][debug][command:null][tid:119][com.facebook.buck.util.ListeningProcessExecutor] Launching process with params ProcessExecutorParams{command=[networksetup, -getMedia, en26]}
[2018-05-02 19:10:19.815][debug][command:null][tid:119][com.facebook.buck.util.ListeningProcessExecutor] Launching process with params ProcessExecutorParams{command=[networksetup, -getMedia, en26]}
[2018-05-02 19:10:19.816][debug][command:null][tid:119][com.facebook.buck.util.ListeningProcessExecutor] Successfully launched process com.zaxxer.nuprocess.osx.OsxProcess@451332ff
[2018-05-02 19:10:19.816][debug][command:null][tid:119][com.facebook.buck.util.ListeningProcessExecutor] Successfully launched process com.zaxxer.nuprocess.osx.OsxProcess@451332ff
[2018-05-02 19:10:19.816][debug][command:null][tid:119][com.facebook.buck.util.ListeningProcessExecutor] Waiting for process com.facebook.buck.util.ListeningProcessExecutor$LaunchedProcessImpl@1b7dcc83 timeout 1000 MILLISECONDS
[2018-05-02 19:10:19.816][debug][command:null][tid:119][com.facebook.buck.util.ListeningProcessExecutor] Waiting for process com.facebook.buck.util.ListeningProcessExecutor$LaunchedProcessImpl@1b7dcc83 timeout 1000 MILLISECONDS
[2018-05-02 19:10:19.845][debug][command:null][tid:119][com.facebook.buck.util.ListeningProcessExecutor] Wait for process returned 4
[2018-05-02 19:10:19.845][debug][command:null][tid:119][com.facebook.buck.util.ListeningProcessExecutor] Wait for process returned 4
[2018-05-02 19:10:19.845][debug][command:null][tid:119][com.facebook.buck.util.ListeningProcessExecutor] Destroying process com.facebook.buck.util.ListeningProcessExecutor$LaunchedProcessImpl@1b7dcc83 (force true)
[2018-05-02 19:10:19.845][debug][command:null][tid:119][com.facebook.buck.util.ListeningProcessExecutor] Destroying process com.facebook.buck.util.ListeningProcessExecutor$LaunchedProcessImpl@1b7dcc83 (force true)
[2018-05-02 19:10:19.845][debug][command:null][tid:119][com.facebook.buck.util.environment.MacNetworkConfiguration] Determine active state of media for device
[2018-05-02 19:10:19.845][debug][command:null][tid:119][com.facebook.buck.util.environment.MacNetworkConfiguration] Determine active state of media for device
[2018-05-02 19:10:19.846][debug][command:null][tid:119][com.facebook.buck.util.ListeningProcessExecutor] Launching process with params ProcessExecutorParams{command=[networksetup, -getMedia, en25]}
[2018-05-02 19:10:19.846][debug][command:null][tid:119][com.facebook.buck.util.ListeningProcessExecutor] Launching process with params ProcessExecutorParams{command=[networksetup, -getMedia, en25]}
[2018-05-02 19:10:19.847][debug][command:null][tid:119][com.facebook.buck.util.ListeningProcessExecutor] Successfully launched process com.zaxxer.nuprocess.osx.OsxProcess@127d8dfb
[2018-05-02 19:10:19.847][debug][command:null][tid:119][com.facebook.buck.util.ListeningProcessExecutor] Successfully launched process com.zaxxer.nuprocess.osx.OsxProcess@127d8dfb
[2018-05-02 19:10:19.847][debug][command:null][tid:119][com.facebook.buck.util.ListeningProcessExecutor] Waiting for process com.facebook.buck.util.ListeningProcessExecutor$LaunchedProcessImpl@1d85c6d8 timeout 1000 MILLISECONDS
[2018-05-02 19:10:19.847][debug][command:null][tid:119][com.facebook.buck.util.ListeningProcessExecutor] Waiting for process com.facebook.buck.util.ListeningProcessExecutor$LaunchedProcessImpl@1d85c6d8 timeout 1000 MILLISECONDS
[2018-05-02 19:10:19.876][debug][command:null][tid:119][com.facebook.buck.util.ListeningProcessExecutor] Wait for process returned 4
[2018-05-02 19:10:19.876][debug][command:null][tid:119][com.facebook.buck.util.ListeningProcessExecutor] Wait for process returned 4
[2018-05-02 19:10:19.876][debug][command:null][tid:119][com.facebook.buck.util.ListeningProcessExecutor] Destroying process com.facebook.buck.util.ListeningProcessExecutor$LaunchedProcessImpl@1d85c6d8 (force true)
[2018-05-02 19:10:19.876][debug][command:null][tid:119][com.facebook.buck.util.ListeningProcessExecutor] Destroying process com.facebook.buck.util.ListeningProcessExecutor$LaunchedProcessImpl@1d85c6d8 (force true)
[2018-05-02 19:10:19.876][debug][command:null][tid:119][com.facebook.buck.util.environment.MacNetworkConfiguration] Determine active state of media for device
[2018-05-02 19:10:19.876][debug][command:null][tid:119][com.facebook.buck.util.environment.MacNetworkConfiguration] Determine active state of media for device
[2018-05-02 19:10:19.876][debug][command:null][tid:119][com.facebook.buck.util.ListeningProcessExecutor] Launching process with params ProcessExecutorParams{command=[networksetup, -getMedia, en24]}
[2018-05-02 19:10:19.876][debug][command:null][tid:119][com.facebook.buck.util.ListeningProcessExecutor] Launching process with params ProcessExecutorParams{command=[networksetup, -getMedia, en24]}
[2018-05-02 19:10:19.877][debug][command:null][tid:119][com.facebook.buck.util.ListeningProcessExecutor] Successfully launched process com.zaxxer.nuprocess.osx.OsxProcess@415d8b5d
[2018-05-02 19:10:19.877][debug][command:null][tid:119][com.facebook.buck.util.ListeningProcessExecutor] Successfully launched process com.zaxxer.nuprocess.osx.OsxProcess@415d8b5d
[2018-05-02 19:10:19.877][debug][command:null][tid:119][com.facebook.buck.util.ListeningProcessExecutor] Waiting for process com.facebook.buck.util.ListeningProcessExecutor$LaunchedProcessImpl@34b14e21 timeout 1000 MILLISECONDS
[2018-05-02 19:10:19.877][debug][command:null][tid:119][com.facebook.buck.util.ListeningProcessExecutor] Waiting for process com.facebook.buck.util.ListeningProcessExecutor$LaunchedProcessImpl@34b14e21 timeout 1000 MILLISECONDS
[2018-05-02 19:10:19.906][debug][command:null][tid:119][com.facebook.buck.util.ListeningProcessExecutor] Wait for process returned 4
[2018-05-02 19:10:19.906][debug][command:null][tid:119][com.facebook.buck.util.ListeningProcessExecutor] Wait for process returned 4
[2018-05-02 19:10:19.906][debug][command:null][tid:119][com.facebook.buck.util.ListeningProcessExecutor] Destroying process com.facebook.buck.util.ListeningProcessExecutor$LaunchedProcessImpl@34b14e21 (force true)
[2018-05-02 19:10:19.906][debug][command:null][tid:119][com.facebook.buck.util.ListeningProcessExecutor] Destroying process com.facebook.buck.util.ListeningProcessExecutor$LaunchedProcessImpl@34b14e21 (force true)
[2018-05-02 19:10:19.906][debug][command:null][tid:119][com.facebook.buck.util.environment.MacNetworkConfiguration] Determine active state of media for device
[2018-05-02 19:10:19.906][debug][command:null][tid:119][com.facebook.buck.util.environment.MacNetworkConfiguration] Determine active state of media for device
[2018-05-02 19:10:19.906][debug][command:null][tid:119][com.facebook.buck.util.ListeningProcessExecutor] Launching process with params ProcessExecutorParams{command=[networksetup, -getMedia, en23]}
[2018-05-02 19:10:19.906][debug][command:null][tid:119][com.facebook.buck.util.ListeningProcessExecutor] Launching process with params ProcessExecutorParams{command=[networksetup, -getMedia, en23]}
[2018-05-02 19:10:19.908][debug][command:null][tid:119][com.facebook.buck.util.ListeningProcessExecutor] Successfully launched process com.zaxxer.nuprocess.osx.OsxProcess@4a5d1f19
[2018-05-02 19:10:19.908][debug][command:null][tid:119][com.facebook.buck.util.ListeningProcessExecutor] Successfully launched process com.zaxxer.nuprocess.osx.OsxProcess@4a5d1f19
[2018-05-02 19:10:19.908][debug][command:null][tid:119][com.facebook.buck.util.ListeningProcessExecutor] Waiting for process com.facebook.buck.util.ListeningProcessExecutor$LaunchedProcessImpl@79dda38c timeout 1000 MILLISECONDS
[2018-05-02 19:10:19.908][debug][command:null][tid:119][com.facebook.buck.util.ListeningProcessExecutor] Waiting for process com.facebook.buck.util.ListeningProcessExecutor$LaunchedProcessImpl@79dda38c timeout 1000 MILLISECONDS
[2018-05-02 19:10:19.936][debug][command:null][tid:119][com.facebook.buck.util.ListeningProcessExecutor] Wait for process returned 4
[2018-05-02 19:10:19.936][debug][command:null][tid:119][com.facebook.buck.util.ListeningProcessExecutor] Wait for process returned 4
[2018-05-02 19:10:19.936][debug][command:null][tid:119][com.facebook.buck.util.ListeningProcessExecutor] Destroying process com.facebook.buck.util.ListeningProcessExecutor$LaunchedProcessImpl@79dda38c (force true)
[2018-05-02 19:10:19.936][debug][command:null][tid:119][com.facebook.buck.util.ListeningProcessExecutor] Destroying process com.facebook.buck.util.ListeningProcessExecutor$LaunchedProcessImpl@79dda38c (force true)
[2018-05-02 19:10:19.936][debug][command:null][tid:119][com.facebook.buck.util.environment.MacNetworkConfiguration] Determine active state of media for device
[2018-05-02 19:10:19.936][debug][command:null][tid:119][com.facebook.buck.util.environment.MacNetworkConfiguration] Determine active state of media for device
[2018-05-02 19:10:19.936][debug][command:null][tid:119][com.facebook.buck.util.ListeningProcessExecutor] Launching process with params ProcessExecutorParams{command=[networksetup, -getMedia, en21]}
[2018-05-02 19:10:19.936][debug][command:null][tid:119][com.facebook.buck.util.ListeningProcessExecutor] Launching process with params ProcessExecutorParams{command=[networksetup, -getMedia, en21]}
[2018-05-02 19:10:19.938][debug][command:null][tid:119][com.facebook.buck.util.ListeningProcessExecutor] Successfully launched process com.zaxxer.nuprocess.osx.OsxProcess@5477c889
[2018-05-02 19:10:19.938][debug][command:null][tid:119][com.facebook.buck.util.ListeningProcessExecutor] Successfully launched process com.zaxxer.nuprocess.osx.OsxProcess@5477c889
[2018-05-02 19:10:19.938][debug][command:null][tid:119][com.facebook.buck.util.ListeningProcessExecutor] Waiting for process com.facebook.buck.util.ListeningProcessExecutor$LaunchedProcessImpl@6a895460 timeout 1000 MILLISECONDS
[2018-05-02 19:10:19.938][debug][command:null][tid:119][com.facebook.buck.util.ListeningProcessExecutor] Waiting for process com.facebook.buck.util.ListeningProcessExecutor$LaunchedProcessImpl@6a895460 timeout 1000 MILLISECONDS
[2018-05-02 19:10:19.966][debug][command:null][tid:119][com.facebook.buck.util.ListeningProcessExecutor] Wait for process returned 4
[2018-05-02 19:10:19.966][debug][command:null][tid:119][com.facebook.buck.util.ListeningProcessExecutor] Wait for process returned 4
[2018-05-02 19:10:19.966][debug][command:null][tid:119][com.facebook.buck.util.ListeningProcessExecutor] Destroying process com.facebook.buck.util.ListeningProcessExecutor$LaunchedProcessImpl@6a895460 (force true)
[2018-05-02 19:10:19.966][debug][command:null][tid:119][com.facebook.buck.util.ListeningProcessExecutor] Destroying process com.facebook.buck.util.ListeningProcessExecutor$LaunchedProcessImpl@6a895460 (force true)
[2018-05-02 19:10:19.967][debug][command:null][tid:119][com.facebook.buck.util.environment.MacNetworkConfiguration] Determine active state of media for device
[2018-05-02 19:10:19.967][debug][command:null][tid:119][com.facebook.buck.util.environment.MacNetworkConfiguration] Determine active state of media for device
[2018-05-02 19:10:19.967][debug][command:null][tid:119][com.facebook.buck.util.ListeningProcessExecutor] Launching process with params ProcessExecutorParams{command=[networksetup, -getMedia, en20]}
[2018-05-02 19:10:19.967][debug][command:null][tid:119][com.facebook.buck.util.ListeningProcessExecutor] Launching process with params ProcessExecutorParams{command=[networksetup, -getMedia, en20]}
[2018-05-02 19:10:19.968][debug][command:null][tid:119][com.facebook.buck.util.ListeningProcessExecutor] Successfully launched process com.zaxxer.nuprocess.osx.OsxProcess@488e3bff
[2018-05-02 19:10:19.968][debug][command:null][tid:119][com.facebook.buck.util.ListeningProcessExecutor] Successfully launched process com.zaxxer.nuprocess.osx.OsxProcess@488e3bff
[2018-05-02 19:10:19.968][debug][command:null][tid:119][com.facebook.buck.util.ListeningProcessExecutor] Waiting for process com.facebook.buck.util.ListeningProcessExecutor$LaunchedProcessImpl@5cdb30a1 timeout 1000 MILLISECONDS
[2018-05-02 19:10:19.968][debug][command:null][tid:119][com.facebook.buck.util.ListeningProcessExecutor] Waiting for process com.facebook.buck.util.ListeningProcessExecutor$LaunchedProcessImpl@5cdb30a1 timeout 1000 MILLISECONDS
[2018-05-02 19:10:19.996][debug][command:null][tid:119][com.facebook.buck.util.ListeningProcessExecutor] Wait for process returned 4
[2018-05-02 19:10:19.996][debug][command:null][tid:119][com.facebook.buck.util.ListeningProcessExecutor] Wait for process returned 4
[2018-05-02 19:10:19.996][debug][command:null][tid:119][com.facebook.buck.util.ListeningProcessExecutor] Destroying process com.facebook.buck.util.ListeningProcessExecutor$LaunchedProcessImpl@5cdb30a1 (force true)
[2018-05-02 19:10:19.996][debug][command:null][tid:119][com.facebook.buck.util.ListeningProcessExecutor] Destroying process com.facebook.buck.util.ListeningProcessExecutor$LaunchedProcessImpl@5cdb30a1 (force true)
[2018-05-02 19:10:19.996][debug][command:null][tid:119][com.facebook.buck.util.environment.MacNetworkConfiguration] Determine active state of media for device
[2018-05-02 19:10:19.996][debug][command:null][tid:119][com.facebook.buck.util.environment.MacNetworkConfiguration] Determine active state of media for device
[2018-05-02 19:10:19.997][debug][command:null][tid:119][com.facebook.buck.util.ListeningProcessExecutor] Launching process with params ProcessExecutorParams{command=[networksetup, -getMedia, en19]}
[2018-05-02 19:10:19.997][debug][command:null][tid:119][com.facebook.buck.util.ListeningProcessExecutor] Launching process with params ProcessExecutorParams{command=[networksetup, -getMedia, en19]}
[2018-05-02 19:10:19.998][debug][command:null][tid:119][com.facebook.buck.util.ListeningProcessExecutor] Successfully launched process com.zaxxer.nuprocess.osx.OsxProcess@36829833
[2018-05-02 19:10:19.998][debug][command:null][tid:119][com.facebook.buck.util.ListeningProcessExecutor] Successfully launched process com.zaxxer.nuprocess.osx.OsxProcess@36829833
[2018-05-02 19:10:19.998][debug][command:null][tid:119][com.facebook.buck.util.ListeningProcessExecutor] Waiting for process com.facebook.buck.util.ListeningProcessExecutor$LaunchedProcessImpl@1608f0d7 timeout 1000 MILLISECONDS
[2018-05-02 19:10:19.998][debug][command:null][tid:119][com.facebook.buck.util.ListeningProcessExecutor] Waiting for process com.facebook.buck.util.ListeningProcessExecutor$LaunchedProcessImpl@1608f0d7 timeout 1000 MILLISECONDS
[2018-05-02 19:10:20.028][debug][command:null][tid:119][com.facebook.buck.util.ListeningProcessExecutor] Wait for process returned 4
[2018-05-02 19:10:20.028][debug][command:null][tid:119][com.facebook.buck.util.ListeningProcessExecutor] Wait for process returned 4
[2018-05-02 19:10:20.028][debug][command:null][tid:119][com.facebook.buck.util.ListeningProcessExecutor] Destroying process com.facebook.buck.util.ListeningProcessExecutor$LaunchedProcessImpl@1608f0d7 (force true)
[2018-05-02 19:10:20.028][debug][command:null][tid:119][com.facebook.buck.util.ListeningProcessExecutor] Destroying process com.facebook.buck.util.ListeningProcessExecutor$LaunchedProcessImpl@1608f0d7 (force true)
[2018-05-02 19:10:20.028][debug][command:null][tid:119][com.facebook.buck.util.environment.MacNetworkConfiguration] Determine active state of media for device
[2018-05-02 19:10:20.028][debug][command:null][tid:119][com.facebook.buck.util.environment.MacNetworkConfiguration] Determine active state of media for device
[2018-05-02 19:10:20.028][debug][command:null][tid:119][com.facebook.buck.util.ListeningProcessExecutor] Launching process with params ProcessExecutorParams{command=[networksetup, -getMedia, en18]}
[2018-05-02 19:10:20.028][debug][command:null][tid:119][com.facebook.buck.util.ListeningProcessExecutor] Launching process with params ProcessExecutorParams{command=[networksetup, -getMedia, en18]}
[2018-05-02 19:10:20.029][debug][command:null][tid:119][com.facebook.buck.util.ListeningProcessExecutor] Successfully launched process com.zaxxer.nuprocess.osx.OsxProcess@2f60602a
[2018-05-02 19:10:20.029][debug][command:null][tid:119][com.facebook.buck.util.ListeningProcessExecutor] Successfully launched process com.zaxxer.nuprocess.osx.OsxProcess@2f60602a
[2018-05-02 19:10:20.029][debug][command:null][tid:119][com.facebook.buck.util.ListeningProcessExecutor] Waiting for process com.facebook.buck.util.ListeningProcessExecutor$LaunchedProcessImpl@2a3b035f timeout 1000 MILLISECONDS
[2018-05-02 19:10:20.029][debug][command:null][tid:119][com.facebook.buck.util.ListeningProcessExecutor] Waiting for process com.facebook.buck.util.ListeningProcessExecutor$LaunchedProcessImpl@2a3b035f timeout 1000 MILLISECONDS
[2018-05-02 19:10:20.058][debug][command:null][tid:119][com.facebook.buck.util.ListeningProcessExecutor] Wait for process returned 4
[2018-05-02 19:10:20.058][debug][command:null][tid:119][com.facebook.buck.util.ListeningProcessExecutor] Wait for process returned 4
[2018-05-02 19:10:20.058][debug][command:null][tid:119][com.facebook.buck.util.ListeningProcessExecutor] Destroying process com.facebook.buck.util.ListeningProcessExecutor$LaunchedProcessImpl@2a3b035f (force true)
[2018-05-02 19:10:20.058][debug][command:null][tid:119][com.facebook.buck.util.ListeningProcessExecutor] Destroying process com.facebook.buck.util.ListeningProcessExecutor$LaunchedProcessImpl@2a3b035f (force true)
[2018-05-02 19:10:20.058][debug][command:null][tid:119][com.facebook.buck.util.environment.MacNetworkConfiguration] Determine active state of media for device
[2018-05-02 19:10:20.058][debug][command:null][tid:119][com.facebook.buck.util.environment.MacNetworkConfiguration] Determine active state of media for device
[2018-05-02 19:10:20.058][debug][command:null][tid:119][com.facebook.buck.util.ListeningProcessExecutor] Launching process with params ProcessExecutorParams{command=[networksetup, -getMedia, en17]}
[2018-05-02 19:10:20.058][debug][command:null][tid:119][com.facebook.buck.util.ListeningProcessExecutor] Launching process with params ProcessExecutorParams{command=[networksetup, -getMedia, en17]}
[2018-05-02 19:10:20.059][debug][command:null][tid:119][com.facebook.buck.util.ListeningProcessExecutor] Successfully launched process com.zaxxer.nuprocess.osx.OsxProcess@8da452b
[2018-05-02 19:10:20.059][debug][command:null][tid:119][com.facebook.buck.util.ListeningProcessExecutor] Successfully launched process com.zaxxer.nuprocess.osx.OsxProcess@8da452b
[2018-05-02 19:10:20.059][debug][command:null][tid:119][com.facebook.buck.util.ListeningProcessExecutor] Waiting for process com.facebook.buck.util.ListeningProcessExecutor$LaunchedProcessImpl@590592af timeout 1000 MILLISECONDS
[2018-05-02 19:10:20.059][debug][command:null][tid:119][com.facebook.buck.util.ListeningProcessExecutor] Waiting for process com.facebook.buck.util.ListeningProcessExecutor$LaunchedProcessImpl@590592af timeout 1000 MILLISECONDS
[2018-05-02 19:10:20.088][debug][command:null][tid:119][com.facebook.buck.util.ListeningProcessExecutor] Wait for process returned 4
[2018-05-02 19:10:20.088][debug][command:null][tid:119][com.facebook.buck.util.ListeningProcessExecutor] Wait for process returned 4
[2018-05-02 19:10:20.088][debug][command:null][tid:119][com.facebook.buck.util.ListeningProcessExecutor] Destroying process com.facebook.buck.util.ListeningProcessExecutor$LaunchedProcessImpl@590592af (force true)
[2018-05-02 19:10:20.088][debug][command:null][tid:119][com.facebook.buck.util.ListeningProcessExecutor] Destroying process com.facebook.buck.util.ListeningProcessExecutor$LaunchedProcessImpl@590592af (force true)
[2018-05-02 19:10:20.089][debug][command:null][tid:119][com.facebook.buck.util.environment.MacNetworkConfiguration] Determine active state of media for device
[2018-05-02 19:10:20.089][debug][command:null][tid:119][com.facebook.buck.util.environment.MacNetworkConfiguration] Determine active state of media for device
[2018-05-02 19:10:20.089][debug][command:null][tid:119][com.facebook.buck.util.ListeningProcessExecutor] Launching process with params ProcessExecutorParams{command=[networksetup, -getMedia, en16]}
[2018-05-02 19:10:20.089][debug][command:null][tid:119][com.facebook.buck.util.ListeningProcessExecutor] Launching process with params ProcessExecutorParams{command=[networksetup, -getMedia, en16]}
[2018-05-02 19:10:20.090][debug][command:null][tid:119][com.facebook.buck.util.ListeningProcessExecutor] Successfully launched process com.zaxxer.nuprocess.osx.OsxProcess@7548d895
[2018-05-02 19:10:20.090][debug][command:null][tid:119][com.facebook.buck.util.ListeningProcessExecutor] Successfully launched process com.zaxxer.nuprocess.osx.OsxProcess@7548d895
[2018-05-02 19:10:20.090][debug][command:null][tid:119][com.facebook.buck.util.ListeningProcessExecutor] Waiting for process com.facebook.buck.util.ListeningProcessExecutor$LaunchedProcessImpl@79b1c98 timeout 1000 MILLISECONDS
[2018-05-02 19:10:20.090][debug][command:null][tid:119][com.facebook.buck.util.ListeningProcessExecutor] Waiting for process com.facebook.buck.util.ListeningProcessExecutor$LaunchedProcessImpl@79b1c98 timeout 1000 MILLISECONDS
[2018-05-02 19:10:20.118][debug][command:null][tid:119][com.facebook.buck.util.ListeningProcessExecutor] Wait for process returned 4
[2018-05-02 19:10:20.118][debug][command:null][tid:119][com.facebook.buck.util.ListeningProcessExecutor] Wait for process returned 4
[2018-05-02 19:10:20.118][debug][command:null][tid:119][com.facebook.buck.util.ListeningProcessExecutor] Destroying process com.facebook.buck.util.ListeningProcessExecutor$LaunchedProcessImpl@79b1c98 (force true)
[2018-05-02 19:10:20.118][debug][command:null][tid:119][com.facebook.buck.util.ListeningProcessExecutor] Destroying process com.facebook.buck.util.ListeningProcessExecutor$LaunchedProcessImpl@79b1c98 (force true)
[2018-05-02 19:10:20.119][debug][command:null][tid:119][com.facebook.buck.util.environment.MacNetworkConfiguration] Determine active state of media for device
[2018-05-02 19:10:20.119][debug][command:null][tid:119][com.facebook.buck.util.environment.MacNetworkConfiguration] Determine active state of media for device
[2018-05-02 19:10:20.119][debug][command:null][tid:119][com.facebook.buck.util.ListeningProcessExecutor] Launching process with params ProcessExecutorParams{command=[networksetup, -getMedia, en15]}
[2018-05-02 19:10:20.119][debug][command:null][tid:119][com.facebook.buck.util.ListeningProcessExecutor] Launching process with params ProcessExecutorParams{command=[networksetup, -getMedia, en15]}
[2018-05-02 19:10:20.120][debug][command:null][tid:119][com.facebook.buck.util.ListeningProcessExecutor] Successfully launched process com.zaxxer.nuprocess.osx.OsxProcess@5d32f25d
[2018-05-02 19:10:20.120][debug][command:null][tid:119][com.facebook.buck.util.ListeningProcessExecutor] Successfully launched process com.zaxxer.nuprocess.osx.OsxProcess@5d32f25d
[2018-05-02 19:10:20.120][debug][command:null][tid:119][com.facebook.buck.util.ListeningProcessExecutor] Waiting for process com.facebook.buck.util.ListeningProcessExecutor$LaunchedProcessImpl@285783be timeout 1000 MILLISECONDS
[2018-05-02 19:10:20.120][debug][command:null][tid:119][com.facebook.buck.util.ListeningProcessExecutor] Waiting for process com.facebook.buck.util.ListeningProcessExecutor$LaunchedProcessImpl@285783be timeout 1000 MILLISECONDS
[2018-05-02 19:10:20.148][debug][command:null][tid:119][com.facebook.buck.util.ListeningProcessExecutor] Wait for process returned 4
[2018-05-02 19:10:20.148][debug][command:null][tid:119][com.facebook.buck.util.ListeningProcessExecutor] Wait for process returned 4
[2018-05-02 19:10:20.148][debug][command:null][tid:119][com.facebook.buck.util.ListeningProcessExecutor] Destroying process com.facebook.buck.util.ListeningProcessExecutor$LaunchedProcessImpl@285783be (force true)
[2018-05-02 19:10:20.148][debug][command:null][tid:119][com.facebook.buck.util.ListeningProcessExecutor] Destroying process com.facebook.buck.util.ListeningProcessExecutor$LaunchedProcessImpl@285783be (force true)
[2018-05-02 19:10:20.148][debug][command:null][tid:119][com.facebook.buck.util.environment.MacNetworkConfiguration] Determine active state of media for device
[2018-05-02 19:10:20.148][debug][command:null][tid:119][com.facebook.buck.util.environment.MacNetworkConfiguration] Determine active state of media for device
[2018-05-02 19:10:20.148][debug][command:null][tid:119][com.facebook.buck.util.ListeningProcessExecutor] Launching process with params ProcessExecutorParams{command=[networksetup, -getMedia, en14]}
[2018-05-02 19:10:20.148][debug][command:null][tid:119][com.facebook.buck.util.ListeningProcessExecutor] Launching process with params ProcessExecutorParams{command=[networksetup, -getMedia, en14]}
[2018-05-02 19:10:20.150][debug][command:null][tid:119][com.facebook.buck.util.ListeningProcessExecutor] Successfully launched process com.zaxxer.nuprocess.osx.OsxProcess@1b686a51
[2018-05-02 19:10:20.150][debug][command:null][tid:119][com.facebook.buck.util.ListeningProcessExecutor] Successfully launched process com.zaxxer.nuprocess.osx.OsxProcess@1b686a51
[2018-05-02 19:10:20.150][debug][command:null][tid:119][com.facebook.buck.util.ListeningProcessExecutor] Waiting for process com.facebook.buck.util.ListeningProcessExecutor$LaunchedProcessImpl@44c8ca78 timeout 1000 MILLISECONDS
[2018-05-02 19:10:20.150][debug][command:null][tid:119][com.facebook.buck.util.ListeningProcessExecutor] Waiting for process com.facebook.buck.util.ListeningProcessExecutor$LaunchedProcessImpl@44c8ca78 timeout 1000 MILLISECONDS
[2018-05-02 19:10:20.177][debug][command:null][tid:119][com.facebook.buck.util.ListeningProcessExecutor] Wait for process returned 4
[2018-05-02 19:10:20.177][debug][command:null][tid:119][com.facebook.buck.util.ListeningProcessExecutor] Wait for process returned 4
[2018-05-02 19:10:20.178][debug][command:null][tid:119][com.facebook.buck.util.ListeningProcessExecutor] Destroying process com.facebook.buck.util.ListeningProcessExecutor$LaunchedProcessImpl@44c8ca78 (force true)
[2018-05-02 19:10:20.178][debug][command:null][tid:119][com.facebook.buck.util.ListeningProcessExecutor] Destroying process com.facebook.buck.util.ListeningProcessExecutor$LaunchedProcessImpl@44c8ca78 (force true)
[2018-05-02 19:10:20.178][debug][command:null][tid:119][com.facebook.buck.util.environment.MacNetworkConfiguration] Determine active state of media for device
[2018-05-02 19:10:20.178][debug][command:null][tid:119][com.facebook.buck.util.environment.MacNetworkConfiguration] Determine active state of media for device
[2018-05-02 19:10:20.178][debug][command:null][tid:119][com.facebook.buck.util.ListeningProcessExecutor] Launching process with params ProcessExecutorParams{command=[networksetup, -getMedia, en12]}
[2018-05-02 19:10:20.178][debug][command:null][tid:119][com.facebook.buck.util.ListeningProcessExecutor] Launching process with params ProcessExecutorParams{command=[networksetup, -getMedia, en12]}
[2018-05-02 19:10:20.179][debug][command:null][tid:119][com.facebook.buck.util.ListeningProcessExecutor] Successfully launched process com.zaxxer.nuprocess.osx.OsxProcess@ea268a6
[2018-05-02 19:10:20.179][debug][command:null][tid:119][com.facebook.buck.util.ListeningProcessExecutor] Successfully launched process com.zaxxer.nuprocess.osx.OsxProcess@ea268a6
[2018-05-02 19:10:20.179][debug][command:null][tid:119][com.facebook.buck.util.ListeningProcessExecutor] Waiting for process com.facebook.buck.util.ListeningProcessExecutor$LaunchedProcessImpl@1afc50bf timeout 1000 MILLISECONDS
[2018-05-02 19:10:20.179][debug][command:null][tid:119][com.facebook.buck.util.ListeningProcessExecutor] Waiting for process com.facebook.buck.util.ListeningProcessExecutor$LaunchedProcessImpl@1afc50bf timeout 1000 MILLISECONDS
[2018-05-02 19:10:20.207][debug][command:null][tid:119][com.facebook.buck.util.ListeningProcessExecutor] Wait for process returned 4
[2018-05-02 19:10:20.207][debug][command:null][tid:119][com.facebook.buck.util.ListeningProcessExecutor] Wait for process returned 4
[2018-05-02 19:10:20.207][debug][command:null][tid:119][com.facebook.buck.util.ListeningProcessExecutor] Destroying process com.facebook.buck.util.ListeningProcessExecutor$LaunchedProcessImpl@1afc50bf (force true)
[2018-05-02 19:10:20.207][debug][command:null][tid:119][com.facebook.buck.util.ListeningProcessExecutor] Destroying process com.facebook.buck.util.ListeningProcessExecutor$LaunchedProcessImpl@1afc50bf (force true)
[2018-05-02 19:10:20.207][debug][command:null][tid:119][com.facebook.buck.util.environment.MacNetworkConfiguration] Determine active state of media for device
[2018-05-02 19:10:20.207][debug][command:null][tid:119][com.facebook.buck.util.environment.MacNetworkConfiguration] Determine active state of media for device
[2018-05-02 19:10:20.207][debug][command:null][tid:119][com.facebook.buck.util.ListeningProcessExecutor] Launching process with params ProcessExecutorParams{command=[networksetup, -getMedia, en10]}
[2018-05-02 19:10:20.207][debug][command:null][tid:119][com.facebook.buck.util.ListeningProcessExecutor] Launching process with params ProcessExecutorParams{command=[networksetup, -getMedia, en10]}
[2018-05-02 19:10:20.209][debug][command:null][tid:119][com.facebook.buck.util.ListeningProcessExecutor] Successfully launched process com.zaxxer.nuprocess.osx.OsxProcess@429e8b53
[2018-05-02 19:10:20.209][debug][command:null][tid:119][com.facebook.buck.util.ListeningProcessExecutor] Successfully launched process com.zaxxer.nuprocess.osx.OsxProcess@429e8b53
[2018-05-02 19:10:20.209][debug][command:null][tid:119][com.facebook.buck.util.ListeningProcessExecutor] Waiting for process com.facebook.buck.util.ListeningProcessExecutor$LaunchedProcessImpl@40871272 timeout 1000 MILLISECONDS
[2018-05-02 19:10:20.209][debug][command:null][tid:119][com.facebook.buck.util.ListeningProcessExecutor] Waiting for process com.facebook.buck.util.ListeningProcessExecutor$LaunchedProcessImpl@40871272 timeout 1000 MILLISECONDS
[2018-05-02 19:10:20.238][debug][command:null][tid:119][com.facebook.buck.util.ListeningProcessExecutor] Wait for process returned 4
[2018-05-02 19:10:20.238][debug][command:null][tid:119][com.facebook.buck.util.ListeningProcessExecutor] Wait for process returned 4
[2018-05-02 19:10:20.238][debug][command:null][tid:119][com.facebook.buck.util.ListeningProcessExecutor] Destroying process com.facebook.buck.util.ListeningProcessExecutor$LaunchedProcessImpl@40871272 (force true)
[2018-05-02 19:10:20.238][debug][command:null][tid:119][com.facebook.buck.util.ListeningProcessExecutor] Destroying process com.facebook.buck.util.ListeningProcessExecutor$LaunchedProcessImpl@40871272 (force true)
[2018-05-02 19:10:20.239][debug][command:null][tid:119][com.facebook.buck.util.environment.MacNetworkConfiguration] Determine active state of media for device
[2018-05-02 19:10:20.239][debug][command:null][tid:119][com.facebook.buck.util.environment.MacNetworkConfiguration] Determine active state of media for device
[2018-05-02 19:10:20.239][debug][command:null][tid:119][com.facebook.buck.util.ListeningProcessExecutor] Launching process with params ProcessExecutorParams{command=[networksetup, -getMedia, en8]}
[2018-05-02 19:10:20.239][debug][command:null][tid:119][com.facebook.buck.util.ListeningProcessExecutor] Launching process with params ProcessExecutorParams{command=[networksetup, -getMedia, en8]}
[2018-05-02 19:10:20.240][debug][command:null][tid:119][com.facebook.buck.util.ListeningProcessExecutor] Successfully launched process com.zaxxer.nuprocess.osx.OsxProcess@5d7db59c
[2018-05-02 19:10:20.240][debug][command:null][tid:119][com.facebook.buck.util.ListeningProcessExecutor] Successfully launched process com.zaxxer.nuprocess.osx.OsxProcess@5d7db59c
[2018-05-02 19:10:20.240][debug][command:null][tid:119][com.facebook.buck.util.ListeningProcessExecutor] Waiting for process com.facebook.buck.util.ListeningProcessExecutor$LaunchedProcessImpl@25fc7f24 timeout 1000 MILLISECONDS
[2018-05-02 19:10:20.240][debug][command:null][tid:119][com.facebook.buck.util.ListeningProcessExecutor] Waiting for process com.facebook.buck.util.ListeningProcessExecutor$LaunchedProcessImpl@25fc7f24 timeout 1000 MILLISECONDS
[2018-05-02 19:10:20.268][debug][command:null][tid:119][com.facebook.buck.util.ListeningProcessExecutor] Wait for process returned 4
[2018-05-02 19:10:20.268][debug][command:null][tid:119][com.facebook.buck.util.ListeningProcessExecutor] Wait for process returned 4
[2018-05-02 19:10:20.268][debug][command:null][tid:119][com.facebook.buck.util.ListeningProcessExecutor] Destroying process com.facebook.buck.util.ListeningProcessExecutor$LaunchedProcessImpl@25fc7f24 (force true)
[2018-05-02 19:10:20.268][debug][command:null][tid:119][com.facebook.buck.util.ListeningProcessExecutor] Destroying process com.facebook.buck.util.ListeningProcessExecutor$LaunchedProcessImpl@25fc7f24 (force true)
[2018-05-02 19:10:20.268][debug][command:null][tid:119][com.facebook.buck.util.environment.MacNetworkConfiguration] Determine active state of media for device
[2018-05-02 19:10:20.268][debug][command:null][tid:119][com.facebook.buck.util.environment.MacNetworkConfiguration] Determine active state of media for device
[2018-05-02 19:10:20.269][debug][command:null][tid:119][com.facebook.buck.util.ListeningProcessExecutor] Launching process with params ProcessExecutorParams{command=[networksetup, -getMedia, en0]}
[2018-05-02 19:10:20.269][debug][command:null][tid:119][com.facebook.buck.util.ListeningProcessExecutor] Launching process with params ProcessExecutorParams{command=[networksetup, -getMedia, en0]}
[2018-05-02 19:10:20.270][debug][command:null][tid:119][com.facebook.buck.util.ListeningProcessExecutor] Successfully launched process com.zaxxer.nuprocess.osx.OsxProcess@138eacdb
[2018-05-02 19:10:20.270][debug][command:null][tid:119][com.facebook.buck.util.ListeningProcessExecutor] Successfully launched process com.zaxxer.nuprocess.osx.OsxProcess@138eacdb
[2018-05-02 19:10:20.270][debug][command:null][tid:119][com.facebook.buck.util.ListeningProcessExecutor] Waiting for process com.facebook.buck.util.ListeningProcessExecutor$LaunchedProcessImpl@6b62285a timeout 1000 MILLISECONDS
[2018-05-02 19:10:20.270][debug][command:null][tid:119][com.facebook.buck.util.ListeningProcessExecutor] Waiting for process com.facebook.buck.util.ListeningProcessExecutor$LaunchedProcessImpl@6b62285a timeout 1000 MILLISECONDS
[2018-05-02 19:10:20.298][debug][command:null][tid:119][com.facebook.buck.util.ListeningProcessExecutor] Wait for process returned 0
[2018-05-02 19:10:20.298][debug][command:null][tid:119][com.facebook.buck.util.ListeningProcessExecutor] Wait for process returned 0
[2018-05-02 19:10:20.298][debug][command:null][tid:119][com.facebook.buck.util.ListeningProcessExecutor] Destroying process com.facebook.buck.util.ListeningProcessExecutor$LaunchedProcessImpl@6b62285a (force true)
[2018-05-02 19:10:20.298][debug][command:null][tid:119][com.facebook.buck.util.ListeningProcessExecutor] Destroying process com.facebook.buck.util.ListeningProcessExecutor$LaunchedProcessImpl@6b62285a (force true)
[2018-05-02 19:10:20.298][debug][command:null][tid:119][com.facebook.buck.util.environment.MacNetworkConfiguration] Determine WiFi SSID of device
[2018-05-02 19:10:20.298][debug][command:null][tid:119][com.facebook.buck.util.environment.MacNetworkConfiguration] Determine WiFi SSID of device
[2018-05-02 19:10:20.299][debug][command:null][tid:119][com.facebook.buck.util.ListeningProcessExecutor] Launching process with params ProcessExecutorParams{command=[networksetup, -getairportnetwork, en0]}
[2018-05-02 19:10:20.299][debug][command:null][tid:119][com.facebook.buck.util.ListeningProcessExecutor] Launching process with params ProcessExecutorParams{command=[networksetup, -getairportnetwork, en0]}
[2018-05-02 19:10:20.300][debug][command:null][tid:119][com.facebook.buck.util.ListeningProcessExecutor] Successfully launched process com.zaxxer.nuprocess.osx.OsxProcess@5b83a1ff
[2018-05-02 19:10:20.300][debug][command:null][tid:119][com.facebook.buck.util.ListeningProcessExecutor] Successfully launched process com.zaxxer.nuprocess.osx.OsxProcess@5b83a1ff
[2018-05-02 19:10:20.300][debug][command:null][tid:119][com.facebook.buck.util.ListeningProcessExecutor] Waiting for process com.facebook.buck.util.ListeningProcessExecutor$LaunchedProcessImpl@1d40f0f4 timeout 1000 MILLISECONDS
[2018-05-02 19:10:20.300][debug][command:null][tid:119][com.facebook.buck.util.ListeningProcessExecutor] Waiting for process com.facebook.buck.util.ListeningProcessExecutor$LaunchedProcessImpl@1d40f0f4 timeout 1000 MILLISECONDS
[2018-05-02 19:10:20.329][debug][command:null][tid:119][com.facebook.buck.util.ListeningProcessExecutor] Wait for process returned 0
[2018-05-02 19:10:20.329][debug][command:null][tid:119][com.facebook.buck.util.ListeningProcessExecutor] Wait for process returned 0
[2018-05-02 19:10:20.329][debug][command:null][tid:119][com.facebook.buck.util.ListeningProcessExecutor] Destroying process com.facebook.buck.util.ListeningProcessExecutor$LaunchedProcessImpl@1d40f0f4 (force true)
[2018-05-02 19:10:20.329][debug][command:null][tid:119][com.facebook.buck.util.ListeningProcessExecutor] Destroying process com.facebook.buck.util.ListeningProcessExecutor$LaunchedProcessImpl@1d40f0f4 (force true)
[2018-05-02 19:10:20.330][info ][command:null][tid:119][com.facebook.buck.util.versioncontrol.VersionControlStatsGenerator] Starting generation of version control stats.
[2018-05-02 19:10:20.330][info ][command:null][tid:119][com.facebook.buck.util.versioncontrol.VersionControlStatsGenerator] Starting generation of version control stats.
[2018-05-02 19:10:20.330][warn ][command:null][tid:119][com.facebook.buck.util.versioncontrol.VersionControlStatsGenerator] Skipping generation of version control stats as unsupported repository type.
[2018-05-02 19:10:20.330][warn ][command:null][tid:119][com.facebook.buck.util.versioncontrol.VersionControlStatsGenerator] Skipping generation of version control stats as unsupported repository type.
[2018-05-02 19:10:20.330][info ][command:06198a10-bf31-4c7d-891e-5aad2e2eefa3][tid:104][com.facebook.buck.cli.Main] Successfully terminated Disk IO executor service.
[2018-05-02 19:10:20.331][debug][command:null][tid:104][com.facebook.buck.event.listener.SuperConsoleEventBusListener] Stopping render scheduler
[2018-05-02 19:10:20.331][debug][command:null][tid:104][com.facebook.buck.event.listener.SuperConsoleEventBusListener] Stopping render scheduler
[2018-05-02 19:10:20.331][debug][command:null][tid:104][com.facebook.buck.event.listener.SuperConsoleEventBusListener] Stopping console output (stderr was dirty).
[2018-05-02 19:10:20.331][debug][command:null][tid:104][com.facebook.buck.event.listener.ChromeTraceBuildListener] Writing Chrome trace to buck-out/log/2018-05-02_23h10m19s_buildcommand_06198a10-bf31-4c7d-891e-5aad2e2eefa3/build.2018-05-02.19-10-19.06198a10-bf31-4c7d-891e-5aad2e2eefa3.trace
[2018-05-02 19:10:20.338][debug][command:null][tid:104][com.facebook.buck.cli.Main] Done.
[2018-05-02 19:10:20.338][info ][command:null][tid:104][com.martiansoftware.nailgun.NGSession] Server cleanly exited with status 5
[2018-05-02 19:10:20.338][debug][command:null][tid:104][com.martiansoftware.nailgun.NGCommunicator] Shutting down read ExecutorService
[2018-05-02 19:10:20.341][debug][command:null][tid:104][com.martiansoftware.nailgun.NGCommunicator] Shutting down orchestrator ExecutorService
[2018-05-02 19:10:20.342][debug][command:null][tid:108][com.martiansoftware.nailgun.NGCommunicator] Socket is disconnected
[2018-05-02 19:10:20.342][debug][command:null][tid:108][com.martiansoftware.nailgun.NGCommunicator] Nailgun client disconnected
[2018-05-02 19:10:20.342][debug][command:null][tid:108][com.martiansoftware.nailgun.NGCommunicator] Orchestrator thread finished
[2018-05-02 19:10:20.342][debug][command:null][tid:104][com.martiansoftware.nailgun.NGSession] Closing client socket
[2018-05-02 19:10:20.343][debug][command:null][tid:104][com.martiansoftware.nailgun.NGSession] Waiting for next client to connect
[2018-05-02 19:10:20.343][info ][command:null][tid:104][com.martiansoftware.nailgun.NGSession] NGSession shutting down
[2018-05-02 19:10:24.222][debug][command:null][tid:107][com.martiansoftware.nailgun.NGSession] Client connected
[2018-05-02 19:10:24.222][debug][command:null][tid:126][com.martiansoftware.nailgun.NGSession] Waiting for first client to connect
[2018-05-02 19:10:24.227][debug][command:null][tid:127][com.martiansoftware.nailgun.NGCommunicator] Orchestrator thread started
[2018-05-02 19:10:24.228][debug][command:null][tid:107][com.martiansoftware.nailgun.NGCommunicator] Shutting down read ExecutorService
[2018-05-02 19:10:24.228][debug][command:null][tid:127][com.martiansoftware.nailgun.NGCommunicator] Nailgun client disconnected
[2018-05-02 19:10:24.228][debug][command:null][tid:127][com.martiansoftware.nailgun.NGCommunicator] Orchestrator thread finished
[2018-05-02 19:10:24.228][debug][command:null][tid:107][com.martiansoftware.nailgun.NGCommunicator] Shutting down orchestrator ExecutorService
[2018-05-02 19:10:24.229][debug][command:null][tid:107][com.martiansoftware.nailgun.NGSession] Closing client socket
[2018-05-02 19:10:24.229][debug][command:null][tid:107][com.martiansoftware.nailgun.NGSession] Waiting for next client to connect
[2018-05-02 19:10:24.229][info ][command:null][tid:107][com.martiansoftware.nailgun.NGSession] NGSession shutting down
[2018-05-02 19:10:24.242][debug][command:null][tid:126][com.martiansoftware.nailgun.NGSession] Client connected
[2018-05-02 19:10:24.243][debug][command:null][tid:129][com.martiansoftware.nailgun.NGSession] Waiting for first client to connect
[2018-05-02 19:10:24.248][debug][command:null][tid:130][com.martiansoftware.nailgun.NGCommunicator] Orchestrator thread started
[2018-05-02 19:10:24.249][debug][command:null][tid:126][com.facebook.buck.util.config.Configs] Loading configuration for /Users/scottjones/BuckExample/StashUI/UI
[2018-05-02 19:10:24.254][debug][command:null][tid:126][com.facebook.buck.util.config.Configs] Loaded project configuration file /Users/scottjones/BuckExample/StashUI/UI/.buckconfig
[2018-05-02 19:10:24.254][debug][command:null][tid:126][com.facebook.buck.util.config.Configs] Adding configuration overrides RawConfig{values={}}
[2018-05-02 19:10:24.257][debug][command:null][tid:126][com.facebook.buck.cli.Main] Rotating log.
[2018-05-02 19:10:24.261][debug][command:null][tid:126][com.facebook.buck.cli.Main] Starting up (build date 2018-03-26 17:19:01 -0400, rev v2018.03.26.01), args: [build, SnapKit]
[2018-05-02 19:10:24.263][debug][command:null][tid:126][com.facebook.buck.cli.Main] System properties: {java.vendor=Oracle Corporation, sun.java.launcher=SUN_STANDARD, sun.management.compiler=HotSpot 64-Bit Tiered Compilers, jnidispatch.path=/Users/scottjones/BuckExample/StashUI/UI/.buckd/tmp/buck_run.rl8slT/jna--496628040/jna8380054251408692703.tmp, os.name=Mac OS X, buck.enable_objc=true, sun.boot.class.path=/Library/Java/JavaVirtualMachines/jdk1.8.0_162.jdk/Contents/Home/jre/lib/resources.jar:/Library/Java/JavaVirtualMachines/jdk1.8.0_162.jdk/Contents/Home/jre/lib/rt.jar:/Library/Java/JavaVirtualMachines/jdk1.8.0_162.jdk/Contents/Home/jre/lib/sunrsasign.jar:/Library/Java/JavaVirtualMachines/jdk1.8.0_162.jdk/Contents/Home/jre/lib/jsse.jar:/Library/Java/JavaVirtualMachines/jdk1.8.0_162.jdk/Contents/Home/jre/lib/jce.jar:/Library/Java/JavaVirtualMachines/jdk1.8.0_162.jdk/Contents/Home/jre/lib/charsets.jar:/Library/Java/JavaVirtualMachines/jdk1.8.0_162.jdk/Contents/Home/jre/lib/jfr.jar:/Library/Java/JavaVirtualMachines/jdk1.8.0_162.jdk/Contents/Home/jre/classes, pf4j.pluginsDir=/Users/scottjones/BuckExample/StashUI/UI/.buckd/resources/v2018.03.26.01/buck-modules, buck.resource_lock_path=/Users/scottjones/BuckExample/StashUI/UI/.buckd/resources/v2018.03.26.01/.buck_lock, java.vm.specification.vendor=Oracle Corporation, java.runtime.version=1.8.0_162-b12, jna.loaded=true, buck.testrunner_classes=/Users/scottjones/BuckExample/StashUI/UI/.buckd/resources/v2018.03.26.01/testrunner_classes, buck.logging_config_file=/Users/scottjones/BuckExample/StashUI/UI/.buckd/resources/v2018.03.26.01/logging_config_file, buck.path_to_sh_binary_template=/Users/scottjones/BuckExample/StashUI/UI/.buckd/resources/v2018.03.26.01/path_to_sh_binary_template, user.name=scottjones, buck.path_to_pywatchman=/Users/scottjones/BuckExample/StashUI/UI/.buckd/resources/v2018.03.26.01/path_to_pywatchman, buck.report_generator_jar=/Users/scottjones/BuckExample/StashUI/UI/.buckd/resources/v2018.03.26.01/report_generator_jar, buck.git_commit=v2018.03.26.01, user.language=en, sun.boot.library.path=/Library/Java/JavaVirtualMachines/jdk1.8.0_162.jdk/Contents/Home/jre/lib, jna.nosys=true, java.version=1.8.0_162, user.timezone=America/New_York, buck.test_util_no_tests_dir=true, sun.arch.data.model=64, http.nonProxyHosts=local|*.local|169.254/16|*.169.254/16, java.endorsed.dirs=/Library/Java/JavaVirtualMachines/jdk1.8.0_162.jdk/Contents/Home/jre/lib/endorsed, sun.cpu.isalist=, sun.jnu.encoding=UTF-8, file.encoding.pkg=sun.io, file.separator=/, java.specification.name=Java Platform API Specification, buck.jacoco_agent_jar=/Users/scottjones/BuckExample/StashUI/UI/.buckd/resources/v2018.03.26.01/jacoco_agent_jar, java.class.version=52.0, user.country=US, buck.binary_hash=18882a498323745e828e70f1ac69fa39, java.home=/Library/Java/JavaVirtualMachines/jdk1.8.0_162.jdk/Contents/Home/jre, buck.fix_script=/Users/scottjones/BuckExample/StashUI/UI/.buckd/resources/v2018.03.26.01/fix_script, java.vm.info=mixed mode, os.version=10.13.4, buck.external_executor_jar=/Users/scottjones/BuckExample/StashUI/UI/.buckd/resources/v2018.03.26.01/external_executor_jar, buck.version_uid=v2018.03.26.01, org.eclipse.jetty.util.log.class=org.eclipse.jetty.util.log.JavaUtilLog, path.separator=:, java.vm.version=25.162-b12, java.awt.printerjob=sun.lwawt.macosx.CPrinterJob, sun.io.unicode.encoding=UnicodeBig, awt.toolkit=sun.lwawt.macosx.LWCToolkit, socksNonProxyHosts=local|*.local|169.254/16|*.169.254/16, buck.buck_build_type_info=/Users/scottjones/BuckExample/StashUI/UI/.buckd/resources/v2018.03.26.01/buck_build_type_info, ftp.nonProxyHosts=local|*.local|169.254/16|*.169.254/16, buck.dx=/Users/scottjones/BuckExample/StashUI/UI/.buckd/resources/v2018.03.26.01/dx, buck.git_commit_timestamp=1522099141, user.home=/Users/scottjones, java.specification.vendor=Oracle Corporation, buck.git_dirty=0, java.library.path=/Users/scottjones/BuckExample/StashUI/UI/.buckd/resources/v2018.03.26.01, java.vendor.url=http://java.oracle.com/, java.vm.vendor=Oracle Corporation, gopherProxySet=false, java.runtime.name=Java(TM) SE Runtime Environment, sun.java.command=com.facebook.buck.cli.bootstrapper.ClassLoaderBootstrapper com.facebook.buck.cli.Main$DaemonBootstrap local:.buckd/sock 120000, java.class.path=/Users/scottjones/BuckExample/StashUI/UI/.buckd/resources/v2018.03.26.01/bootstrapper_jar, buck.buckd_dir=/Users/scottjones/BuckExample/StashUI/UI/.buckd, buck.path_to_pathlib_py=/Users/scottjones/BuckExample/StashUI/UI/.buckd/resources/v2018.03.26.01/pathlib.py, buck.buckd_launch_time_nanos=23432505348890, java.vm.specification.name=Java Virtual Machine Specification, com.martiansoftware.nailgun.NGServer.outputPath=/Users/scottjones/BuckExample/StashUI/UI/.buckd/tmp/buck_run.rl8slT/ngserver-out, java.vm.specification.version=1.8, sun.cpu.endian=little, sun.os.patch.level=unknown, java.awt.headless=true, java.io.tmpdir=/Users/scottjones/BuckExample/StashUI/UI/.buckd/tmp/buck_run.rl8slT, buck.android_agent_path=/Users/scottjones/BuckExample/StashUI/UI/.buckd/resources/v2018.03.26.01/android_agent_path, java.vendor.url.bug=http://bugreport.sun.com/bugreport/, buck.path_to_python_dsl=, jna.platform.library.path=/usr/lib:/usr/lib, os.arch=x86_64, java.awt.graphicsenv=sun.awt.CGraphicsEnvironment, buck.path_to_pex=/Users/scottjones/BuckExample/StashUI/UI/.buckd/resources/v2018.03.26.01/path_to_pex, java.ext.dirs=/Users/scottjones/Library/Java/Extensions:/Library/Java/JavaVirtualMachines/jdk1.8.0_162.jdk/Contents/Home/jre/lib/ext:/Library/Java/Extensions:/Network/Library/Java/Extensions:/System/Library/Java/Extensions:/usr/lib/java, java.util.logging.config.class=com.facebook.buck.cli.bootstrapper.LogConfig, user.dir=/Users/scottjones/BuckExample/StashUI/UI, line.separator=
, java.vm.name=Java HotSpot(TM) 64-Bit Server VM, buck.path_to_typing=/Users/scottjones/BuckExample/StashUI/UI/.buckd/resources/v2018.03.26.01/path_to_typing, buck.native_exopackage_fake_path=/Users/scottjones/BuckExample/StashUI/UI/.buckd/resources/v2018.03.26.01/native_exopackage_fake_path, file.encoding=UTF-8, java.specification.version=1.8}
[2018-05-02 19:10:24.264][debug][command:null][tid:126][com.facebook.buck.util.config.Configs] Loading configuration for /Users/scottjones/BuckExample/StashUI/UI
[2018-05-02 19:10:24.264][debug][command:null][tid:126][com.facebook.buck.util.config.Configs] Loaded project configuration file /Users/scottjones/BuckExample/StashUI/UI/.buckconfig
[2018-05-02 19:10:24.265][debug][command:null][tid:126][com.facebook.buck.util.config.Configs] Adding configuration overrides RawConfig{values={}}
[2018-05-02 19:10:24.266][info ][command:null][tid:126][com.facebook.buck.io.WatchmanFactory] Creating for: [/Users/scottjones/BuckExample/StashUI/UI]
[2018-05-02 19:10:24.267][debug][command:null][tid:126][com.facebook.buck.io.ExecutableFinder] Executable 'watchman' mapped to 'Optional[/usr/local/bin/watchman]'
[2018-05-02 19:10:24.267][debug][command:null][tid:126][com.facebook.buck.util.ListeningProcessExecutor] Launching process with params ProcessExecutorParams{command=[/usr/local/bin/watchman, --output-encoding=bser, get-sockname]}
[2018-05-02 19:10:24.272][debug][command:null][tid:126][com.facebook.buck.util.ListeningProcessExecutor] Successfully launched process com.zaxxer.nuprocess.osx.OsxProcess@3c1464ea
[2018-05-02 19:10:24.272][debug][command:null][tid:126][com.facebook.buck.util.ListeningProcessExecutor] Waiting for process com.facebook.buck.util.ListeningProcessExecutor$LaunchedProcessImpl@7a53e8e8 timeout 1000000000 NANOSECONDS
[2018-05-02 19:10:24.287][debug][command:null][tid:126][com.facebook.buck.util.ListeningProcessExecutor] Wait for process returned 0
[2018-05-02 19:10:24.287][debug][command:null][tid:126][com.facebook.buck.io.WatchmanFactory] Waited 14 ms for Watchman command get-sockname, exit code 0
[2018-05-02 19:10:24.287][debug][command:null][tid:126][com.facebook.buck.io.WatchmanFactory] stdout of command: {sockname=/usr/local/var/run/watchman/scottjones-state/sock, version=4.9.0}
[2018-05-02 19:10:24.287][info ][command:null][tid:126][com.facebook.buck.io.WatchmanFactory] Connecting to Watchman version 4.9.0 at /usr/local/var/run/watchman/scottjones-state/sock
[2018-05-02 19:10:24.288][debug][command:null][tid:133][com.facebook.buck.io.WatchmanTransportClient] Sending query: [version, {required=[cmd-watch-project], optional=[term-dirname, cmd-watch-project, wildmatch, wildmatch_multislash, glob_generator, clock-sync-timeout]}]
[2018-05-02 19:10:24.288][debug][command:null][tid:126][com.facebook.buck.io.WatchmanTransportClient] Query [version, {required=[cmd-watch-project], optional=[term-dirname, cmd-watch-project, wildmatch, wildmatch_multislash, glob_generator, clock-sync-timeout]}] returned in 0 ms
[2018-05-02 19:10:24.289][info ][command:null][tid:126][com.facebook.buck.io.WatchmanFactory] Took 1 ms to query capabilities {term-dirname=DIRNAME, cmd-watch-project=SUPPORTS_PROJECT_WATCH, wildmatch=WILDMATCH_GLOB, wildmatch_multislash=WILDMATCH_MULTISLASH, glob_generator=GLOB_GENERATOR, clock-sync-timeout=CLOCK_SYNC_TIMEOUT}
[2018-05-02 19:10:24.289][debug][command:null][tid:126][com.facebook.buck.io.WatchmanFactory] Got capabilities response: {clock-sync-timeout=true, glob_generator=true, wildmatch_multislash=false, cmd-watch-project=true, wildmatch=true, term-dirname=true}
[2018-05-02 19:10:24.289][debug][command:null][tid:126][com.facebook.buck.io.WatchmanFactory] Got Watchman capabilities: [CLOCK_SYNC_TIMEOUT, GLOB_GENERATOR, SUPPORTS_PROJECT_WATCH, WILDMATCH_GLOB, DIRNAME]
[2018-05-02 19:10:24.289][info ][command:null][tid:126][com.facebook.buck.io.WatchmanFactory] Adding watchman root: /Users/scottjones/BuckExample/StashUI/UI
[2018-05-02 19:10:24.289][debug][command:null][tid:133][com.facebook.buck.io.WatchmanTransportClient] Sending query: [watch-project, /Users/scottjones/BuckExample/StashUI/UI]
[2018-05-02 19:10:24.289][debug][command:null][tid:126][com.facebook.buck.io.WatchmanTransportClient] Query [watch-project, /Users/scottjones/BuckExample/StashUI/UI] returned in 0 ms
[2018-05-02 19:10:24.289][debug][command:null][tid:133][com.facebook.buck.io.WatchmanTransportClient] Sending query: [watch-project, /Users/scottjones/BuckExample/StashUI/UI]
[2018-05-02 19:10:24.289][debug][command:null][tid:126][com.facebook.buck.io.WatchmanTransportClient] Query [watch-project, /Users/scottjones/BuckExample/StashUI/UI] returned in 0 ms
[2018-05-02 19:10:24.289][info ][command:null][tid:126][com.facebook.buck.io.WatchmanFactory] Took 0 ms to add root /Users/scottjones/BuckExample/StashUI/UI
[2018-05-02 19:10:24.290][debug][command:null][tid:133][com.facebook.buck.io.WatchmanTransportClient] Sending query: [clock, /Users/scottjones/BuckExample, {sync_timeout=100}]
[2018-05-02 19:10:24.298][debug][command:null][tid:126][com.facebook.buck.io.WatchmanTransportClient] Query [clock, /Users/scottjones/BuckExample, {sync_timeout=100}] returned in 8 ms
[2018-05-02 19:10:24.298][info ][command:null][tid:126][com.facebook.buck.io.WatchmanFactory] Took 8 ms to query for initial clock id Optional[c:1525269255:464:2:953]
[2018-05-02 19:10:24.298][debug][command:null][tid:126][com.facebook.buck.io.WatchmanFactory] Connected to Watchman
[2018-05-02 19:10:24.298][debug][command:null][tid:126][com.facebook.buck.io.WatchmanTransportClient] Closing Watchman transport.
[2018-05-02 19:10:24.299][debug][command:null][tid:126][com.facebook.buck.cli.Main] Watchman capabilities: [CLOCK_SYNC_TIMEOUT, GLOB_GENERATOR, SUPPORTS_PROJECT_WATCH, WILDMATCH_GLOB, DIRNAME] Project watches: {/Users/scottjones/BuckExample/StashUI/UI=ProjectWatch{watchRoot=/Users/scottjones/BuckExample, projectPrefix=StashUI/UI}} Glob handler config: PYTHON Query timeout ms config: Optional.empty
